2025-04-28 22:00:54,753 INFO    StreamThr :250438 [internal.py:wandb_internal():85] W&B internal server running at pid: 250438, started at: 2025-04-28 22:00:54.753127
2025-04-28 22:00:54,753 DEBUG   HandlerThread:250438 [handler.py:handle_request():158] handle_request: status
2025-04-28 22:00:54,757 INFO    WriterThread:250438 [datastore.py:open_for_write():87] open: /home/levi/Desktop/MOORE-TDMPC/moore_tdmpc/logs/mw-reach/42/moore-tdmpc2-mt30/wandb/run-20250428_220054-egsatebc/run-egsatebc.wandb
2025-04-28 22:00:54,757 DEBUG   SenderThread:250438 [sender.py:send():379] send: header
2025-04-28 22:00:54,778 DEBUG   SenderThread:250438 [sender.py:send():379] send: run
2025-04-28 22:00:57,058 INFO    SenderThread:250438 [dir_watcher.py:__init__():211] watching files in: /home/levi/Desktop/MOORE-TDMPC/moore_tdmpc/logs/mw-reach/42/moore-tdmpc2-mt30/wandb/run-20250428_220054-egsatebc/files
2025-04-28 22:00:57,058 INFO    SenderThread:250438 [sender.py:_start_run_threads():1188] run started: egsatebc with start time 1745848854.753116
2025-04-28 22:00:57,063 DEBUG   HandlerThread:250438 [handler.py:handle_request():158] handle_request: check_version
2025-04-28 22:00:57,063 DEBUG   SenderThread:250438 [sender.py:send_request():406] send_request: check_version
2025-04-28 22:00:58,135 DEBUG   HandlerThread:250438 [handler.py:handle_request():158] handle_request: run_start
2025-04-28 22:00:58,156 DEBUG   HandlerThread:250438 [system_info.py:__init__():26] System info init
2025-04-28 22:00:58,156 DEBUG   HandlerThread:250438 [system_info.py:__init__():41] System info init done
2025-04-28 22:00:58,156 INFO    HandlerThread:250438 [system_monitor.py:start():194] Starting system monitor
2025-04-28 22:00:58,156 INFO    SystemMonitor:250438 [system_monitor.py:_start():158] Starting system asset monitoring threads
2025-04-28 22:00:58,156 INFO    HandlerThread:250438 [system_monitor.py:probe():214] Collecting system info
2025-04-28 22:00:58,156 INFO    SystemMonitor:250438 [interfaces.py:start():188] Started cpu monitoring
2025-04-28 22:00:58,156 INFO    SystemMonitor:250438 [interfaces.py:start():188] Started disk monitoring
2025-04-28 22:00:58,157 INFO    SystemMonitor:250438 [interfaces.py:start():188] Started gpu monitoring
2025-04-28 22:00:58,157 INFO    SystemMonitor:250438 [interfaces.py:start():188] Started memory monitoring
2025-04-28 22:00:58,157 INFO    SystemMonitor:250438 [interfaces.py:start():188] Started network monitoring
2025-04-28 22:00:58,199 DEBUG   HandlerThread:250438 [system_info.py:probe():152] Probing system
2025-04-28 22:00:58,202 DEBUG   HandlerThread:250438 [system_info.py:_probe_git():137] Probing git
2025-04-28 22:00:58,209 DEBUG   HandlerThread:250438 [system_info.py:_probe_git():145] Probing git done
2025-04-28 22:00:58,209 DEBUG   HandlerThread:250438 [system_info.py:probe():200] Probing system done
2025-04-28 22:00:58,209 DEBUG   HandlerThread:250438 [system_monitor.py:probe():223] {'os': 'Linux-5.15.0-136-generic-x86_64-with-glibc2.31', 'python': '3.9.21', 'heartbeatAt': '2025-04-28T14:00:58.199403', 'startedAt': '2025-04-28T14:00:54.750271', 'docker': None, 'cuda': None, 'args': ('task=mw-reach',), 'state': 'running', 'program': '/home/levi/Desktop/MOORE-TDMPC/moore_tdmpc/train_with_cprofile.py', 'codePathLocal': None, 'codePath': 'moore_tdmpc/train_with_cprofile.py', 'git': {'remote': 'https://github.com/glue25/Multi-Task-MBRL', 'commit': '8a8f62177b4e3af0a42363999c165f422a90b325'}, 'email': 'sc_levi@163.com', 'root': '/home/levi/Desktop/MOORE-TDMPC', 'host': 'workstation', 'username': 'levi', 'executable': '/home/levi/anaconda3/envs/tdmpc2/bin/python', 'cpu_count': 16, 'cpu_count_logical': 24, 'cpu_freq': {'current': 3508.3417083333334, 'min': 800.0, 'max': 4950.0}, 'cpu_freq_per_core': [{'current': 5266.053, 'min': 800.0, 'max': 5300.0}, {'current': 3400.0, 'min': 800.0, 'max': 5300.0}, {'current': 5282.516, 'min': 800.0, 'max': 5300.0}, {'current': 3400.0, 'min': 800.0, 'max': 5300.0}, {'current': 3400.0, 'min': 800.0, 'max': 5300.0}, {'current': 3400.0, 'min': 800.0, 'max': 5300.0}, {'current': 3400.0, 'min': 800.0, 'max': 5300.0}, {'current': 3400.0, 'min': 800.0, 'max': 5300.0}, {'current': 5296.048, 'min': 800.0, 'max': 5400.0}, {'current': 3400.0, 'min': 800.0, 'max': 5400.0}, {'current': 3400.0, 'min': 800.0, 'max': 5400.0}, {'current': 3400.0, 'min': 800.0, 'max': 5400.0}, {'current': 3400.0, 'min': 800.0, 'max': 5300.0}, {'current': 3400.0, 'min': 800.0, 'max': 5300.0}, {'current': 3400.0, 'min': 800.0, 'max': 5300.0}, {'current': 3400.0, 'min': 800.0, 'max': 5300.0}, {'current': 4100.162, 'min': 800.0, 'max': 4200.0}, {'current': 3400.0, 'min': 800.0, 'max': 4200.0}, {'current': 3400.0, 'min': 800.0, 'max': 4200.0}, {'current': 3400.0, 'min': 800.0, 'max': 4200.0}, {'current': 3400.0, 'min': 800.0, 'max': 4200.0}, {'current': 3400.0, 'min': 800.0, 'max': 4200.0}, {'current': 3400.0, 'min': 800.0, 'max': 4200.0}, {'current': 3400.0, 'min': 800.0, 'max': 4200.0}], 'disk': {'/': {'total': 456.8756866455078, 'used': 395.3373260498047}}, 'gpu': 'NVIDIA GeForce RTX 4090 D', 'gpu_count': 1, 'gpu_devices': [{'name': 'NVIDIA GeForce RTX 4090 D', 'memory_total': 25757220864}], 'memory': {'total': 62.6057243347168}}
2025-04-28 22:00:58,209 INFO    HandlerThread:250438 [system_monitor.py:probe():224] Finished collecting system info
2025-04-28 22:00:58,209 INFO    HandlerThread:250438 [system_monitor.py:probe():227] Publishing system info
2025-04-28 22:00:58,209 DEBUG   HandlerThread:250438 [system_info.py:_save_conda():209] Saving list of conda packages installed into the current environment
2025-04-28 22:00:59,059 INFO    Thread-12 :250438 [dir_watcher.py:_on_file_created():271] file/dir created: /home/levi/Desktop/MOORE-TDMPC/moore_tdmpc/logs/mw-reach/42/moore-tdmpc2-mt30/wandb/run-20250428_220054-egsatebc/files/conda-environment.yaml
2025-04-28 22:00:59,076 DEBUG   HandlerThread:250438 [system_info.py:_save_conda():224] Saving conda packages done
2025-04-28 22:00:59,076 INFO    HandlerThread:250438 [system_monitor.py:probe():229] Finished publishing system info
2025-04-28 22:00:59,078 DEBUG   SenderThread:250438 [sender.py:send():379] send: files
2025-04-28 22:00:59,078 INFO    SenderThread:250438 [sender.py:_save_file():1454] saving file wandb-metadata.json with policy now
2025-04-28 22:00:59,118 DEBUG   HandlerThread:250438 [handler.py:handle_request():158] handle_request: python_packages
2025-04-28 22:00:59,118 DEBUG   SenderThread:250438 [sender.py:send_request():406] send_request: python_packages
2025-04-28 22:00:59,118 DEBUG   HandlerThread:250438 [handler.py:handle_request():158] handle_request: stop_status
2025-04-28 22:00:59,118 DEBUG   HandlerThread:250438 [handler.py:handle_request():158] handle_request: internal_messages
2025-04-28 22:00:59,119 DEBUG   SenderThread:250438 [sender.py:send_request():406] send_request: stop_status
2025-04-28 22:01:00,059 INFO    Thread-12 :250438 [dir_watcher.py:_on_file_created():271] file/dir created: /home/levi/Desktop/MOORE-TDMPC/moore_tdmpc/logs/mw-reach/42/moore-tdmpc2-mt30/wandb/run-20250428_220054-egsatebc/files/wandb-metadata.json
2025-04-28 22:01:00,059 INFO    Thread-12 :250438 [dir_watcher.py:_on_file_created():271] file/dir created: /home/levi/Desktop/MOORE-TDMPC/moore_tdmpc/logs/mw-reach/42/moore-tdmpc2-mt30/wandb/run-20250428_220054-egsatebc/files/requirements.txt
2025-04-28 22:01:00,805 INFO    wandb-upload_0:250438 [upload_job.py:push():130] Uploaded file /tmp/tmpg5e7_oz_wandb/oexo09bz-wandb-metadata.json
2025-04-28 22:01:00,951 DEBUG   HandlerThread:250438 [handler.py:handle_request():158] handle_request: poll_exit
2025-04-28 22:01:00,975 DEBUG   SenderThread:250438 [sender.py:send():379] send: telemetry
2025-04-28 22:01:00,975 DEBUG   HandlerThread:250438 [handler.py:handle_request():158] handle_request: status_report
2025-04-28 22:01:00,976 DEBUG   SenderThread:250438 [sender.py:send():379] send: exit
2025-04-28 22:01:00,976 INFO    SenderThread:250438 [sender.py:send_exit():586] handling exit code: 1
2025-04-28 22:01:00,976 INFO    SenderThread:250438 [sender.py:send_exit():588] handling runtime: 1
2025-04-28 22:01:00,977 INFO    SenderThread:250438 [sender.py:_save_file():1454] saving file wandb-summary.json with policy end
2025-04-28 22:01:00,977 INFO    SenderThread:250438 [sender.py:send_exit():594] send defer
2025-04-28 22:01:00,977 DEBUG   SenderThread:250438 [sender.py:send_request():406] send_request: poll_exit
2025-04-28 22:01:00,977 DEBUG   HandlerThread:250438 [handler.py:handle_request():158] handle_request: defer
2025-04-28 22:01:00,977 INFO    HandlerThread:250438 [handler.py:handle_request_defer():184] handle defer: 0
2025-04-28 22:01:00,978 DEBUG   SenderThread:250438 [sender.py:send_request():406] send_request: defer
2025-04-28 22:01:00,978 INFO    SenderThread:250438 [sender.py:send_request_defer():610] handle sender defer: 0
2025-04-28 22:01:00,978 INFO    SenderThread:250438 [sender.py:transition_state():614] send defer: 1
2025-04-28 22:01:00,978 DEBUG   HandlerThread:250438 [handler.py:handle_request():158] handle_request: defer
2025-04-28 22:01:00,978 INFO    HandlerThread:250438 [handler.py:handle_request_defer():184] handle defer: 1
2025-04-28 22:01:00,978 DEBUG   SenderThread:250438 [sender.py:send_request():406] send_request: defer
2025-04-28 22:01:00,978 INFO    SenderThread:250438 [sender.py:send_request_defer():610] handle sender defer: 1
2025-04-28 22:01:00,978 INFO    SenderThread:250438 [sender.py:transition_state():614] send defer: 2
2025-04-28 22:01:00,978 DEBUG   HandlerThread:250438 [handler.py:handle_request():158] handle_request: defer
2025-04-28 22:01:00,978 INFO    HandlerThread:250438 [handler.py:handle_request_defer():184] handle defer: 2
2025-04-28 22:01:00,978 INFO    HandlerThread:250438 [system_monitor.py:finish():203] Stopping system monitor
2025-04-28 22:01:00,978 INFO    HandlerThread:250438 [interfaces.py:finish():200] Joined cpu monitor
2025-04-28 22:01:00,978 DEBUG   SystemMonitor:250438 [system_monitor.py:_start():172] Starting system metrics aggregation loop
2025-04-28 22:01:00,978 DEBUG   SystemMonitor:250438 [system_monitor.py:_start():179] Finished system metrics aggregation loop
2025-04-28 22:01:00,978 DEBUG   SystemMonitor:250438 [system_monitor.py:_start():183] Publishing last batch of metrics
2025-04-28 22:01:00,979 INFO    HandlerThread:250438 [interfaces.py:finish():200] Joined disk monitor
2025-04-28 22:01:01,006 INFO    HandlerThread:250438 [interfaces.py:finish():200] Joined gpu monitor
2025-04-28 22:01:01,007 INFO    HandlerThread:250438 [interfaces.py:finish():200] Joined memory monitor
2025-04-28 22:01:01,007 INFO    HandlerThread:250438 [interfaces.py:finish():200] Joined network monitor
2025-04-28 22:01:01,007 DEBUG   SenderThread:250438 [sender.py:send_request():406] send_request: defer
2025-04-28 22:01:01,007 INFO    SenderThread:250438 [sender.py:send_request_defer():610] handle sender defer: 2
2025-04-28 22:01:01,007 INFO    SenderThread:250438 [sender.py:transition_state():614] send defer: 3
2025-04-28 22:01:01,007 DEBUG   SenderThread:250438 [sender.py:send():379] send: stats
2025-04-28 22:01:01,007 DEBUG   HandlerThread:250438 [handler.py:handle_request():158] handle_request: defer
2025-04-28 22:01:01,007 INFO    HandlerThread:250438 [handler.py:handle_request_defer():184] handle defer: 3
2025-04-28 22:01:01,007 DEBUG   SenderThread:250438 [sender.py:send_request():406] send_request: defer
2025-04-28 22:01:01,008 INFO    SenderThread:250438 [sender.py:send_request_defer():610] handle sender defer: 3
2025-04-28 22:01:01,008 INFO    SenderThread:250438 [sender.py:transition_state():614] send defer: 4
2025-04-28 22:01:01,008 DEBUG   HandlerThread:250438 [handler.py:handle_request():158] handle_request: defer
2025-04-28 22:01:01,008 INFO    HandlerThread:250438 [handler.py:handle_request_defer():184] handle defer: 4
2025-04-28 22:01:01,008 DEBUG   SenderThread:250438 [sender.py:send_request():406] send_request: defer
2025-04-28 22:01:01,008 INFO    SenderThread:250438 [sender.py:send_request_defer():610] handle sender defer: 4
2025-04-28 22:01:01,008 INFO    SenderThread:250438 [sender.py:transition_state():614] send defer: 5
2025-04-28 22:01:01,008 DEBUG   HandlerThread:250438 [handler.py:handle_request():158] handle_request: defer
2025-04-28 22:01:01,008 INFO    HandlerThread:250438 [handler.py:handle_request_defer():184] handle defer: 5
2025-04-28 22:01:01,008 DEBUG   SenderThread:250438 [sender.py:send():379] send: summary
2025-04-28 22:01:01,008 INFO    SenderThread:250438 [sender.py:_save_file():1454] saving file wandb-summary.json with policy end
2025-04-28 22:01:01,008 DEBUG   SenderThread:250438 [sender.py:send_request():406] send_request: defer
2025-04-28 22:01:01,008 INFO    SenderThread:250438 [sender.py:send_request_defer():610] handle sender defer: 5
2025-04-28 22:01:01,009 INFO    SenderThread:250438 [sender.py:transition_state():614] send defer: 6
2025-04-28 22:01:01,009 DEBUG   HandlerThread:250438 [handler.py:handle_request():158] handle_request: defer
2025-04-28 22:01:01,009 INFO    HandlerThread:250438 [handler.py:handle_request_defer():184] handle defer: 6
2025-04-28 22:01:01,009 DEBUG   SenderThread:250438 [sender.py:send_request():406] send_request: defer
2025-04-28 22:01:01,009 INFO    SenderThread:250438 [sender.py:send_request_defer():610] handle sender defer: 6
2025-04-28 22:01:01,012 DEBUG   HandlerThread:250438 [handler.py:handle_request():158] handle_request: status_report
2025-04-28 22:01:01,059 INFO    Thread-12 :250438 [dir_watcher.py:_on_file_created():271] file/dir created: /home/levi/Desktop/MOORE-TDMPC/moore_tdmpc/logs/mw-reach/42/moore-tdmpc2-mt30/wandb/run-20250428_220054-egsatebc/files/wandb-summary.json
2025-04-28 22:01:01,059 INFO    Thread-12 :250438 [dir_watcher.py:_on_file_created():271] file/dir created: /home/levi/Desktop/MOORE-TDMPC/moore_tdmpc/logs/mw-reach/42/moore-tdmpc2-mt30/wandb/run-20250428_220054-egsatebc/files/output.log
2025-04-28 22:01:01,952 DEBUG   HandlerThread:250438 [handler.py:handle_request():158] handle_request: poll_exit
2025-04-28 22:01:03,059 INFO    Thread-12 :250438 [dir_watcher.py:_on_file_modified():288] file/dir modified: /home/levi/Desktop/MOORE-TDMPC/moore_tdmpc/logs/mw-reach/42/moore-tdmpc2-mt30/wandb/run-20250428_220054-egsatebc/files/output.log
2025-04-28 22:01:06,072 INFO    SenderThread:250438 [sender.py:transition_state():614] send defer: 7
2025-04-28 22:01:06,072 DEBUG   SenderThread:250438 [sender.py:send_request():406] send_request: poll_exit
2025-04-28 22:01:06,072 DEBUG   HandlerThread:250438 [handler.py:handle_request():158] handle_request: defer
2025-04-28 22:01:06,072 INFO    HandlerThread:250438 [handler.py:handle_request_defer():184] handle defer: 7
2025-04-28 22:01:06,072 DEBUG   HandlerThread:250438 [handler.py:handle_request():158] handle_request: status_report
2025-04-28 22:01:06,073 DEBUG   SenderThread:250438 [sender.py:send_request():406] send_request: defer
2025-04-28 22:01:06,073 INFO    SenderThread:250438 [sender.py:send_request_defer():610] handle sender defer: 7
2025-04-28 22:01:06,953 DEBUG   HandlerThread:250438 [handler.py:handle_request():158] handle_request: keepalive
2025-04-28 22:01:06,953 DEBUG   HandlerThread:250438 [handler.py:handle_request():158] handle_request: poll_exit
2025-04-28 22:01:06,986 INFO    SenderThread:250438 [sender.py:transition_state():614] send defer: 8
2025-04-28 22:01:06,986 DEBUG   SenderThread:250438 [sender.py:send_request():406] send_request: poll_exit
2025-04-28 22:01:06,987 DEBUG   HandlerThread:250438 [handler.py:handle_request():158] handle_request: defer
2025-04-28 22:01:06,987 INFO    HandlerThread:250438 [handler.py:handle_request_defer():184] handle defer: 8
2025-04-28 22:01:06,987 DEBUG   SenderThread:250438 [sender.py:send_request():406] send_request: defer
2025-04-28 22:01:06,987 INFO    SenderThread:250438 [sender.py:send_request_defer():610] handle sender defer: 8
2025-04-28 22:01:06,987 INFO    SenderThread:250438 [job_builder.py:build():440] Attempting to build job artifact
2025-04-28 22:01:06,987 INFO    SenderThread:250438 [job_builder.py:_get_source_type():569] is repo sourced job
2025-04-28 22:01:06,996 INFO    SenderThread:250438 [job_builder.py:build():545] adding wandb-job metadata file
2025-04-28 22:01:07,006 INFO    SenderThread:250438 [sender.py:transition_state():614] send defer: 9
2025-04-28 22:01:07,007 DEBUG   HandlerThread:250438 [handler.py:handle_request():158] handle_request: defer
2025-04-28 22:01:07,007 DEBUG   SenderThread:250438 [sender.py:send():379] send: artifact
2025-04-28 22:01:07,007 INFO    HandlerThread:250438 [handler.py:handle_request_defer():184] handle defer: 9
2025-04-28 22:01:07,060 INFO    Thread-12 :250438 [dir_watcher.py:_on_file_modified():288] file/dir modified: /home/levi/Desktop/MOORE-TDMPC/moore_tdmpc/logs/mw-reach/42/moore-tdmpc2-mt30/wandb/run-20250428_220054-egsatebc/files/config.yaml
2025-04-28 22:01:07,060 INFO    Thread-12 :250438 [dir_watcher.py:_on_file_modified():288] file/dir modified: /home/levi/Desktop/MOORE-TDMPC/moore_tdmpc/logs/mw-reach/42/moore-tdmpc2-mt30/wandb/run-20250428_220054-egsatebc/files/output.log
2025-04-28 22:01:07,954 DEBUG   HandlerThread:250438 [handler.py:handle_request():158] handle_request: poll_exit
2025-04-28 22:01:09,033 WARNING FileStreamThread:250438 [file_stream.py:request_with_retry():674] requests_with_retry encountered retryable exception: ('Connection aborted.', ConnectionResetError(104, 'Connection reset by peer')). func: <bound method Session.post of <requests.sessions.Session object at 0x7f600222d670>>, args: ('https://api.wandb.ai/files/OA-MBRL/moore-tdmpc2/egsatebc/file_stream',), kwargs: {'json': {'files': {'wandb-summary.json': {'offset': 0, 'content': ['{"_wandb": {"runtime": 1}}']}}, 'dropped': 0}}
2025-04-28 22:01:12,955 DEBUG   HandlerThread:250438 [handler.py:handle_request():158] handle_request: keepalive
2025-04-28 22:01:17,956 DEBUG   HandlerThread:250438 [handler.py:handle_request():158] handle_request: keepalive
2025-04-28 22:01:19,254 WARNING FileStreamThread:250438 [file_stream.py:request_with_retry():674] requests_with_retry encountered retryable exception: ('Connection aborted.', ConnectionResetError(104, 'Connection reset by peer')). func: <bound method Session.post of <requests.sessions.Session object at 0x7f600222d670>>, args: ('https://api.wandb.ai/files/OA-MBRL/moore-tdmpc2/egsatebc/file_stream',), kwargs: {'json': {'files': {'wandb-summary.json': {'offset': 0, 'content': ['{"_wandb": {"runtime": 1}}']}}, 'dropped': 0}}
2025-04-28 22:01:22,957 DEBUG   HandlerThread:250438 [handler.py:handle_request():158] handle_request: keepalive
2025-04-28 22:01:27,958 DEBUG   HandlerThread:250438 [handler.py:handle_request():158] handle_request: keepalive
2025-04-28 22:01:31,885 WARNING FileStreamThread:250438 [file_stream.py:request_with_retry():674] requests_with_retry encountered retryable exception: ('Connection aborted.', ConnectionResetError(104, 'Connection reset by peer')). func: <bound method Session.post of <requests.sessions.Session object at 0x7f600222d670>>, args: ('https://api.wandb.ai/files/OA-MBRL/moore-tdmpc2/egsatebc/file_stream',), kwargs: {'json': {'files': {'wandb-summary.json': {'offset': 0, 'content': ['{"_wandb": {"runtime": 1}}']}}, 'dropped': 0}}
2025-04-28 22:01:32,959 DEBUG   HandlerThread:250438 [handler.py:handle_request():158] handle_request: keepalive
2025-04-28 22:01:37,960 DEBUG   HandlerThread:250438 [handler.py:handle_request():158] handle_request: keepalive
2025-04-28 22:01:42,961 DEBUG   HandlerThread:250438 [handler.py:handle_request():158] handle_request: keepalive
2025-04-28 22:01:46,483 INFO    SenderThread:250438 [retry.py:__call__():172] Retry attempt failed:
Traceback (most recent call last):
  File "/home/levi/anaconda3/envs/tdmpc2/lib/python3.9/site-packages/urllib3/connectionpool.py", line 773, in urlopen
    self._prepare_proxy(conn)
  File "/home/levi/anaconda3/envs/tdmpc2/lib/python3.9/site-packages/urllib3/connectionpool.py", line 1042, in _prepare_proxy
    conn.connect()
  File "/home/levi/anaconda3/envs/tdmpc2/lib/python3.9/site-packages/urllib3/connection.py", line 741, in connect
    sock_and_verified = _ssl_wrap_socket_and_match_hostname(
  File "/home/levi/anaconda3/envs/tdmpc2/lib/python3.9/site-packages/urllib3/connection.py", line 920, in _ssl_wrap_socket_and_match_hostname
    ssl_sock = ssl_wrap_socket(
  File "/home/levi/anaconda3/envs/tdmpc2/lib/python3.9/site-packages/urllib3/util/ssl_.py", line 460, in ssl_wrap_socket
    ssl_sock = _ssl_wrap_socket_impl(sock, context, tls_in_tls, server_hostname)
  File "/home/levi/anaconda3/envs/tdmpc2/lib/python3.9/site-packages/urllib3/util/ssl_.py", line 504, in _ssl_wrap_socket_impl
    return ssl_context.wrap_socket(sock, server_hostname=server_hostname)
  File "/home/levi/anaconda3/envs/tdmpc2/lib/python3.9/ssl.py", line 501, in wrap_socket
    return self.sslsocket_class._create(
  File "/home/levi/anaconda3/envs/tdmpc2/lib/python3.9/ssl.py", line 1074, in _create
    self.do_handshake()
  File "/home/levi/anaconda3/envs/tdmpc2/lib/python3.9/ssl.py", line 1343, in do_handshake
    self._sslobj.do_handshake()
ConnectionResetError: [Errno 104] Connection reset by peer

During handling of the above exception, another exception occurred:

Traceback (most recent call last):
  File "/home/levi/anaconda3/envs/tdmpc2/lib/python3.9/site-packages/requests/adapters.py", line 667, in send
    resp = conn.urlopen(
  File "/home/levi/anaconda3/envs/tdmpc2/lib/python3.9/site-packages/urllib3/connectionpool.py", line 841, in urlopen
    retries = retries.increment(
  File "/home/levi/anaconda3/envs/tdmpc2/lib/python3.9/site-packages/urllib3/util/retry.py", line 474, in increment
    raise reraise(type(error), error, _stacktrace)
  File "/home/levi/anaconda3/envs/tdmpc2/lib/python3.9/site-packages/urllib3/util/util.py", line 38, in reraise
    raise value.with_traceback(tb)
  File "/home/levi/anaconda3/envs/tdmpc2/lib/python3.9/site-packages/urllib3/connectionpool.py", line 773, in urlopen
    self._prepare_proxy(conn)
  File "/home/levi/anaconda3/envs/tdmpc2/lib/python3.9/site-packages/urllib3/connectionpool.py", line 1042, in _prepare_proxy
    conn.connect()
  File "/home/levi/anaconda3/envs/tdmpc2/lib/python3.9/site-packages/urllib3/connection.py", line 741, in connect
    sock_and_verified = _ssl_wrap_socket_and_match_hostname(
  File "/home/levi/anaconda3/envs/tdmpc2/lib/python3.9/site-packages/urllib3/connection.py", line 920, in _ssl_wrap_socket_and_match_hostname
    ssl_sock = ssl_wrap_socket(
  File "/home/levi/anaconda3/envs/tdmpc2/lib/python3.9/site-packages/urllib3/util/ssl_.py", line 460, in ssl_wrap_socket
    ssl_sock = _ssl_wrap_socket_impl(sock, context, tls_in_tls, server_hostname)
  File "/home/levi/anaconda3/envs/tdmpc2/lib/python3.9/site-packages/urllib3/util/ssl_.py", line 504, in _ssl_wrap_socket_impl
    return ssl_context.wrap_socket(sock, server_hostname=server_hostname)
  File "/home/levi/anaconda3/envs/tdmpc2/lib/python3.9/ssl.py", line 501, in wrap_socket
    return self.sslsocket_class._create(
  File "/home/levi/anaconda3/envs/tdmpc2/lib/python3.9/ssl.py", line 1074, in _create
    self.do_handshake()
  File "/home/levi/anaconda3/envs/tdmpc2/lib/python3.9/ssl.py", line 1343, in do_handshake
    self._sslobj.do_handshake()
urllib3.exceptions.ProtocolError: ('Connection aborted.', ConnectionResetError(104, 'Connection reset by peer'))

During handling of the above exception, another exception occurred:

Traceback (most recent call last):
  File "/home/levi/anaconda3/envs/tdmpc2/lib/python3.9/site-packages/wandb/sdk/lib/retry.py", line 131, in __call__
    result = self._call_fn(*args, **kwargs)
  File "/home/levi/anaconda3/envs/tdmpc2/lib/python3.9/site-packages/wandb/sdk/internal/internal_api.py", line 345, in execute
    return self.client.execute(*args, **kwargs)  # type: ignore
  File "/home/levi/anaconda3/envs/tdmpc2/lib/python3.9/site-packages/wandb/vendor/gql-0.2.0/wandb_gql/client.py", line 52, in execute
    result = self._get_result(document, *args, **kwargs)
  File "/home/levi/anaconda3/envs/tdmpc2/lib/python3.9/site-packages/wandb/vendor/gql-0.2.0/wandb_gql/client.py", line 60, in _get_result
    return self.transport.execute(document, *args, **kwargs)
  File "/home/levi/anaconda3/envs/tdmpc2/lib/python3.9/site-packages/wandb/sdk/lib/gql_request.py", line 58, in execute
    request = self.session.post(self.url, **post_args)
  File "/home/levi/anaconda3/envs/tdmpc2/lib/python3.9/site-packages/requests/sessions.py", line 637, in post
    return self.request("POST", url, data=data, json=json, **kwargs)
  File "/home/levi/anaconda3/envs/tdmpc2/lib/python3.9/site-packages/requests/sessions.py", line 589, in request
    resp = self.send(prep, **send_kwargs)
  File "/home/levi/anaconda3/envs/tdmpc2/lib/python3.9/site-packages/requests/sessions.py", line 703, in send
    r = adapter.send(request, **kwargs)
  File "/home/levi/anaconda3/envs/tdmpc2/lib/python3.9/site-packages/requests/adapters.py", line 682, in send
    raise ConnectionError(err, request=request)
requests.exceptions.ConnectionError: ('Connection aborted.', ConnectionResetError(104, 'Connection reset by peer'))
2025-04-28 22:01:47,962 DEBUG   HandlerThread:250438 [handler.py:handle_request():158] handle_request: keepalive
2025-04-28 22:01:49,340 WARNING FileStreamThread:250438 [file_stream.py:request_with_retry():674] requests_with_retry encountered retryable exception: ('Connection aborted.', ConnectionResetError(104, 'Connection reset by peer')). func: <bound method Session.post of <requests.sessions.Session object at 0x7f600222d670>>, args: ('https://api.wandb.ai/files/OA-MBRL/moore-tdmpc2/egsatebc/file_stream',), kwargs: {'json': {'files': {'wandb-summary.json': {'offset': 0, 'content': ['{"_wandb": {"runtime": 1}}']}}, 'dropped': 0}}
2025-04-28 22:01:52,963 DEBUG   HandlerThread:250438 [handler.py:handle_request():158] handle_request: keepalive
2025-04-28 22:01:57,965 DEBUG   HandlerThread:250438 [handler.py:handle_request():158] handle_request: keepalive
2025-04-28 22:02:02,966 DEBUG   HandlerThread:250438 [handler.py:handle_request():158] handle_request: keepalive
2025-04-28 22:02:07,967 DEBUG   HandlerThread:250438 [handler.py:handle_request():158] handle_request: keepalive
2025-04-28 22:02:11,950 INFO    SenderThread:250438 [sender.py:send_artifact():1530] sent artifact job-https___github.com_glue25_Multi-Task-MBRL_moore_tdmpc_train_with_cprofile.py - {'id': 'QXJ0aWZhY3Q6MTY4Njg3MTkxNQ==', 'state': 'COMMITTED', 'artifactSequence': {'id': 'QXJ0aWZhY3RDb2xsZWN0aW9uOjYyMjA3ODExMg==', 'latestArtifact': {'id': 'QXJ0aWZhY3Q6MTY5MDk2MTc2Mg==', 'versionIndex': 6}}}
2025-04-28 22:02:11,950 DEBUG   SenderThread:250438 [sender.py:send_request():406] send_request: defer
2025-04-28 22:02:11,950 INFO    SenderThread:250438 [sender.py:send_request_defer():610] handle sender defer: 9
2025-04-28 22:02:11,950 INFO    SenderThread:250438 [dir_watcher.py:finish():358] shutting down directory watcher
2025-04-28 22:02:11,950 DEBUG   HandlerThread:250438 [handler.py:handle_request():158] handle_request: status_report
2025-04-28 22:02:12,066 INFO    SenderThread:250438 [dir_watcher.py:finish():388] scan: /home/levi/Desktop/MOORE-TDMPC/moore_tdmpc/logs/mw-reach/42/moore-tdmpc2-mt30/wandb/run-20250428_220054-egsatebc/files
2025-04-28 22:02:12,066 INFO    SenderThread:250438 [dir_watcher.py:finish():402] scan save: /home/levi/Desktop/MOORE-TDMPC/moore_tdmpc/logs/mw-reach/42/moore-tdmpc2-mt30/wandb/run-20250428_220054-egsatebc/files/conda-environment.yaml conda-environment.yaml
2025-04-28 22:02:12,066 INFO    SenderThread:250438 [dir_watcher.py:finish():402] scan save: /home/levi/Desktop/MOORE-TDMPC/moore_tdmpc/logs/mw-reach/42/moore-tdmpc2-mt30/wandb/run-20250428_220054-egsatebc/files/wandb-summary.json wandb-summary.json
2025-04-28 22:02:12,066 INFO    SenderThread:250438 [dir_watcher.py:finish():402] scan save: /home/levi/Desktop/MOORE-TDMPC/moore_tdmpc/logs/mw-reach/42/moore-tdmpc2-mt30/wandb/run-20250428_220054-egsatebc/files/output.log output.log
2025-04-28 22:02:12,066 INFO    SenderThread:250438 [dir_watcher.py:finish():402] scan save: /home/levi/Desktop/MOORE-TDMPC/moore_tdmpc/logs/mw-reach/42/moore-tdmpc2-mt30/wandb/run-20250428_220054-egsatebc/files/config.yaml config.yaml
2025-04-28 22:02:12,067 INFO    SenderThread:250438 [dir_watcher.py:finish():402] scan save: /home/levi/Desktop/MOORE-TDMPC/moore_tdmpc/logs/mw-reach/42/moore-tdmpc2-mt30/wandb/run-20250428_220054-egsatebc/files/wandb-metadata.json wandb-metadata.json
2025-04-28 22:02:12,067 INFO    SenderThread:250438 [dir_watcher.py:finish():402] scan save: /home/levi/Desktop/MOORE-TDMPC/moore_tdmpc/logs/mw-reach/42/moore-tdmpc2-mt30/wandb/run-20250428_220054-egsatebc/files/requirements.txt requirements.txt
2025-04-28 22:02:12,068 INFO    SenderThread:250438 [sender.py:transition_state():614] send defer: 10
2025-04-28 22:02:12,068 DEBUG   SenderThread:250438 [sender.py:send_request():406] send_request: poll_exit
2025-04-28 22:02:12,072 DEBUG   HandlerThread:250438 [handler.py:handle_request():158] handle_request: defer
2025-04-28 22:02:12,072 INFO    HandlerThread:250438 [handler.py:handle_request_defer():184] handle defer: 10
2025-04-28 22:02:12,072 DEBUG   SenderThread:250438 [sender.py:send_request():406] send_request: defer
2025-04-28 22:02:12,072 INFO    SenderThread:250438 [sender.py:send_request_defer():610] handle sender defer: 10
2025-04-28 22:02:12,072 INFO    SenderThread:250438 [file_pusher.py:finish():169] shutting down file pusher
2025-04-28 22:02:12,968 DEBUG   HandlerThread:250438 [handler.py:handle_request():158] handle_request: keepalive
2025-04-28 22:02:12,968 DEBUG   HandlerThread:250438 [handler.py:handle_request():158] handle_request: poll_exit
2025-04-28 22:02:12,968 DEBUG   SenderThread:250438 [sender.py:send_request():406] send_request: poll_exit
2025-04-28 22:02:13,028 INFO    wandb-upload_1:250438 [upload_job.py:push():130] Uploaded file /home/levi/Desktop/MOORE-TDMPC/moore_tdmpc/logs/mw-reach/42/moore-tdmpc2-mt30/wandb/run-20250428_220054-egsatebc/files/conda-environment.yaml
2025-04-28 22:02:13,757 INFO    wandb-upload_0:250438 [upload_job.py:push():130] Uploaded file /home/levi/Desktop/MOORE-TDMPC/moore_tdmpc/logs/mw-reach/42/moore-tdmpc2-mt30/wandb/run-20250428_220054-egsatebc/files/wandb-summary.json
2025-04-28 22:02:13,968 DEBUG   HandlerThread:250438 [handler.py:handle_request():158] handle_request: poll_exit
2025-04-28 22:02:13,968 DEBUG   SenderThread:250438 [sender.py:send_request():406] send_request: poll_exit
2025-04-28 22:02:14,139 INFO    wandb-upload_3:250438 [upload_job.py:push():130] Uploaded file /home/levi/Desktop/MOORE-TDMPC/moore_tdmpc/logs/mw-reach/42/moore-tdmpc2-mt30/wandb/run-20250428_220054-egsatebc/files/config.yaml
2025-04-28 22:02:14,324 INFO    wandb-upload_4:250438 [upload_job.py:push():130] Uploaded file /home/levi/Desktop/MOORE-TDMPC/moore_tdmpc/logs/mw-reach/42/moore-tdmpc2-mt30/wandb/run-20250428_220054-egsatebc/files/requirements.txt
2025-04-28 22:02:14,484 INFO    wandb-upload_2:250438 [upload_job.py:push():130] Uploaded file /home/levi/Desktop/MOORE-TDMPC/moore_tdmpc/logs/mw-reach/42/moore-tdmpc2-mt30/wandb/run-20250428_220054-egsatebc/files/output.log
2025-04-28 22:02:14,684 INFO    Thread-11 :250438 [sender.py:transition_state():614] send defer: 11
2025-04-28 22:02:14,684 DEBUG   HandlerThread:250438 [handler.py:handle_request():158] handle_request: defer
2025-04-28 22:02:14,684 INFO    HandlerThread:250438 [handler.py:handle_request_defer():184] handle defer: 11
2025-04-28 22:02:14,684 DEBUG   SenderThread:250438 [sender.py:send_request():406] send_request: defer
2025-04-28 22:02:14,684 INFO    SenderThread:250438 [sender.py:send_request_defer():610] handle sender defer: 11
2025-04-28 22:02:14,684 INFO    SenderThread:250438 [file_pusher.py:join():175] waiting for file pusher
2025-04-28 22:02:14,684 INFO    SenderThread:250438 [sender.py:transition_state():614] send defer: 12
2025-04-28 22:02:14,685 DEBUG   HandlerThread:250438 [handler.py:handle_request():158] handle_request: defer
2025-04-28 22:02:14,685 INFO    HandlerThread:250438 [handler.py:handle_request_defer():184] handle defer: 12
2025-04-28 22:02:14,685 DEBUG   SenderThread:250438 [sender.py:send_request():406] send_request: defer
2025-04-28 22:02:14,685 INFO    SenderThread:250438 [sender.py:send_request_defer():610] handle sender defer: 12
2025-04-28 22:02:14,685 INFO    SenderThread:250438 [file_stream.py:finish():601] file stream finish called
2025-04-28 22:02:14,969 DEBUG   HandlerThread:250438 [handler.py:handle_request():158] handle_request: poll_exit
2025-04-28 22:02:15,050 INFO    SenderThread:250438 [file_stream.py:finish():605] file stream finish is done
2025-04-28 22:02:15,050 INFO    SenderThread:250438 [sender.py:transition_state():614] send defer: 13
2025-04-28 22:02:15,050 DEBUG   SenderThread:250438 [sender.py:send_request():406] send_request: poll_exit
2025-04-28 22:02:15,050 DEBUG   HandlerThread:250438 [handler.py:handle_request():158] handle_request: defer
2025-04-28 22:02:15,050 INFO    HandlerThread:250438 [handler.py:handle_request_defer():184] handle defer: 13
2025-04-28 22:02:15,050 DEBUG   SenderThread:250438 [sender.py:send_request():406] send_request: defer
2025-04-28 22:02:15,050 INFO    SenderThread:250438 [sender.py:send_request_defer():610] handle sender defer: 13
2025-04-28 22:02:15,050 INFO    SenderThread:250438 [sender.py:transition_state():614] send defer: 14
2025-04-28 22:02:15,050 DEBUG   HandlerThread:250438 [handler.py:handle_request():158] handle_request: defer
2025-04-28 22:02:15,050 INFO    HandlerThread:250438 [handler.py:handle_request_defer():184] handle defer: 14
2025-04-28 22:02:15,050 DEBUG   SenderThread:250438 [sender.py:send():379] send: final
2025-04-28 22:02:15,050 DEBUG   SenderThread:250438 [sender.py:send():379] send: footer
2025-04-28 22:02:15,050 DEBUG   SenderThread:250438 [sender.py:send_request():406] send_request: defer
2025-04-28 22:02:15,050 INFO    SenderThread:250438 [sender.py:send_request_defer():610] handle sender defer: 14
2025-04-28 22:02:15,051 DEBUG   HandlerThread:250438 [handler.py:handle_request():158] handle_request: poll_exit
2025-04-28 22:02:15,051 DEBUG   HandlerThread:250438 [handler.py:handle_request():158] handle_request: server_info
2025-04-28 22:02:15,051 DEBUG   SenderThread:250438 [sender.py:send_request():406] send_request: poll_exit
2025-04-28 22:02:15,051 DEBUG   SenderThread:250438 [sender.py:send_request():406] send_request: server_info
2025-04-28 22:02:15,052 DEBUG   HandlerThread:250438 [handler.py:handle_request():158] handle_request: poll_exit
2025-04-28 22:02:15,052 DEBUG   HandlerThread:250438 [handler.py:handle_request():158] handle_request: get_summary
2025-04-28 22:02:15,052 DEBUG   HandlerThread:250438 [handler.py:handle_request():158] handle_request: sampled_history
2025-04-28 22:02:15,052 DEBUG   HandlerThread:250438 [handler.py:handle_request():158] handle_request: internal_messages
2025-04-28 22:02:15,396 DEBUG   SenderThread:250438 [sender.py:send_request():406] send_request: poll_exit
2025-04-28 22:02:15,396 INFO    MainThread:250438 [wandb_run.py:_footer_history_summary_info():3991] rendering history
2025-04-28 22:02:15,396 INFO    MainThread:250438 [wandb_run.py:_footer_history_summary_info():4023] rendering summary
2025-04-28 22:02:15,396 INFO    MainThread:250438 [wandb_run.py:_footer_sync_info():3950] logging synced files
2025-04-28 22:02:15,397 DEBUG   HandlerThread:250438 [handler.py:handle_request():158] handle_request: shutdown
2025-04-28 22:02:15,397 INFO    HandlerThread:250438 [handler.py:finish():882] shutting down handler
2025-04-28 22:02:16,052 INFO    WriterThread:250438 [datastore.py:close():296] close: /home/levi/Desktop/MOORE-TDMPC/moore_tdmpc/logs/mw-reach/42/moore-tdmpc2-mt30/wandb/run-20250428_220054-egsatebc/run-egsatebc.wandb
2025-04-28 22:02:16,396 INFO    SenderThread:250438 [sender.py:finish():1608] shutting down sender
2025-04-28 22:02:16,396 INFO    SenderThread:250438 [file_pusher.py:finish():169] shutting down file pusher
2025-04-28 22:02:16,396 INFO    SenderThread:250438 [file_pusher.py:join():175] waiting for file pusher
