2025-05-13 21:10:39,730 INFO    StreamThr :608393 [internal.py:wandb_internal():85] W&B internal server running at pid: 608393, started at: 2025-05-13 21:10:39.729989
2025-05-13 21:10:39,731 DEBUG   HandlerThread:608393 [handler.py:handle_request():158] handle_request: status
2025-05-13 21:10:39,733 INFO    WriterThread:608393 [datastore.py:open_for_write():87] open: /home/levi/Desktop/MOORE-TDMPC/renew/logs/mw-reach/1/moore-tdmpc2-mt30/wandb/run-20250513_211039-ph5bgsnj/run-ph5bgsnj.wandb
2025-05-13 21:10:39,734 DEBUG   SenderThread:608393 [sender.py:send():379] send: header
2025-05-13 21:10:39,758 DEBUG   SenderThread:608393 [sender.py:send():379] send: run
2025-05-13 21:10:41,690 INFO    SenderThread:608393 [dir_watcher.py:__init__():211] watching files in: /home/levi/Desktop/MOORE-TDMPC/renew/logs/mw-reach/1/moore-tdmpc2-mt30/wandb/run-20250513_211039-ph5bgsnj/files
2025-05-13 21:10:41,690 INFO    SenderThread:608393 [sender.py:_start_run_threads():1188] run started: ph5bgsnj with start time 1747141839.730008
2025-05-13 21:10:41,703 DEBUG   HandlerThread:608393 [handler.py:handle_request():158] handle_request: check_version
2025-05-13 21:10:41,703 DEBUG   SenderThread:608393 [sender.py:send_request():406] send_request: check_version
2025-05-13 21:10:43,551 DEBUG   HandlerThread:608393 [handler.py:handle_request():158] handle_request: run_start
2025-05-13 21:10:43,588 DEBUG   HandlerThread:608393 [system_info.py:__init__():26] System info init
2025-05-13 21:10:43,588 DEBUG   HandlerThread:608393 [system_info.py:__init__():41] System info init done
2025-05-13 21:10:43,589 INFO    HandlerThread:608393 [system_monitor.py:start():194] Starting system monitor
2025-05-13 21:10:43,589 INFO    SystemMonitor:608393 [system_monitor.py:_start():158] Starting system asset monitoring threads
2025-05-13 21:10:43,590 INFO    HandlerThread:608393 [system_monitor.py:probe():214] Collecting system info
2025-05-13 21:10:43,590 INFO    SystemMonitor:608393 [interfaces.py:start():188] Started cpu monitoring
2025-05-13 21:10:43,591 INFO    SystemMonitor:608393 [interfaces.py:start():188] Started disk monitoring
2025-05-13 21:10:43,592 INFO    SystemMonitor:608393 [interfaces.py:start():188] Started gpu monitoring
2025-05-13 21:10:43,594 INFO    SystemMonitor:608393 [interfaces.py:start():188] Started memory monitoring
2025-05-13 21:10:43,595 INFO    SystemMonitor:608393 [interfaces.py:start():188] Started network monitoring
2025-05-13 21:10:43,631 DEBUG   HandlerThread:608393 [system_info.py:probe():152] Probing system
2025-05-13 21:10:43,637 DEBUG   HandlerThread:608393 [system_info.py:_probe_git():137] Probing git
2025-05-13 21:10:43,646 DEBUG   HandlerThread:608393 [system_info.py:_probe_git():145] Probing git done
2025-05-13 21:10:43,646 DEBUG   HandlerThread:608393 [system_info.py:probe():200] Probing system done
2025-05-13 21:10:43,646 DEBUG   HandlerThread:608393 [system_monitor.py:probe():223] {'os': 'Linux-5.15.0-136-generic-x86_64-with-glibc2.31', 'python': '3.9.21', 'heartbeatAt': '2025-05-13T13:10:43.632037', 'startedAt': '2025-05-13T13:10:39.727186', 'docker': None, 'cuda': None, 'args': ('task=mw-reach',), 'state': 'running', 'program': '/home/levi/Desktop/MOORE-TDMPC/renew/train_with_cprofile.py', 'codePathLocal': None, 'codePath': 'renew/train_with_cprofile.py', 'git': {'remote': 'https://github.com/glue25/Multi-Task-MBRL', 'commit': '8a8f62177b4e3af0a42363999c165f422a90b325'}, 'email': 'sc_levi@163.com', 'root': '/home/levi/Desktop/MOORE-TDMPC', 'host': 'workstation', 'username': 'levi', 'executable': '/home/levi/anaconda3/envs/tdmpc2/bin/python', 'cpu_count': 16, 'cpu_count_logical': 24, 'cpu_freq': {'current': 3453.329708333333, 'min': 800.0, 'max': 4950.0}, 'cpu_freq_per_core': [{'current': 3400.0, 'min': 800.0, 'max': 5300.0}, {'current': 3400.0, 'min': 800.0, 'max': 5300.0}, {'current': 3400.0, 'min': 800.0, 'max': 5300.0}, {'current': 3400.0, 'min': 800.0, 'max': 5300.0}, {'current': 3400.0, 'min': 800.0, 'max': 5300.0}, {'current': 3400.0, 'min': 800.0, 'max': 5300.0}, {'current': 3400.0, 'min': 800.0, 'max': 5300.0}, {'current': 3400.0, 'min': 800.0, 'max': 5300.0}, {'current': 3400.0, 'min': 800.0, 'max': 5400.0}, {'current': 3400.0, 'min': 800.0, 'max': 5400.0}, {'current': 3400.0, 'min': 800.0, 'max': 5400.0}, {'current': 3400.0, 'min': 800.0, 'max': 5400.0}, {'current': 3400.0, 'min': 800.0, 'max': 5300.0}, {'current': 3400.0, 'min': 800.0, 'max': 5300.0}, {'current': 2898.295, 'min': 800.0, 'max': 5300.0}, {'current': 3400.0, 'min': 800.0, 'max': 5300.0}, {'current': 3400.0, 'min': 800.0, 'max': 4200.0}, {'current': 3400.0, 'min': 800.0, 'max': 4200.0}, {'current': 3400.0, 'min': 800.0, 'max': 4200.0}, {'current': 3400.0, 'min': 800.0, 'max': 4200.0}, {'current': 3400.0, 'min': 800.0, 'max': 4200.0}, {'current': 3400.0, 'min': 800.0, 'max': 4200.0}, {'current': 3400.0, 'min': 800.0, 'max': 4200.0}, {'current': 3400.0, 'min': 800.0, 'max': 4200.0}], 'disk': {'/': {'total': 456.8756866455078, 'used': 397.9294891357422}}, 'gpu': 'NVIDIA GeForce RTX 4090 D', 'gpu_count': 1, 'gpu_devices': [{'name': 'NVIDIA GeForce RTX 4090 D', 'memory_total': 25757220864}], 'memory': {'total': 62.605716705322266}}
2025-05-13 21:10:43,646 INFO    HandlerThread:608393 [system_monitor.py:probe():224] Finished collecting system info
2025-05-13 21:10:43,646 INFO    HandlerThread:608393 [system_monitor.py:probe():227] Publishing system info
2025-05-13 21:10:43,646 DEBUG   HandlerThread:608393 [system_info.py:_save_conda():209] Saving list of conda packages installed into the current environment
2025-05-13 21:10:43,691 INFO    Thread-12 :608393 [dir_watcher.py:_on_file_created():271] file/dir created: /home/levi/Desktop/MOORE-TDMPC/renew/logs/mw-reach/1/moore-tdmpc2-mt30/wandb/run-20250513_211039-ph5bgsnj/files/conda-environment.yaml
2025-05-13 21:10:44,513 DEBUG   HandlerThread:608393 [system_info.py:_save_conda():224] Saving conda packages done
2025-05-13 21:10:44,514 INFO    HandlerThread:608393 [system_monitor.py:probe():229] Finished publishing system info
2025-05-13 21:10:44,517 DEBUG   SenderThread:608393 [sender.py:send():379] send: files
2025-05-13 21:10:44,517 INFO    SenderThread:608393 [sender.py:_save_file():1454] saving file wandb-metadata.json with policy now
2025-05-13 21:10:44,558 DEBUG   HandlerThread:608393 [handler.py:handle_request():158] handle_request: python_packages
2025-05-13 21:10:44,558 DEBUG   HandlerThread:608393 [handler.py:handle_request():158] handle_request: stop_status
2025-05-13 21:10:44,558 DEBUG   SenderThread:608393 [sender.py:send_request():406] send_request: python_packages
2025-05-13 21:10:44,558 DEBUG   HandlerThread:608393 [handler.py:handle_request():158] handle_request: internal_messages
2025-05-13 21:10:44,558 DEBUG   SenderThread:608393 [sender.py:send_request():406] send_request: stop_status
2025-05-13 21:10:44,691 INFO    Thread-12 :608393 [dir_watcher.py:_on_file_modified():288] file/dir modified: /home/levi/Desktop/MOORE-TDMPC/renew/logs/mw-reach/1/moore-tdmpc2-mt30/wandb/run-20250513_211039-ph5bgsnj/files/conda-environment.yaml
2025-05-13 21:10:44,691 INFO    Thread-12 :608393 [dir_watcher.py:_on_file_created():271] file/dir created: /home/levi/Desktop/MOORE-TDMPC/renew/logs/mw-reach/1/moore-tdmpc2-mt30/wandb/run-20250513_211039-ph5bgsnj/files/wandb-metadata.json
2025-05-13 21:10:44,691 INFO    Thread-12 :608393 [dir_watcher.py:_on_file_created():271] file/dir created: /home/levi/Desktop/MOORE-TDMPC/renew/logs/mw-reach/1/moore-tdmpc2-mt30/wandb/run-20250513_211039-ph5bgsnj/files/requirements.txt
2025-05-13 21:10:45,338 DEBUG   SenderThread:608393 [sender.py:send():379] send: telemetry
2025-05-13 21:10:45,338 DEBUG   HandlerThread:608393 [handler.py:handle_request():158] handle_request: status_report
2025-05-13 21:10:45,342 DEBUG   SenderThread:608393 [sender.py:send():379] send: exit
2025-05-13 21:10:45,342 INFO    SenderThread:608393 [sender.py:send_exit():586] handling exit code: 1
2025-05-13 21:10:45,342 INFO    SenderThread:608393 [sender.py:send_exit():588] handling runtime: 1
2025-05-13 21:10:45,345 INFO    SenderThread:608393 [sender.py:_save_file():1454] saving file wandb-summary.json with policy end
2025-05-13 21:10:45,346 INFO    SenderThread:608393 [sender.py:send_exit():594] send defer
2025-05-13 21:10:45,346 DEBUG   HandlerThread:608393 [handler.py:handle_request():158] handle_request: defer
2025-05-13 21:10:45,346 INFO    HandlerThread:608393 [handler.py:handle_request_defer():184] handle defer: 0
2025-05-13 21:10:45,347 DEBUG   SenderThread:608393 [sender.py:send_request():406] send_request: defer
2025-05-13 21:10:45,347 INFO    SenderThread:608393 [sender.py:send_request_defer():610] handle sender defer: 0
2025-05-13 21:10:45,347 INFO    SenderThread:608393 [sender.py:transition_state():614] send defer: 1
2025-05-13 21:10:45,347 DEBUG   HandlerThread:608393 [handler.py:handle_request():158] handle_request: defer
2025-05-13 21:10:45,347 INFO    HandlerThread:608393 [handler.py:handle_request_defer():184] handle defer: 1
2025-05-13 21:10:45,348 DEBUG   SenderThread:608393 [sender.py:send_request():406] send_request: defer
2025-05-13 21:10:45,348 INFO    SenderThread:608393 [sender.py:send_request_defer():610] handle sender defer: 1
2025-05-13 21:10:45,348 INFO    SenderThread:608393 [sender.py:transition_state():614] send defer: 2
2025-05-13 21:10:45,348 DEBUG   HandlerThread:608393 [handler.py:handle_request():158] handle_request: defer
2025-05-13 21:10:45,348 INFO    HandlerThread:608393 [handler.py:handle_request_defer():184] handle defer: 2
2025-05-13 21:10:45,348 INFO    HandlerThread:608393 [system_monitor.py:finish():203] Stopping system monitor
2025-05-13 21:10:45,349 INFO    HandlerThread:608393 [interfaces.py:finish():200] Joined cpu monitor
2025-05-13 21:10:45,349 DEBUG   SystemMonitor:608393 [system_monitor.py:_start():172] Starting system metrics aggregation loop
2025-05-13 21:10:45,349 DEBUG   SystemMonitor:608393 [system_monitor.py:_start():179] Finished system metrics aggregation loop
2025-05-13 21:10:45,349 DEBUG   SystemMonitor:608393 [system_monitor.py:_start():183] Publishing last batch of metrics
2025-05-13 21:10:45,351 INFO    HandlerThread:608393 [interfaces.py:finish():200] Joined disk monitor
2025-05-13 21:10:45,403 INFO    HandlerThread:608393 [interfaces.py:finish():200] Joined gpu monitor
2025-05-13 21:10:45,403 INFO    HandlerThread:608393 [interfaces.py:finish():200] Joined memory monitor
2025-05-13 21:10:45,403 INFO    HandlerThread:608393 [interfaces.py:finish():200] Joined network monitor
2025-05-13 21:10:45,403 DEBUG   SenderThread:608393 [sender.py:send_request():406] send_request: defer
2025-05-13 21:10:45,403 INFO    SenderThread:608393 [sender.py:send_request_defer():610] handle sender defer: 2
2025-05-13 21:10:45,403 INFO    SenderThread:608393 [sender.py:transition_state():614] send defer: 3
2025-05-13 21:10:45,403 DEBUG   SenderThread:608393 [sender.py:send():379] send: stats
2025-05-13 21:10:45,403 DEBUG   HandlerThread:608393 [handler.py:handle_request():158] handle_request: defer
2025-05-13 21:10:45,404 INFO    HandlerThread:608393 [handler.py:handle_request_defer():184] handle defer: 3
2025-05-13 21:10:45,404 DEBUG   SenderThread:608393 [sender.py:send_request():406] send_request: defer
2025-05-13 21:10:45,404 INFO    SenderThread:608393 [sender.py:send_request_defer():610] handle sender defer: 3
2025-05-13 21:10:45,404 INFO    SenderThread:608393 [sender.py:transition_state():614] send defer: 4
2025-05-13 21:10:45,404 DEBUG   HandlerThread:608393 [handler.py:handle_request():158] handle_request: defer
2025-05-13 21:10:45,404 INFO    HandlerThread:608393 [handler.py:handle_request_defer():184] handle defer: 4
2025-05-13 21:10:45,404 DEBUG   SenderThread:608393 [sender.py:send_request():406] send_request: defer
2025-05-13 21:10:45,404 INFO    SenderThread:608393 [sender.py:send_request_defer():610] handle sender defer: 4
2025-05-13 21:10:45,404 INFO    SenderThread:608393 [sender.py:transition_state():614] send defer: 5
2025-05-13 21:10:45,404 DEBUG   HandlerThread:608393 [handler.py:handle_request():158] handle_request: defer
2025-05-13 21:10:45,404 INFO    HandlerThread:608393 [handler.py:handle_request_defer():184] handle defer: 5
2025-05-13 21:10:45,404 DEBUG   SenderThread:608393 [sender.py:send():379] send: summary
2025-05-13 21:10:45,404 INFO    SenderThread:608393 [sender.py:_save_file():1454] saving file wandb-summary.json with policy end
2025-05-13 21:10:45,404 DEBUG   SenderThread:608393 [sender.py:send_request():406] send_request: defer
2025-05-13 21:10:45,404 INFO    SenderThread:608393 [sender.py:send_request_defer():610] handle sender defer: 5
2025-05-13 21:10:45,404 INFO    SenderThread:608393 [sender.py:transition_state():614] send defer: 6
2025-05-13 21:10:45,404 DEBUG   HandlerThread:608393 [handler.py:handle_request():158] handle_request: defer
2025-05-13 21:10:45,404 INFO    HandlerThread:608393 [handler.py:handle_request_defer():184] handle defer: 6
2025-05-13 21:10:45,404 DEBUG   SenderThread:608393 [sender.py:send_request():406] send_request: defer
2025-05-13 21:10:45,404 INFO    SenderThread:608393 [sender.py:send_request_defer():610] handle sender defer: 6
2025-05-13 21:10:45,406 DEBUG   HandlerThread:608393 [handler.py:handle_request():158] handle_request: status_report
2025-05-13 21:10:45,606 ERROR   wandb-upload_0:608393 [internal_api.py:upload_file():2887] upload_file exception https://storage.googleapis.com/wandb-production.appspot.com/OA-MBRL/moore-tdmpc2/ph5bgsnj/wandb-metadata.json?X-Goog-Algorithm=GOOG4-RSA-SHA256&X-Goog-Credential=gorilla-files-url-signer-man%40wandb-production.iam.gserviceaccount.com%2F20250513%2Fauto%2Fstorage%2Fgoog4_request&X-Goog-Date=20250513T131045Z&X-Goog-Expires=86399&X-Goog-Signature=807631ad76775a88b3ecf7716251f15898e08c3bf028da344e84ddfe7ca1de55aad2a0d12c3ac3ae035ad2b4b6df0b0b72683310a27680f6346dcdd7fcd276011cb8cac9a9b53b3d4796aea8445cb74e671ebf054dcf0e5ed98dd9b97d8359f778b4c8aa0d00dc21278d141f6614fc86d1814154231a6b0b876a1b1325888132c5d74b5dabdc1d3d3839b7ff65780b5d50d42bbe1884edd6e96da1b71840c7ad3a7fc6f19f14d7b4e8529f4f3e2eb35bd63e287f685b2f0b1ae99b4466de43f7adc1a8201ca63ee039b3dfe6944eba3198f69512d110792370670f22d655ca415a3f115c2b2c37f217a332daa07b965436936aff98584c21c61fec36325bb2f0&X-Goog-SignedHeaders=host&X-User=levi1024: HTTPSConnectionPool(host='storage.googleapis.com', port=443): Max retries exceeded with url: /wandb-production.appspot.com/OA-MBRL/moore-tdmpc2/ph5bgsnj/wandb-metadata.json?X-Goog-Algorithm=GOOG4-RSA-SHA256&X-Goog-Credential=gorilla-files-url-signer-man%40wandb-production.iam.gserviceaccount.com%2F20250513%2Fauto%2Fstorage%2Fgoog4_request&X-Goog-Date=20250513T131045Z&X-Goog-Expires=86399&X-Goog-Signature=807631ad76775a88b3ecf7716251f15898e08c3bf028da344e84ddfe7ca1de55aad2a0d12c3ac3ae035ad2b4b6df0b0b72683310a27680f6346dcdd7fcd276011cb8cac9a9b53b3d4796aea8445cb74e671ebf054dcf0e5ed98dd9b97d8359f778b4c8aa0d00dc21278d141f6614fc86d1814154231a6b0b876a1b1325888132c5d74b5dabdc1d3d3839b7ff65780b5d50d42bbe1884edd6e96da1b71840c7ad3a7fc6f19f14d7b4e8529f4f3e2eb35bd63e287f685b2f0b1ae99b4466de43f7adc1a8201ca63ee039b3dfe6944eba3198f69512d110792370670f22d655ca415a3f115c2b2c37f217a332daa07b965436936aff98584c21c61fec36325bb2f0&X-Goog-SignedHeaders=host&X-User=levi1024 (Caused by SSLError(SSLZeroReturnError(6, 'TLS/SSL connection has been closed (EOF) (_ssl.c:1147)')))
2025-05-13 21:10:45,607 ERROR   wandb-upload_0:608393 [internal_api.py:upload_file():2889] upload_file request headers: {'User-Agent': 'python-requests/2.32.3', 'Accept-Encoding': 'gzip, deflate, br, zstd', 'Accept': '*/*', 'Connection': 'keep-alive', 'Content-Length': '3849'}
2025-05-13 21:10:45,607 ERROR   wandb-upload_0:608393 [internal_api.py:upload_file():2891] upload_file response body: ''
2025-05-13 21:10:45,661 DEBUG   HandlerThread:608393 [handler.py:handle_request():158] handle_request: poll_exit
2025-05-13 21:10:45,691 INFO    Thread-12 :608393 [dir_watcher.py:_on_file_created():271] file/dir created: /home/levi/Desktop/MOORE-TDMPC/renew/logs/mw-reach/1/moore-tdmpc2-mt30/wandb/run-20250513_211039-ph5bgsnj/files/wandb-summary.json
2025-05-13 21:10:45,692 INFO    Thread-12 :608393 [dir_watcher.py:_on_file_created():271] file/dir created: /home/levi/Desktop/MOORE-TDMPC/renew/logs/mw-reach/1/moore-tdmpc2-mt30/wandb/run-20250513_211039-ph5bgsnj/files/output.log
2025-05-13 21:10:46,039 INFO    SenderThread:608393 [sender.py:transition_state():614] send defer: 7
2025-05-13 21:10:46,040 DEBUG   SenderThread:608393 [sender.py:send_request():406] send_request: poll_exit
2025-05-13 21:10:46,040 DEBUG   HandlerThread:608393 [handler.py:handle_request():158] handle_request: defer
2025-05-13 21:10:46,040 INFO    HandlerThread:608393 [handler.py:handle_request_defer():184] handle defer: 7
2025-05-13 21:10:46,040 DEBUG   SenderThread:608393 [sender.py:send_request():406] send_request: defer
2025-05-13 21:10:46,040 INFO    SenderThread:608393 [sender.py:send_request_defer():610] handle sender defer: 7
2025-05-13 21:10:46,663 DEBUG   HandlerThread:608393 [handler.py:handle_request():158] handle_request: poll_exit
2025-05-13 21:10:46,692 INFO    Thread-12 :608393 [dir_watcher.py:_on_file_modified():288] file/dir modified: /home/levi/Desktop/MOORE-TDMPC/renew/logs/mw-reach/1/moore-tdmpc2-mt30/wandb/run-20250513_211039-ph5bgsnj/files/config.yaml
2025-05-13 21:10:47,098 ERROR   wandb-upload_0:608393 [internal_api.py:upload_file():2887] upload_file exception https://storage.googleapis.com/wandb-production.appspot.com/OA-MBRL/moore-tdmpc2/ph5bgsnj/wandb-metadata.json?X-Goog-Algorithm=GOOG4-RSA-SHA256&X-Goog-Credential=gorilla-files-url-signer-man%40wandb-production.iam.gserviceaccount.com%2F20250513%2Fauto%2Fstorage%2Fgoog4_request&X-Goog-Date=20250513T131045Z&X-Goog-Expires=86399&X-Goog-Signature=807631ad76775a88b3ecf7716251f15898e08c3bf028da344e84ddfe7ca1de55aad2a0d12c3ac3ae035ad2b4b6df0b0b72683310a27680f6346dcdd7fcd276011cb8cac9a9b53b3d4796aea8445cb74e671ebf054dcf0e5ed98dd9b97d8359f778b4c8aa0d00dc21278d141f6614fc86d1814154231a6b0b876a1b1325888132c5d74b5dabdc1d3d3839b7ff65780b5d50d42bbe1884edd6e96da1b71840c7ad3a7fc6f19f14d7b4e8529f4f3e2eb35bd63e287f685b2f0b1ae99b4466de43f7adc1a8201ca63ee039b3dfe6944eba3198f69512d110792370670f22d655ca415a3f115c2b2c37f217a332daa07b965436936aff98584c21c61fec36325bb2f0&X-Goog-SignedHeaders=host&X-User=levi1024: HTTPSConnectionPool(host='storage.googleapis.com', port=443): Max retries exceeded with url: /wandb-production.appspot.com/OA-MBRL/moore-tdmpc2/ph5bgsnj/wandb-metadata.json?X-Goog-Algorithm=GOOG4-RSA-SHA256&X-Goog-Credential=gorilla-files-url-signer-man%40wandb-production.iam.gserviceaccount.com%2F20250513%2Fauto%2Fstorage%2Fgoog4_request&X-Goog-Date=20250513T131045Z&X-Goog-Expires=86399&X-Goog-Signature=807631ad76775a88b3ecf7716251f15898e08c3bf028da344e84ddfe7ca1de55aad2a0d12c3ac3ae035ad2b4b6df0b0b72683310a27680f6346dcdd7fcd276011cb8cac9a9b53b3d4796aea8445cb74e671ebf054dcf0e5ed98dd9b97d8359f778b4c8aa0d00dc21278d141f6614fc86d1814154231a6b0b876a1b1325888132c5d74b5dabdc1d3d3839b7ff65780b5d50d42bbe1884edd6e96da1b71840c7ad3a7fc6f19f14d7b4e8529f4f3e2eb35bd63e287f685b2f0b1ae99b4466de43f7adc1a8201ca63ee039b3dfe6944eba3198f69512d110792370670f22d655ca415a3f115c2b2c37f217a332daa07b965436936aff98584c21c61fec36325bb2f0&X-Goog-SignedHeaders=host&X-User=levi1024 (Caused by SSLError(SSLZeroReturnError(6, 'TLS/SSL connection has been closed (EOF) (_ssl.c:1147)')))
2025-05-13 21:10:47,098 ERROR   wandb-upload_0:608393 [internal_api.py:upload_file():2889] upload_file request headers: {'User-Agent': 'python-requests/2.32.3', 'Accept-Encoding': 'gzip, deflate, br, zstd', 'Accept': '*/*', 'Connection': 'keep-alive', 'Content-Length': '3849'}
2025-05-13 21:10:47,098 ERROR   wandb-upload_0:608393 [internal_api.py:upload_file():2891] upload_file response body: ''
2025-05-13 21:10:47,692 INFO    Thread-12 :608393 [dir_watcher.py:_on_file_modified():288] file/dir modified: /home/levi/Desktop/MOORE-TDMPC/renew/logs/mw-reach/1/moore-tdmpc2-mt30/wandb/run-20250513_211039-ph5bgsnj/files/output.log
2025-05-13 21:10:49,357 INFO    SenderThread:608393 [sender.py:transition_state():614] send defer: 8
2025-05-13 21:10:49,358 DEBUG   SenderThread:608393 [sender.py:send_request():406] send_request: poll_exit
2025-05-13 21:10:49,358 DEBUG   HandlerThread:608393 [handler.py:handle_request():158] handle_request: defer
2025-05-13 21:10:49,358 INFO    HandlerThread:608393 [handler.py:handle_request_defer():184] handle defer: 8
2025-05-13 21:10:49,359 DEBUG   SenderThread:608393 [sender.py:send_request():406] send_request: defer
2025-05-13 21:10:49,359 INFO    SenderThread:608393 [sender.py:send_request_defer():610] handle sender defer: 8
2025-05-13 21:10:49,360 INFO    SenderThread:608393 [job_builder.py:build():440] Attempting to build job artifact
2025-05-13 21:10:49,361 INFO    SenderThread:608393 [job_builder.py:_get_source_type():569] is repo sourced job
2025-05-13 21:10:49,393 INFO    SenderThread:608393 [job_builder.py:build():545] adding wandb-job metadata file
2025-05-13 21:10:49,412 INFO    SenderThread:608393 [sender.py:transition_state():614] send defer: 9
2025-05-13 21:10:49,413 DEBUG   HandlerThread:608393 [handler.py:handle_request():158] handle_request: defer
2025-05-13 21:10:49,413 DEBUG   SenderThread:608393 [sender.py:send():379] send: artifact
2025-05-13 21:10:49,413 INFO    HandlerThread:608393 [handler.py:handle_request_defer():184] handle defer: 9
2025-05-13 21:10:49,665 DEBUG   HandlerThread:608393 [handler.py:handle_request():158] handle_request: poll_exit
2025-05-13 21:10:49,693 INFO    Thread-12 :608393 [dir_watcher.py:_on_file_modified():288] file/dir modified: /home/levi/Desktop/MOORE-TDMPC/renew/logs/mw-reach/1/moore-tdmpc2-mt30/wandb/run-20250513_211039-ph5bgsnj/files/output.log
2025-05-13 21:10:49,758 ERROR   wandb-upload_0:608393 [internal_api.py:upload_file():2887] upload_file exception https://storage.googleapis.com/wandb-production.appspot.com/OA-MBRL/moore-tdmpc2/ph5bgsnj/wandb-metadata.json?X-Goog-Algorithm=GOOG4-RSA-SHA256&X-Goog-Credential=gorilla-files-url-signer-man%40wandb-production.iam.gserviceaccount.com%2F20250513%2Fauto%2Fstorage%2Fgoog4_request&X-Goog-Date=20250513T131045Z&X-Goog-Expires=86399&X-Goog-Signature=807631ad76775a88b3ecf7716251f15898e08c3bf028da344e84ddfe7ca1de55aad2a0d12c3ac3ae035ad2b4b6df0b0b72683310a27680f6346dcdd7fcd276011cb8cac9a9b53b3d4796aea8445cb74e671ebf054dcf0e5ed98dd9b97d8359f778b4c8aa0d00dc21278d141f6614fc86d1814154231a6b0b876a1b1325888132c5d74b5dabdc1d3d3839b7ff65780b5d50d42bbe1884edd6e96da1b71840c7ad3a7fc6f19f14d7b4e8529f4f3e2eb35bd63e287f685b2f0b1ae99b4466de43f7adc1a8201ca63ee039b3dfe6944eba3198f69512d110792370670f22d655ca415a3f115c2b2c37f217a332daa07b965436936aff98584c21c61fec36325bb2f0&X-Goog-SignedHeaders=host&X-User=levi1024: HTTPSConnectionPool(host='storage.googleapis.com', port=443): Max retries exceeded with url: /wandb-production.appspot.com/OA-MBRL/moore-tdmpc2/ph5bgsnj/wandb-metadata.json?X-Goog-Algorithm=GOOG4-RSA-SHA256&X-Goog-Credential=gorilla-files-url-signer-man%40wandb-production.iam.gserviceaccount.com%2F20250513%2Fauto%2Fstorage%2Fgoog4_request&X-Goog-Date=20250513T131045Z&X-Goog-Expires=86399&X-Goog-Signature=807631ad76775a88b3ecf7716251f15898e08c3bf028da344e84ddfe7ca1de55aad2a0d12c3ac3ae035ad2b4b6df0b0b72683310a27680f6346dcdd7fcd276011cb8cac9a9b53b3d4796aea8445cb74e671ebf054dcf0e5ed98dd9b97d8359f778b4c8aa0d00dc21278d141f6614fc86d1814154231a6b0b876a1b1325888132c5d74b5dabdc1d3d3839b7ff65780b5d50d42bbe1884edd6e96da1b71840c7ad3a7fc6f19f14d7b4e8529f4f3e2eb35bd63e287f685b2f0b1ae99b4466de43f7adc1a8201ca63ee039b3dfe6944eba3198f69512d110792370670f22d655ca415a3f115c2b2c37f217a332daa07b965436936aff98584c21c61fec36325bb2f0&X-Goog-SignedHeaders=host&X-User=levi1024 (Caused by SSLError(SSLZeroReturnError(6, 'TLS/SSL connection has been closed (EOF) (_ssl.c:1147)')))
2025-05-13 21:10:49,758 ERROR   wandb-upload_0:608393 [internal_api.py:upload_file():2889] upload_file request headers: {'User-Agent': 'python-requests/2.32.3', 'Accept-Encoding': 'gzip, deflate, br, zstd', 'Accept': '*/*', 'Connection': 'keep-alive', 'Content-Length': '3849'}
2025-05-13 21:10:49,758 ERROR   wandb-upload_0:608393 [internal_api.py:upload_file():2891] upload_file response body: ''
2025-05-13 21:10:49,758 INFO    wandb-upload_0:608393 [retry.py:__call__():172] Retry attempt failed:
urllib3.exceptions.SSLError: TLS/SSL connection has been closed (EOF) (_ssl.c:1147)

The above exception was the direct cause of the following exception:

Traceback (most recent call last):
  File "/home/levi/anaconda3/envs/tdmpc2/lib/python3.9/site-packages/requests/adapters.py", line 667, in send
    resp = conn.urlopen(
  File "/home/levi/anaconda3/envs/tdmpc2/lib/python3.9/site-packages/urllib3/connectionpool.py", line 841, in urlopen
    retries = retries.increment(
  File "/home/levi/anaconda3/envs/tdmpc2/lib/python3.9/site-packages/urllib3/util/retry.py", line 519, in increment
    raise MaxRetryError(_pool, url, reason) from reason  # type: ignore[arg-type]
urllib3.exceptions.MaxRetryError: HTTPSConnectionPool(host='storage.googleapis.com', port=443): Max retries exceeded with url: /wandb-production.appspot.com/OA-MBRL/moore-tdmpc2/ph5bgsnj/wandb-metadata.json?X-Goog-Algorithm=GOOG4-RSA-SHA256&X-Goog-Credential=gorilla-files-url-signer-man%40wandb-production.iam.gserviceaccount.com%2F20250513%2Fauto%2Fstorage%2Fgoog4_request&X-Goog-Date=20250513T131045Z&X-Goog-Expires=86399&X-Goog-Signature=807631ad76775a88b3ecf7716251f15898e08c3bf028da344e84ddfe7ca1de55aad2a0d12c3ac3ae035ad2b4b6df0b0b72683310a27680f6346dcdd7fcd276011cb8cac9a9b53b3d4796aea8445cb74e671ebf054dcf0e5ed98dd9b97d8359f778b4c8aa0d00dc21278d141f6614fc86d1814154231a6b0b876a1b1325888132c5d74b5dabdc1d3d3839b7ff65780b5d50d42bbe1884edd6e96da1b71840c7ad3a7fc6f19f14d7b4e8529f4f3e2eb35bd63e287f685b2f0b1ae99b4466de43f7adc1a8201ca63ee039b3dfe6944eba3198f69512d110792370670f22d655ca415a3f115c2b2c37f217a332daa07b965436936aff98584c21c61fec36325bb2f0&X-Goog-SignedHeaders=host&X-User=levi1024 (Caused by SSLError(SSLZeroReturnError(6, 'TLS/SSL connection has been closed (EOF) (_ssl.c:1147)')))

During handling of the above exception, another exception occurred:

Traceback (most recent call last):
  File "/home/levi/anaconda3/envs/tdmpc2/lib/python3.9/site-packages/wandb/sdk/internal/internal_api.py", line 2880, in upload_file
    response = self._upload_file_session.put(
  File "/home/levi/anaconda3/envs/tdmpc2/lib/python3.9/site-packages/requests/sessions.py", line 649, in put
    return self.request("PUT", url, data=data, **kwargs)
  File "/home/levi/anaconda3/envs/tdmpc2/lib/python3.9/site-packages/requests/sessions.py", line 589, in request
    resp = self.send(prep, **send_kwargs)
  File "/home/levi/anaconda3/envs/tdmpc2/lib/python3.9/site-packages/requests/sessions.py", line 703, in send
    r = adapter.send(request, **kwargs)
  File "/home/levi/anaconda3/envs/tdmpc2/lib/python3.9/site-packages/requests/adapters.py", line 698, in send
    raise SSLError(e, request=request)
requests.exceptions.SSLError: HTTPSConnectionPool(host='storage.googleapis.com', port=443): Max retries exceeded with url: /wandb-production.appspot.com/OA-MBRL/moore-tdmpc2/ph5bgsnj/wandb-metadata.json?X-Goog-Algorithm=GOOG4-RSA-SHA256&X-Goog-Credential=gorilla-files-url-signer-man%40wandb-production.iam.gserviceaccount.com%2F20250513%2Fauto%2Fstorage%2Fgoog4_request&X-Goog-Date=20250513T131045Z&X-Goog-Expires=86399&X-Goog-Signature=807631ad76775a88b3ecf7716251f15898e08c3bf028da344e84ddfe7ca1de55aad2a0d12c3ac3ae035ad2b4b6df0b0b72683310a27680f6346dcdd7fcd276011cb8cac9a9b53b3d4796aea8445cb74e671ebf054dcf0e5ed98dd9b97d8359f778b4c8aa0d00dc21278d141f6614fc86d1814154231a6b0b876a1b1325888132c5d74b5dabdc1d3d3839b7ff65780b5d50d42bbe1884edd6e96da1b71840c7ad3a7fc6f19f14d7b4e8529f4f3e2eb35bd63e287f685b2f0b1ae99b4466de43f7adc1a8201ca63ee039b3dfe6944eba3198f69512d110792370670f22d655ca415a3f115c2b2c37f217a332daa07b965436936aff98584c21c61fec36325bb2f0&X-Goog-SignedHeaders=host&X-User=levi1024 (Caused by SSLError(SSLZeroReturnError(6, 'TLS/SSL connection has been closed (EOF) (_ssl.c:1147)')))

During handling of the above exception, another exception occurred:

Traceback (most recent call last):
  File "/home/levi/anaconda3/envs/tdmpc2/lib/python3.9/site-packages/wandb/sdk/lib/retry.py", line 131, in __call__
    result = self._call_fn(*args, **kwargs)
  File "/home/levi/anaconda3/envs/tdmpc2/lib/python3.9/site-packages/wandb/sdk/internal/internal_api.py", line 2911, in upload_file
    raise _e.with_traceback(sys.exc_info()[2])
  File "/home/levi/anaconda3/envs/tdmpc2/lib/python3.9/site-packages/wandb/sdk/internal/internal_api.py", line 2880, in upload_file
    response = self._upload_file_session.put(
  File "/home/levi/anaconda3/envs/tdmpc2/lib/python3.9/site-packages/requests/sessions.py", line 649, in put
    return self.request("PUT", url, data=data, **kwargs)
  File "/home/levi/anaconda3/envs/tdmpc2/lib/python3.9/site-packages/requests/sessions.py", line 589, in request
    resp = self.send(prep, **send_kwargs)
  File "/home/levi/anaconda3/envs/tdmpc2/lib/python3.9/site-packages/requests/sessions.py", line 703, in send
    r = adapter.send(request, **kwargs)
  File "/home/levi/anaconda3/envs/tdmpc2/lib/python3.9/site-packages/requests/adapters.py", line 698, in send
    raise SSLError(e, request=request)
wandb.sdk.lib.retry.TransientError: None
2025-05-13 21:10:52,115 INFO    SenderThread:608393 [sender.py:send_artifact():1530] sent artifact job-https___github.com_glue25_Multi-Task-MBRL_renew_train_with_cprofile.py - {'id': 'QXJ0aWZhY3Q6MTcyOTAyODczMQ==', 'state': 'COMMITTED', 'artifactSequence': {'id': 'QXJ0aWZhY3RDb2xsZWN0aW9uOjYzMjgwODY0OQ==', 'latestArtifact': {'id': 'QXJ0aWZhY3Q6MTczMTQ5MTg3Mg==', 'versionIndex': 28}}}
2025-05-13 21:10:52,115 DEBUG   SenderThread:608393 [sender.py:send_request():406] send_request: defer
2025-05-13 21:10:52,115 INFO    SenderThread:608393 [sender.py:send_request_defer():610] handle sender defer: 9
2025-05-13 21:10:52,115 INFO    SenderThread:608393 [dir_watcher.py:finish():358] shutting down directory watcher
2025-05-13 21:10:52,115 DEBUG   HandlerThread:608393 [handler.py:handle_request():158] handle_request: status_report
2025-05-13 21:10:52,694 INFO    SenderThread:608393 [dir_watcher.py:finish():388] scan: /home/levi/Desktop/MOORE-TDMPC/renew/logs/mw-reach/1/moore-tdmpc2-mt30/wandb/run-20250513_211039-ph5bgsnj/files
2025-05-13 21:10:52,695 INFO    SenderThread:608393 [dir_watcher.py:finish():402] scan save: /home/levi/Desktop/MOORE-TDMPC/renew/logs/mw-reach/1/moore-tdmpc2-mt30/wandb/run-20250513_211039-ph5bgsnj/files/conda-environment.yaml conda-environment.yaml
2025-05-13 21:10:52,695 INFO    SenderThread:608393 [dir_watcher.py:finish():402] scan save: /home/levi/Desktop/MOORE-TDMPC/renew/logs/mw-reach/1/moore-tdmpc2-mt30/wandb/run-20250513_211039-ph5bgsnj/files/wandb-summary.json wandb-summary.json
2025-05-13 21:10:52,695 INFO    SenderThread:608393 [dir_watcher.py:finish():402] scan save: /home/levi/Desktop/MOORE-TDMPC/renew/logs/mw-reach/1/moore-tdmpc2-mt30/wandb/run-20250513_211039-ph5bgsnj/files/output.log output.log
2025-05-13 21:10:52,696 INFO    SenderThread:608393 [dir_watcher.py:finish():402] scan save: /home/levi/Desktop/MOORE-TDMPC/renew/logs/mw-reach/1/moore-tdmpc2-mt30/wandb/run-20250513_211039-ph5bgsnj/files/config.yaml config.yaml
2025-05-13 21:10:52,696 INFO    SenderThread:608393 [dir_watcher.py:finish():402] scan save: /home/levi/Desktop/MOORE-TDMPC/renew/logs/mw-reach/1/moore-tdmpc2-mt30/wandb/run-20250513_211039-ph5bgsnj/files/wandb-metadata.json wandb-metadata.json
2025-05-13 21:10:52,696 INFO    SenderThread:608393 [dir_watcher.py:finish():402] scan save: /home/levi/Desktop/MOORE-TDMPC/renew/logs/mw-reach/1/moore-tdmpc2-mt30/wandb/run-20250513_211039-ph5bgsnj/files/requirements.txt requirements.txt
2025-05-13 21:10:52,701 INFO    SenderThread:608393 [sender.py:transition_state():614] send defer: 10
2025-05-13 21:10:52,705 DEBUG   SenderThread:608393 [sender.py:send_request():406] send_request: poll_exit
2025-05-13 21:10:52,719 DEBUG   HandlerThread:608393 [handler.py:handle_request():158] handle_request: defer
2025-05-13 21:10:52,719 INFO    HandlerThread:608393 [handler.py:handle_request_defer():184] handle defer: 10
2025-05-13 21:10:52,721 DEBUG   SenderThread:608393 [sender.py:send_request():406] send_request: defer
2025-05-13 21:10:52,721 INFO    SenderThread:608393 [sender.py:send_request_defer():610] handle sender defer: 10
2025-05-13 21:10:52,722 INFO    SenderThread:608393 [file_pusher.py:finish():169] shutting down file pusher
2025-05-13 21:10:53,407 ERROR   wandb-upload_1:608393 [internal_api.py:upload_file():2887] upload_file exception https://storage.googleapis.com/wandb-production.appspot.com/OA-MBRL/moore-tdmpc2/ph5bgsnj/conda-environment.yaml?X-Goog-Algorithm=GOOG4-RSA-SHA256&X-Goog-Credential=gorilla-files-url-signer-man%40wandb-production.iam.gserviceaccount.com%2F20250513%2Fauto%2Fstorage%2Fgoog4_request&X-Goog-Date=20250513T131052Z&X-Goog-Expires=86399&X-Goog-Signature=75b30f5bd67b731b9282a41688a6fe974cfc5f9d0a89e4e7e37c63842ced43aeda23bf91a61e2f910745ae7ebfa0ca9adac0589e2b7a376460bf4246b40440169c85188674374d8373998abf173c35e8fb55d153e1c854db5b2d8f79fc451e6288945447de973e3f1d42c5ef565c5931364051d5837eb489e735fed62e1651f5efb02eeaf80c68c5014badd68cf98d13570aa45ed9c5d5ddae17c12691ede5dcf27076d3cd5dfbc8744127acafb9e2c4ed25fcefaa8c3294bfdb8974b7a3eb9891663ca496f0ccc8ee5061b21db189aed60e5fc1afe2b27dd8014920fda63ae9a0d8cc138f440197ba53c04006c5bb185866cef8bfa7027c9186e184f19d93db&X-Goog-SignedHeaders=host&X-User=levi1024: HTTPSConnectionPool(host='storage.googleapis.com', port=443): Max retries exceeded with url: /wandb-production.appspot.com/OA-MBRL/moore-tdmpc2/ph5bgsnj/conda-environment.yaml?X-Goog-Algorithm=GOOG4-RSA-SHA256&X-Goog-Credential=gorilla-files-url-signer-man%40wandb-production.iam.gserviceaccount.com%2F20250513%2Fauto%2Fstorage%2Fgoog4_request&X-Goog-Date=20250513T131052Z&X-Goog-Expires=86399&X-Goog-Signature=75b30f5bd67b731b9282a41688a6fe974cfc5f9d0a89e4e7e37c63842ced43aeda23bf91a61e2f910745ae7ebfa0ca9adac0589e2b7a376460bf4246b40440169c85188674374d8373998abf173c35e8fb55d153e1c854db5b2d8f79fc451e6288945447de973e3f1d42c5ef565c5931364051d5837eb489e735fed62e1651f5efb02eeaf80c68c5014badd68cf98d13570aa45ed9c5d5ddae17c12691ede5dcf27076d3cd5dfbc8744127acafb9e2c4ed25fcefaa8c3294bfdb8974b7a3eb9891663ca496f0ccc8ee5061b21db189aed60e5fc1afe2b27dd8014920fda63ae9a0d8cc138f440197ba53c04006c5bb185866cef8bfa7027c9186e184f19d93db&X-Goog-SignedHeaders=host&X-User=levi1024 (Caused by SSLError(SSLZeroReturnError(6, 'TLS/SSL connection has been closed (EOF) (_ssl.c:1147)')))
2025-05-13 21:10:53,407 ERROR   wandb-upload_1:608393 [internal_api.py:upload_file():2889] upload_file request headers: {'User-Agent': 'python-requests/2.32.3', 'Accept-Encoding': 'gzip, deflate, br, zstd', 'Accept': '*/*', 'Connection': 'keep-alive', 'Content-Length': '6271'}
2025-05-13 21:10:53,407 ERROR   wandb-upload_1:608393 [internal_api.py:upload_file():2891] upload_file response body: ''
2025-05-13 21:10:53,435 ERROR   wandb-upload_2:608393 [internal_api.py:upload_file():2887] upload_file exception https://storage.googleapis.com/wandb-production.appspot.com/OA-MBRL/moore-tdmpc2/ph5bgsnj/wandb-summary.json?X-Goog-Algorithm=GOOG4-RSA-SHA256&X-Goog-Credential=gorilla-files-url-signer-man%40wandb-production.iam.gserviceaccount.com%2F20250513%2Fauto%2Fstorage%2Fgoog4_request&X-Goog-Date=20250513T131052Z&X-Goog-Expires=86399&X-Goog-Signature=2612164a434006919d98612b7ce6f5a25f6c4f7324ba345e91ab550b0b798f9986a9aa9b9598cb533bb6a25f0bacd97e6b7f321c804290dc60f93ccaf89abc41f7f3ef2350f0ad6df3860e21e804bed5856d5dd8edf7a90b7b1e780e2b8c0b0e714d34e9b848fdbe694e7a802fd31177cb2c1c8c84d3ae796464cb7d224dffb21c05b90fce5bb23af56df98a8de808bc58098a087efdfba61bec4cd29d3349416c4b9848a9518872a03b0c9c9ed54a86cde7a0062fe41f661e0455cdb9db8e074534eb753b210336419eac849585014c0c283b7fc9f0fb0e56cdd6051376971c3eb56cb9ecbe19ea5824a6b39da2623a7811d5345f27a0c5ff3340cecb2412b6&X-Goog-SignedHeaders=host&X-User=levi1024: HTTPSConnectionPool(host='storage.googleapis.com', port=443): Max retries exceeded with url: /wandb-production.appspot.com/OA-MBRL/moore-tdmpc2/ph5bgsnj/wandb-summary.json?X-Goog-Algorithm=GOOG4-RSA-SHA256&X-Goog-Credential=gorilla-files-url-signer-man%40wandb-production.iam.gserviceaccount.com%2F20250513%2Fauto%2Fstorage%2Fgoog4_request&X-Goog-Date=20250513T131052Z&X-Goog-Expires=86399&X-Goog-Signature=2612164a434006919d98612b7ce6f5a25f6c4f7324ba345e91ab550b0b798f9986a9aa9b9598cb533bb6a25f0bacd97e6b7f321c804290dc60f93ccaf89abc41f7f3ef2350f0ad6df3860e21e804bed5856d5dd8edf7a90b7b1e780e2b8c0b0e714d34e9b848fdbe694e7a802fd31177cb2c1c8c84d3ae796464cb7d224dffb21c05b90fce5bb23af56df98a8de808bc58098a087efdfba61bec4cd29d3349416c4b9848a9518872a03b0c9c9ed54a86cde7a0062fe41f661e0455cdb9db8e074534eb753b210336419eac849585014c0c283b7fc9f0fb0e56cdd6051376971c3eb56cb9ecbe19ea5824a6b39da2623a7811d5345f27a0c5ff3340cecb2412b6&X-Goog-SignedHeaders=host&X-User=levi1024 (Caused by SSLError(SSLZeroReturnError(6, 'TLS/SSL connection has been closed (EOF) (_ssl.c:1147)')))
2025-05-13 21:10:53,435 ERROR   wandb-upload_2:608393 [internal_api.py:upload_file():2889] upload_file request headers: {'User-Agent': 'python-requests/2.32.3', 'Accept-Encoding': 'gzip, deflate, br, zstd', 'Accept': '*/*', 'Connection': 'keep-alive', 'Content-Length': '26'}
2025-05-13 21:10:53,435 ERROR   wandb-upload_2:608393 [internal_api.py:upload_file():2891] upload_file response body: ''
2025-05-13 21:10:53,668 DEBUG   HandlerThread:608393 [handler.py:handle_request():158] handle_request: poll_exit
2025-05-13 21:10:53,669 DEBUG   SenderThread:608393 [sender.py:send_request():406] send_request: poll_exit
2025-05-13 21:10:53,925 ERROR   wandb-upload_5:608393 [internal_api.py:upload_file():2887] upload_file exception https://storage.googleapis.com/wandb-production.appspot.com/OA-MBRL/moore-tdmpc2/ph5bgsnj/requirements.txt?X-Goog-Algorithm=GOOG4-RSA-SHA256&X-Goog-Credential=gorilla-files-url-signer-man%40wandb-production.iam.gserviceaccount.com%2F20250513%2Fauto%2Fstorage%2Fgoog4_request&X-Goog-Date=20250513T131053Z&X-Goog-Expires=86399&X-Goog-Signature=75154dbc73ca88b7d920096e6ccd8a73fcf9ef29fef3d3a7b6ed7a0dfb40ecef0e8c99ae0f119bc2e1b0bfa85dcbe8b4537e984ddd3c57385444d4c48fab60b564a2e38c8681083ed91e78ec55b1077ab74f8c24752c359eaa6e72e78d4213120965e7f177432e7f23afe612c7eb54b8871d76c966c0052e33a3de98607843d36eb7961908890f604fa53804d71e94e48c4109b33787aa7e1345bfd7b367fdb13d8018acad813f5fef18973172257a6a38f9d45df62ffafa9004f36b1970bfdc48a8565aa4033e5d37a14de2d0a9508bd1147381c042f24353cbabc04a42117525f12503433ebb81970af50fe365f2c823119aa5efa0e804e44b880ae2692fef&X-Goog-SignedHeaders=host&X-User=levi1024: HTTPSConnectionPool(host='storage.googleapis.com', port=443): Max retries exceeded with url: /wandb-production.appspot.com/OA-MBRL/moore-tdmpc2/ph5bgsnj/requirements.txt?X-Goog-Algorithm=GOOG4-RSA-SHA256&X-Goog-Credential=gorilla-files-url-signer-man%40wandb-production.iam.gserviceaccount.com%2F20250513%2Fauto%2Fstorage%2Fgoog4_request&X-Goog-Date=20250513T131053Z&X-Goog-Expires=86399&X-Goog-Signature=75154dbc73ca88b7d920096e6ccd8a73fcf9ef29fef3d3a7b6ed7a0dfb40ecef0e8c99ae0f119bc2e1b0bfa85dcbe8b4537e984ddd3c57385444d4c48fab60b564a2e38c8681083ed91e78ec55b1077ab74f8c24752c359eaa6e72e78d4213120965e7f177432e7f23afe612c7eb54b8871d76c966c0052e33a3de98607843d36eb7961908890f604fa53804d71e94e48c4109b33787aa7e1345bfd7b367fdb13d8018acad813f5fef18973172257a6a38f9d45df62ffafa9004f36b1970bfdc48a8565aa4033e5d37a14de2d0a9508bd1147381c042f24353cbabc04a42117525f12503433ebb81970af50fe365f2c823119aa5efa0e804e44b880ae2692fef&X-Goog-SignedHeaders=host&X-User=levi1024 (Caused by SSLError(SSLZeroReturnError(6, 'TLS/SSL connection has been closed (EOF) (_ssl.c:1147)')))
2025-05-13 21:10:53,925 ERROR   wandb-upload_5:608393 [internal_api.py:upload_file():2889] upload_file request headers: {'User-Agent': 'python-requests/2.32.3', 'Accept-Encoding': 'gzip, deflate, br, zstd', 'Accept': '*/*', 'Connection': 'keep-alive', 'Content-Length': '2486'}
2025-05-13 21:10:53,925 ERROR   wandb-upload_5:608393 [internal_api.py:upload_file():2891] upload_file response body: ''
2025-05-13 21:10:53,955 ERROR   wandb-upload_4:608393 [internal_api.py:upload_file():2887] upload_file exception https://storage.googleapis.com/wandb-production.appspot.com/OA-MBRL/moore-tdmpc2/ph5bgsnj/config.yaml?X-Goog-Algorithm=GOOG4-RSA-SHA256&X-Goog-Credential=gorilla-files-url-signer-man%40wandb-production.iam.gserviceaccount.com%2F20250513%2Fauto%2Fstorage%2Fgoog4_request&X-Goog-Date=20250513T131053Z&X-Goog-Expires=86399&X-Goog-Signature=97c83f0e44dc72f91302f299f792b5c1b1064c42d9dd10b87fa0f9d362140b831a161ce6aaf32f4dee8c49f2b284e67cf95865c41b3a9640ed50fe00fefa52de8b57b7d07c9c467fc16062ffd6ebdebf1e9f4d55ea73ec68f6b6904d4aebfbcdcfe197a181beca4b9703f1397b08c42b649fb61d5c782eceb06197aa3be563098aef6be25c2dee14e4efa27f98042bffc0f98fabb9578e814bdf67822b0f9a4a75f1dc0cb2507e819269abc432993f3153f405b91a56fa38e7015f84f6453b5e4c153acac893368ef6e0adec2f9886bc32ed1f5fb8404a6384df36626ebebcbcdfef90c9a04cd269c9cfb5dd51ac1aa402b5051b86e4be49711f5cfb5d7a5bda&X-Goog-SignedHeaders=host&X-User=levi1024: HTTPSConnectionPool(host='storage.googleapis.com', port=443): Max retries exceeded with url: /wandb-production.appspot.com/OA-MBRL/moore-tdmpc2/ph5bgsnj/config.yaml?X-Goog-Algorithm=GOOG4-RSA-SHA256&X-Goog-Credential=gorilla-files-url-signer-man%40wandb-production.iam.gserviceaccount.com%2F20250513%2Fauto%2Fstorage%2Fgoog4_request&X-Goog-Date=20250513T131053Z&X-Goog-Expires=86399&X-Goog-Signature=97c83f0e44dc72f91302f299f792b5c1b1064c42d9dd10b87fa0f9d362140b831a161ce6aaf32f4dee8c49f2b284e67cf95865c41b3a9640ed50fe00fefa52de8b57b7d07c9c467fc16062ffd6ebdebf1e9f4d55ea73ec68f6b6904d4aebfbcdcfe197a181beca4b9703f1397b08c42b649fb61d5c782eceb06197aa3be563098aef6be25c2dee14e4efa27f98042bffc0f98fabb9578e814bdf67822b0f9a4a75f1dc0cb2507e819269abc432993f3153f405b91a56fa38e7015f84f6453b5e4c153acac893368ef6e0adec2f9886bc32ed1f5fb8404a6384df36626ebebcbcdfef90c9a04cd269c9cfb5dd51ac1aa402b5051b86e4be49711f5cfb5d7a5bda&X-Goog-SignedHeaders=host&X-User=levi1024 (Caused by SSLError(SSLZeroReturnError(6, 'TLS/SSL connection has been closed (EOF) (_ssl.c:1147)')))
2025-05-13 21:10:53,955 ERROR   wandb-upload_4:608393 [internal_api.py:upload_file():2889] upload_file request headers: {'User-Agent': 'python-requests/2.32.3', 'Accept-Encoding': 'gzip, deflate, br, zstd', 'Accept': '*/*', 'Connection': 'keep-alive', 'Content-Length': '3753'}
2025-05-13 21:10:53,955 ERROR   wandb-upload_4:608393 [internal_api.py:upload_file():2891] upload_file response body: ''
2025-05-13 21:10:53,980 ERROR   wandb-upload_3:608393 [internal_api.py:upload_file():2887] upload_file exception https://storage.googleapis.com/wandb-production.appspot.com/OA-MBRL/moore-tdmpc2/ph5bgsnj/output.log?X-Goog-Algorithm=GOOG4-RSA-SHA256&X-Goog-Credential=gorilla-files-url-signer-man%40wandb-production.iam.gserviceaccount.com%2F20250513%2Fauto%2Fstorage%2Fgoog4_request&X-Goog-Date=20250513T131053Z&X-Goog-Expires=86399&X-Goog-Signature=6c5b5c4caed72c83b33e9e1deffdd3743b169530722f94ef3aff0f1dd5f1c5b2e18a29cb47a4743428c4c5e861ced181b0738b38e35a46feda127be83cfc5c205d10aa6dbc95aacbc829c4903bdc2af9b4bc1711dc1e858608f739c7c24f025684e0a123cb469e2392d707ad5166c14c47c6148c670dda045a0c125b5b3dc84cfab0e07d947843b0b0a91d6a1dede6ba26ddcaa87079d8aa3d846667b551bc2a2ba78fde7b00a21e620201cf7ae651759ad995a13ff662e7356d61ad7372846b98184e46aadbfbcc651882c149ee6be1a30623e044ecf5f17ed97f138d588bb3317c84b338066a2db2f01c86386434898d04fb5900735c7b43cb3b00c61f5d86&X-Goog-SignedHeaders=host&X-User=levi1024: HTTPSConnectionPool(host='storage.googleapis.com', port=443): Max retries exceeded with url: /wandb-production.appspot.com/OA-MBRL/moore-tdmpc2/ph5bgsnj/output.log?X-Goog-Algorithm=GOOG4-RSA-SHA256&X-Goog-Credential=gorilla-files-url-signer-man%40wandb-production.iam.gserviceaccount.com%2F20250513%2Fauto%2Fstorage%2Fgoog4_request&X-Goog-Date=20250513T131053Z&X-Goog-Expires=86399&X-Goog-Signature=6c5b5c4caed72c83b33e9e1deffdd3743b169530722f94ef3aff0f1dd5f1c5b2e18a29cb47a4743428c4c5e861ced181b0738b38e35a46feda127be83cfc5c205d10aa6dbc95aacbc829c4903bdc2af9b4bc1711dc1e858608f739c7c24f025684e0a123cb469e2392d707ad5166c14c47c6148c670dda045a0c125b5b3dc84cfab0e07d947843b0b0a91d6a1dede6ba26ddcaa87079d8aa3d846667b551bc2a2ba78fde7b00a21e620201cf7ae651759ad995a13ff662e7356d61ad7372846b98184e46aadbfbcc651882c149ee6be1a30623e044ecf5f17ed97f138d588bb3317c84b338066a2db2f01c86386434898d04fb5900735c7b43cb3b00c61f5d86&X-Goog-SignedHeaders=host&X-User=levi1024 (Caused by SSLError(SSLZeroReturnError(6, 'TLS/SSL connection has been closed (EOF) (_ssl.c:1147)')))
2025-05-13 21:10:53,980 ERROR   wandb-upload_3:608393 [internal_api.py:upload_file():2889] upload_file request headers: {'User-Agent': 'python-requests/2.32.3', 'Accept-Encoding': 'gzip, deflate, br, zstd', 'Accept': '*/*', 'Connection': 'keep-alive', 'Content-Length': '4296'}
2025-05-13 21:10:53,980 ERROR   wandb-upload_3:608393 [internal_api.py:upload_file():2891] upload_file response body: ''
2025-05-13 21:10:54,587 ERROR   wandb-upload_0:608393 [internal_api.py:upload_file():2887] upload_file exception https://storage.googleapis.com/wandb-production.appspot.com/OA-MBRL/moore-tdmpc2/ph5bgsnj/wandb-metadata.json?X-Goog-Algorithm=GOOG4-RSA-SHA256&X-Goog-Credential=gorilla-files-url-signer-man%40wandb-production.iam.gserviceaccount.com%2F20250513%2Fauto%2Fstorage%2Fgoog4_request&X-Goog-Date=20250513T131045Z&X-Goog-Expires=86399&X-Goog-Signature=807631ad76775a88b3ecf7716251f15898e08c3bf028da344e84ddfe7ca1de55aad2a0d12c3ac3ae035ad2b4b6df0b0b72683310a27680f6346dcdd7fcd276011cb8cac9a9b53b3d4796aea8445cb74e671ebf054dcf0e5ed98dd9b97d8359f778b4c8aa0d00dc21278d141f6614fc86d1814154231a6b0b876a1b1325888132c5d74b5dabdc1d3d3839b7ff65780b5d50d42bbe1884edd6e96da1b71840c7ad3a7fc6f19f14d7b4e8529f4f3e2eb35bd63e287f685b2f0b1ae99b4466de43f7adc1a8201ca63ee039b3dfe6944eba3198f69512d110792370670f22d655ca415a3f115c2b2c37f217a332daa07b965436936aff98584c21c61fec36325bb2f0&X-Goog-SignedHeaders=host&X-User=levi1024: HTTPSConnectionPool(host='storage.googleapis.com', port=443): Max retries exceeded with url: /wandb-production.appspot.com/OA-MBRL/moore-tdmpc2/ph5bgsnj/wandb-metadata.json?X-Goog-Algorithm=GOOG4-RSA-SHA256&X-Goog-Credential=gorilla-files-url-signer-man%40wandb-production.iam.gserviceaccount.com%2F20250513%2Fauto%2Fstorage%2Fgoog4_request&X-Goog-Date=20250513T131045Z&X-Goog-Expires=86399&X-Goog-Signature=807631ad76775a88b3ecf7716251f15898e08c3bf028da344e84ddfe7ca1de55aad2a0d12c3ac3ae035ad2b4b6df0b0b72683310a27680f6346dcdd7fcd276011cb8cac9a9b53b3d4796aea8445cb74e671ebf054dcf0e5ed98dd9b97d8359f778b4c8aa0d00dc21278d141f6614fc86d1814154231a6b0b876a1b1325888132c5d74b5dabdc1d3d3839b7ff65780b5d50d42bbe1884edd6e96da1b71840c7ad3a7fc6f19f14d7b4e8529f4f3e2eb35bd63e287f685b2f0b1ae99b4466de43f7adc1a8201ca63ee039b3dfe6944eba3198f69512d110792370670f22d655ca415a3f115c2b2c37f217a332daa07b965436936aff98584c21c61fec36325bb2f0&X-Goog-SignedHeaders=host&X-User=levi1024 (Caused by SSLError(SSLZeroReturnError(6, 'TLS/SSL connection has been closed (EOF) (_ssl.c:1147)')))
2025-05-13 21:10:54,587 ERROR   wandb-upload_0:608393 [internal_api.py:upload_file():2889] upload_file request headers: {'User-Agent': 'python-requests/2.32.3', 'Accept-Encoding': 'gzip, deflate, br, zstd', 'Accept': '*/*', 'Connection': 'keep-alive', 'Content-Length': '3849'}
2025-05-13 21:10:54,587 ERROR   wandb-upload_0:608393 [internal_api.py:upload_file():2891] upload_file response body: ''
2025-05-13 21:10:54,587 INFO    wandb-upload_0:608393 [retry.py:__call__():172] Retry attempt failed:
urllib3.exceptions.SSLError: TLS/SSL connection has been closed (EOF) (_ssl.c:1147)

The above exception was the direct cause of the following exception:

Traceback (most recent call last):
  File "/home/levi/anaconda3/envs/tdmpc2/lib/python3.9/site-packages/requests/adapters.py", line 667, in send
    resp = conn.urlopen(
  File "/home/levi/anaconda3/envs/tdmpc2/lib/python3.9/site-packages/urllib3/connectionpool.py", line 841, in urlopen
    retries = retries.increment(
  File "/home/levi/anaconda3/envs/tdmpc2/lib/python3.9/site-packages/urllib3/util/retry.py", line 519, in increment
    raise MaxRetryError(_pool, url, reason) from reason  # type: ignore[arg-type]
urllib3.exceptions.MaxRetryError: HTTPSConnectionPool(host='storage.googleapis.com', port=443): Max retries exceeded with url: /wandb-production.appspot.com/OA-MBRL/moore-tdmpc2/ph5bgsnj/wandb-metadata.json?X-Goog-Algorithm=GOOG4-RSA-SHA256&X-Goog-Credential=gorilla-files-url-signer-man%40wandb-production.iam.gserviceaccount.com%2F20250513%2Fauto%2Fstorage%2Fgoog4_request&X-Goog-Date=20250513T131045Z&X-Goog-Expires=86399&X-Goog-Signature=807631ad76775a88b3ecf7716251f15898e08c3bf028da344e84ddfe7ca1de55aad2a0d12c3ac3ae035ad2b4b6df0b0b72683310a27680f6346dcdd7fcd276011cb8cac9a9b53b3d4796aea8445cb74e671ebf054dcf0e5ed98dd9b97d8359f778b4c8aa0d00dc21278d141f6614fc86d1814154231a6b0b876a1b1325888132c5d74b5dabdc1d3d3839b7ff65780b5d50d42bbe1884edd6e96da1b71840c7ad3a7fc6f19f14d7b4e8529f4f3e2eb35bd63e287f685b2f0b1ae99b4466de43f7adc1a8201ca63ee039b3dfe6944eba3198f69512d110792370670f22d655ca415a3f115c2b2c37f217a332daa07b965436936aff98584c21c61fec36325bb2f0&X-Goog-SignedHeaders=host&X-User=levi1024 (Caused by SSLError(SSLZeroReturnError(6, 'TLS/SSL connection has been closed (EOF) (_ssl.c:1147)')))

During handling of the above exception, another exception occurred:

Traceback (most recent call last):
  File "/home/levi/anaconda3/envs/tdmpc2/lib/python3.9/site-packages/wandb/sdk/internal/internal_api.py", line 2880, in upload_file
    response = self._upload_file_session.put(
  File "/home/levi/anaconda3/envs/tdmpc2/lib/python3.9/site-packages/requests/sessions.py", line 649, in put
    return self.request("PUT", url, data=data, **kwargs)
  File "/home/levi/anaconda3/envs/tdmpc2/lib/python3.9/site-packages/requests/sessions.py", line 589, in request
    resp = self.send(prep, **send_kwargs)
  File "/home/levi/anaconda3/envs/tdmpc2/lib/python3.9/site-packages/requests/sessions.py", line 703, in send
    r = adapter.send(request, **kwargs)
  File "/home/levi/anaconda3/envs/tdmpc2/lib/python3.9/site-packages/requests/adapters.py", line 698, in send
    raise SSLError(e, request=request)
requests.exceptions.SSLError: HTTPSConnectionPool(host='storage.googleapis.com', port=443): Max retries exceeded with url: /wandb-production.appspot.com/OA-MBRL/moore-tdmpc2/ph5bgsnj/wandb-metadata.json?X-Goog-Algorithm=GOOG4-RSA-SHA256&X-Goog-Credential=gorilla-files-url-signer-man%40wandb-production.iam.gserviceaccount.com%2F20250513%2Fauto%2Fstorage%2Fgoog4_request&X-Goog-Date=20250513T131045Z&X-Goog-Expires=86399&X-Goog-Signature=807631ad76775a88b3ecf7716251f15898e08c3bf028da344e84ddfe7ca1de55aad2a0d12c3ac3ae035ad2b4b6df0b0b72683310a27680f6346dcdd7fcd276011cb8cac9a9b53b3d4796aea8445cb74e671ebf054dcf0e5ed98dd9b97d8359f778b4c8aa0d00dc21278d141f6614fc86d1814154231a6b0b876a1b1325888132c5d74b5dabdc1d3d3839b7ff65780b5d50d42bbe1884edd6e96da1b71840c7ad3a7fc6f19f14d7b4e8529f4f3e2eb35bd63e287f685b2f0b1ae99b4466de43f7adc1a8201ca63ee039b3dfe6944eba3198f69512d110792370670f22d655ca415a3f115c2b2c37f217a332daa07b965436936aff98584c21c61fec36325bb2f0&X-Goog-SignedHeaders=host&X-User=levi1024 (Caused by SSLError(SSLZeroReturnError(6, 'TLS/SSL connection has been closed (EOF) (_ssl.c:1147)')))

During handling of the above exception, another exception occurred:

Traceback (most recent call last):
  File "/home/levi/anaconda3/envs/tdmpc2/lib/python3.9/site-packages/wandb/sdk/lib/retry.py", line 131, in __call__
    result = self._call_fn(*args, **kwargs)
  File "/home/levi/anaconda3/envs/tdmpc2/lib/python3.9/site-packages/wandb/sdk/internal/internal_api.py", line 2911, in upload_file
    raise _e.with_traceback(sys.exc_info()[2])
  File "/home/levi/anaconda3/envs/tdmpc2/lib/python3.9/site-packages/wandb/sdk/internal/internal_api.py", line 2880, in upload_file
    response = self._upload_file_session.put(
  File "/home/levi/anaconda3/envs/tdmpc2/lib/python3.9/site-packages/requests/sessions.py", line 649, in put
    return self.request("PUT", url, data=data, **kwargs)
  File "/home/levi/anaconda3/envs/tdmpc2/lib/python3.9/site-packages/requests/sessions.py", line 589, in request
    resp = self.send(prep, **send_kwargs)
  File "/home/levi/anaconda3/envs/tdmpc2/lib/python3.9/site-packages/requests/sessions.py", line 703, in send
    r = adapter.send(request, **kwargs)
  File "/home/levi/anaconda3/envs/tdmpc2/lib/python3.9/site-packages/requests/adapters.py", line 698, in send
    raise SSLError(e, request=request)
wandb.sdk.lib.retry.TransientError: None
2025-05-13 21:10:54,669 DEBUG   HandlerThread:608393 [handler.py:handle_request():158] handle_request: poll_exit
2025-05-13 21:10:54,670 DEBUG   SenderThread:608393 [sender.py:send_request():406] send_request: poll_exit
2025-05-13 21:10:54,885 ERROR   wandb-upload_2:608393 [internal_api.py:upload_file():2887] upload_file exception https://storage.googleapis.com/wandb-production.appspot.com/OA-MBRL/moore-tdmpc2/ph5bgsnj/wandb-summary.json?X-Goog-Algorithm=GOOG4-RSA-SHA256&X-Goog-Credential=gorilla-files-url-signer-man%40wandb-production.iam.gserviceaccount.com%2F20250513%2Fauto%2Fstorage%2Fgoog4_request&X-Goog-Date=20250513T131052Z&X-Goog-Expires=86399&X-Goog-Signature=2612164a434006919d98612b7ce6f5a25f6c4f7324ba345e91ab550b0b798f9986a9aa9b9598cb533bb6a25f0bacd97e6b7f321c804290dc60f93ccaf89abc41f7f3ef2350f0ad6df3860e21e804bed5856d5dd8edf7a90b7b1e780e2b8c0b0e714d34e9b848fdbe694e7a802fd31177cb2c1c8c84d3ae796464cb7d224dffb21c05b90fce5bb23af56df98a8de808bc58098a087efdfba61bec4cd29d3349416c4b9848a9518872a03b0c9c9ed54a86cde7a0062fe41f661e0455cdb9db8e074534eb753b210336419eac849585014c0c283b7fc9f0fb0e56cdd6051376971c3eb56cb9ecbe19ea5824a6b39da2623a7811d5345f27a0c5ff3340cecb2412b6&X-Goog-SignedHeaders=host&X-User=levi1024: HTTPSConnectionPool(host='storage.googleapis.com', port=443): Max retries exceeded with url: /wandb-production.appspot.com/OA-MBRL/moore-tdmpc2/ph5bgsnj/wandb-summary.json?X-Goog-Algorithm=GOOG4-RSA-SHA256&X-Goog-Credential=gorilla-files-url-signer-man%40wandb-production.iam.gserviceaccount.com%2F20250513%2Fauto%2Fstorage%2Fgoog4_request&X-Goog-Date=20250513T131052Z&X-Goog-Expires=86399&X-Goog-Signature=2612164a434006919d98612b7ce6f5a25f6c4f7324ba345e91ab550b0b798f9986a9aa9b9598cb533bb6a25f0bacd97e6b7f321c804290dc60f93ccaf89abc41f7f3ef2350f0ad6df3860e21e804bed5856d5dd8edf7a90b7b1e780e2b8c0b0e714d34e9b848fdbe694e7a802fd31177cb2c1c8c84d3ae796464cb7d224dffb21c05b90fce5bb23af56df98a8de808bc58098a087efdfba61bec4cd29d3349416c4b9848a9518872a03b0c9c9ed54a86cde7a0062fe41f661e0455cdb9db8e074534eb753b210336419eac849585014c0c283b7fc9f0fb0e56cdd6051376971c3eb56cb9ecbe19ea5824a6b39da2623a7811d5345f27a0c5ff3340cecb2412b6&X-Goog-SignedHeaders=host&X-User=levi1024 (Caused by SSLError(SSLZeroReturnError(6, 'TLS/SSL connection has been closed (EOF) (_ssl.c:1147)')))
2025-05-13 21:10:54,885 ERROR   wandb-upload_2:608393 [internal_api.py:upload_file():2889] upload_file request headers: {'User-Agent': 'python-requests/2.32.3', 'Accept-Encoding': 'gzip, deflate, br, zstd', 'Accept': '*/*', 'Connection': 'keep-alive', 'Content-Length': '26'}
2025-05-13 21:10:54,885 ERROR   wandb-upload_2:608393 [internal_api.py:upload_file():2891] upload_file response body: ''
2025-05-13 21:10:55,034 ERROR   wandb-upload_1:608393 [internal_api.py:upload_file():2887] upload_file exception https://storage.googleapis.com/wandb-production.appspot.com/OA-MBRL/moore-tdmpc2/ph5bgsnj/conda-environment.yaml?X-Goog-Algorithm=GOOG4-RSA-SHA256&X-Goog-Credential=gorilla-files-url-signer-man%40wandb-production.iam.gserviceaccount.com%2F20250513%2Fauto%2Fstorage%2Fgoog4_request&X-Goog-Date=20250513T131052Z&X-Goog-Expires=86399&X-Goog-Signature=75b30f5bd67b731b9282a41688a6fe974cfc5f9d0a89e4e7e37c63842ced43aeda23bf91a61e2f910745ae7ebfa0ca9adac0589e2b7a376460bf4246b40440169c85188674374d8373998abf173c35e8fb55d153e1c854db5b2d8f79fc451e6288945447de973e3f1d42c5ef565c5931364051d5837eb489e735fed62e1651f5efb02eeaf80c68c5014badd68cf98d13570aa45ed9c5d5ddae17c12691ede5dcf27076d3cd5dfbc8744127acafb9e2c4ed25fcefaa8c3294bfdb8974b7a3eb9891663ca496f0ccc8ee5061b21db189aed60e5fc1afe2b27dd8014920fda63ae9a0d8cc138f440197ba53c04006c5bb185866cef8bfa7027c9186e184f19d93db&X-Goog-SignedHeaders=host&X-User=levi1024: HTTPSConnectionPool(host='storage.googleapis.com', port=443): Max retries exceeded with url: /wandb-production.appspot.com/OA-MBRL/moore-tdmpc2/ph5bgsnj/conda-environment.yaml?X-Goog-Algorithm=GOOG4-RSA-SHA256&X-Goog-Credential=gorilla-files-url-signer-man%40wandb-production.iam.gserviceaccount.com%2F20250513%2Fauto%2Fstorage%2Fgoog4_request&X-Goog-Date=20250513T131052Z&X-Goog-Expires=86399&X-Goog-Signature=75b30f5bd67b731b9282a41688a6fe974cfc5f9d0a89e4e7e37c63842ced43aeda23bf91a61e2f910745ae7ebfa0ca9adac0589e2b7a376460bf4246b40440169c85188674374d8373998abf173c35e8fb55d153e1c854db5b2d8f79fc451e6288945447de973e3f1d42c5ef565c5931364051d5837eb489e735fed62e1651f5efb02eeaf80c68c5014badd68cf98d13570aa45ed9c5d5ddae17c12691ede5dcf27076d3cd5dfbc8744127acafb9e2c4ed25fcefaa8c3294bfdb8974b7a3eb9891663ca496f0ccc8ee5061b21db189aed60e5fc1afe2b27dd8014920fda63ae9a0d8cc138f440197ba53c04006c5bb185866cef8bfa7027c9186e184f19d93db&X-Goog-SignedHeaders=host&X-User=levi1024 (Caused by SSLError(SSLZeroReturnError(6, 'TLS/SSL connection has been closed (EOF) (_ssl.c:1147)')))
2025-05-13 21:10:55,034 ERROR   wandb-upload_1:608393 [internal_api.py:upload_file():2889] upload_file request headers: {'User-Agent': 'python-requests/2.32.3', 'Accept-Encoding': 'gzip, deflate, br, zstd', 'Accept': '*/*', 'Connection': 'keep-alive', 'Content-Length': '6271'}
2025-05-13 21:10:55,034 ERROR   wandb-upload_1:608393 [internal_api.py:upload_file():2891] upload_file response body: ''
2025-05-13 21:10:55,469 ERROR   wandb-upload_3:608393 [internal_api.py:upload_file():2887] upload_file exception https://storage.googleapis.com/wandb-production.appspot.com/OA-MBRL/moore-tdmpc2/ph5bgsnj/output.log?X-Goog-Algorithm=GOOG4-RSA-SHA256&X-Goog-Credential=gorilla-files-url-signer-man%40wandb-production.iam.gserviceaccount.com%2F20250513%2Fauto%2Fstorage%2Fgoog4_request&X-Goog-Date=20250513T131053Z&X-Goog-Expires=86399&X-Goog-Signature=6c5b5c4caed72c83b33e9e1deffdd3743b169530722f94ef3aff0f1dd5f1c5b2e18a29cb47a4743428c4c5e861ced181b0738b38e35a46feda127be83cfc5c205d10aa6dbc95aacbc829c4903bdc2af9b4bc1711dc1e858608f739c7c24f025684e0a123cb469e2392d707ad5166c14c47c6148c670dda045a0c125b5b3dc84cfab0e07d947843b0b0a91d6a1dede6ba26ddcaa87079d8aa3d846667b551bc2a2ba78fde7b00a21e620201cf7ae651759ad995a13ff662e7356d61ad7372846b98184e46aadbfbcc651882c149ee6be1a30623e044ecf5f17ed97f138d588bb3317c84b338066a2db2f01c86386434898d04fb5900735c7b43cb3b00c61f5d86&X-Goog-SignedHeaders=host&X-User=levi1024: HTTPSConnectionPool(host='storage.googleapis.com', port=443): Max retries exceeded with url: /wandb-production.appspot.com/OA-MBRL/moore-tdmpc2/ph5bgsnj/output.log?X-Goog-Algorithm=GOOG4-RSA-SHA256&X-Goog-Credential=gorilla-files-url-signer-man%40wandb-production.iam.gserviceaccount.com%2F20250513%2Fauto%2Fstorage%2Fgoog4_request&X-Goog-Date=20250513T131053Z&X-Goog-Expires=86399&X-Goog-Signature=6c5b5c4caed72c83b33e9e1deffdd3743b169530722f94ef3aff0f1dd5f1c5b2e18a29cb47a4743428c4c5e861ced181b0738b38e35a46feda127be83cfc5c205d10aa6dbc95aacbc829c4903bdc2af9b4bc1711dc1e858608f739c7c24f025684e0a123cb469e2392d707ad5166c14c47c6148c670dda045a0c125b5b3dc84cfab0e07d947843b0b0a91d6a1dede6ba26ddcaa87079d8aa3d846667b551bc2a2ba78fde7b00a21e620201cf7ae651759ad995a13ff662e7356d61ad7372846b98184e46aadbfbcc651882c149ee6be1a30623e044ecf5f17ed97f138d588bb3317c84b338066a2db2f01c86386434898d04fb5900735c7b43cb3b00c61f5d86&X-Goog-SignedHeaders=host&X-User=levi1024 (Caused by SSLError(SSLZeroReturnError(6, 'TLS/SSL connection has been closed (EOF) (_ssl.c:1147)')))
2025-05-13 21:10:55,469 ERROR   wandb-upload_3:608393 [internal_api.py:upload_file():2889] upload_file request headers: {'User-Agent': 'python-requests/2.32.3', 'Accept-Encoding': 'gzip, deflate, br, zstd', 'Accept': '*/*', 'Connection': 'keep-alive', 'Content-Length': '4296'}
2025-05-13 21:10:55,469 ERROR   wandb-upload_3:608393 [internal_api.py:upload_file():2891] upload_file response body: ''
2025-05-13 21:10:55,544 ERROR   wandb-upload_5:608393 [internal_api.py:upload_file():2887] upload_file exception https://storage.googleapis.com/wandb-production.appspot.com/OA-MBRL/moore-tdmpc2/ph5bgsnj/requirements.txt?X-Goog-Algorithm=GOOG4-RSA-SHA256&X-Goog-Credential=gorilla-files-url-signer-man%40wandb-production.iam.gserviceaccount.com%2F20250513%2Fauto%2Fstorage%2Fgoog4_request&X-Goog-Date=20250513T131053Z&X-Goog-Expires=86399&X-Goog-Signature=75154dbc73ca88b7d920096e6ccd8a73fcf9ef29fef3d3a7b6ed7a0dfb40ecef0e8c99ae0f119bc2e1b0bfa85dcbe8b4537e984ddd3c57385444d4c48fab60b564a2e38c8681083ed91e78ec55b1077ab74f8c24752c359eaa6e72e78d4213120965e7f177432e7f23afe612c7eb54b8871d76c966c0052e33a3de98607843d36eb7961908890f604fa53804d71e94e48c4109b33787aa7e1345bfd7b367fdb13d8018acad813f5fef18973172257a6a38f9d45df62ffafa9004f36b1970bfdc48a8565aa4033e5d37a14de2d0a9508bd1147381c042f24353cbabc04a42117525f12503433ebb81970af50fe365f2c823119aa5efa0e804e44b880ae2692fef&X-Goog-SignedHeaders=host&X-User=levi1024: HTTPSConnectionPool(host='storage.googleapis.com', port=443): Max retries exceeded with url: /wandb-production.appspot.com/OA-MBRL/moore-tdmpc2/ph5bgsnj/requirements.txt?X-Goog-Algorithm=GOOG4-RSA-SHA256&X-Goog-Credential=gorilla-files-url-signer-man%40wandb-production.iam.gserviceaccount.com%2F20250513%2Fauto%2Fstorage%2Fgoog4_request&X-Goog-Date=20250513T131053Z&X-Goog-Expires=86399&X-Goog-Signature=75154dbc73ca88b7d920096e6ccd8a73fcf9ef29fef3d3a7b6ed7a0dfb40ecef0e8c99ae0f119bc2e1b0bfa85dcbe8b4537e984ddd3c57385444d4c48fab60b564a2e38c8681083ed91e78ec55b1077ab74f8c24752c359eaa6e72e78d4213120965e7f177432e7f23afe612c7eb54b8871d76c966c0052e33a3de98607843d36eb7961908890f604fa53804d71e94e48c4109b33787aa7e1345bfd7b367fdb13d8018acad813f5fef18973172257a6a38f9d45df62ffafa9004f36b1970bfdc48a8565aa4033e5d37a14de2d0a9508bd1147381c042f24353cbabc04a42117525f12503433ebb81970af50fe365f2c823119aa5efa0e804e44b880ae2692fef&X-Goog-SignedHeaders=host&X-User=levi1024 (Caused by SSLError(SSLZeroReturnError(6, 'TLS/SSL connection has been closed (EOF) (_ssl.c:1147)')))
2025-05-13 21:10:55,544 ERROR   wandb-upload_5:608393 [internal_api.py:upload_file():2889] upload_file request headers: {'User-Agent': 'python-requests/2.32.3', 'Accept-Encoding': 'gzip, deflate, br, zstd', 'Accept': '*/*', 'Connection': 'keep-alive', 'Content-Length': '2486'}
2025-05-13 21:10:55,544 ERROR   wandb-upload_5:608393 [internal_api.py:upload_file():2891] upload_file response body: ''
2025-05-13 21:10:55,575 ERROR   wandb-upload_4:608393 [internal_api.py:upload_file():2887] upload_file exception https://storage.googleapis.com/wandb-production.appspot.com/OA-MBRL/moore-tdmpc2/ph5bgsnj/config.yaml?X-Goog-Algorithm=GOOG4-RSA-SHA256&X-Goog-Credential=gorilla-files-url-signer-man%40wandb-production.iam.gserviceaccount.com%2F20250513%2Fauto%2Fstorage%2Fgoog4_request&X-Goog-Date=20250513T131053Z&X-Goog-Expires=86399&X-Goog-Signature=97c83f0e44dc72f91302f299f792b5c1b1064c42d9dd10b87fa0f9d362140b831a161ce6aaf32f4dee8c49f2b284e67cf95865c41b3a9640ed50fe00fefa52de8b57b7d07c9c467fc16062ffd6ebdebf1e9f4d55ea73ec68f6b6904d4aebfbcdcfe197a181beca4b9703f1397b08c42b649fb61d5c782eceb06197aa3be563098aef6be25c2dee14e4efa27f98042bffc0f98fabb9578e814bdf67822b0f9a4a75f1dc0cb2507e819269abc432993f3153f405b91a56fa38e7015f84f6453b5e4c153acac893368ef6e0adec2f9886bc32ed1f5fb8404a6384df36626ebebcbcdfef90c9a04cd269c9cfb5dd51ac1aa402b5051b86e4be49711f5cfb5d7a5bda&X-Goog-SignedHeaders=host&X-User=levi1024: HTTPSConnectionPool(host='storage.googleapis.com', port=443): Max retries exceeded with url: /wandb-production.appspot.com/OA-MBRL/moore-tdmpc2/ph5bgsnj/config.yaml?X-Goog-Algorithm=GOOG4-RSA-SHA256&X-Goog-Credential=gorilla-files-url-signer-man%40wandb-production.iam.gserviceaccount.com%2F20250513%2Fauto%2Fstorage%2Fgoog4_request&X-Goog-Date=20250513T131053Z&X-Goog-Expires=86399&X-Goog-Signature=97c83f0e44dc72f91302f299f792b5c1b1064c42d9dd10b87fa0f9d362140b831a161ce6aaf32f4dee8c49f2b284e67cf95865c41b3a9640ed50fe00fefa52de8b57b7d07c9c467fc16062ffd6ebdebf1e9f4d55ea73ec68f6b6904d4aebfbcdcfe197a181beca4b9703f1397b08c42b649fb61d5c782eceb06197aa3be563098aef6be25c2dee14e4efa27f98042bffc0f98fabb9578e814bdf67822b0f9a4a75f1dc0cb2507e819269abc432993f3153f405b91a56fa38e7015f84f6453b5e4c153acac893368ef6e0adec2f9886bc32ed1f5fb8404a6384df36626ebebcbcdfef90c9a04cd269c9cfb5dd51ac1aa402b5051b86e4be49711f5cfb5d7a5bda&X-Goog-SignedHeaders=host&X-User=levi1024 (Caused by SSLError(SSLZeroReturnError(6, 'TLS/SSL connection has been closed (EOF) (_ssl.c:1147)')))
2025-05-13 21:10:55,576 ERROR   wandb-upload_4:608393 [internal_api.py:upload_file():2889] upload_file request headers: {'User-Agent': 'python-requests/2.32.3', 'Accept-Encoding': 'gzip, deflate, br, zstd', 'Accept': '*/*', 'Connection': 'keep-alive', 'Content-Length': '3753'}
2025-05-13 21:10:55,576 ERROR   wandb-upload_4:608393 [internal_api.py:upload_file():2891] upload_file response body: ''
2025-05-13 21:10:55,670 DEBUG   HandlerThread:608393 [handler.py:handle_request():158] handle_request: poll_exit
2025-05-13 21:10:55,671 DEBUG   SenderThread:608393 [sender.py:send_request():406] send_request: poll_exit
2025-05-13 21:10:56,672 DEBUG   HandlerThread:608393 [handler.py:handle_request():158] handle_request: poll_exit
2025-05-13 21:10:56,673 DEBUG   SenderThread:608393 [sender.py:send_request():406] send_request: poll_exit
2025-05-13 21:10:57,673 DEBUG   HandlerThread:608393 [handler.py:handle_request():158] handle_request: status_report
2025-05-13 21:10:57,674 DEBUG   HandlerThread:608393 [handler.py:handle_request():158] handle_request: poll_exit
2025-05-13 21:10:57,675 DEBUG   SenderThread:608393 [sender.py:send_request():406] send_request: poll_exit
2025-05-13 21:10:57,718 ERROR   wandb-upload_2:608393 [internal_api.py:upload_file():2887] upload_file exception https://storage.googleapis.com/wandb-production.appspot.com/OA-MBRL/moore-tdmpc2/ph5bgsnj/wandb-summary.json?X-Goog-Algorithm=GOOG4-RSA-SHA256&X-Goog-Credential=gorilla-files-url-signer-man%40wandb-production.iam.gserviceaccount.com%2F20250513%2Fauto%2Fstorage%2Fgoog4_request&X-Goog-Date=20250513T131052Z&X-Goog-Expires=86399&X-Goog-Signature=2612164a434006919d98612b7ce6f5a25f6c4f7324ba345e91ab550b0b798f9986a9aa9b9598cb533bb6a25f0bacd97e6b7f321c804290dc60f93ccaf89abc41f7f3ef2350f0ad6df3860e21e804bed5856d5dd8edf7a90b7b1e780e2b8c0b0e714d34e9b848fdbe694e7a802fd31177cb2c1c8c84d3ae796464cb7d224dffb21c05b90fce5bb23af56df98a8de808bc58098a087efdfba61bec4cd29d3349416c4b9848a9518872a03b0c9c9ed54a86cde7a0062fe41f661e0455cdb9db8e074534eb753b210336419eac849585014c0c283b7fc9f0fb0e56cdd6051376971c3eb56cb9ecbe19ea5824a6b39da2623a7811d5345f27a0c5ff3340cecb2412b6&X-Goog-SignedHeaders=host&X-User=levi1024: HTTPSConnectionPool(host='storage.googleapis.com', port=443): Max retries exceeded with url: /wandb-production.appspot.com/OA-MBRL/moore-tdmpc2/ph5bgsnj/wandb-summary.json?X-Goog-Algorithm=GOOG4-RSA-SHA256&X-Goog-Credential=gorilla-files-url-signer-man%40wandb-production.iam.gserviceaccount.com%2F20250513%2Fauto%2Fstorage%2Fgoog4_request&X-Goog-Date=20250513T131052Z&X-Goog-Expires=86399&X-Goog-Signature=2612164a434006919d98612b7ce6f5a25f6c4f7324ba345e91ab550b0b798f9986a9aa9b9598cb533bb6a25f0bacd97e6b7f321c804290dc60f93ccaf89abc41f7f3ef2350f0ad6df3860e21e804bed5856d5dd8edf7a90b7b1e780e2b8c0b0e714d34e9b848fdbe694e7a802fd31177cb2c1c8c84d3ae796464cb7d224dffb21c05b90fce5bb23af56df98a8de808bc58098a087efdfba61bec4cd29d3349416c4b9848a9518872a03b0c9c9ed54a86cde7a0062fe41f661e0455cdb9db8e074534eb753b210336419eac849585014c0c283b7fc9f0fb0e56cdd6051376971c3eb56cb9ecbe19ea5824a6b39da2623a7811d5345f27a0c5ff3340cecb2412b6&X-Goog-SignedHeaders=host&X-User=levi1024 (Caused by SSLError(SSLZeroReturnError(6, 'TLS/SSL connection has been closed (EOF) (_ssl.c:1147)')))
2025-05-13 21:10:57,718 ERROR   wandb-upload_2:608393 [internal_api.py:upload_file():2889] upload_file request headers: {'User-Agent': 'python-requests/2.32.3', 'Accept-Encoding': 'gzip, deflate, br, zstd', 'Accept': '*/*', 'Connection': 'keep-alive', 'Content-Length': '26'}
2025-05-13 21:10:57,719 ERROR   wandb-upload_2:608393 [internal_api.py:upload_file():2891] upload_file response body: ''
2025-05-13 21:10:57,988 ERROR   wandb-upload_1:608393 [internal_api.py:upload_file():2887] upload_file exception https://storage.googleapis.com/wandb-production.appspot.com/OA-MBRL/moore-tdmpc2/ph5bgsnj/conda-environment.yaml?X-Goog-Algorithm=GOOG4-RSA-SHA256&X-Goog-Credential=gorilla-files-url-signer-man%40wandb-production.iam.gserviceaccount.com%2F20250513%2Fauto%2Fstorage%2Fgoog4_request&X-Goog-Date=20250513T131052Z&X-Goog-Expires=86399&X-Goog-Signature=75b30f5bd67b731b9282a41688a6fe974cfc5f9d0a89e4e7e37c63842ced43aeda23bf91a61e2f910745ae7ebfa0ca9adac0589e2b7a376460bf4246b40440169c85188674374d8373998abf173c35e8fb55d153e1c854db5b2d8f79fc451e6288945447de973e3f1d42c5ef565c5931364051d5837eb489e735fed62e1651f5efb02eeaf80c68c5014badd68cf98d13570aa45ed9c5d5ddae17c12691ede5dcf27076d3cd5dfbc8744127acafb9e2c4ed25fcefaa8c3294bfdb8974b7a3eb9891663ca496f0ccc8ee5061b21db189aed60e5fc1afe2b27dd8014920fda63ae9a0d8cc138f440197ba53c04006c5bb185866cef8bfa7027c9186e184f19d93db&X-Goog-SignedHeaders=host&X-User=levi1024: HTTPSConnectionPool(host='storage.googleapis.com', port=443): Max retries exceeded with url: /wandb-production.appspot.com/OA-MBRL/moore-tdmpc2/ph5bgsnj/conda-environment.yaml?X-Goog-Algorithm=GOOG4-RSA-SHA256&X-Goog-Credential=gorilla-files-url-signer-man%40wandb-production.iam.gserviceaccount.com%2F20250513%2Fauto%2Fstorage%2Fgoog4_request&X-Goog-Date=20250513T131052Z&X-Goog-Expires=86399&X-Goog-Signature=75b30f5bd67b731b9282a41688a6fe974cfc5f9d0a89e4e7e37c63842ced43aeda23bf91a61e2f910745ae7ebfa0ca9adac0589e2b7a376460bf4246b40440169c85188674374d8373998abf173c35e8fb55d153e1c854db5b2d8f79fc451e6288945447de973e3f1d42c5ef565c5931364051d5837eb489e735fed62e1651f5efb02eeaf80c68c5014badd68cf98d13570aa45ed9c5d5ddae17c12691ede5dcf27076d3cd5dfbc8744127acafb9e2c4ed25fcefaa8c3294bfdb8974b7a3eb9891663ca496f0ccc8ee5061b21db189aed60e5fc1afe2b27dd8014920fda63ae9a0d8cc138f440197ba53c04006c5bb185866cef8bfa7027c9186e184f19d93db&X-Goog-SignedHeaders=host&X-User=levi1024 (Caused by SSLError(SSLZeroReturnError(6, 'TLS/SSL connection has been closed (EOF) (_ssl.c:1147)')))
2025-05-13 21:10:57,989 ERROR   wandb-upload_1:608393 [internal_api.py:upload_file():2889] upload_file request headers: {'User-Agent': 'python-requests/2.32.3', 'Accept-Encoding': 'gzip, deflate, br, zstd', 'Accept': '*/*', 'Connection': 'keep-alive', 'Content-Length': '6271'}
2025-05-13 21:10:57,989 ERROR   wandb-upload_1:608393 [internal_api.py:upload_file():2891] upload_file response body: ''
2025-05-13 21:10:58,004 ERROR   wandb-upload_4:608393 [internal_api.py:upload_file():2887] upload_file exception https://storage.googleapis.com/wandb-production.appspot.com/OA-MBRL/moore-tdmpc2/ph5bgsnj/config.yaml?X-Goog-Algorithm=GOOG4-RSA-SHA256&X-Goog-Credential=gorilla-files-url-signer-man%40wandb-production.iam.gserviceaccount.com%2F20250513%2Fauto%2Fstorage%2Fgoog4_request&X-Goog-Date=20250513T131053Z&X-Goog-Expires=86399&X-Goog-Signature=97c83f0e44dc72f91302f299f792b5c1b1064c42d9dd10b87fa0f9d362140b831a161ce6aaf32f4dee8c49f2b284e67cf95865c41b3a9640ed50fe00fefa52de8b57b7d07c9c467fc16062ffd6ebdebf1e9f4d55ea73ec68f6b6904d4aebfbcdcfe197a181beca4b9703f1397b08c42b649fb61d5c782eceb06197aa3be563098aef6be25c2dee14e4efa27f98042bffc0f98fabb9578e814bdf67822b0f9a4a75f1dc0cb2507e819269abc432993f3153f405b91a56fa38e7015f84f6453b5e4c153acac893368ef6e0adec2f9886bc32ed1f5fb8404a6384df36626ebebcbcdfef90c9a04cd269c9cfb5dd51ac1aa402b5051b86e4be49711f5cfb5d7a5bda&X-Goog-SignedHeaders=host&X-User=levi1024: HTTPSConnectionPool(host='storage.googleapis.com', port=443): Max retries exceeded with url: /wandb-production.appspot.com/OA-MBRL/moore-tdmpc2/ph5bgsnj/config.yaml?X-Goog-Algorithm=GOOG4-RSA-SHA256&X-Goog-Credential=gorilla-files-url-signer-man%40wandb-production.iam.gserviceaccount.com%2F20250513%2Fauto%2Fstorage%2Fgoog4_request&X-Goog-Date=20250513T131053Z&X-Goog-Expires=86399&X-Goog-Signature=97c83f0e44dc72f91302f299f792b5c1b1064c42d9dd10b87fa0f9d362140b831a161ce6aaf32f4dee8c49f2b284e67cf95865c41b3a9640ed50fe00fefa52de8b57b7d07c9c467fc16062ffd6ebdebf1e9f4d55ea73ec68f6b6904d4aebfbcdcfe197a181beca4b9703f1397b08c42b649fb61d5c782eceb06197aa3be563098aef6be25c2dee14e4efa27f98042bffc0f98fabb9578e814bdf67822b0f9a4a75f1dc0cb2507e819269abc432993f3153f405b91a56fa38e7015f84f6453b5e4c153acac893368ef6e0adec2f9886bc32ed1f5fb8404a6384df36626ebebcbcdfef90c9a04cd269c9cfb5dd51ac1aa402b5051b86e4be49711f5cfb5d7a5bda&X-Goog-SignedHeaders=host&X-User=levi1024 (Caused by SSLError(SSLZeroReturnError(6, 'TLS/SSL connection has been closed (EOF) (_ssl.c:1147)')))
2025-05-13 21:10:58,004 ERROR   wandb-upload_4:608393 [internal_api.py:upload_file():2889] upload_file request headers: {'User-Agent': 'python-requests/2.32.3', 'Accept-Encoding': 'gzip, deflate, br, zstd', 'Accept': '*/*', 'Connection': 'keep-alive', 'Content-Length': '3753'}
2025-05-13 21:10:58,004 ERROR   wandb-upload_4:608393 [internal_api.py:upload_file():2891] upload_file response body: ''
2025-05-13 21:10:58,166 ERROR   wandb-upload_5:608393 [internal_api.py:upload_file():2887] upload_file exception https://storage.googleapis.com/wandb-production.appspot.com/OA-MBRL/moore-tdmpc2/ph5bgsnj/requirements.txt?X-Goog-Algorithm=GOOG4-RSA-SHA256&X-Goog-Credential=gorilla-files-url-signer-man%40wandb-production.iam.gserviceaccount.com%2F20250513%2Fauto%2Fstorage%2Fgoog4_request&X-Goog-Date=20250513T131053Z&X-Goog-Expires=86399&X-Goog-Signature=75154dbc73ca88b7d920096e6ccd8a73fcf9ef29fef3d3a7b6ed7a0dfb40ecef0e8c99ae0f119bc2e1b0bfa85dcbe8b4537e984ddd3c57385444d4c48fab60b564a2e38c8681083ed91e78ec55b1077ab74f8c24752c359eaa6e72e78d4213120965e7f177432e7f23afe612c7eb54b8871d76c966c0052e33a3de98607843d36eb7961908890f604fa53804d71e94e48c4109b33787aa7e1345bfd7b367fdb13d8018acad813f5fef18973172257a6a38f9d45df62ffafa9004f36b1970bfdc48a8565aa4033e5d37a14de2d0a9508bd1147381c042f24353cbabc04a42117525f12503433ebb81970af50fe365f2c823119aa5efa0e804e44b880ae2692fef&X-Goog-SignedHeaders=host&X-User=levi1024: HTTPSConnectionPool(host='storage.googleapis.com', port=443): Max retries exceeded with url: /wandb-production.appspot.com/OA-MBRL/moore-tdmpc2/ph5bgsnj/requirements.txt?X-Goog-Algorithm=GOOG4-RSA-SHA256&X-Goog-Credential=gorilla-files-url-signer-man%40wandb-production.iam.gserviceaccount.com%2F20250513%2Fauto%2Fstorage%2Fgoog4_request&X-Goog-Date=20250513T131053Z&X-Goog-Expires=86399&X-Goog-Signature=75154dbc73ca88b7d920096e6ccd8a73fcf9ef29fef3d3a7b6ed7a0dfb40ecef0e8c99ae0f119bc2e1b0bfa85dcbe8b4537e984ddd3c57385444d4c48fab60b564a2e38c8681083ed91e78ec55b1077ab74f8c24752c359eaa6e72e78d4213120965e7f177432e7f23afe612c7eb54b8871d76c966c0052e33a3de98607843d36eb7961908890f604fa53804d71e94e48c4109b33787aa7e1345bfd7b367fdb13d8018acad813f5fef18973172257a6a38f9d45df62ffafa9004f36b1970bfdc48a8565aa4033e5d37a14de2d0a9508bd1147381c042f24353cbabc04a42117525f12503433ebb81970af50fe365f2c823119aa5efa0e804e44b880ae2692fef&X-Goog-SignedHeaders=host&X-User=levi1024 (Caused by SSLError(SSLZeroReturnError(6, 'TLS/SSL connection has been closed (EOF) (_ssl.c:1147)')))
2025-05-13 21:10:58,166 ERROR   wandb-upload_5:608393 [internal_api.py:upload_file():2889] upload_file request headers: {'User-Agent': 'python-requests/2.32.3', 'Accept-Encoding': 'gzip, deflate, br, zstd', 'Accept': '*/*', 'Connection': 'keep-alive', 'Content-Length': '2486'}
2025-05-13 21:10:58,166 ERROR   wandb-upload_5:608393 [internal_api.py:upload_file():2891] upload_file response body: ''
2025-05-13 21:10:58,343 ERROR   wandb-upload_3:608393 [internal_api.py:upload_file():2887] upload_file exception https://storage.googleapis.com/wandb-production.appspot.com/OA-MBRL/moore-tdmpc2/ph5bgsnj/output.log?X-Goog-Algorithm=GOOG4-RSA-SHA256&X-Goog-Credential=gorilla-files-url-signer-man%40wandb-production.iam.gserviceaccount.com%2F20250513%2Fauto%2Fstorage%2Fgoog4_request&X-Goog-Date=20250513T131053Z&X-Goog-Expires=86399&X-Goog-Signature=6c5b5c4caed72c83b33e9e1deffdd3743b169530722f94ef3aff0f1dd5f1c5b2e18a29cb47a4743428c4c5e861ced181b0738b38e35a46feda127be83cfc5c205d10aa6dbc95aacbc829c4903bdc2af9b4bc1711dc1e858608f739c7c24f025684e0a123cb469e2392d707ad5166c14c47c6148c670dda045a0c125b5b3dc84cfab0e07d947843b0b0a91d6a1dede6ba26ddcaa87079d8aa3d846667b551bc2a2ba78fde7b00a21e620201cf7ae651759ad995a13ff662e7356d61ad7372846b98184e46aadbfbcc651882c149ee6be1a30623e044ecf5f17ed97f138d588bb3317c84b338066a2db2f01c86386434898d04fb5900735c7b43cb3b00c61f5d86&X-Goog-SignedHeaders=host&X-User=levi1024: HTTPSConnectionPool(host='storage.googleapis.com', port=443): Max retries exceeded with url: /wandb-production.appspot.com/OA-MBRL/moore-tdmpc2/ph5bgsnj/output.log?X-Goog-Algorithm=GOOG4-RSA-SHA256&X-Goog-Credential=gorilla-files-url-signer-man%40wandb-production.iam.gserviceaccount.com%2F20250513%2Fauto%2Fstorage%2Fgoog4_request&X-Goog-Date=20250513T131053Z&X-Goog-Expires=86399&X-Goog-Signature=6c5b5c4caed72c83b33e9e1deffdd3743b169530722f94ef3aff0f1dd5f1c5b2e18a29cb47a4743428c4c5e861ced181b0738b38e35a46feda127be83cfc5c205d10aa6dbc95aacbc829c4903bdc2af9b4bc1711dc1e858608f739c7c24f025684e0a123cb469e2392d707ad5166c14c47c6148c670dda045a0c125b5b3dc84cfab0e07d947843b0b0a91d6a1dede6ba26ddcaa87079d8aa3d846667b551bc2a2ba78fde7b00a21e620201cf7ae651759ad995a13ff662e7356d61ad7372846b98184e46aadbfbcc651882c149ee6be1a30623e044ecf5f17ed97f138d588bb3317c84b338066a2db2f01c86386434898d04fb5900735c7b43cb3b00c61f5d86&X-Goog-SignedHeaders=host&X-User=levi1024 (Caused by SSLError(SSLZeroReturnError(6, 'TLS/SSL connection has been closed (EOF) (_ssl.c:1147)')))
2025-05-13 21:10:58,343 ERROR   wandb-upload_3:608393 [internal_api.py:upload_file():2889] upload_file request headers: {'User-Agent': 'python-requests/2.32.3', 'Accept-Encoding': 'gzip, deflate, br, zstd', 'Accept': '*/*', 'Connection': 'keep-alive', 'Content-Length': '4296'}
2025-05-13 21:10:58,343 ERROR   wandb-upload_3:608393 [internal_api.py:upload_file():2891] upload_file response body: ''
2025-05-13 21:10:58,676 DEBUG   HandlerThread:608393 [handler.py:handle_request():158] handle_request: poll_exit
2025-05-13 21:10:58,677 DEBUG   SenderThread:608393 [sender.py:send_request():406] send_request: poll_exit
2025-05-13 21:10:59,679 DEBUG   HandlerThread:608393 [handler.py:handle_request():158] handle_request: poll_exit
2025-05-13 21:10:59,680 DEBUG   SenderThread:608393 [sender.py:send_request():406] send_request: poll_exit
2025-05-13 21:11:00,681 DEBUG   HandlerThread:608393 [handler.py:handle_request():158] handle_request: poll_exit
2025-05-13 21:11:00,682 DEBUG   SenderThread:608393 [sender.py:send_request():406] send_request: poll_exit
2025-05-13 21:11:01,682 DEBUG   HandlerThread:608393 [handler.py:handle_request():158] handle_request: poll_exit
2025-05-13 21:11:01,683 DEBUG   SenderThread:608393 [sender.py:send_request():406] send_request: poll_exit
2025-05-13 21:11:02,341 ERROR   wandb-upload_2:608393 [internal_api.py:upload_file():2887] upload_file exception https://storage.googleapis.com/wandb-production.appspot.com/OA-MBRL/moore-tdmpc2/ph5bgsnj/wandb-summary.json?X-Goog-Algorithm=GOOG4-RSA-SHA256&X-Goog-Credential=gorilla-files-url-signer-man%40wandb-production.iam.gserviceaccount.com%2F20250513%2Fauto%2Fstorage%2Fgoog4_request&X-Goog-Date=20250513T131052Z&X-Goog-Expires=86399&X-Goog-Signature=2612164a434006919d98612b7ce6f5a25f6c4f7324ba345e91ab550b0b798f9986a9aa9b9598cb533bb6a25f0bacd97e6b7f321c804290dc60f93ccaf89abc41f7f3ef2350f0ad6df3860e21e804bed5856d5dd8edf7a90b7b1e780e2b8c0b0e714d34e9b848fdbe694e7a802fd31177cb2c1c8c84d3ae796464cb7d224dffb21c05b90fce5bb23af56df98a8de808bc58098a087efdfba61bec4cd29d3349416c4b9848a9518872a03b0c9c9ed54a86cde7a0062fe41f661e0455cdb9db8e074534eb753b210336419eac849585014c0c283b7fc9f0fb0e56cdd6051376971c3eb56cb9ecbe19ea5824a6b39da2623a7811d5345f27a0c5ff3340cecb2412b6&X-Goog-SignedHeaders=host&X-User=levi1024: HTTPSConnectionPool(host='storage.googleapis.com', port=443): Max retries exceeded with url: /wandb-production.appspot.com/OA-MBRL/moore-tdmpc2/ph5bgsnj/wandb-summary.json?X-Goog-Algorithm=GOOG4-RSA-SHA256&X-Goog-Credential=gorilla-files-url-signer-man%40wandb-production.iam.gserviceaccount.com%2F20250513%2Fauto%2Fstorage%2Fgoog4_request&X-Goog-Date=20250513T131052Z&X-Goog-Expires=86399&X-Goog-Signature=2612164a434006919d98612b7ce6f5a25f6c4f7324ba345e91ab550b0b798f9986a9aa9b9598cb533bb6a25f0bacd97e6b7f321c804290dc60f93ccaf89abc41f7f3ef2350f0ad6df3860e21e804bed5856d5dd8edf7a90b7b1e780e2b8c0b0e714d34e9b848fdbe694e7a802fd31177cb2c1c8c84d3ae796464cb7d224dffb21c05b90fce5bb23af56df98a8de808bc58098a087efdfba61bec4cd29d3349416c4b9848a9518872a03b0c9c9ed54a86cde7a0062fe41f661e0455cdb9db8e074534eb753b210336419eac849585014c0c283b7fc9f0fb0e56cdd6051376971c3eb56cb9ecbe19ea5824a6b39da2623a7811d5345f27a0c5ff3340cecb2412b6&X-Goog-SignedHeaders=host&X-User=levi1024 (Caused by SSLError(SSLZeroReturnError(6, 'TLS/SSL connection has been closed (EOF) (_ssl.c:1147)')))
2025-05-13 21:11:02,341 ERROR   wandb-upload_2:608393 [internal_api.py:upload_file():2889] upload_file request headers: {'User-Agent': 'python-requests/2.32.3', 'Accept-Encoding': 'gzip, deflate, br, zstd', 'Accept': '*/*', 'Connection': 'keep-alive', 'Content-Length': '26'}
2025-05-13 21:11:02,341 ERROR   wandb-upload_2:608393 [internal_api.py:upload_file():2891] upload_file response body: ''
2025-05-13 21:11:02,403 ERROR   wandb-upload_4:608393 [internal_api.py:upload_file():2887] upload_file exception https://storage.googleapis.com/wandb-production.appspot.com/OA-MBRL/moore-tdmpc2/ph5bgsnj/config.yaml?X-Goog-Algorithm=GOOG4-RSA-SHA256&X-Goog-Credential=gorilla-files-url-signer-man%40wandb-production.iam.gserviceaccount.com%2F20250513%2Fauto%2Fstorage%2Fgoog4_request&X-Goog-Date=20250513T131053Z&X-Goog-Expires=86399&X-Goog-Signature=97c83f0e44dc72f91302f299f792b5c1b1064c42d9dd10b87fa0f9d362140b831a161ce6aaf32f4dee8c49f2b284e67cf95865c41b3a9640ed50fe00fefa52de8b57b7d07c9c467fc16062ffd6ebdebf1e9f4d55ea73ec68f6b6904d4aebfbcdcfe197a181beca4b9703f1397b08c42b649fb61d5c782eceb06197aa3be563098aef6be25c2dee14e4efa27f98042bffc0f98fabb9578e814bdf67822b0f9a4a75f1dc0cb2507e819269abc432993f3153f405b91a56fa38e7015f84f6453b5e4c153acac893368ef6e0adec2f9886bc32ed1f5fb8404a6384df36626ebebcbcdfef90c9a04cd269c9cfb5dd51ac1aa402b5051b86e4be49711f5cfb5d7a5bda&X-Goog-SignedHeaders=host&X-User=levi1024: HTTPSConnectionPool(host='storage.googleapis.com', port=443): Max retries exceeded with url: /wandb-production.appspot.com/OA-MBRL/moore-tdmpc2/ph5bgsnj/config.yaml?X-Goog-Algorithm=GOOG4-RSA-SHA256&X-Goog-Credential=gorilla-files-url-signer-man%40wandb-production.iam.gserviceaccount.com%2F20250513%2Fauto%2Fstorage%2Fgoog4_request&X-Goog-Date=20250513T131053Z&X-Goog-Expires=86399&X-Goog-Signature=97c83f0e44dc72f91302f299f792b5c1b1064c42d9dd10b87fa0f9d362140b831a161ce6aaf32f4dee8c49f2b284e67cf95865c41b3a9640ed50fe00fefa52de8b57b7d07c9c467fc16062ffd6ebdebf1e9f4d55ea73ec68f6b6904d4aebfbcdcfe197a181beca4b9703f1397b08c42b649fb61d5c782eceb06197aa3be563098aef6be25c2dee14e4efa27f98042bffc0f98fabb9578e814bdf67822b0f9a4a75f1dc0cb2507e819269abc432993f3153f405b91a56fa38e7015f84f6453b5e4c153acac893368ef6e0adec2f9886bc32ed1f5fb8404a6384df36626ebebcbcdfef90c9a04cd269c9cfb5dd51ac1aa402b5051b86e4be49711f5cfb5d7a5bda&X-Goog-SignedHeaders=host&X-User=levi1024 (Caused by SSLError(SSLZeroReturnError(6, 'TLS/SSL connection has been closed (EOF) (_ssl.c:1147)')))
2025-05-13 21:11:02,403 ERROR   wandb-upload_4:608393 [internal_api.py:upload_file():2889] upload_file request headers: {'User-Agent': 'python-requests/2.32.3', 'Accept-Encoding': 'gzip, deflate, br, zstd', 'Accept': '*/*', 'Connection': 'keep-alive', 'Content-Length': '3753'}
2025-05-13 21:11:02,403 ERROR   wandb-upload_4:608393 [internal_api.py:upload_file():2891] upload_file response body: ''
2025-05-13 21:11:02,683 DEBUG   HandlerThread:608393 [handler.py:handle_request():158] handle_request: poll_exit
2025-05-13 21:11:02,684 DEBUG   SenderThread:608393 [sender.py:send_request():406] send_request: poll_exit
2025-05-13 21:11:02,684 DEBUG   HandlerThread:608393 [handler.py:handle_request():158] handle_request: status_report
2025-05-13 21:11:02,736 ERROR   wandb-upload_3:608393 [internal_api.py:upload_file():2887] upload_file exception https://storage.googleapis.com/wandb-production.appspot.com/OA-MBRL/moore-tdmpc2/ph5bgsnj/output.log?X-Goog-Algorithm=GOOG4-RSA-SHA256&X-Goog-Credential=gorilla-files-url-signer-man%40wandb-production.iam.gserviceaccount.com%2F20250513%2Fauto%2Fstorage%2Fgoog4_request&X-Goog-Date=20250513T131053Z&X-Goog-Expires=86399&X-Goog-Signature=6c5b5c4caed72c83b33e9e1deffdd3743b169530722f94ef3aff0f1dd5f1c5b2e18a29cb47a4743428c4c5e861ced181b0738b38e35a46feda127be83cfc5c205d10aa6dbc95aacbc829c4903bdc2af9b4bc1711dc1e858608f739c7c24f025684e0a123cb469e2392d707ad5166c14c47c6148c670dda045a0c125b5b3dc84cfab0e07d947843b0b0a91d6a1dede6ba26ddcaa87079d8aa3d846667b551bc2a2ba78fde7b00a21e620201cf7ae651759ad995a13ff662e7356d61ad7372846b98184e46aadbfbcc651882c149ee6be1a30623e044ecf5f17ed97f138d588bb3317c84b338066a2db2f01c86386434898d04fb5900735c7b43cb3b00c61f5d86&X-Goog-SignedHeaders=host&X-User=levi1024: HTTPSConnectionPool(host='storage.googleapis.com', port=443): Max retries exceeded with url: /wandb-production.appspot.com/OA-MBRL/moore-tdmpc2/ph5bgsnj/output.log?X-Goog-Algorithm=GOOG4-RSA-SHA256&X-Goog-Credential=gorilla-files-url-signer-man%40wandb-production.iam.gserviceaccount.com%2F20250513%2Fauto%2Fstorage%2Fgoog4_request&X-Goog-Date=20250513T131053Z&X-Goog-Expires=86399&X-Goog-Signature=6c5b5c4caed72c83b33e9e1deffdd3743b169530722f94ef3aff0f1dd5f1c5b2e18a29cb47a4743428c4c5e861ced181b0738b38e35a46feda127be83cfc5c205d10aa6dbc95aacbc829c4903bdc2af9b4bc1711dc1e858608f739c7c24f025684e0a123cb469e2392d707ad5166c14c47c6148c670dda045a0c125b5b3dc84cfab0e07d947843b0b0a91d6a1dede6ba26ddcaa87079d8aa3d846667b551bc2a2ba78fde7b00a21e620201cf7ae651759ad995a13ff662e7356d61ad7372846b98184e46aadbfbcc651882c149ee6be1a30623e044ecf5f17ed97f138d588bb3317c84b338066a2db2f01c86386434898d04fb5900735c7b43cb3b00c61f5d86&X-Goog-SignedHeaders=host&X-User=levi1024 (Caused by SSLError(SSLZeroReturnError(6, 'TLS/SSL connection has been closed (EOF) (_ssl.c:1147)')))
2025-05-13 21:11:02,740 ERROR   wandb-upload_3:608393 [internal_api.py:upload_file():2889] upload_file request headers: {'User-Agent': 'python-requests/2.32.3', 'Accept-Encoding': 'gzip, deflate, br, zstd', 'Accept': '*/*', 'Connection': 'keep-alive', 'Content-Length': '4296'}
2025-05-13 21:11:02,740 ERROR   wandb-upload_3:608393 [internal_api.py:upload_file():2891] upload_file response body: ''
2025-05-13 21:11:03,065 ERROR   wandb-upload_5:608393 [internal_api.py:upload_file():2887] upload_file exception https://storage.googleapis.com/wandb-production.appspot.com/OA-MBRL/moore-tdmpc2/ph5bgsnj/requirements.txt?X-Goog-Algorithm=GOOG4-RSA-SHA256&X-Goog-Credential=gorilla-files-url-signer-man%40wandb-production.iam.gserviceaccount.com%2F20250513%2Fauto%2Fstorage%2Fgoog4_request&X-Goog-Date=20250513T131053Z&X-Goog-Expires=86399&X-Goog-Signature=75154dbc73ca88b7d920096e6ccd8a73fcf9ef29fef3d3a7b6ed7a0dfb40ecef0e8c99ae0f119bc2e1b0bfa85dcbe8b4537e984ddd3c57385444d4c48fab60b564a2e38c8681083ed91e78ec55b1077ab74f8c24752c359eaa6e72e78d4213120965e7f177432e7f23afe612c7eb54b8871d76c966c0052e33a3de98607843d36eb7961908890f604fa53804d71e94e48c4109b33787aa7e1345bfd7b367fdb13d8018acad813f5fef18973172257a6a38f9d45df62ffafa9004f36b1970bfdc48a8565aa4033e5d37a14de2d0a9508bd1147381c042f24353cbabc04a42117525f12503433ebb81970af50fe365f2c823119aa5efa0e804e44b880ae2692fef&X-Goog-SignedHeaders=host&X-User=levi1024: HTTPSConnectionPool(host='storage.googleapis.com', port=443): Max retries exceeded with url: /wandb-production.appspot.com/OA-MBRL/moore-tdmpc2/ph5bgsnj/requirements.txt?X-Goog-Algorithm=GOOG4-RSA-SHA256&X-Goog-Credential=gorilla-files-url-signer-man%40wandb-production.iam.gserviceaccount.com%2F20250513%2Fauto%2Fstorage%2Fgoog4_request&X-Goog-Date=20250513T131053Z&X-Goog-Expires=86399&X-Goog-Signature=75154dbc73ca88b7d920096e6ccd8a73fcf9ef29fef3d3a7b6ed7a0dfb40ecef0e8c99ae0f119bc2e1b0bfa85dcbe8b4537e984ddd3c57385444d4c48fab60b564a2e38c8681083ed91e78ec55b1077ab74f8c24752c359eaa6e72e78d4213120965e7f177432e7f23afe612c7eb54b8871d76c966c0052e33a3de98607843d36eb7961908890f604fa53804d71e94e48c4109b33787aa7e1345bfd7b367fdb13d8018acad813f5fef18973172257a6a38f9d45df62ffafa9004f36b1970bfdc48a8565aa4033e5d37a14de2d0a9508bd1147381c042f24353cbabc04a42117525f12503433ebb81970af50fe365f2c823119aa5efa0e804e44b880ae2692fef&X-Goog-SignedHeaders=host&X-User=levi1024 (Caused by SSLError(SSLZeroReturnError(6, 'TLS/SSL connection has been closed (EOF) (_ssl.c:1147)')))
2025-05-13 21:11:03,065 ERROR   wandb-upload_5:608393 [internal_api.py:upload_file():2889] upload_file request headers: {'User-Agent': 'python-requests/2.32.3', 'Accept-Encoding': 'gzip, deflate, br, zstd', 'Accept': '*/*', 'Connection': 'keep-alive', 'Content-Length': '2486'}
2025-05-13 21:11:03,065 ERROR   wandb-upload_5:608393 [internal_api.py:upload_file():2891] upload_file response body: ''
2025-05-13 21:11:03,683 DEBUG   HandlerThread:608393 [handler.py:handle_request():158] handle_request: poll_exit
2025-05-13 21:11:03,684 DEBUG   SenderThread:608393 [sender.py:send_request():406] send_request: poll_exit
2025-05-13 21:11:04,137 ERROR   wandb-upload_1:608393 [internal_api.py:upload_file():2887] upload_file exception https://storage.googleapis.com/wandb-production.appspot.com/OA-MBRL/moore-tdmpc2/ph5bgsnj/conda-environment.yaml?X-Goog-Algorithm=GOOG4-RSA-SHA256&X-Goog-Credential=gorilla-files-url-signer-man%40wandb-production.iam.gserviceaccount.com%2F20250513%2Fauto%2Fstorage%2Fgoog4_request&X-Goog-Date=20250513T131052Z&X-Goog-Expires=86399&X-Goog-Signature=75b30f5bd67b731b9282a41688a6fe974cfc5f9d0a89e4e7e37c63842ced43aeda23bf91a61e2f910745ae7ebfa0ca9adac0589e2b7a376460bf4246b40440169c85188674374d8373998abf173c35e8fb55d153e1c854db5b2d8f79fc451e6288945447de973e3f1d42c5ef565c5931364051d5837eb489e735fed62e1651f5efb02eeaf80c68c5014badd68cf98d13570aa45ed9c5d5ddae17c12691ede5dcf27076d3cd5dfbc8744127acafb9e2c4ed25fcefaa8c3294bfdb8974b7a3eb9891663ca496f0ccc8ee5061b21db189aed60e5fc1afe2b27dd8014920fda63ae9a0d8cc138f440197ba53c04006c5bb185866cef8bfa7027c9186e184f19d93db&X-Goog-SignedHeaders=host&X-User=levi1024: HTTPSConnectionPool(host='storage.googleapis.com', port=443): Max retries exceeded with url: /wandb-production.appspot.com/OA-MBRL/moore-tdmpc2/ph5bgsnj/conda-environment.yaml?X-Goog-Algorithm=GOOG4-RSA-SHA256&X-Goog-Credential=gorilla-files-url-signer-man%40wandb-production.iam.gserviceaccount.com%2F20250513%2Fauto%2Fstorage%2Fgoog4_request&X-Goog-Date=20250513T131052Z&X-Goog-Expires=86399&X-Goog-Signature=75b30f5bd67b731b9282a41688a6fe974cfc5f9d0a89e4e7e37c63842ced43aeda23bf91a61e2f910745ae7ebfa0ca9adac0589e2b7a376460bf4246b40440169c85188674374d8373998abf173c35e8fb55d153e1c854db5b2d8f79fc451e6288945447de973e3f1d42c5ef565c5931364051d5837eb489e735fed62e1651f5efb02eeaf80c68c5014badd68cf98d13570aa45ed9c5d5ddae17c12691ede5dcf27076d3cd5dfbc8744127acafb9e2c4ed25fcefaa8c3294bfdb8974b7a3eb9891663ca496f0ccc8ee5061b21db189aed60e5fc1afe2b27dd8014920fda63ae9a0d8cc138f440197ba53c04006c5bb185866cef8bfa7027c9186e184f19d93db&X-Goog-SignedHeaders=host&X-User=levi1024 (Caused by SSLError(SSLZeroReturnError(6, 'TLS/SSL connection has been closed (EOF) (_ssl.c:1147)')))
2025-05-13 21:11:04,137 ERROR   wandb-upload_1:608393 [internal_api.py:upload_file():2889] upload_file request headers: {'User-Agent': 'python-requests/2.32.3', 'Accept-Encoding': 'gzip, deflate, br, zstd', 'Accept': '*/*', 'Connection': 'keep-alive', 'Content-Length': '6271'}
2025-05-13 21:11:04,137 ERROR   wandb-upload_1:608393 [internal_api.py:upload_file():2891] upload_file response body: ''
2025-05-13 21:11:04,429 ERROR   wandb-upload_0:608393 [internal_api.py:upload_file():2887] upload_file exception https://storage.googleapis.com/wandb-production.appspot.com/OA-MBRL/moore-tdmpc2/ph5bgsnj/wandb-metadata.json?X-Goog-Algorithm=GOOG4-RSA-SHA256&X-Goog-Credential=gorilla-files-url-signer-man%40wandb-production.iam.gserviceaccount.com%2F20250513%2Fauto%2Fstorage%2Fgoog4_request&X-Goog-Date=20250513T131045Z&X-Goog-Expires=86399&X-Goog-Signature=807631ad76775a88b3ecf7716251f15898e08c3bf028da344e84ddfe7ca1de55aad2a0d12c3ac3ae035ad2b4b6df0b0b72683310a27680f6346dcdd7fcd276011cb8cac9a9b53b3d4796aea8445cb74e671ebf054dcf0e5ed98dd9b97d8359f778b4c8aa0d00dc21278d141f6614fc86d1814154231a6b0b876a1b1325888132c5d74b5dabdc1d3d3839b7ff65780b5d50d42bbe1884edd6e96da1b71840c7ad3a7fc6f19f14d7b4e8529f4f3e2eb35bd63e287f685b2f0b1ae99b4466de43f7adc1a8201ca63ee039b3dfe6944eba3198f69512d110792370670f22d655ca415a3f115c2b2c37f217a332daa07b965436936aff98584c21c61fec36325bb2f0&X-Goog-SignedHeaders=host&X-User=levi1024: HTTPSConnectionPool(host='storage.googleapis.com', port=443): Max retries exceeded with url: /wandb-production.appspot.com/OA-MBRL/moore-tdmpc2/ph5bgsnj/wandb-metadata.json?X-Goog-Algorithm=GOOG4-RSA-SHA256&X-Goog-Credential=gorilla-files-url-signer-man%40wandb-production.iam.gserviceaccount.com%2F20250513%2Fauto%2Fstorage%2Fgoog4_request&X-Goog-Date=20250513T131045Z&X-Goog-Expires=86399&X-Goog-Signature=807631ad76775a88b3ecf7716251f15898e08c3bf028da344e84ddfe7ca1de55aad2a0d12c3ac3ae035ad2b4b6df0b0b72683310a27680f6346dcdd7fcd276011cb8cac9a9b53b3d4796aea8445cb74e671ebf054dcf0e5ed98dd9b97d8359f778b4c8aa0d00dc21278d141f6614fc86d1814154231a6b0b876a1b1325888132c5d74b5dabdc1d3d3839b7ff65780b5d50d42bbe1884edd6e96da1b71840c7ad3a7fc6f19f14d7b4e8529f4f3e2eb35bd63e287f685b2f0b1ae99b4466de43f7adc1a8201ca63ee039b3dfe6944eba3198f69512d110792370670f22d655ca415a3f115c2b2c37f217a332daa07b965436936aff98584c21c61fec36325bb2f0&X-Goog-SignedHeaders=host&X-User=levi1024 (Caused by SSLError(SSLZeroReturnError(6, 'TLS/SSL connection has been closed (EOF) (_ssl.c:1147)')))
2025-05-13 21:11:04,429 ERROR   wandb-upload_0:608393 [internal_api.py:upload_file():2889] upload_file request headers: {'User-Agent': 'python-requests/2.32.3', 'Accept-Encoding': 'gzip, deflate, br, zstd', 'Accept': '*/*', 'Connection': 'keep-alive', 'Content-Length': '3849'}
2025-05-13 21:11:04,429 ERROR   wandb-upload_0:608393 [internal_api.py:upload_file():2891] upload_file response body: ''
2025-05-13 21:11:04,684 DEBUG   HandlerThread:608393 [handler.py:handle_request():158] handle_request: poll_exit
2025-05-13 21:11:04,684 DEBUG   SenderThread:608393 [sender.py:send_request():406] send_request: poll_exit
2025-05-13 21:11:04,756 WARNING StreamThr :608393 [internal.py:is_dead():413] Internal process exiting, parent pid 608305 disappeared
2025-05-13 21:11:04,756 ERROR   StreamThr :608393 [internal.py:wandb_internal():151] Internal process shutdown.
2025-05-13 21:11:05,684 DEBUG   HandlerThread:608393 [handler.py:handle_request():158] handle_request: poll_exit
2025-05-13 21:11:05,684 INFO    HandlerThread:608393 [handler.py:finish():882] shutting down handler
2025-05-13 21:11:05,684 INFO    SenderThread:608393 [sender.py:finish():1608] shutting down sender
2025-05-13 21:11:05,684 INFO    SenderThread:608393 [file_pusher.py:finish():169] shutting down file pusher
2025-05-13 21:11:05,684 INFO    SenderThread:608393 [file_pusher.py:join():175] waiting for file pusher
2025-05-13 21:11:05,685 INFO    WriterThread:608393 [datastore.py:close():296] close: /home/levi/Desktop/MOORE-TDMPC/renew/logs/mw-reach/1/moore-tdmpc2-mt30/wandb/run-20250513_211039-ph5bgsnj/run-ph5bgsnj.wandb
2025-05-13 21:11:19,351 ERROR   wandb-upload_4:608393 [internal_api.py:upload_file():2887] upload_file exception https://storage.googleapis.com/wandb-production.appspot.com/OA-MBRL/moore-tdmpc2/ph5bgsnj/config.yaml?X-Goog-Algorithm=GOOG4-RSA-SHA256&X-Goog-Credential=gorilla-files-url-signer-man%40wandb-production.iam.gserviceaccount.com%2F20250513%2Fauto%2Fstorage%2Fgoog4_request&X-Goog-Date=20250513T131053Z&X-Goog-Expires=86399&X-Goog-Signature=97c83f0e44dc72f91302f299f792b5c1b1064c42d9dd10b87fa0f9d362140b831a161ce6aaf32f4dee8c49f2b284e67cf95865c41b3a9640ed50fe00fefa52de8b57b7d07c9c467fc16062ffd6ebdebf1e9f4d55ea73ec68f6b6904d4aebfbcdcfe197a181beca4b9703f1397b08c42b649fb61d5c782eceb06197aa3be563098aef6be25c2dee14e4efa27f98042bffc0f98fabb9578e814bdf67822b0f9a4a75f1dc0cb2507e819269abc432993f3153f405b91a56fa38e7015f84f6453b5e4c153acac893368ef6e0adec2f9886bc32ed1f5fb8404a6384df36626ebebcbcdfef90c9a04cd269c9cfb5dd51ac1aa402b5051b86e4be49711f5cfb5d7a5bda&X-Goog-SignedHeaders=host&X-User=levi1024: ('Connection aborted.', ConnectionResetError(104, 'Connection reset by peer'))
2025-05-13 21:11:19,351 ERROR   wandb-upload_4:608393 [internal_api.py:upload_file():2889] upload_file request headers: {'User-Agent': 'python-requests/2.32.3', 'Accept-Encoding': 'gzip, deflate, br, zstd', 'Accept': '*/*', 'Connection': 'keep-alive', 'Content-Length': '3753'}
2025-05-13 21:11:19,351 ERROR   wandb-upload_4:608393 [internal_api.py:upload_file():2891] upload_file response body: ''
2025-05-13 21:11:19,871 ERROR   wandb-upload_2:608393 [internal_api.py:upload_file():2887] upload_file exception https://storage.googleapis.com/wandb-production.appspot.com/OA-MBRL/moore-tdmpc2/ph5bgsnj/wandb-summary.json?X-Goog-Algorithm=GOOG4-RSA-SHA256&X-Goog-Credential=gorilla-files-url-signer-man%40wandb-production.iam.gserviceaccount.com%2F20250513%2Fauto%2Fstorage%2Fgoog4_request&X-Goog-Date=20250513T131052Z&X-Goog-Expires=86399&X-Goog-Signature=2612164a434006919d98612b7ce6f5a25f6c4f7324ba345e91ab550b0b798f9986a9aa9b9598cb533bb6a25f0bacd97e6b7f321c804290dc60f93ccaf89abc41f7f3ef2350f0ad6df3860e21e804bed5856d5dd8edf7a90b7b1e780e2b8c0b0e714d34e9b848fdbe694e7a802fd31177cb2c1c8c84d3ae796464cb7d224dffb21c05b90fce5bb23af56df98a8de808bc58098a087efdfba61bec4cd29d3349416c4b9848a9518872a03b0c9c9ed54a86cde7a0062fe41f661e0455cdb9db8e074534eb753b210336419eac849585014c0c283b7fc9f0fb0e56cdd6051376971c3eb56cb9ecbe19ea5824a6b39da2623a7811d5345f27a0c5ff3340cecb2412b6&X-Goog-SignedHeaders=host&X-User=levi1024: ('Connection aborted.', ConnectionResetError(104, 'Connection reset by peer'))
2025-05-13 21:11:19,871 ERROR   wandb-upload_2:608393 [internal_api.py:upload_file():2889] upload_file request headers: {'User-Agent': 'python-requests/2.32.3', 'Accept-Encoding': 'gzip, deflate, br, zstd', 'Accept': '*/*', 'Connection': 'keep-alive', 'Content-Length': '26'}
2025-05-13 21:11:19,871 ERROR   wandb-upload_2:608393 [internal_api.py:upload_file():2891] upload_file response body: ''
2025-05-13 21:11:20,209 ERROR   wandb-upload_3:608393 [internal_api.py:upload_file():2887] upload_file exception https://storage.googleapis.com/wandb-production.appspot.com/OA-MBRL/moore-tdmpc2/ph5bgsnj/output.log?X-Goog-Algorithm=GOOG4-RSA-SHA256&X-Goog-Credential=gorilla-files-url-signer-man%40wandb-production.iam.gserviceaccount.com%2F20250513%2Fauto%2Fstorage%2Fgoog4_request&X-Goog-Date=20250513T131053Z&X-Goog-Expires=86399&X-Goog-Signature=6c5b5c4caed72c83b33e9e1deffdd3743b169530722f94ef3aff0f1dd5f1c5b2e18a29cb47a4743428c4c5e861ced181b0738b38e35a46feda127be83cfc5c205d10aa6dbc95aacbc829c4903bdc2af9b4bc1711dc1e858608f739c7c24f025684e0a123cb469e2392d707ad5166c14c47c6148c670dda045a0c125b5b3dc84cfab0e07d947843b0b0a91d6a1dede6ba26ddcaa87079d8aa3d846667b551bc2a2ba78fde7b00a21e620201cf7ae651759ad995a13ff662e7356d61ad7372846b98184e46aadbfbcc651882c149ee6be1a30623e044ecf5f17ed97f138d588bb3317c84b338066a2db2f01c86386434898d04fb5900735c7b43cb3b00c61f5d86&X-Goog-SignedHeaders=host&X-User=levi1024: ('Connection aborted.', ConnectionResetError(104, 'Connection reset by peer'))
2025-05-13 21:11:20,209 ERROR   wandb-upload_3:608393 [internal_api.py:upload_file():2889] upload_file request headers: {'User-Agent': 'python-requests/2.32.3', 'Accept-Encoding': 'gzip, deflate, br, zstd', 'Accept': '*/*', 'Connection': 'keep-alive', 'Content-Length': '4296'}
2025-05-13 21:11:20,209 ERROR   wandb-upload_3:608393 [internal_api.py:upload_file():2891] upload_file response body: ''
2025-05-13 21:11:21,892 ERROR   wandb-upload_1:608393 [internal_api.py:upload_file():2887] upload_file exception https://storage.googleapis.com/wandb-production.appspot.com/OA-MBRL/moore-tdmpc2/ph5bgsnj/conda-environment.yaml?X-Goog-Algorithm=GOOG4-RSA-SHA256&X-Goog-Credential=gorilla-files-url-signer-man%40wandb-production.iam.gserviceaccount.com%2F20250513%2Fauto%2Fstorage%2Fgoog4_request&X-Goog-Date=20250513T131052Z&X-Goog-Expires=86399&X-Goog-Signature=75b30f5bd67b731b9282a41688a6fe974cfc5f9d0a89e4e7e37c63842ced43aeda23bf91a61e2f910745ae7ebfa0ca9adac0589e2b7a376460bf4246b40440169c85188674374d8373998abf173c35e8fb55d153e1c854db5b2d8f79fc451e6288945447de973e3f1d42c5ef565c5931364051d5837eb489e735fed62e1651f5efb02eeaf80c68c5014badd68cf98d13570aa45ed9c5d5ddae17c12691ede5dcf27076d3cd5dfbc8744127acafb9e2c4ed25fcefaa8c3294bfdb8974b7a3eb9891663ca496f0ccc8ee5061b21db189aed60e5fc1afe2b27dd8014920fda63ae9a0d8cc138f440197ba53c04006c5bb185866cef8bfa7027c9186e184f19d93db&X-Goog-SignedHeaders=host&X-User=levi1024: ('Connection aborted.', ConnectionResetError(104, 'Connection reset by peer'))
2025-05-13 21:11:21,892 ERROR   wandb-upload_1:608393 [internal_api.py:upload_file():2889] upload_file request headers: {'User-Agent': 'python-requests/2.32.3', 'Accept-Encoding': 'gzip, deflate, br, zstd', 'Accept': '*/*', 'Connection': 'keep-alive', 'Content-Length': '6271'}
2025-05-13 21:11:21,892 ERROR   wandb-upload_1:608393 [internal_api.py:upload_file():2891] upload_file response body: ''
2025-05-13 21:11:22,008 ERROR   wandb-upload_5:608393 [internal_api.py:upload_file():2887] upload_file exception https://storage.googleapis.com/wandb-production.appspot.com/OA-MBRL/moore-tdmpc2/ph5bgsnj/requirements.txt?X-Goog-Algorithm=GOOG4-RSA-SHA256&X-Goog-Credential=gorilla-files-url-signer-man%40wandb-production.iam.gserviceaccount.com%2F20250513%2Fauto%2Fstorage%2Fgoog4_request&X-Goog-Date=20250513T131053Z&X-Goog-Expires=86399&X-Goog-Signature=75154dbc73ca88b7d920096e6ccd8a73fcf9ef29fef3d3a7b6ed7a0dfb40ecef0e8c99ae0f119bc2e1b0bfa85dcbe8b4537e984ddd3c57385444d4c48fab60b564a2e38c8681083ed91e78ec55b1077ab74f8c24752c359eaa6e72e78d4213120965e7f177432e7f23afe612c7eb54b8871d76c966c0052e33a3de98607843d36eb7961908890f604fa53804d71e94e48c4109b33787aa7e1345bfd7b367fdb13d8018acad813f5fef18973172257a6a38f9d45df62ffafa9004f36b1970bfdc48a8565aa4033e5d37a14de2d0a9508bd1147381c042f24353cbabc04a42117525f12503433ebb81970af50fe365f2c823119aa5efa0e804e44b880ae2692fef&X-Goog-SignedHeaders=host&X-User=levi1024: ('Connection aborted.', ConnectionResetError(104, 'Connection reset by peer'))
2025-05-13 21:11:22,008 ERROR   wandb-upload_5:608393 [internal_api.py:upload_file():2889] upload_file request headers: {'User-Agent': 'python-requests/2.32.3', 'Accept-Encoding': 'gzip, deflate, br, zstd', 'Accept': '*/*', 'Connection': 'keep-alive', 'Content-Length': '2486'}
2025-05-13 21:11:22,008 ERROR   wandb-upload_5:608393 [internal_api.py:upload_file():2891] upload_file response body: ''
2025-05-13 21:11:31,491 ERROR   wandb-upload_0:608393 [internal_api.py:upload_file():2887] upload_file exception https://storage.googleapis.com/wandb-production.appspot.com/OA-MBRL/moore-tdmpc2/ph5bgsnj/wandb-metadata.json?X-Goog-Algorithm=GOOG4-RSA-SHA256&X-Goog-Credential=gorilla-files-url-signer-man%40wandb-production.iam.gserviceaccount.com%2F20250513%2Fauto%2Fstorage%2Fgoog4_request&X-Goog-Date=20250513T131045Z&X-Goog-Expires=86399&X-Goog-Signature=807631ad76775a88b3ecf7716251f15898e08c3bf028da344e84ddfe7ca1de55aad2a0d12c3ac3ae035ad2b4b6df0b0b72683310a27680f6346dcdd7fcd276011cb8cac9a9b53b3d4796aea8445cb74e671ebf054dcf0e5ed98dd9b97d8359f778b4c8aa0d00dc21278d141f6614fc86d1814154231a6b0b876a1b1325888132c5d74b5dabdc1d3d3839b7ff65780b5d50d42bbe1884edd6e96da1b71840c7ad3a7fc6f19f14d7b4e8529f4f3e2eb35bd63e287f685b2f0b1ae99b4466de43f7adc1a8201ca63ee039b3dfe6944eba3198f69512d110792370670f22d655ca415a3f115c2b2c37f217a332daa07b965436936aff98584c21c61fec36325bb2f0&X-Goog-SignedHeaders=host&X-User=levi1024: ('Connection aborted.', ConnectionResetError(104, 'Connection reset by peer'))
2025-05-13 21:11:31,491 ERROR   wandb-upload_0:608393 [internal_api.py:upload_file():2889] upload_file request headers: {'User-Agent': 'python-requests/2.32.3', 'Accept-Encoding': 'gzip, deflate, br, zstd', 'Accept': '*/*', 'Connection': 'keep-alive', 'Content-Length': '3849'}
2025-05-13 21:11:31,491 ERROR   wandb-upload_0:608393 [internal_api.py:upload_file():2891] upload_file response body: ''
2025-05-13 21:11:37,255 WARNING FileStreamThread:608393 [file_stream.py:request_with_retry():674] requests_with_retry encountered retryable exception: HTTPSConnectionPool(host='api.wandb.ai', port=443): Max retries exceeded with url: /files/OA-MBRL/moore-tdmpc2/ph5bgsnj/file_stream (Caused by ProxyError('Unable to connect to proxy', RemoteDisconnected('Remote end closed connection without response'))). func: <bound method Session.post of <requests.sessions.Session object at 0x7fabadfca670>>, args: ('https://api.wandb.ai/files/OA-MBRL/moore-tdmpc2/ph5bgsnj/file_stream',), kwargs: {'json': {'complete': False, 'failed': False, 'dropped': 0, 'uploaded': []}}
2025-05-13 21:11:44,529 ERROR   wandb-upload_4:608393 [internal_api.py:upload_file():2887] upload_file exception https://storage.googleapis.com/wandb-production.appspot.com/OA-MBRL/moore-tdmpc2/ph5bgsnj/config.yaml?X-Goog-Algorithm=GOOG4-RSA-SHA256&X-Goog-Credential=gorilla-files-url-signer-man%40wandb-production.iam.gserviceaccount.com%2F20250513%2Fauto%2Fstorage%2Fgoog4_request&X-Goog-Date=20250513T131053Z&X-Goog-Expires=86399&X-Goog-Signature=97c83f0e44dc72f91302f299f792b5c1b1064c42d9dd10b87fa0f9d362140b831a161ce6aaf32f4dee8c49f2b284e67cf95865c41b3a9640ed50fe00fefa52de8b57b7d07c9c467fc16062ffd6ebdebf1e9f4d55ea73ec68f6b6904d4aebfbcdcfe197a181beca4b9703f1397b08c42b649fb61d5c782eceb06197aa3be563098aef6be25c2dee14e4efa27f98042bffc0f98fabb9578e814bdf67822b0f9a4a75f1dc0cb2507e819269abc432993f3153f405b91a56fa38e7015f84f6453b5e4c153acac893368ef6e0adec2f9886bc32ed1f5fb8404a6384df36626ebebcbcdfef90c9a04cd269c9cfb5dd51ac1aa402b5051b86e4be49711f5cfb5d7a5bda&X-Goog-SignedHeaders=host&X-User=levi1024: ('Connection aborted.', ConnectionResetError(104, 'Connection reset by peer'))
2025-05-13 21:11:44,529 ERROR   wandb-upload_4:608393 [internal_api.py:upload_file():2889] upload_file request headers: {'User-Agent': 'python-requests/2.32.3', 'Accept-Encoding': 'gzip, deflate, br, zstd', 'Accept': '*/*', 'Connection': 'keep-alive', 'Content-Length': '3753'}
2025-05-13 21:11:44,529 ERROR   wandb-upload_4:608393 [internal_api.py:upload_file():2891] upload_file response body: ''
2025-05-13 21:11:44,726 ERROR   wandb-upload_2:608393 [internal_api.py:upload_file():2887] upload_file exception https://storage.googleapis.com/wandb-production.appspot.com/OA-MBRL/moore-tdmpc2/ph5bgsnj/wandb-summary.json?X-Goog-Algorithm=GOOG4-RSA-SHA256&X-Goog-Credential=gorilla-files-url-signer-man%40wandb-production.iam.gserviceaccount.com%2F20250513%2Fauto%2Fstorage%2Fgoog4_request&X-Goog-Date=20250513T131052Z&X-Goog-Expires=86399&X-Goog-Signature=2612164a434006919d98612b7ce6f5a25f6c4f7324ba345e91ab550b0b798f9986a9aa9b9598cb533bb6a25f0bacd97e6b7f321c804290dc60f93ccaf89abc41f7f3ef2350f0ad6df3860e21e804bed5856d5dd8edf7a90b7b1e780e2b8c0b0e714d34e9b848fdbe694e7a802fd31177cb2c1c8c84d3ae796464cb7d224dffb21c05b90fce5bb23af56df98a8de808bc58098a087efdfba61bec4cd29d3349416c4b9848a9518872a03b0c9c9ed54a86cde7a0062fe41f661e0455cdb9db8e074534eb753b210336419eac849585014c0c283b7fc9f0fb0e56cdd6051376971c3eb56cb9ecbe19ea5824a6b39da2623a7811d5345f27a0c5ff3340cecb2412b6&X-Goog-SignedHeaders=host&X-User=levi1024: ('Connection aborted.', ConnectionResetError(104, 'Connection reset by peer'))
2025-05-13 21:11:44,727 ERROR   wandb-upload_2:608393 [internal_api.py:upload_file():2889] upload_file request headers: {'User-Agent': 'python-requests/2.32.3', 'Accept-Encoding': 'gzip, deflate, br, zstd', 'Accept': '*/*', 'Connection': 'keep-alive', 'Content-Length': '26'}
2025-05-13 21:11:44,727 ERROR   wandb-upload_2:608393 [internal_api.py:upload_file():2891] upload_file response body: ''
2025-05-13 21:11:46,159 ERROR   wandb-upload_3:608393 [internal_api.py:upload_file():2887] upload_file exception https://storage.googleapis.com/wandb-production.appspot.com/OA-MBRL/moore-tdmpc2/ph5bgsnj/output.log?X-Goog-Algorithm=GOOG4-RSA-SHA256&X-Goog-Credential=gorilla-files-url-signer-man%40wandb-production.iam.gserviceaccount.com%2F20250513%2Fauto%2Fstorage%2Fgoog4_request&X-Goog-Date=20250513T131053Z&X-Goog-Expires=86399&X-Goog-Signature=6c5b5c4caed72c83b33e9e1deffdd3743b169530722f94ef3aff0f1dd5f1c5b2e18a29cb47a4743428c4c5e861ced181b0738b38e35a46feda127be83cfc5c205d10aa6dbc95aacbc829c4903bdc2af9b4bc1711dc1e858608f739c7c24f025684e0a123cb469e2392d707ad5166c14c47c6148c670dda045a0c125b5b3dc84cfab0e07d947843b0b0a91d6a1dede6ba26ddcaa87079d8aa3d846667b551bc2a2ba78fde7b00a21e620201cf7ae651759ad995a13ff662e7356d61ad7372846b98184e46aadbfbcc651882c149ee6be1a30623e044ecf5f17ed97f138d588bb3317c84b338066a2db2f01c86386434898d04fb5900735c7b43cb3b00c61f5d86&X-Goog-SignedHeaders=host&X-User=levi1024: ('Connection aborted.', ConnectionResetError(104, 'Connection reset by peer'))
2025-05-13 21:11:46,160 ERROR   wandb-upload_3:608393 [internal_api.py:upload_file():2889] upload_file request headers: {'User-Agent': 'python-requests/2.32.3', 'Accept-Encoding': 'gzip, deflate, br, zstd', 'Accept': '*/*', 'Connection': 'keep-alive', 'Content-Length': '4296'}
2025-05-13 21:11:46,160 ERROR   wandb-upload_3:608393 [internal_api.py:upload_file():2891] upload_file response body: ''
2025-05-13 21:11:46,422 ERROR   wandb-upload_1:608393 [internal_api.py:upload_file():2887] upload_file exception https://storage.googleapis.com/wandb-production.appspot.com/OA-MBRL/moore-tdmpc2/ph5bgsnj/conda-environment.yaml?X-Goog-Algorithm=GOOG4-RSA-SHA256&X-Goog-Credential=gorilla-files-url-signer-man%40wandb-production.iam.gserviceaccount.com%2F20250513%2Fauto%2Fstorage%2Fgoog4_request&X-Goog-Date=20250513T131052Z&X-Goog-Expires=86399&X-Goog-Signature=75b30f5bd67b731b9282a41688a6fe974cfc5f9d0a89e4e7e37c63842ced43aeda23bf91a61e2f910745ae7ebfa0ca9adac0589e2b7a376460bf4246b40440169c85188674374d8373998abf173c35e8fb55d153e1c854db5b2d8f79fc451e6288945447de973e3f1d42c5ef565c5931364051d5837eb489e735fed62e1651f5efb02eeaf80c68c5014badd68cf98d13570aa45ed9c5d5ddae17c12691ede5dcf27076d3cd5dfbc8744127acafb9e2c4ed25fcefaa8c3294bfdb8974b7a3eb9891663ca496f0ccc8ee5061b21db189aed60e5fc1afe2b27dd8014920fda63ae9a0d8cc138f440197ba53c04006c5bb185866cef8bfa7027c9186e184f19d93db&X-Goog-SignedHeaders=host&X-User=levi1024: ('Connection aborted.', ConnectionResetError(104, 'Connection reset by peer'))
2025-05-13 21:11:46,422 ERROR   wandb-upload_1:608393 [internal_api.py:upload_file():2889] upload_file request headers: {'User-Agent': 'python-requests/2.32.3', 'Accept-Encoding': 'gzip, deflate, br, zstd', 'Accept': '*/*', 'Connection': 'keep-alive', 'Content-Length': '6271'}
2025-05-13 21:11:46,422 ERROR   wandb-upload_1:608393 [internal_api.py:upload_file():2891] upload_file response body: ''
2025-05-13 21:11:47,699 WARNING FileStreamThread:608393 [file_stream.py:request_with_retry():674] requests_with_retry encountered retryable exception: ('Connection aborted.', ConnectionResetError(104, 'Connection reset by peer')). func: <bound method Session.post of <requests.sessions.Session object at 0x7fabadfca670>>, args: ('https://api.wandb.ai/files/OA-MBRL/moore-tdmpc2/ph5bgsnj/file_stream',), kwargs: {'json': {'complete': False, 'failed': False, 'dropped': 0, 'uploaded': []}}
2025-05-13 21:11:49,941 ERROR   wandb-upload_5:608393 [internal_api.py:upload_file():2887] upload_file exception https://storage.googleapis.com/wandb-production.appspot.com/OA-MBRL/moore-tdmpc2/ph5bgsnj/requirements.txt?X-Goog-Algorithm=GOOG4-RSA-SHA256&X-Goog-Credential=gorilla-files-url-signer-man%40wandb-production.iam.gserviceaccount.com%2F20250513%2Fauto%2Fstorage%2Fgoog4_request&X-Goog-Date=20250513T131053Z&X-Goog-Expires=86399&X-Goog-Signature=75154dbc73ca88b7d920096e6ccd8a73fcf9ef29fef3d3a7b6ed7a0dfb40ecef0e8c99ae0f119bc2e1b0bfa85dcbe8b4537e984ddd3c57385444d4c48fab60b564a2e38c8681083ed91e78ec55b1077ab74f8c24752c359eaa6e72e78d4213120965e7f177432e7f23afe612c7eb54b8871d76c966c0052e33a3de98607843d36eb7961908890f604fa53804d71e94e48c4109b33787aa7e1345bfd7b367fdb13d8018acad813f5fef18973172257a6a38f9d45df62ffafa9004f36b1970bfdc48a8565aa4033e5d37a14de2d0a9508bd1147381c042f24353cbabc04a42117525f12503433ebb81970af50fe365f2c823119aa5efa0e804e44b880ae2692fef&X-Goog-SignedHeaders=host&X-User=levi1024: ('Connection aborted.', ConnectionResetError(104, 'Connection reset by peer'))
2025-05-13 21:11:49,941 ERROR   wandb-upload_5:608393 [internal_api.py:upload_file():2889] upload_file request headers: {'User-Agent': 'python-requests/2.32.3', 'Accept-Encoding': 'gzip, deflate, br, zstd', 'Accept': '*/*', 'Connection': 'keep-alive', 'Content-Length': '2486'}
2025-05-13 21:11:49,941 ERROR   wandb-upload_5:608393 [internal_api.py:upload_file():2891] upload_file response body: ''
2025-05-13 21:12:00,672 WARNING FileStreamThread:608393 [file_stream.py:request_with_retry():674] requests_with_retry encountered retryable exception: ('Connection aborted.', ConnectionResetError(104, 'Connection reset by peer')). func: <bound method Session.post of <requests.sessions.Session object at 0x7fabadfca670>>, args: ('https://api.wandb.ai/files/OA-MBRL/moore-tdmpc2/ph5bgsnj/file_stream',), kwargs: {'json': {'complete': False, 'failed': False, 'dropped': 0, 'uploaded': []}}
2025-05-13 21:12:12,693 ERROR   wandb-upload_0:608393 [internal_api.py:upload_file():2887] upload_file exception https://storage.googleapis.com/wandb-production.appspot.com/OA-MBRL/moore-tdmpc2/ph5bgsnj/wandb-metadata.json?X-Goog-Algorithm=GOOG4-RSA-SHA256&X-Goog-Credential=gorilla-files-url-signer-man%40wandb-production.iam.gserviceaccount.com%2F20250513%2Fauto%2Fstorage%2Fgoog4_request&X-Goog-Date=20250513T131045Z&X-Goog-Expires=86399&X-Goog-Signature=807631ad76775a88b3ecf7716251f15898e08c3bf028da344e84ddfe7ca1de55aad2a0d12c3ac3ae035ad2b4b6df0b0b72683310a27680f6346dcdd7fcd276011cb8cac9a9b53b3d4796aea8445cb74e671ebf054dcf0e5ed98dd9b97d8359f778b4c8aa0d00dc21278d141f6614fc86d1814154231a6b0b876a1b1325888132c5d74b5dabdc1d3d3839b7ff65780b5d50d42bbe1884edd6e96da1b71840c7ad3a7fc6f19f14d7b4e8529f4f3e2eb35bd63e287f685b2f0b1ae99b4466de43f7adc1a8201ca63ee039b3dfe6944eba3198f69512d110792370670f22d655ca415a3f115c2b2c37f217a332daa07b965436936aff98584c21c61fec36325bb2f0&X-Goog-SignedHeaders=host&X-User=levi1024: HTTPSConnectionPool(host='storage.googleapis.com', port=443): Max retries exceeded with url: /wandb-production.appspot.com/OA-MBRL/moore-tdmpc2/ph5bgsnj/wandb-metadata.json?X-Goog-Algorithm=GOOG4-RSA-SHA256&X-Goog-Credential=gorilla-files-url-signer-man%40wandb-production.iam.gserviceaccount.com%2F20250513%2Fauto%2Fstorage%2Fgoog4_request&X-Goog-Date=20250513T131045Z&X-Goog-Expires=86399&X-Goog-Signature=807631ad76775a88b3ecf7716251f15898e08c3bf028da344e84ddfe7ca1de55aad2a0d12c3ac3ae035ad2b4b6df0b0b72683310a27680f6346dcdd7fcd276011cb8cac9a9b53b3d4796aea8445cb74e671ebf054dcf0e5ed98dd9b97d8359f778b4c8aa0d00dc21278d141f6614fc86d1814154231a6b0b876a1b1325888132c5d74b5dabdc1d3d3839b7ff65780b5d50d42bbe1884edd6e96da1b71840c7ad3a7fc6f19f14d7b4e8529f4f3e2eb35bd63e287f685b2f0b1ae99b4466de43f7adc1a8201ca63ee039b3dfe6944eba3198f69512d110792370670f22d655ca415a3f115c2b2c37f217a332daa07b965436936aff98584c21c61fec36325bb2f0&X-Goog-SignedHeaders=host&X-User=levi1024 (Caused by SSLError(SSLZeroReturnError(6, 'TLS/SSL connection has been closed (EOF) (_ssl.c:1147)')))
2025-05-13 21:12:12,693 ERROR   wandb-upload_0:608393 [internal_api.py:upload_file():2889] upload_file request headers: {'User-Agent': 'python-requests/2.32.3', 'Accept-Encoding': 'gzip, deflate, br, zstd', 'Accept': '*/*', 'Connection': 'keep-alive', 'Content-Length': '3849'}
2025-05-13 21:12:12,693 ERROR   wandb-upload_0:608393 [internal_api.py:upload_file():2891] upload_file response body: ''
2025-05-13 21:12:21,554 ERROR   wandb-upload_1:608393 [internal_api.py:upload_file():2887] upload_file exception https://storage.googleapis.com/wandb-production.appspot.com/OA-MBRL/moore-tdmpc2/ph5bgsnj/conda-environment.yaml?X-Goog-Algorithm=GOOG4-RSA-SHA256&X-Goog-Credential=gorilla-files-url-signer-man%40wandb-production.iam.gserviceaccount.com%2F20250513%2Fauto%2Fstorage%2Fgoog4_request&X-Goog-Date=20250513T131052Z&X-Goog-Expires=86399&X-Goog-Signature=75b30f5bd67b731b9282a41688a6fe974cfc5f9d0a89e4e7e37c63842ced43aeda23bf91a61e2f910745ae7ebfa0ca9adac0589e2b7a376460bf4246b40440169c85188674374d8373998abf173c35e8fb55d153e1c854db5b2d8f79fc451e6288945447de973e3f1d42c5ef565c5931364051d5837eb489e735fed62e1651f5efb02eeaf80c68c5014badd68cf98d13570aa45ed9c5d5ddae17c12691ede5dcf27076d3cd5dfbc8744127acafb9e2c4ed25fcefaa8c3294bfdb8974b7a3eb9891663ca496f0ccc8ee5061b21db189aed60e5fc1afe2b27dd8014920fda63ae9a0d8cc138f440197ba53c04006c5bb185866cef8bfa7027c9186e184f19d93db&X-Goog-SignedHeaders=host&X-User=levi1024: HTTPSConnectionPool(host='storage.googleapis.com', port=443): Max retries exceeded with url: /wandb-production.appspot.com/OA-MBRL/moore-tdmpc2/ph5bgsnj/conda-environment.yaml?X-Goog-Algorithm=GOOG4-RSA-SHA256&X-Goog-Credential=gorilla-files-url-signer-man%40wandb-production.iam.gserviceaccount.com%2F20250513%2Fauto%2Fstorage%2Fgoog4_request&X-Goog-Date=20250513T131052Z&X-Goog-Expires=86399&X-Goog-Signature=75b30f5bd67b731b9282a41688a6fe974cfc5f9d0a89e4e7e37c63842ced43aeda23bf91a61e2f910745ae7ebfa0ca9adac0589e2b7a376460bf4246b40440169c85188674374d8373998abf173c35e8fb55d153e1c854db5b2d8f79fc451e6288945447de973e3f1d42c5ef565c5931364051d5837eb489e735fed62e1651f5efb02eeaf80c68c5014badd68cf98d13570aa45ed9c5d5ddae17c12691ede5dcf27076d3cd5dfbc8744127acafb9e2c4ed25fcefaa8c3294bfdb8974b7a3eb9891663ca496f0ccc8ee5061b21db189aed60e5fc1afe2b27dd8014920fda63ae9a0d8cc138f440197ba53c04006c5bb185866cef8bfa7027c9186e184f19d93db&X-Goog-SignedHeaders=host&X-User=levi1024 (Caused by SSLError(SSLZeroReturnError(6, 'TLS/SSL connection has been closed (EOF) (_ssl.c:1147)')))
2025-05-13 21:12:21,554 ERROR   wandb-upload_1:608393 [internal_api.py:upload_file():2889] upload_file request headers: {'User-Agent': 'python-requests/2.32.3', 'Accept-Encoding': 'gzip, deflate, br, zstd', 'Accept': '*/*', 'Connection': 'keep-alive', 'Content-Length': '6271'}
2025-05-13 21:12:21,554 ERROR   wandb-upload_1:608393 [internal_api.py:upload_file():2891] upload_file response body: ''
2025-05-13 21:12:31,790 ERROR   wandb-upload_4:608393 [internal_api.py:upload_file():2887] upload_file exception https://storage.googleapis.com/wandb-production.appspot.com/OA-MBRL/moore-tdmpc2/ph5bgsnj/config.yaml?X-Goog-Algorithm=GOOG4-RSA-SHA256&X-Goog-Credential=gorilla-files-url-signer-man%40wandb-production.iam.gserviceaccount.com%2F20250513%2Fauto%2Fstorage%2Fgoog4_request&X-Goog-Date=20250513T131053Z&X-Goog-Expires=86399&X-Goog-Signature=97c83f0e44dc72f91302f299f792b5c1b1064c42d9dd10b87fa0f9d362140b831a161ce6aaf32f4dee8c49f2b284e67cf95865c41b3a9640ed50fe00fefa52de8b57b7d07c9c467fc16062ffd6ebdebf1e9f4d55ea73ec68f6b6904d4aebfbcdcfe197a181beca4b9703f1397b08c42b649fb61d5c782eceb06197aa3be563098aef6be25c2dee14e4efa27f98042bffc0f98fabb9578e814bdf67822b0f9a4a75f1dc0cb2507e819269abc432993f3153f405b91a56fa38e7015f84f6453b5e4c153acac893368ef6e0adec2f9886bc32ed1f5fb8404a6384df36626ebebcbcdfef90c9a04cd269c9cfb5dd51ac1aa402b5051b86e4be49711f5cfb5d7a5bda&X-Goog-SignedHeaders=host&X-User=levi1024: ('Connection aborted.', ConnectionResetError(104, 'Connection reset by peer'))
2025-05-13 21:12:31,790 ERROR   wandb-upload_4:608393 [internal_api.py:upload_file():2889] upload_file request headers: {'User-Agent': 'python-requests/2.32.3', 'Accept-Encoding': 'gzip, deflate, br, zstd', 'Accept': '*/*', 'Connection': 'keep-alive', 'Content-Length': '3753'}
2025-05-13 21:12:31,790 ERROR   wandb-upload_4:608393 [internal_api.py:upload_file():2891] upload_file response body: ''
2025-05-13 21:12:32,588 ERROR   wandb-upload_2:608393 [internal_api.py:upload_file():2887] upload_file exception https://storage.googleapis.com/wandb-production.appspot.com/OA-MBRL/moore-tdmpc2/ph5bgsnj/wandb-summary.json?X-Goog-Algorithm=GOOG4-RSA-SHA256&X-Goog-Credential=gorilla-files-url-signer-man%40wandb-production.iam.gserviceaccount.com%2F20250513%2Fauto%2Fstorage%2Fgoog4_request&X-Goog-Date=20250513T131052Z&X-Goog-Expires=86399&X-Goog-Signature=2612164a434006919d98612b7ce6f5a25f6c4f7324ba345e91ab550b0b798f9986a9aa9b9598cb533bb6a25f0bacd97e6b7f321c804290dc60f93ccaf89abc41f7f3ef2350f0ad6df3860e21e804bed5856d5dd8edf7a90b7b1e780e2b8c0b0e714d34e9b848fdbe694e7a802fd31177cb2c1c8c84d3ae796464cb7d224dffb21c05b90fce5bb23af56df98a8de808bc58098a087efdfba61bec4cd29d3349416c4b9848a9518872a03b0c9c9ed54a86cde7a0062fe41f661e0455cdb9db8e074534eb753b210336419eac849585014c0c283b7fc9f0fb0e56cdd6051376971c3eb56cb9ecbe19ea5824a6b39da2623a7811d5345f27a0c5ff3340cecb2412b6&X-Goog-SignedHeaders=host&X-User=levi1024: ('Connection aborted.', ConnectionResetError(104, 'Connection reset by peer'))
2025-05-13 21:12:32,588 ERROR   wandb-upload_2:608393 [internal_api.py:upload_file():2889] upload_file request headers: {'User-Agent': 'python-requests/2.32.3', 'Accept-Encoding': 'gzip, deflate, br, zstd', 'Accept': '*/*', 'Connection': 'keep-alive', 'Content-Length': '26'}
2025-05-13 21:12:32,588 ERROR   wandb-upload_2:608393 [internal_api.py:upload_file():2891] upload_file response body: ''
2025-05-13 21:12:33,113 ERROR   wandb-upload_3:608393 [internal_api.py:upload_file():2887] upload_file exception https://storage.googleapis.com/wandb-production.appspot.com/OA-MBRL/moore-tdmpc2/ph5bgsnj/output.log?X-Goog-Algorithm=GOOG4-RSA-SHA256&X-Goog-Credential=gorilla-files-url-signer-man%40wandb-production.iam.gserviceaccount.com%2F20250513%2Fauto%2Fstorage%2Fgoog4_request&X-Goog-Date=20250513T131053Z&X-Goog-Expires=86399&X-Goog-Signature=6c5b5c4caed72c83b33e9e1deffdd3743b169530722f94ef3aff0f1dd5f1c5b2e18a29cb47a4743428c4c5e861ced181b0738b38e35a46feda127be83cfc5c205d10aa6dbc95aacbc829c4903bdc2af9b4bc1711dc1e858608f739c7c24f025684e0a123cb469e2392d707ad5166c14c47c6148c670dda045a0c125b5b3dc84cfab0e07d947843b0b0a91d6a1dede6ba26ddcaa87079d8aa3d846667b551bc2a2ba78fde7b00a21e620201cf7ae651759ad995a13ff662e7356d61ad7372846b98184e46aadbfbcc651882c149ee6be1a30623e044ecf5f17ed97f138d588bb3317c84b338066a2db2f01c86386434898d04fb5900735c7b43cb3b00c61f5d86&X-Goog-SignedHeaders=host&X-User=levi1024: ('Connection aborted.', ConnectionResetError(104, 'Connection reset by peer'))
2025-05-13 21:12:33,113 ERROR   wandb-upload_3:608393 [internal_api.py:upload_file():2889] upload_file request headers: {'User-Agent': 'python-requests/2.32.3', 'Accept-Encoding': 'gzip, deflate, br, zstd', 'Accept': '*/*', 'Connection': 'keep-alive', 'Content-Length': '4296'}
2025-05-13 21:12:33,113 ERROR   wandb-upload_3:608393 [internal_api.py:upload_file():2891] upload_file response body: ''
2025-05-13 21:12:33,997 ERROR   wandb-upload_5:608393 [internal_api.py:upload_file():2887] upload_file exception https://storage.googleapis.com/wandb-production.appspot.com/OA-MBRL/moore-tdmpc2/ph5bgsnj/requirements.txt?X-Goog-Algorithm=GOOG4-RSA-SHA256&X-Goog-Credential=gorilla-files-url-signer-man%40wandb-production.iam.gserviceaccount.com%2F20250513%2Fauto%2Fstorage%2Fgoog4_request&X-Goog-Date=20250513T131053Z&X-Goog-Expires=86399&X-Goog-Signature=75154dbc73ca88b7d920096e6ccd8a73fcf9ef29fef3d3a7b6ed7a0dfb40ecef0e8c99ae0f119bc2e1b0bfa85dcbe8b4537e984ddd3c57385444d4c48fab60b564a2e38c8681083ed91e78ec55b1077ab74f8c24752c359eaa6e72e78d4213120965e7f177432e7f23afe612c7eb54b8871d76c966c0052e33a3de98607843d36eb7961908890f604fa53804d71e94e48c4109b33787aa7e1345bfd7b367fdb13d8018acad813f5fef18973172257a6a38f9d45df62ffafa9004f36b1970bfdc48a8565aa4033e5d37a14de2d0a9508bd1147381c042f24353cbabc04a42117525f12503433ebb81970af50fe365f2c823119aa5efa0e804e44b880ae2692fef&X-Goog-SignedHeaders=host&X-User=levi1024: ('Connection aborted.', ConnectionResetError(104, 'Connection reset by peer'))
2025-05-13 21:12:33,997 ERROR   wandb-upload_5:608393 [internal_api.py:upload_file():2889] upload_file request headers: {'User-Agent': 'python-requests/2.32.3', 'Accept-Encoding': 'gzip, deflate, br, zstd', 'Accept': '*/*', 'Connection': 'keep-alive', 'Content-Length': '2486'}
2025-05-13 21:12:33,997 ERROR   wandb-upload_5:608393 [internal_api.py:upload_file():2891] upload_file response body: ''
2025-05-13 21:13:36,657 ERROR   wandb-upload_0:608393 [internal_api.py:upload_file():2887] upload_file exception https://storage.googleapis.com/wandb-production.appspot.com/OA-MBRL/moore-tdmpc2/ph5bgsnj/wandb-metadata.json?X-Goog-Algorithm=GOOG4-RSA-SHA256&X-Goog-Credential=gorilla-files-url-signer-man%40wandb-production.iam.gserviceaccount.com%2F20250513%2Fauto%2Fstorage%2Fgoog4_request&X-Goog-Date=20250513T131045Z&X-Goog-Expires=86399&X-Goog-Signature=807631ad76775a88b3ecf7716251f15898e08c3bf028da344e84ddfe7ca1de55aad2a0d12c3ac3ae035ad2b4b6df0b0b72683310a27680f6346dcdd7fcd276011cb8cac9a9b53b3d4796aea8445cb74e671ebf054dcf0e5ed98dd9b97d8359f778b4c8aa0d00dc21278d141f6614fc86d1814154231a6b0b876a1b1325888132c5d74b5dabdc1d3d3839b7ff65780b5d50d42bbe1884edd6e96da1b71840c7ad3a7fc6f19f14d7b4e8529f4f3e2eb35bd63e287f685b2f0b1ae99b4466de43f7adc1a8201ca63ee039b3dfe6944eba3198f69512d110792370670f22d655ca415a3f115c2b2c37f217a332daa07b965436936aff98584c21c61fec36325bb2f0&X-Goog-SignedHeaders=host&X-User=levi1024: ('Connection aborted.', ConnectionResetError(104, 'Connection reset by peer'))
2025-05-13 21:13:36,657 ERROR   wandb-upload_0:608393 [internal_api.py:upload_file():2889] upload_file request headers: {'User-Agent': 'python-requests/2.32.3', 'Accept-Encoding': 'gzip, deflate, br, zstd', 'Accept': '*/*', 'Connection': 'keep-alive', 'Content-Length': '3849'}
2025-05-13 21:13:36,657 ERROR   wandb-upload_0:608393 [internal_api.py:upload_file():2891] upload_file response body: ''
2025-05-13 21:13:38,699 ERROR   wandb-upload_1:608393 [internal_api.py:upload_file():2887] upload_file exception https://storage.googleapis.com/wandb-production.appspot.com/OA-MBRL/moore-tdmpc2/ph5bgsnj/conda-environment.yaml?X-Goog-Algorithm=GOOG4-RSA-SHA256&X-Goog-Credential=gorilla-files-url-signer-man%40wandb-production.iam.gserviceaccount.com%2F20250513%2Fauto%2Fstorage%2Fgoog4_request&X-Goog-Date=20250513T131052Z&X-Goog-Expires=86399&X-Goog-Signature=75b30f5bd67b731b9282a41688a6fe974cfc5f9d0a89e4e7e37c63842ced43aeda23bf91a61e2f910745ae7ebfa0ca9adac0589e2b7a376460bf4246b40440169c85188674374d8373998abf173c35e8fb55d153e1c854db5b2d8f79fc451e6288945447de973e3f1d42c5ef565c5931364051d5837eb489e735fed62e1651f5efb02eeaf80c68c5014badd68cf98d13570aa45ed9c5d5ddae17c12691ede5dcf27076d3cd5dfbc8744127acafb9e2c4ed25fcefaa8c3294bfdb8974b7a3eb9891663ca496f0ccc8ee5061b21db189aed60e5fc1afe2b27dd8014920fda63ae9a0d8cc138f440197ba53c04006c5bb185866cef8bfa7027c9186e184f19d93db&X-Goog-SignedHeaders=host&X-User=levi1024: ('Connection aborted.', ConnectionResetError(104, 'Connection reset by peer'))
2025-05-13 21:13:38,699 ERROR   wandb-upload_1:608393 [internal_api.py:upload_file():2889] upload_file request headers: {'User-Agent': 'python-requests/2.32.3', 'Accept-Encoding': 'gzip, deflate, br, zstd', 'Accept': '*/*', 'Connection': 'keep-alive', 'Content-Length': '6271'}
2025-05-13 21:13:38,699 ERROR   wandb-upload_1:608393 [internal_api.py:upload_file():2891] upload_file response body: ''
2025-05-13 21:13:48,017 ERROR   wandb-upload_3:608393 [internal_api.py:upload_file():2887] upload_file exception https://storage.googleapis.com/wandb-production.appspot.com/OA-MBRL/moore-tdmpc2/ph5bgsnj/output.log?X-Goog-Algorithm=GOOG4-RSA-SHA256&X-Goog-Credential=gorilla-files-url-signer-man%40wandb-production.iam.gserviceaccount.com%2F20250513%2Fauto%2Fstorage%2Fgoog4_request&X-Goog-Date=20250513T131053Z&X-Goog-Expires=86399&X-Goog-Signature=6c5b5c4caed72c83b33e9e1deffdd3743b169530722f94ef3aff0f1dd5f1c5b2e18a29cb47a4743428c4c5e861ced181b0738b38e35a46feda127be83cfc5c205d10aa6dbc95aacbc829c4903bdc2af9b4bc1711dc1e858608f739c7c24f025684e0a123cb469e2392d707ad5166c14c47c6148c670dda045a0c125b5b3dc84cfab0e07d947843b0b0a91d6a1dede6ba26ddcaa87079d8aa3d846667b551bc2a2ba78fde7b00a21e620201cf7ae651759ad995a13ff662e7356d61ad7372846b98184e46aadbfbcc651882c149ee6be1a30623e044ecf5f17ed97f138d588bb3317c84b338066a2db2f01c86386434898d04fb5900735c7b43cb3b00c61f5d86&X-Goog-SignedHeaders=host&X-User=levi1024: ('Connection aborted.', ConnectionResetError(104, 'Connection reset by peer'))
2025-05-13 21:13:48,017 ERROR   wandb-upload_3:608393 [internal_api.py:upload_file():2889] upload_file request headers: {'User-Agent': 'python-requests/2.32.3', 'Accept-Encoding': 'gzip, deflate, br, zstd', 'Accept': '*/*', 'Connection': 'keep-alive', 'Content-Length': '4296'}
2025-05-13 21:13:48,017 ERROR   wandb-upload_3:608393 [internal_api.py:upload_file():2891] upload_file response body: ''
2025-05-13 21:13:49,659 ERROR   wandb-upload_4:608393 [internal_api.py:upload_file():2887] upload_file exception https://storage.googleapis.com/wandb-production.appspot.com/OA-MBRL/moore-tdmpc2/ph5bgsnj/config.yaml?X-Goog-Algorithm=GOOG4-RSA-SHA256&X-Goog-Credential=gorilla-files-url-signer-man%40wandb-production.iam.gserviceaccount.com%2F20250513%2Fauto%2Fstorage%2Fgoog4_request&X-Goog-Date=20250513T131053Z&X-Goog-Expires=86399&X-Goog-Signature=97c83f0e44dc72f91302f299f792b5c1b1064c42d9dd10b87fa0f9d362140b831a161ce6aaf32f4dee8c49f2b284e67cf95865c41b3a9640ed50fe00fefa52de8b57b7d07c9c467fc16062ffd6ebdebf1e9f4d55ea73ec68f6b6904d4aebfbcdcfe197a181beca4b9703f1397b08c42b649fb61d5c782eceb06197aa3be563098aef6be25c2dee14e4efa27f98042bffc0f98fabb9578e814bdf67822b0f9a4a75f1dc0cb2507e819269abc432993f3153f405b91a56fa38e7015f84f6453b5e4c153acac893368ef6e0adec2f9886bc32ed1f5fb8404a6384df36626ebebcbcdfef90c9a04cd269c9cfb5dd51ac1aa402b5051b86e4be49711f5cfb5d7a5bda&X-Goog-SignedHeaders=host&X-User=levi1024: ('Connection aborted.', ConnectionResetError(104, 'Connection reset by peer'))
2025-05-13 21:13:49,659 ERROR   wandb-upload_4:608393 [internal_api.py:upload_file():2889] upload_file request headers: {'User-Agent': 'python-requests/2.32.3', 'Accept-Encoding': 'gzip, deflate, br, zstd', 'Accept': '*/*', 'Connection': 'keep-alive', 'Content-Length': '3753'}
2025-05-13 21:13:49,659 ERROR   wandb-upload_4:608393 [internal_api.py:upload_file():2891] upload_file response body: ''
2025-05-13 21:13:55,450 ERROR   wandb-upload_2:608393 [internal_api.py:upload_file():2887] upload_file exception https://storage.googleapis.com/wandb-production.appspot.com/OA-MBRL/moore-tdmpc2/ph5bgsnj/wandb-summary.json?X-Goog-Algorithm=GOOG4-RSA-SHA256&X-Goog-Credential=gorilla-files-url-signer-man%40wandb-production.iam.gserviceaccount.com%2F20250513%2Fauto%2Fstorage%2Fgoog4_request&X-Goog-Date=20250513T131052Z&X-Goog-Expires=86399&X-Goog-Signature=2612164a434006919d98612b7ce6f5a25f6c4f7324ba345e91ab550b0b798f9986a9aa9b9598cb533bb6a25f0bacd97e6b7f321c804290dc60f93ccaf89abc41f7f3ef2350f0ad6df3860e21e804bed5856d5dd8edf7a90b7b1e780e2b8c0b0e714d34e9b848fdbe694e7a802fd31177cb2c1c8c84d3ae796464cb7d224dffb21c05b90fce5bb23af56df98a8de808bc58098a087efdfba61bec4cd29d3349416c4b9848a9518872a03b0c9c9ed54a86cde7a0062fe41f661e0455cdb9db8e074534eb753b210336419eac849585014c0c283b7fc9f0fb0e56cdd6051376971c3eb56cb9ecbe19ea5824a6b39da2623a7811d5345f27a0c5ff3340cecb2412b6&X-Goog-SignedHeaders=host&X-User=levi1024: ('Connection aborted.', ConnectionResetError(104, 'Connection reset by peer'))
2025-05-13 21:13:55,450 ERROR   wandb-upload_2:608393 [internal_api.py:upload_file():2889] upload_file request headers: {'User-Agent': 'python-requests/2.32.3', 'Accept-Encoding': 'gzip, deflate, br, zstd', 'Accept': '*/*', 'Connection': 'keep-alive', 'Content-Length': '26'}
2025-05-13 21:13:55,450 ERROR   wandb-upload_2:608393 [internal_api.py:upload_file():2891] upload_file response body: ''
2025-05-13 21:13:57,140 ERROR   wandb-upload_5:608393 [internal_api.py:upload_file():2887] upload_file exception https://storage.googleapis.com/wandb-production.appspot.com/OA-MBRL/moore-tdmpc2/ph5bgsnj/requirements.txt?X-Goog-Algorithm=GOOG4-RSA-SHA256&X-Goog-Credential=gorilla-files-url-signer-man%40wandb-production.iam.gserviceaccount.com%2F20250513%2Fauto%2Fstorage%2Fgoog4_request&X-Goog-Date=20250513T131053Z&X-Goog-Expires=86399&X-Goog-Signature=75154dbc73ca88b7d920096e6ccd8a73fcf9ef29fef3d3a7b6ed7a0dfb40ecef0e8c99ae0f119bc2e1b0bfa85dcbe8b4537e984ddd3c57385444d4c48fab60b564a2e38c8681083ed91e78ec55b1077ab74f8c24752c359eaa6e72e78d4213120965e7f177432e7f23afe612c7eb54b8871d76c966c0052e33a3de98607843d36eb7961908890f604fa53804d71e94e48c4109b33787aa7e1345bfd7b367fdb13d8018acad813f5fef18973172257a6a38f9d45df62ffafa9004f36b1970bfdc48a8565aa4033e5d37a14de2d0a9508bd1147381c042f24353cbabc04a42117525f12503433ebb81970af50fe365f2c823119aa5efa0e804e44b880ae2692fef&X-Goog-SignedHeaders=host&X-User=levi1024: ('Connection aborted.', ConnectionResetError(104, 'Connection reset by peer'))
2025-05-13 21:13:57,140 ERROR   wandb-upload_5:608393 [internal_api.py:upload_file():2889] upload_file request headers: {'User-Agent': 'python-requests/2.32.3', 'Accept-Encoding': 'gzip, deflate, br, zstd', 'Accept': '*/*', 'Connection': 'keep-alive', 'Content-Length': '2486'}
2025-05-13 21:13:57,140 ERROR   wandb-upload_5:608393 [internal_api.py:upload_file():2891] upload_file response body: ''
2025-05-13 21:16:06,373 ERROR   wandb-upload_4:608393 [internal_api.py:upload_file():2887] upload_file exception https://storage.googleapis.com/wandb-production.appspot.com/OA-MBRL/moore-tdmpc2/ph5bgsnj/config.yaml?X-Goog-Algorithm=GOOG4-RSA-SHA256&X-Goog-Credential=gorilla-files-url-signer-man%40wandb-production.iam.gserviceaccount.com%2F20250513%2Fauto%2Fstorage%2Fgoog4_request&X-Goog-Date=20250513T131053Z&X-Goog-Expires=86399&X-Goog-Signature=97c83f0e44dc72f91302f299f792b5c1b1064c42d9dd10b87fa0f9d362140b831a161ce6aaf32f4dee8c49f2b284e67cf95865c41b3a9640ed50fe00fefa52de8b57b7d07c9c467fc16062ffd6ebdebf1e9f4d55ea73ec68f6b6904d4aebfbcdcfe197a181beca4b9703f1397b08c42b649fb61d5c782eceb06197aa3be563098aef6be25c2dee14e4efa27f98042bffc0f98fabb9578e814bdf67822b0f9a4a75f1dc0cb2507e819269abc432993f3153f405b91a56fa38e7015f84f6453b5e4c153acac893368ef6e0adec2f9886bc32ed1f5fb8404a6384df36626ebebcbcdfef90c9a04cd269c9cfb5dd51ac1aa402b5051b86e4be49711f5cfb5d7a5bda&X-Goog-SignedHeaders=host&X-User=levi1024: ('Connection aborted.', ConnectionResetError(104, 'Connection reset by peer'))
2025-05-13 21:16:06,373 ERROR   wandb-upload_4:608393 [internal_api.py:upload_file():2889] upload_file request headers: {'User-Agent': 'python-requests/2.32.3', 'Accept-Encoding': 'gzip, deflate, br, zstd', 'Accept': '*/*', 'Connection': 'keep-alive', 'Content-Length': '3753'}
2025-05-13 21:16:06,373 ERROR   wandb-upload_4:608393 [internal_api.py:upload_file():2891] upload_file response body: ''
2025-05-13 21:16:09,154 ERROR   wandb-upload_3:608393 [internal_api.py:upload_file():2887] upload_file exception https://storage.googleapis.com/wandb-production.appspot.com/OA-MBRL/moore-tdmpc2/ph5bgsnj/output.log?X-Goog-Algorithm=GOOG4-RSA-SHA256&X-Goog-Credential=gorilla-files-url-signer-man%40wandb-production.iam.gserviceaccount.com%2F20250513%2Fauto%2Fstorage%2Fgoog4_request&X-Goog-Date=20250513T131053Z&X-Goog-Expires=86399&X-Goog-Signature=6c5b5c4caed72c83b33e9e1deffdd3743b169530722f94ef3aff0f1dd5f1c5b2e18a29cb47a4743428c4c5e861ced181b0738b38e35a46feda127be83cfc5c205d10aa6dbc95aacbc829c4903bdc2af9b4bc1711dc1e858608f739c7c24f025684e0a123cb469e2392d707ad5166c14c47c6148c670dda045a0c125b5b3dc84cfab0e07d947843b0b0a91d6a1dede6ba26ddcaa87079d8aa3d846667b551bc2a2ba78fde7b00a21e620201cf7ae651759ad995a13ff662e7356d61ad7372846b98184e46aadbfbcc651882c149ee6be1a30623e044ecf5f17ed97f138d588bb3317c84b338066a2db2f01c86386434898d04fb5900735c7b43cb3b00c61f5d86&X-Goog-SignedHeaders=host&X-User=levi1024: ('Connection aborted.', ConnectionResetError(104, 'Connection reset by peer'))
2025-05-13 21:16:09,154 ERROR   wandb-upload_3:608393 [internal_api.py:upload_file():2889] upload_file request headers: {'User-Agent': 'python-requests/2.32.3', 'Accept-Encoding': 'gzip, deflate, br, zstd', 'Accept': '*/*', 'Connection': 'keep-alive', 'Content-Length': '4296'}
2025-05-13 21:16:09,154 ERROR   wandb-upload_3:608393 [internal_api.py:upload_file():2891] upload_file response body: ''
2025-05-13 21:16:14,798 ERROR   wandb-upload_0:608393 [internal_api.py:upload_file():2887] upload_file exception https://storage.googleapis.com/wandb-production.appspot.com/OA-MBRL/moore-tdmpc2/ph5bgsnj/wandb-metadata.json?X-Goog-Algorithm=GOOG4-RSA-SHA256&X-Goog-Credential=gorilla-files-url-signer-man%40wandb-production.iam.gserviceaccount.com%2F20250513%2Fauto%2Fstorage%2Fgoog4_request&X-Goog-Date=20250513T131045Z&X-Goog-Expires=86399&X-Goog-Signature=807631ad76775a88b3ecf7716251f15898e08c3bf028da344e84ddfe7ca1de55aad2a0d12c3ac3ae035ad2b4b6df0b0b72683310a27680f6346dcdd7fcd276011cb8cac9a9b53b3d4796aea8445cb74e671ebf054dcf0e5ed98dd9b97d8359f778b4c8aa0d00dc21278d141f6614fc86d1814154231a6b0b876a1b1325888132c5d74b5dabdc1d3d3839b7ff65780b5d50d42bbe1884edd6e96da1b71840c7ad3a7fc6f19f14d7b4e8529f4f3e2eb35bd63e287f685b2f0b1ae99b4466de43f7adc1a8201ca63ee039b3dfe6944eba3198f69512d110792370670f22d655ca415a3f115c2b2c37f217a332daa07b965436936aff98584c21c61fec36325bb2f0&X-Goog-SignedHeaders=host&X-User=levi1024: ('Connection aborted.', ConnectionResetError(104, 'Connection reset by peer'))
2025-05-13 21:16:14,798 ERROR   wandb-upload_0:608393 [internal_api.py:upload_file():2889] upload_file request headers: {'User-Agent': 'python-requests/2.32.3', 'Accept-Encoding': 'gzip, deflate, br, zstd', 'Accept': '*/*', 'Connection': 'keep-alive', 'Content-Length': '3849'}
2025-05-13 21:16:14,798 ERROR   wandb-upload_0:608393 [internal_api.py:upload_file():2891] upload_file response body: ''
2025-05-13 21:16:16,815 WARNING FileStreamThread:608393 [file_stream.py:request_with_retry():674] requests_with_retry encountered retryable exception: HTTPSConnectionPool(host='api.wandb.ai', port=443): Max retries exceeded with url: /files/OA-MBRL/moore-tdmpc2/ph5bgsnj/file_stream (Caused by ProxyError('Unable to connect to proxy', RemoteDisconnected('Remote end closed connection without response'))). func: <bound method Session.post of <requests.sessions.Session object at 0x7fabadfca670>>, args: ('https://api.wandb.ai/files/OA-MBRL/moore-tdmpc2/ph5bgsnj/file_stream',), kwargs: {'json': {'complete': False, 'failed': False, 'dropped': 0, 'uploaded': []}}
2025-05-13 21:16:16,844 ERROR   wandb-upload_1:608393 [internal_api.py:upload_file():2887] upload_file exception https://storage.googleapis.com/wandb-production.appspot.com/OA-MBRL/moore-tdmpc2/ph5bgsnj/conda-environment.yaml?X-Goog-Algorithm=GOOG4-RSA-SHA256&X-Goog-Credential=gorilla-files-url-signer-man%40wandb-production.iam.gserviceaccount.com%2F20250513%2Fauto%2Fstorage%2Fgoog4_request&X-Goog-Date=20250513T131052Z&X-Goog-Expires=86399&X-Goog-Signature=75b30f5bd67b731b9282a41688a6fe974cfc5f9d0a89e4e7e37c63842ced43aeda23bf91a61e2f910745ae7ebfa0ca9adac0589e2b7a376460bf4246b40440169c85188674374d8373998abf173c35e8fb55d153e1c854db5b2d8f79fc451e6288945447de973e3f1d42c5ef565c5931364051d5837eb489e735fed62e1651f5efb02eeaf80c68c5014badd68cf98d13570aa45ed9c5d5ddae17c12691ede5dcf27076d3cd5dfbc8744127acafb9e2c4ed25fcefaa8c3294bfdb8974b7a3eb9891663ca496f0ccc8ee5061b21db189aed60e5fc1afe2b27dd8014920fda63ae9a0d8cc138f440197ba53c04006c5bb185866cef8bfa7027c9186e184f19d93db&X-Goog-SignedHeaders=host&X-User=levi1024: ('Connection aborted.', ConnectionResetError(104, 'Connection reset by peer'))
2025-05-13 21:16:16,844 ERROR   wandb-upload_1:608393 [internal_api.py:upload_file():2889] upload_file request headers: {'User-Agent': 'python-requests/2.32.3', 'Accept-Encoding': 'gzip, deflate, br, zstd', 'Accept': '*/*', 'Connection': 'keep-alive', 'Content-Length': '6271'}
2025-05-13 21:16:16,844 ERROR   wandb-upload_1:608393 [internal_api.py:upload_file():2891] upload_file response body: ''
2025-05-13 21:16:27,061 WARNING FileStreamThread:608393 [file_stream.py:request_with_retry():674] requests_with_retry encountered retryable exception: ('Connection aborted.', ConnectionResetError(104, 'Connection reset by peer')). func: <bound method Session.post of <requests.sessions.Session object at 0x7fabadfca670>>, args: ('https://api.wandb.ai/files/OA-MBRL/moore-tdmpc2/ph5bgsnj/file_stream',), kwargs: {'json': {'complete': False, 'failed': False, 'dropped': 0, 'uploaded': []}}
2025-05-13 21:16:35,881 ERROR   wandb-upload_2:608393 [internal_api.py:upload_file():2887] upload_file exception https://storage.googleapis.com/wandb-production.appspot.com/OA-MBRL/moore-tdmpc2/ph5bgsnj/wandb-summary.json?X-Goog-Algorithm=GOOG4-RSA-SHA256&X-Goog-Credential=gorilla-files-url-signer-man%40wandb-production.iam.gserviceaccount.com%2F20250513%2Fauto%2Fstorage%2Fgoog4_request&X-Goog-Date=20250513T131052Z&X-Goog-Expires=86399&X-Goog-Signature=2612164a434006919d98612b7ce6f5a25f6c4f7324ba345e91ab550b0b798f9986a9aa9b9598cb533bb6a25f0bacd97e6b7f321c804290dc60f93ccaf89abc41f7f3ef2350f0ad6df3860e21e804bed5856d5dd8edf7a90b7b1e780e2b8c0b0e714d34e9b848fdbe694e7a802fd31177cb2c1c8c84d3ae796464cb7d224dffb21c05b90fce5bb23af56df98a8de808bc58098a087efdfba61bec4cd29d3349416c4b9848a9518872a03b0c9c9ed54a86cde7a0062fe41f661e0455cdb9db8e074534eb753b210336419eac849585014c0c283b7fc9f0fb0e56cdd6051376971c3eb56cb9ecbe19ea5824a6b39da2623a7811d5345f27a0c5ff3340cecb2412b6&X-Goog-SignedHeaders=host&X-User=levi1024: ('Connection aborted.', ConnectionResetError(104, 'Connection reset by peer'))
2025-05-13 21:16:35,881 ERROR   wandb-upload_2:608393 [internal_api.py:upload_file():2889] upload_file request headers: {'User-Agent': 'python-requests/2.32.3', 'Accept-Encoding': 'gzip, deflate, br, zstd', 'Accept': '*/*', 'Connection': 'keep-alive', 'Content-Length': '26'}
2025-05-13 21:16:35,881 ERROR   wandb-upload_2:608393 [internal_api.py:upload_file():2891] upload_file response body: ''
2025-05-13 21:16:39,950 WARNING FileStreamThread:608393 [file_stream.py:request_with_retry():674] requests_with_retry encountered retryable exception: ('Connection aborted.', ConnectionResetError(104, 'Connection reset by peer')). func: <bound method Session.post of <requests.sessions.Session object at 0x7fabadfca670>>, args: ('https://api.wandb.ai/files/OA-MBRL/moore-tdmpc2/ph5bgsnj/file_stream',), kwargs: {'json': {'complete': False, 'failed': False, 'dropped': 0, 'uploaded': []}}
2025-05-13 21:16:45,262 ERROR   wandb-upload_5:608393 [internal_api.py:upload_file():2887] upload_file exception https://storage.googleapis.com/wandb-production.appspot.com/OA-MBRL/moore-tdmpc2/ph5bgsnj/requirements.txt?X-Goog-Algorithm=GOOG4-RSA-SHA256&X-Goog-Credential=gorilla-files-url-signer-man%40wandb-production.iam.gserviceaccount.com%2F20250513%2Fauto%2Fstorage%2Fgoog4_request&X-Goog-Date=20250513T131053Z&X-Goog-Expires=86399&X-Goog-Signature=75154dbc73ca88b7d920096e6ccd8a73fcf9ef29fef3d3a7b6ed7a0dfb40ecef0e8c99ae0f119bc2e1b0bfa85dcbe8b4537e984ddd3c57385444d4c48fab60b564a2e38c8681083ed91e78ec55b1077ab74f8c24752c359eaa6e72e78d4213120965e7f177432e7f23afe612c7eb54b8871d76c966c0052e33a3de98607843d36eb7961908890f604fa53804d71e94e48c4109b33787aa7e1345bfd7b367fdb13d8018acad813f5fef18973172257a6a38f9d45df62ffafa9004f36b1970bfdc48a8565aa4033e5d37a14de2d0a9508bd1147381c042f24353cbabc04a42117525f12503433ebb81970af50fe365f2c823119aa5efa0e804e44b880ae2692fef&X-Goog-SignedHeaders=host&X-User=levi1024: ('Connection aborted.', ConnectionResetError(104, 'Connection reset by peer'))
2025-05-13 21:16:45,262 ERROR   wandb-upload_5:608393 [internal_api.py:upload_file():2889] upload_file request headers: {'User-Agent': 'python-requests/2.32.3', 'Accept-Encoding': 'gzip, deflate, br, zstd', 'Accept': '*/*', 'Connection': 'keep-alive', 'Content-Length': '2486'}
2025-05-13 21:16:45,262 ERROR   wandb-upload_5:608393 [internal_api.py:upload_file():2891] upload_file response body: ''
2025-05-13 21:16:57,110 WARNING FileStreamThread:608393 [file_stream.py:request_with_retry():674] requests_with_retry encountered retryable exception: ('Connection aborted.', ConnectionResetError(104, 'Connection reset by peer')). func: <bound method Session.post of <requests.sessions.Session object at 0x7fabadfca670>>, args: ('https://api.wandb.ai/files/OA-MBRL/moore-tdmpc2/ph5bgsnj/file_stream',), kwargs: {'json': {'complete': False, 'failed': False, 'dropped': 0, 'uploaded': []}}
2025-05-13 21:17:24,836 WARNING FileStreamThread:608393 [file_stream.py:request_with_retry():674] requests_with_retry encountered retryable exception: ('Connection aborted.', ConnectionResetError(104, 'Connection reset by peer')). func: <bound method Session.post of <requests.sessions.Session object at 0x7fabadfca670>>, args: ('https://api.wandb.ai/files/OA-MBRL/moore-tdmpc2/ph5bgsnj/file_stream',), kwargs: {'json': {'complete': False, 'failed': False, 'dropped': 0, 'uploaded': []}}
2025-05-13 21:18:07,785 WARNING FileStreamThread:608393 [file_stream.py:request_with_retry():674] requests_with_retry encountered retryable exception: ('Connection aborted.', ConnectionResetError(104, 'Connection reset by peer')). func: <bound method Session.post of <requests.sessions.Session object at 0x7fabadfca670>>, args: ('https://api.wandb.ai/files/OA-MBRL/moore-tdmpc2/ph5bgsnj/file_stream',), kwargs: {'json': {'complete': False, 'failed': False, 'dropped': 0, 'uploaded': []}}
2025-05-13 21:19:20,017 WARNING FileStreamThread:608393 [file_stream.py:request_with_retry():674] requests_with_retry encountered retryable exception: ('Connection aborted.', ConnectionResetError(104, 'Connection reset by peer')). func: <bound method Session.post of <requests.sessions.Session object at 0x7fabadfca670>>, args: ('https://api.wandb.ai/files/OA-MBRL/moore-tdmpc2/ph5bgsnj/file_stream',), kwargs: {'json': {'complete': False, 'failed': False, 'dropped': 0, 'uploaded': []}}
