2025-04-24 13:37:37,411 INFO    StreamThr :2250335 [internal.py:wandb_internal():85] W&B internal server running at pid: 2250335, started at: 2025-04-24 13:37:37.411415
2025-04-24 13:37:37,412 DEBUG   HandlerThread:2250335 [handler.py:handle_request():158] handle_request: status
2025-04-24 13:37:37,415 INFO    WriterThread:2250335 [datastore.py:open_for_write():87] open: /home/levi/Desktop/MOORE-TDMPC/moore_tdmpc/logs/mw-hammer/42/moore-tdmpc2-mt30/wandb/run-20250424_133737-cybzsnsh/run-cybzsnsh.wandb
2025-04-24 13:37:37,415 DEBUG   SenderThread:2250335 [sender.py:send():379] send: header
2025-04-24 13:37:37,416 DEBUG   SenderThread:2250335 [sender.py:send():379] send: run
2025-04-24 13:37:42,417 DEBUG   HandlerThread:2250335 [handler.py:handle_request():158] handle_request: keepalive
2025-04-24 13:37:47,418 DEBUG   HandlerThread:2250335 [handler.py:handle_request():158] handle_request: keepalive
2025-04-24 13:37:52,420 DEBUG   HandlerThread:2250335 [handler.py:handle_request():158] handle_request: keepalive
2025-04-24 13:37:55,621 INFO    SenderThread:2250335 [retry.py:__call__():172] Retry attempt failed:
Traceback (most recent call last):
  File "/home/levi/anaconda3/envs/tdmpc2/lib/python3.9/site-packages/urllib3/connectionpool.py", line 773, in urlopen
    self._prepare_proxy(conn)
  File "/home/levi/anaconda3/envs/tdmpc2/lib/python3.9/site-packages/urllib3/connectionpool.py", line 1042, in _prepare_proxy
    conn.connect()
  File "/home/levi/anaconda3/envs/tdmpc2/lib/python3.9/site-packages/urllib3/connection.py", line 741, in connect
    sock_and_verified = _ssl_wrap_socket_and_match_hostname(
  File "/home/levi/anaconda3/envs/tdmpc2/lib/python3.9/site-packages/urllib3/connection.py", line 920, in _ssl_wrap_socket_and_match_hostname
    ssl_sock = ssl_wrap_socket(
  File "/home/levi/anaconda3/envs/tdmpc2/lib/python3.9/site-packages/urllib3/util/ssl_.py", line 460, in ssl_wrap_socket
    ssl_sock = _ssl_wrap_socket_impl(sock, context, tls_in_tls, server_hostname)
  File "/home/levi/anaconda3/envs/tdmpc2/lib/python3.9/site-packages/urllib3/util/ssl_.py", line 504, in _ssl_wrap_socket_impl
    return ssl_context.wrap_socket(sock, server_hostname=server_hostname)
  File "/home/levi/anaconda3/envs/tdmpc2/lib/python3.9/ssl.py", line 501, in wrap_socket
    return self.sslsocket_class._create(
  File "/home/levi/anaconda3/envs/tdmpc2/lib/python3.9/ssl.py", line 1074, in _create
    self.do_handshake()
  File "/home/levi/anaconda3/envs/tdmpc2/lib/python3.9/ssl.py", line 1343, in do_handshake
    self._sslobj.do_handshake()
ConnectionResetError: [Errno 104] Connection reset by peer

During handling of the above exception, another exception occurred:

Traceback (most recent call last):
  File "/home/levi/anaconda3/envs/tdmpc2/lib/python3.9/site-packages/requests/adapters.py", line 667, in send
    resp = conn.urlopen(
  File "/home/levi/anaconda3/envs/tdmpc2/lib/python3.9/site-packages/urllib3/connectionpool.py", line 841, in urlopen
    retries = retries.increment(
  File "/home/levi/anaconda3/envs/tdmpc2/lib/python3.9/site-packages/urllib3/util/retry.py", line 474, in increment
    raise reraise(type(error), error, _stacktrace)
  File "/home/levi/anaconda3/envs/tdmpc2/lib/python3.9/site-packages/urllib3/util/util.py", line 38, in reraise
    raise value.with_traceback(tb)
  File "/home/levi/anaconda3/envs/tdmpc2/lib/python3.9/site-packages/urllib3/connectionpool.py", line 773, in urlopen
    self._prepare_proxy(conn)
  File "/home/levi/anaconda3/envs/tdmpc2/lib/python3.9/site-packages/urllib3/connectionpool.py", line 1042, in _prepare_proxy
    conn.connect()
  File "/home/levi/anaconda3/envs/tdmpc2/lib/python3.9/site-packages/urllib3/connection.py", line 741, in connect
    sock_and_verified = _ssl_wrap_socket_and_match_hostname(
  File "/home/levi/anaconda3/envs/tdmpc2/lib/python3.9/site-packages/urllib3/connection.py", line 920, in _ssl_wrap_socket_and_match_hostname
    ssl_sock = ssl_wrap_socket(
  File "/home/levi/anaconda3/envs/tdmpc2/lib/python3.9/site-packages/urllib3/util/ssl_.py", line 460, in ssl_wrap_socket
    ssl_sock = _ssl_wrap_socket_impl(sock, context, tls_in_tls, server_hostname)
  File "/home/levi/anaconda3/envs/tdmpc2/lib/python3.9/site-packages/urllib3/util/ssl_.py", line 504, in _ssl_wrap_socket_impl
    return ssl_context.wrap_socket(sock, server_hostname=server_hostname)
  File "/home/levi/anaconda3/envs/tdmpc2/lib/python3.9/ssl.py", line 501, in wrap_socket
    return self.sslsocket_class._create(
  File "/home/levi/anaconda3/envs/tdmpc2/lib/python3.9/ssl.py", line 1074, in _create
    self.do_handshake()
  File "/home/levi/anaconda3/envs/tdmpc2/lib/python3.9/ssl.py", line 1343, in do_handshake
    self._sslobj.do_handshake()
urllib3.exceptions.ProtocolError: ('Connection aborted.', ConnectionResetError(104, 'Connection reset by peer'))

During handling of the above exception, another exception occurred:

Traceback (most recent call last):
  File "/home/levi/anaconda3/envs/tdmpc2/lib/python3.9/site-packages/wandb/sdk/lib/retry.py", line 131, in __call__
    result = self._call_fn(*args, **kwargs)
  File "/home/levi/anaconda3/envs/tdmpc2/lib/python3.9/site-packages/wandb/sdk/internal/internal_api.py", line 345, in execute
    return self.client.execute(*args, **kwargs)  # type: ignore
  File "/home/levi/anaconda3/envs/tdmpc2/lib/python3.9/site-packages/wandb/vendor/gql-0.2.0/wandb_gql/client.py", line 52, in execute
    result = self._get_result(document, *args, **kwargs)
  File "/home/levi/anaconda3/envs/tdmpc2/lib/python3.9/site-packages/wandb/vendor/gql-0.2.0/wandb_gql/client.py", line 60, in _get_result
    return self.transport.execute(document, *args, **kwargs)
  File "/home/levi/anaconda3/envs/tdmpc2/lib/python3.9/site-packages/wandb/sdk/lib/gql_request.py", line 58, in execute
    request = self.session.post(self.url, **post_args)
  File "/home/levi/anaconda3/envs/tdmpc2/lib/python3.9/site-packages/requests/sessions.py", line 637, in post
    return self.request("POST", url, data=data, json=json, **kwargs)
  File "/home/levi/anaconda3/envs/tdmpc2/lib/python3.9/site-packages/requests/sessions.py", line 589, in request
    resp = self.send(prep, **send_kwargs)
  File "/home/levi/anaconda3/envs/tdmpc2/lib/python3.9/site-packages/requests/sessions.py", line 703, in send
    r = adapter.send(request, **kwargs)
  File "/home/levi/anaconda3/envs/tdmpc2/lib/python3.9/site-packages/requests/adapters.py", line 682, in send
    raise ConnectionError(err, request=request)
requests.exceptions.ConnectionError: ('Connection aborted.', ConnectionResetError(104, 'Connection reset by peer'))
2025-04-24 13:37:57,422 DEBUG   HandlerThread:2250335 [handler.py:handle_request():158] handle_request: keepalive
2025-04-24 13:38:02,424 DEBUG   HandlerThread:2250335 [handler.py:handle_request():158] handle_request: keepalive
2025-04-24 13:38:07,426 DEBUG   HandlerThread:2250335 [handler.py:handle_request():158] handle_request: keepalive
2025-04-24 13:38:12,427 DEBUG   HandlerThread:2250335 [handler.py:handle_request():158] handle_request: keepalive
2025-04-24 13:38:17,428 DEBUG   HandlerThread:2250335 [handler.py:handle_request():158] handle_request: keepalive
2025-04-24 13:38:22,430 DEBUG   HandlerThread:2250335 [handler.py:handle_request():158] handle_request: keepalive
2025-04-24 13:38:27,432 DEBUG   HandlerThread:2250335 [handler.py:handle_request():158] handle_request: keepalive
2025-04-24 13:38:32,434 DEBUG   HandlerThread:2250335 [handler.py:handle_request():158] handle_request: keepalive
2025-04-24 13:38:36,565 INFO    SenderThread:2250335 [dir_watcher.py:__init__():211] watching files in: /home/levi/Desktop/MOORE-TDMPC/moore_tdmpc/logs/mw-hammer/42/moore-tdmpc2-mt30/wandb/run-20250424_133737-cybzsnsh/files
2025-04-24 13:38:36,565 INFO    SenderThread:2250335 [sender.py:_start_run_threads():1188] run started: cybzsnsh with start time 1745473057.411515
2025-04-24 13:38:36,565 DEBUG   HandlerThread:2250335 [handler.py:handle_request():158] handle_request: status_report
2025-04-24 13:38:36,569 DEBUG   HandlerThread:2250335 [handler.py:handle_request():158] handle_request: check_version
2025-04-24 13:38:36,570 DEBUG   SenderThread:2250335 [sender.py:send_request():406] send_request: check_version
2025-04-24 13:38:37,384 DEBUG   HandlerThread:2250335 [handler.py:handle_request():158] handle_request: run_start
2025-04-24 13:38:37,408 DEBUG   HandlerThread:2250335 [system_info.py:__init__():26] System info init
2025-04-24 13:38:37,408 DEBUG   HandlerThread:2250335 [system_info.py:__init__():41] System info init done
2025-04-24 13:38:37,408 INFO    HandlerThread:2250335 [system_monitor.py:start():194] Starting system monitor
2025-04-24 13:38:37,409 INFO    SystemMonitor:2250335 [system_monitor.py:_start():158] Starting system asset monitoring threads
2025-04-24 13:38:37,409 INFO    SystemMonitor:2250335 [interfaces.py:start():188] Started cpu monitoring
2025-04-24 13:38:37,409 INFO    HandlerThread:2250335 [system_monitor.py:probe():214] Collecting system info
2025-04-24 13:38:37,409 INFO    SystemMonitor:2250335 [interfaces.py:start():188] Started disk monitoring
2025-04-24 13:38:37,409 INFO    SystemMonitor:2250335 [interfaces.py:start():188] Started gpu monitoring
2025-04-24 13:38:37,410 INFO    SystemMonitor:2250335 [interfaces.py:start():188] Started memory monitoring
2025-04-24 13:38:37,410 INFO    SystemMonitor:2250335 [interfaces.py:start():188] Started network monitoring
2025-04-24 13:38:37,437 DEBUG   HandlerThread:2250335 [system_info.py:probe():152] Probing system
2025-04-24 13:38:37,440 DEBUG   HandlerThread:2250335 [gitlib.py:_init_repo():56] git repository is invalid
2025-04-24 13:38:37,440 DEBUG   HandlerThread:2250335 [system_info.py:probe():200] Probing system done
2025-04-24 13:38:37,440 DEBUG   HandlerThread:2250335 [system_monitor.py:probe():223] {'os': 'Linux-5.15.0-134-generic-x86_64-with-glibc2.31', 'python': '3.9.21', 'heartbeatAt': '2025-04-24T05:38:37.437523', 'startedAt': '2025-04-24T05:37:37.405150', 'docker': None, 'cuda': None, 'args': ('task=mw-hammer',), 'state': 'running', 'program': '/home/levi/Desktop/MOORE-TDMPC/moore_tdmpc/train_with_cprofile.py', 'codePathLocal': None, 'host': 'workstation', 'username': 'levi', 'executable': '/home/levi/anaconda3/envs/tdmpc2/bin/python', 'cpu_count': 16, 'cpu_count_logical': 24, 'cpu_freq': {'current': 3558.3333333333335, 'min': 800.0, 'max': 4950.0}, 'cpu_freq_per_core': [{'current': 3400.0, 'min': 800.0, 'max': 5300.0}, {'current': 3400.0, 'min': 800.0, 'max': 5300.0}, {'current': 3400.0, 'min': 800.0, 'max': 5300.0}, {'current': 3400.0, 'min': 800.0, 'max': 5300.0}, {'current': 3400.0, 'min': 800.0, 'max': 5300.0}, {'current': 3400.0, 'min': 800.0, 'max': 5300.0}, {'current': 5300.0, 'min': 800.0, 'max': 5300.0}, {'current': 3400.0, 'min': 800.0, 'max': 5300.0}, {'current': 5300.0, 'min': 800.0, 'max': 5400.0}, {'current': 3400.0, 'min': 800.0, 'max': 5400.0}, {'current': 3400.0, 'min': 800.0, 'max': 5400.0}, {'current': 3400.0, 'min': 800.0, 'max': 5400.0}, {'current': 3400.0, 'min': 800.0, 'max': 5300.0}, {'current': 3400.0, 'min': 800.0, 'max': 5300.0}, {'current': 3400.0, 'min': 800.0, 'max': 5300.0}, {'current': 3400.0, 'min': 800.0, 'max': 5300.0}, {'current': 3400.0, 'min': 800.0, 'max': 4200.0}, {'current': 3400.0, 'min': 800.0, 'max': 4200.0}, {'current': 3400.0, 'min': 800.0, 'max': 4200.0}, {'current': 3400.0, 'min': 800.0, 'max': 4200.0}, {'current': 3400.0, 'min': 800.0, 'max': 4200.0}, {'current': 3400.0, 'min': 800.0, 'max': 4200.0}, {'current': 3400.0, 'min': 800.0, 'max': 4200.0}, {'current': 3400.0, 'min': 800.0, 'max': 4200.0}], 'disk': {'/': {'total': 456.8756866455078, 'used': 394.02394104003906}}, 'gpu': 'NVIDIA GeForce RTX 4090 D', 'gpu_count': 1, 'gpu_devices': [{'name': 'NVIDIA GeForce RTX 4090 D', 'memory_total': 25757220864}], 'memory': {'total': 62.60572814941406}}
2025-04-24 13:38:37,440 INFO    HandlerThread:2250335 [system_monitor.py:probe():224] Finished collecting system info
2025-04-24 13:38:37,440 INFO    HandlerThread:2250335 [system_monitor.py:probe():227] Publishing system info
2025-04-24 13:38:37,440 DEBUG   HandlerThread:2250335 [system_info.py:_save_conda():209] Saving list of conda packages installed into the current environment
2025-04-24 13:38:37,566 INFO    Thread-12 :2250335 [dir_watcher.py:_on_file_created():271] file/dir created: /home/levi/Desktop/MOORE-TDMPC/moore_tdmpc/logs/mw-hammer/42/moore-tdmpc2-mt30/wandb/run-20250424_133737-cybzsnsh/files/conda-environment.yaml
2025-04-24 13:38:38,306 DEBUG   HandlerThread:2250335 [system_info.py:_save_conda():224] Saving conda packages done
2025-04-24 13:38:38,307 INFO    HandlerThread:2250335 [system_monitor.py:probe():229] Finished publishing system info
2025-04-24 13:38:38,309 DEBUG   SenderThread:2250335 [sender.py:send():379] send: files
2025-04-24 13:38:38,309 INFO    SenderThread:2250335 [sender.py:_save_file():1454] saving file wandb-metadata.json with policy now
2025-04-24 13:38:38,348 DEBUG   HandlerThread:2250335 [handler.py:handle_request():158] handle_request: python_packages
2025-04-24 13:38:38,348 DEBUG   HandlerThread:2250335 [handler.py:handle_request():158] handle_request: stop_status
2025-04-24 13:38:38,348 DEBUG   SenderThread:2250335 [sender.py:send_request():406] send_request: python_packages
2025-04-24 13:38:38,348 DEBUG   HandlerThread:2250335 [handler.py:handle_request():158] handle_request: internal_messages
2025-04-24 13:38:38,349 DEBUG   SenderThread:2250335 [sender.py:send_request():406] send_request: stop_status
2025-04-24 13:38:38,565 INFO    Thread-12 :2250335 [dir_watcher.py:_on_file_modified():288] file/dir modified: /home/levi/Desktop/MOORE-TDMPC/moore_tdmpc/logs/mw-hammer/42/moore-tdmpc2-mt30/wandb/run-20250424_133737-cybzsnsh/files/conda-environment.yaml
2025-04-24 13:38:38,565 INFO    Thread-12 :2250335 [dir_watcher.py:_on_file_created():271] file/dir created: /home/levi/Desktop/MOORE-TDMPC/moore_tdmpc/logs/mw-hammer/42/moore-tdmpc2-mt30/wandb/run-20250424_133737-cybzsnsh/files/wandb-metadata.json
2025-04-24 13:38:38,565 INFO    Thread-12 :2250335 [dir_watcher.py:_on_file_created():271] file/dir created: /home/levi/Desktop/MOORE-TDMPC/moore_tdmpc/logs/mw-hammer/42/moore-tdmpc2-mt30/wandb/run-20250424_133737-cybzsnsh/files/requirements.txt
2025-04-24 13:38:39,177 DEBUG   SenderThread:2250335 [sender.py:send():379] send: telemetry
2025-04-24 13:38:39,348 DEBUG   HandlerThread:2250335 [handler.py:handle_request():158] handle_request: internal_messages
2025-04-24 13:38:39,565 INFO    Thread-12 :2250335 [dir_watcher.py:_on_file_created():271] file/dir created: /home/levi/Desktop/MOORE-TDMPC/moore_tdmpc/logs/mw-hammer/42/moore-tdmpc2-mt30/wandb/run-20250424_133737-cybzsnsh/files/output.log
2025-04-24 13:38:39,903 INFO    wandb-upload_0:2250335 [upload_job.py:push():130] Uploaded file /tmp/tmpk3v0c8ukwandb/2m8yxk17-wandb-metadata.json
2025-04-24 13:38:40,349 DEBUG   HandlerThread:2250335 [handler.py:handle_request():158] handle_request: internal_messages
2025-04-24 13:38:41,351 DEBUG   HandlerThread:2250335 [handler.py:handle_request():158] handle_request: internal_messages
2025-04-24 13:38:41,566 INFO    Thread-12 :2250335 [dir_watcher.py:_on_file_modified():288] file/dir modified: /home/levi/Desktop/MOORE-TDMPC/moore_tdmpc/logs/mw-hammer/42/moore-tdmpc2-mt30/wandb/run-20250424_133737-cybzsnsh/files/output.log
2025-04-24 13:38:41,734 DEBUG   HandlerThread:2250335 [handler.py:handle_request():158] handle_request: status_report
2025-04-24 13:38:42,351 DEBUG   HandlerThread:2250335 [handler.py:handle_request():158] handle_request: internal_messages
2025-04-24 13:38:43,352 DEBUG   HandlerThread:2250335 [handler.py:handle_request():158] handle_request: internal_messages
2025-04-24 13:38:43,566 INFO    Thread-12 :2250335 [dir_watcher.py:_on_file_modified():288] file/dir modified: /home/levi/Desktop/MOORE-TDMPC/moore_tdmpc/logs/mw-hammer/42/moore-tdmpc2-mt30/wandb/run-20250424_133737-cybzsnsh/files/output.log
2025-04-24 13:38:44,353 DEBUG   HandlerThread:2250335 [handler.py:handle_request():158] handle_request: internal_messages
2025-04-24 13:38:45,355 DEBUG   HandlerThread:2250335 [handler.py:handle_request():158] handle_request: internal_messages
2025-04-24 13:38:46,355 DEBUG   HandlerThread:2250335 [handler.py:handle_request():158] handle_request: internal_messages
2025-04-24 13:38:47,350 DEBUG   HandlerThread:2250335 [handler.py:handle_request():158] handle_request: status_report
2025-04-24 13:38:47,356 DEBUG   HandlerThread:2250335 [handler.py:handle_request():158] handle_request: internal_messages
2025-04-24 13:38:48,357 DEBUG   HandlerThread:2250335 [handler.py:handle_request():158] handle_request: internal_messages
2025-04-24 13:38:49,365 DEBUG   HandlerThread:2250335 [handler.py:handle_request():158] handle_request: internal_messages
2025-04-24 13:38:50,369 DEBUG   HandlerThread:2250335 [handler.py:handle_request():158] handle_request: internal_messages
2025-04-24 13:38:51,368 DEBUG   HandlerThread:2250335 [handler.py:handle_request():158] handle_request: internal_messages
2025-04-24 13:38:51,568 INFO    Thread-12 :2250335 [dir_watcher.py:_on_file_modified():288] file/dir modified: /home/levi/Desktop/MOORE-TDMPC/moore_tdmpc/logs/mw-hammer/42/moore-tdmpc2-mt30/wandb/run-20250424_133737-cybzsnsh/files/output.log
2025-04-24 13:38:52,369 DEBUG   HandlerThread:2250335 [handler.py:handle_request():158] handle_request: internal_messages
2025-04-24 13:38:53,168 DEBUG   HandlerThread:2250335 [handler.py:handle_request():158] handle_request: status_report
2025-04-24 13:38:53,351 DEBUG   HandlerThread:2250335 [handler.py:handle_request():158] handle_request: stop_status
2025-04-24 13:38:53,351 DEBUG   SenderThread:2250335 [sender.py:send_request():406] send_request: stop_status
2025-04-24 13:38:53,395 DEBUG   HandlerThread:2250335 [handler.py:handle_request():158] handle_request: internal_messages
2025-04-24 13:38:54,368 DEBUG   HandlerThread:2250335 [handler.py:handle_request():158] handle_request: internal_messages
2025-04-24 13:38:55,377 DEBUG   HandlerThread:2250335 [handler.py:handle_request():158] handle_request: internal_messages
2025-04-24 13:38:56,426 DEBUG   HandlerThread:2250335 [handler.py:handle_request():158] handle_request: internal_messages
2025-04-24 13:38:57,382 DEBUG   HandlerThread:2250335 [handler.py:handle_request():158] handle_request: internal_messages
2025-04-24 13:38:58,203 DEBUG   HandlerThread:2250335 [handler.py:handle_request():158] handle_request: status_report
2025-04-24 13:38:58,383 DEBUG   HandlerThread:2250335 [handler.py:handle_request():158] handle_request: internal_messages
2025-04-24 13:38:59,383 DEBUG   HandlerThread:2250335 [handler.py:handle_request():158] handle_request: internal_messages
2025-04-24 13:38:59,569 INFO    Thread-12 :2250335 [dir_watcher.py:_on_file_modified():288] file/dir modified: /home/levi/Desktop/MOORE-TDMPC/moore_tdmpc/logs/mw-hammer/42/moore-tdmpc2-mt30/wandb/run-20250424_133737-cybzsnsh/files/output.log
2025-04-24 13:39:00,383 DEBUG   HandlerThread:2250335 [handler.py:handle_request():158] handle_request: internal_messages
2025-04-24 13:39:01,383 DEBUG   HandlerThread:2250335 [handler.py:handle_request():158] handle_request: internal_messages
2025-04-24 13:39:02,383 DEBUG   HandlerThread:2250335 [handler.py:handle_request():158] handle_request: internal_messages
2025-04-24 13:39:03,345 DEBUG   HandlerThread:2250335 [handler.py:handle_request():158] handle_request: status_report
2025-04-24 13:39:03,391 DEBUG   HandlerThread:2250335 [handler.py:handle_request():158] handle_request: partial_history
2025-04-24 13:39:03,391 DEBUG   HandlerThread:2250335 [handler.py:handle_request():158] handle_request: internal_messages
2025-04-24 13:39:03,392 DEBUG   SenderThread:2250335 [sender.py:send():379] send: telemetry
2025-04-24 13:39:03,411 DEBUG   HandlerThread:2250335 [handler.py:handle_request():158] handle_request: partial_history
2025-04-24 13:39:03,412 DEBUG   SenderThread:2250335 [sender.py:send():379] send: history
2025-04-24 13:39:03,412 DEBUG   SenderThread:2250335 [sender.py:send_request():406] send_request: summary_record
2025-04-24 13:39:03,413 INFO    SenderThread:2250335 [sender.py:_save_file():1454] saving file wandb-summary.json with policy end
2025-04-24 13:39:03,477 DEBUG   HandlerThread:2250335 [handler.py:handle_request():158] handle_request: partial_history
2025-04-24 13:39:03,477 DEBUG   SenderThread:2250335 [sender.py:send():379] send: history
2025-04-24 13:39:03,478 DEBUG   SenderThread:2250335 [sender.py:send_request():406] send_request: summary_record
2025-04-24 13:39:03,478 INFO    SenderThread:2250335 [sender.py:_save_file():1454] saving file wandb-summary.json with policy end
2025-04-24 13:39:03,535 DEBUG   HandlerThread:2250335 [handler.py:handle_request():158] handle_request: partial_history
2025-04-24 13:39:03,536 DEBUG   SenderThread:2250335 [sender.py:send():379] send: history
2025-04-24 13:39:03,536 DEBUG   SenderThread:2250335 [sender.py:send_request():406] send_request: summary_record
2025-04-24 13:39:03,536 INFO    SenderThread:2250335 [sender.py:_save_file():1454] saving file wandb-summary.json with policy end
2025-04-24 13:39:03,570 INFO    Thread-12 :2250335 [dir_watcher.py:_on_file_created():271] file/dir created: /home/levi/Desktop/MOORE-TDMPC/moore_tdmpc/logs/mw-hammer/42/moore-tdmpc2-mt30/wandb/run-20250424_133737-cybzsnsh/files/wandb-summary.json
2025-04-24 13:39:03,593 DEBUG   HandlerThread:2250335 [handler.py:handle_request():158] handle_request: partial_history
2025-04-24 13:39:03,594 DEBUG   SenderThread:2250335 [sender.py:send():379] send: history
2025-04-24 13:39:03,594 DEBUG   SenderThread:2250335 [sender.py:send_request():406] send_request: summary_record
2025-04-24 13:39:03,594 INFO    SenderThread:2250335 [sender.py:_save_file():1454] saving file wandb-summary.json with policy end
2025-04-24 13:39:03,651 DEBUG   HandlerThread:2250335 [handler.py:handle_request():158] handle_request: partial_history
2025-04-24 13:39:03,651 DEBUG   SenderThread:2250335 [sender.py:send():379] send: history
2025-04-24 13:39:03,651 DEBUG   SenderThread:2250335 [sender.py:send_request():406] send_request: summary_record
2025-04-24 13:39:03,652 INFO    SenderThread:2250335 [sender.py:_save_file():1454] saving file wandb-summary.json with policy end
2025-04-24 13:39:03,710 DEBUG   HandlerThread:2250335 [handler.py:handle_request():158] handle_request: partial_history
2025-04-24 13:39:03,710 DEBUG   SenderThread:2250335 [sender.py:send():379] send: history
2025-04-24 13:39:03,710 DEBUG   SenderThread:2250335 [sender.py:send_request():406] send_request: summary_record
2025-04-24 13:39:03,710 INFO    SenderThread:2250335 [sender.py:_save_file():1454] saving file wandb-summary.json with policy end
2025-04-24 13:39:03,767 DEBUG   HandlerThread:2250335 [handler.py:handle_request():158] handle_request: partial_history
2025-04-24 13:39:03,767 DEBUG   SenderThread:2250335 [sender.py:send():379] send: history
2025-04-24 13:39:03,767 DEBUG   SenderThread:2250335 [sender.py:send_request():406] send_request: summary_record
2025-04-24 13:39:03,767 INFO    SenderThread:2250335 [sender.py:_save_file():1454] saving file wandb-summary.json with policy end
2025-04-24 13:39:03,825 DEBUG   HandlerThread:2250335 [handler.py:handle_request():158] handle_request: partial_history
2025-04-24 13:39:03,825 DEBUG   SenderThread:2250335 [sender.py:send():379] send: history
2025-04-24 13:39:03,825 DEBUG   SenderThread:2250335 [sender.py:send_request():406] send_request: summary_record
2025-04-24 13:39:03,826 INFO    SenderThread:2250335 [sender.py:_save_file():1454] saving file wandb-summary.json with policy end
2025-04-24 13:39:03,883 DEBUG   HandlerThread:2250335 [handler.py:handle_request():158] handle_request: partial_history
2025-04-24 13:39:03,883 DEBUG   SenderThread:2250335 [sender.py:send():379] send: history
2025-04-24 13:39:03,883 DEBUG   SenderThread:2250335 [sender.py:send_request():406] send_request: summary_record
2025-04-24 13:39:03,883 INFO    SenderThread:2250335 [sender.py:_save_file():1454] saving file wandb-summary.json with policy end
2025-04-24 13:39:03,940 DEBUG   HandlerThread:2250335 [handler.py:handle_request():158] handle_request: partial_history
2025-04-24 13:39:03,941 DEBUG   SenderThread:2250335 [sender.py:send():379] send: history
2025-04-24 13:39:03,941 DEBUG   SenderThread:2250335 [sender.py:send_request():406] send_request: summary_record
2025-04-24 13:39:03,941 INFO    SenderThread:2250335 [sender.py:_save_file():1454] saving file wandb-summary.json with policy end
2025-04-24 13:39:04,385 DEBUG   HandlerThread:2250335 [handler.py:handle_request():158] handle_request: internal_messages
2025-04-24 13:39:04,570 INFO    Thread-12 :2250335 [dir_watcher.py:_on_file_modified():288] file/dir modified: /home/levi/Desktop/MOORE-TDMPC/moore_tdmpc/logs/mw-hammer/42/moore-tdmpc2-mt30/wandb/run-20250424_133737-cybzsnsh/files/wandb-summary.json
2025-04-24 13:39:05,181 DEBUG   SenderThread:2250335 [sender.py:send():379] send: exit
2025-04-24 13:39:05,181 INFO    SenderThread:2250335 [sender.py:send_exit():586] handling exit code: 1
2025-04-24 13:39:05,181 INFO    SenderThread:2250335 [sender.py:send_exit():588] handling runtime: 27
2025-04-24 13:39:05,182 INFO    SenderThread:2250335 [sender.py:_save_file():1454] saving file wandb-summary.json with policy end
2025-04-24 13:39:05,182 INFO    SenderThread:2250335 [sender.py:send_exit():594] send defer
2025-04-24 13:39:05,182 DEBUG   HandlerThread:2250335 [handler.py:handle_request():158] handle_request: defer
2025-04-24 13:39:05,182 INFO    HandlerThread:2250335 [handler.py:handle_request_defer():184] handle defer: 0
2025-04-24 13:39:05,182 DEBUG   SenderThread:2250335 [sender.py:send_request():406] send_request: defer
2025-04-24 13:39:05,182 INFO    SenderThread:2250335 [sender.py:send_request_defer():610] handle sender defer: 0
2025-04-24 13:39:05,182 INFO    SenderThread:2250335 [sender.py:transition_state():614] send defer: 1
2025-04-24 13:39:05,182 DEBUG   HandlerThread:2250335 [handler.py:handle_request():158] handle_request: defer
2025-04-24 13:39:05,182 INFO    HandlerThread:2250335 [handler.py:handle_request_defer():184] handle defer: 1
2025-04-24 13:39:05,182 DEBUG   SenderThread:2250335 [sender.py:send_request():406] send_request: defer
2025-04-24 13:39:05,182 INFO    SenderThread:2250335 [sender.py:send_request_defer():610] handle sender defer: 1
2025-04-24 13:39:05,182 INFO    SenderThread:2250335 [sender.py:transition_state():614] send defer: 2
2025-04-24 13:39:05,182 DEBUG   HandlerThread:2250335 [handler.py:handle_request():158] handle_request: defer
2025-04-24 13:39:05,182 INFO    HandlerThread:2250335 [handler.py:handle_request_defer():184] handle defer: 2
2025-04-24 13:39:05,182 INFO    HandlerThread:2250335 [system_monitor.py:finish():203] Stopping system monitor
2025-04-24 13:39:05,182 DEBUG   SystemMonitor:2250335 [system_monitor.py:_start():172] Starting system metrics aggregation loop
2025-04-24 13:39:05,182 INFO    HandlerThread:2250335 [interfaces.py:finish():200] Joined cpu monitor
2025-04-24 13:39:05,182 DEBUG   SystemMonitor:2250335 [system_monitor.py:_start():179] Finished system metrics aggregation loop
2025-04-24 13:39:05,183 INFO    HandlerThread:2250335 [interfaces.py:finish():200] Joined disk monitor
2025-04-24 13:39:05,183 DEBUG   SystemMonitor:2250335 [system_monitor.py:_start():183] Publishing last batch of metrics
2025-04-24 13:39:05,229 INFO    HandlerThread:2250335 [interfaces.py:finish():200] Joined gpu monitor
2025-04-24 13:39:05,229 INFO    HandlerThread:2250335 [interfaces.py:finish():200] Joined memory monitor
2025-04-24 13:39:05,229 INFO    HandlerThread:2250335 [interfaces.py:finish():200] Joined network monitor
2025-04-24 13:39:05,229 DEBUG   SenderThread:2250335 [sender.py:send_request():406] send_request: defer
2025-04-24 13:39:05,229 INFO    SenderThread:2250335 [sender.py:send_request_defer():610] handle sender defer: 2
2025-04-24 13:39:05,229 INFO    SenderThread:2250335 [sender.py:transition_state():614] send defer: 3
2025-04-24 13:39:05,229 DEBUG   HandlerThread:2250335 [handler.py:handle_request():158] handle_request: defer
2025-04-24 13:39:05,229 INFO    HandlerThread:2250335 [handler.py:handle_request_defer():184] handle defer: 3
2025-04-24 13:39:05,230 DEBUG   SenderThread:2250335 [sender.py:send():379] send: stats
2025-04-24 13:39:05,231 DEBUG   SenderThread:2250335 [sender.py:send():379] send: history
2025-04-24 13:39:05,231 DEBUG   SenderThread:2250335 [sender.py:send_request():406] send_request: summary_record
2025-04-24 13:39:05,231 INFO    SenderThread:2250335 [sender.py:_save_file():1454] saving file wandb-summary.json with policy end
2025-04-24 13:39:05,231 DEBUG   SenderThread:2250335 [sender.py:send_request():406] send_request: defer
2025-04-24 13:39:05,231 INFO    SenderThread:2250335 [sender.py:send_request_defer():610] handle sender defer: 3
2025-04-24 13:39:05,231 INFO    SenderThread:2250335 [sender.py:transition_state():614] send defer: 4
2025-04-24 13:39:05,231 DEBUG   HandlerThread:2250335 [handler.py:handle_request():158] handle_request: defer
2025-04-24 13:39:05,231 INFO    HandlerThread:2250335 [handler.py:handle_request_defer():184] handle defer: 4
2025-04-24 13:39:05,231 DEBUG   SenderThread:2250335 [sender.py:send_request():406] send_request: defer
2025-04-24 13:39:05,231 INFO    SenderThread:2250335 [sender.py:send_request_defer():610] handle sender defer: 4
2025-04-24 13:39:05,231 INFO    SenderThread:2250335 [sender.py:transition_state():614] send defer: 5
2025-04-24 13:39:05,231 DEBUG   HandlerThread:2250335 [handler.py:handle_request():158] handle_request: defer
2025-04-24 13:39:05,232 INFO    HandlerThread:2250335 [handler.py:handle_request_defer():184] handle defer: 5
2025-04-24 13:39:05,232 DEBUG   SenderThread:2250335 [sender.py:send():379] send: summary
2025-04-24 13:39:05,232 INFO    SenderThread:2250335 [sender.py:_save_file():1454] saving file wandb-summary.json with policy end
2025-04-24 13:39:05,232 DEBUG   SenderThread:2250335 [sender.py:send_request():406] send_request: defer
2025-04-24 13:39:05,232 INFO    SenderThread:2250335 [sender.py:send_request_defer():610] handle sender defer: 5
2025-04-24 13:39:05,232 INFO    SenderThread:2250335 [sender.py:transition_state():614] send defer: 6
2025-04-24 13:39:05,232 DEBUG   HandlerThread:2250335 [handler.py:handle_request():158] handle_request: defer
2025-04-24 13:39:05,232 INFO    HandlerThread:2250335 [handler.py:handle_request_defer():184] handle defer: 6
2025-04-24 13:39:05,232 DEBUG   SenderThread:2250335 [sender.py:send_request():406] send_request: defer
2025-04-24 13:39:05,232 INFO    SenderThread:2250335 [sender.py:send_request_defer():610] handle sender defer: 6
2025-04-24 13:39:05,234 DEBUG   HandlerThread:2250335 [handler.py:handle_request():158] handle_request: status_report
2025-04-24 13:39:05,571 INFO    Thread-12 :2250335 [dir_watcher.py:_on_file_modified():288] file/dir modified: /home/levi/Desktop/MOORE-TDMPC/moore_tdmpc/logs/mw-hammer/42/moore-tdmpc2-mt30/wandb/run-20250424_133737-cybzsnsh/files/wandb-summary.json
2025-04-24 13:39:05,571 INFO    Thread-12 :2250335 [dir_watcher.py:_on_file_modified():288] file/dir modified: /home/levi/Desktop/MOORE-TDMPC/moore_tdmpc/logs/mw-hammer/42/moore-tdmpc2-mt30/wandb/run-20250424_133737-cybzsnsh/files/output.log
2025-04-24 13:39:05,607 INFO    SenderThread:2250335 [sender.py:transition_state():614] send defer: 7
2025-04-24 13:39:05,607 DEBUG   HandlerThread:2250335 [handler.py:handle_request():158] handle_request: defer
2025-04-24 13:39:05,607 INFO    HandlerThread:2250335 [handler.py:handle_request_defer():184] handle defer: 7
2025-04-24 13:39:05,607 DEBUG   SenderThread:2250335 [sender.py:send_request():406] send_request: defer
2025-04-24 13:39:05,607 INFO    SenderThread:2250335 [sender.py:send_request_defer():610] handle sender defer: 7
2025-04-24 13:39:06,182 DEBUG   HandlerThread:2250335 [handler.py:handle_request():158] handle_request: poll_exit
2025-04-24 13:39:06,571 INFO    Thread-12 :2250335 [dir_watcher.py:_on_file_modified():288] file/dir modified: /home/levi/Desktop/MOORE-TDMPC/moore_tdmpc/logs/mw-hammer/42/moore-tdmpc2-mt30/wandb/run-20250424_133737-cybzsnsh/files/config.yaml
2025-04-24 13:39:07,571 INFO    Thread-12 :2250335 [dir_watcher.py:_on_file_modified():288] file/dir modified: /home/levi/Desktop/MOORE-TDMPC/moore_tdmpc/logs/mw-hammer/42/moore-tdmpc2-mt30/wandb/run-20250424_133737-cybzsnsh/files/output.log
2025-04-24 13:39:09,211 INFO    SenderThread:2250335 [sender.py:transition_state():614] send defer: 8
2025-04-24 13:39:09,211 DEBUG   SenderThread:2250335 [sender.py:send_request():406] send_request: poll_exit
2025-04-24 13:39:09,211 DEBUG   HandlerThread:2250335 [handler.py:handle_request():158] handle_request: defer
2025-04-24 13:39:09,212 INFO    HandlerThread:2250335 [handler.py:handle_request_defer():184] handle defer: 8
2025-04-24 13:39:09,212 DEBUG   SenderThread:2250335 [sender.py:send_request():406] send_request: defer
2025-04-24 13:39:09,212 INFO    SenderThread:2250335 [sender.py:send_request_defer():610] handle sender defer: 8
2025-04-24 13:39:09,212 INFO    SenderThread:2250335 [job_builder.py:build():440] Attempting to build job artifact
2025-04-24 13:39:09,212 INFO    SenderThread:2250335 [job_builder.py:_get_source_type():580] no source found
2025-04-24 13:39:09,212 INFO    SenderThread:2250335 [sender.py:transition_state():614] send defer: 9
2025-04-24 13:39:09,212 DEBUG   HandlerThread:2250335 [handler.py:handle_request():158] handle_request: defer
2025-04-24 13:39:09,212 INFO    HandlerThread:2250335 [handler.py:handle_request_defer():184] handle defer: 9
2025-04-24 13:39:09,212 DEBUG   SenderThread:2250335 [sender.py:send_request():406] send_request: defer
2025-04-24 13:39:09,212 INFO    SenderThread:2250335 [sender.py:send_request_defer():610] handle sender defer: 9
2025-04-24 13:39:09,212 INFO    SenderThread:2250335 [dir_watcher.py:finish():358] shutting down directory watcher
2025-04-24 13:39:09,572 INFO    Thread-12 :2250335 [dir_watcher.py:_on_file_modified():288] file/dir modified: /home/levi/Desktop/MOORE-TDMPC/moore_tdmpc/logs/mw-hammer/42/moore-tdmpc2-mt30/wandb/run-20250424_133737-cybzsnsh/files/output.log
2025-04-24 13:39:09,572 INFO    SenderThread:2250335 [dir_watcher.py:finish():388] scan: /home/levi/Desktop/MOORE-TDMPC/moore_tdmpc/logs/mw-hammer/42/moore-tdmpc2-mt30/wandb/run-20250424_133737-cybzsnsh/files
2025-04-24 13:39:09,572 INFO    SenderThread:2250335 [dir_watcher.py:finish():402] scan save: /home/levi/Desktop/MOORE-TDMPC/moore_tdmpc/logs/mw-hammer/42/moore-tdmpc2-mt30/wandb/run-20250424_133737-cybzsnsh/files/conda-environment.yaml conda-environment.yaml
2025-04-24 13:39:09,572 INFO    SenderThread:2250335 [dir_watcher.py:finish():402] scan save: /home/levi/Desktop/MOORE-TDMPC/moore_tdmpc/logs/mw-hammer/42/moore-tdmpc2-mt30/wandb/run-20250424_133737-cybzsnsh/files/wandb-summary.json wandb-summary.json
2025-04-24 13:39:09,574 INFO    SenderThread:2250335 [dir_watcher.py:finish():402] scan save: /home/levi/Desktop/MOORE-TDMPC/moore_tdmpc/logs/mw-hammer/42/moore-tdmpc2-mt30/wandb/run-20250424_133737-cybzsnsh/files/output.log output.log
2025-04-24 13:39:09,575 INFO    SenderThread:2250335 [dir_watcher.py:finish():402] scan save: /home/levi/Desktop/MOORE-TDMPC/moore_tdmpc/logs/mw-hammer/42/moore-tdmpc2-mt30/wandb/run-20250424_133737-cybzsnsh/files/config.yaml config.yaml
2025-04-24 13:39:09,576 INFO    SenderThread:2250335 [dir_watcher.py:finish():402] scan save: /home/levi/Desktop/MOORE-TDMPC/moore_tdmpc/logs/mw-hammer/42/moore-tdmpc2-mt30/wandb/run-20250424_133737-cybzsnsh/files/wandb-metadata.json wandb-metadata.json
2025-04-24 13:39:09,577 INFO    SenderThread:2250335 [dir_watcher.py:finish():402] scan save: /home/levi/Desktop/MOORE-TDMPC/moore_tdmpc/logs/mw-hammer/42/moore-tdmpc2-mt30/wandb/run-20250424_133737-cybzsnsh/files/requirements.txt requirements.txt
2025-04-24 13:39:09,578 INFO    SenderThread:2250335 [sender.py:transition_state():614] send defer: 10
2025-04-24 13:39:09,578 DEBUG   HandlerThread:2250335 [handler.py:handle_request():158] handle_request: defer
2025-04-24 13:39:09,579 INFO    HandlerThread:2250335 [handler.py:handle_request_defer():184] handle defer: 10
2025-04-24 13:39:09,579 DEBUG   SenderThread:2250335 [sender.py:send_request():406] send_request: defer
2025-04-24 13:39:09,579 INFO    SenderThread:2250335 [sender.py:send_request_defer():610] handle sender defer: 10
2025-04-24 13:39:09,579 INFO    SenderThread:2250335 [file_pusher.py:finish():169] shutting down file pusher
2025-04-24 13:39:10,183 DEBUG   HandlerThread:2250335 [handler.py:handle_request():158] handle_request: poll_exit
2025-04-24 13:39:10,183 DEBUG   SenderThread:2250335 [sender.py:send_request():406] send_request: poll_exit
2025-04-24 13:39:10,288 INFO    wandb-upload_1:2250335 [upload_job.py:push():130] Uploaded file /home/levi/Desktop/MOORE-TDMPC/moore_tdmpc/logs/mw-hammer/42/moore-tdmpc2-mt30/wandb/run-20250424_133737-cybzsnsh/files/wandb-summary.json
2025-04-24 13:39:10,823 INFO    wandb-upload_4:2250335 [upload_job.py:push():130] Uploaded file /home/levi/Desktop/MOORE-TDMPC/moore_tdmpc/logs/mw-hammer/42/moore-tdmpc2-mt30/wandb/run-20250424_133737-cybzsnsh/files/requirements.txt
2025-04-24 13:39:11,055 INFO    wandb-upload_0:2250335 [upload_job.py:push():130] Uploaded file /home/levi/Desktop/MOORE-TDMPC/moore_tdmpc/logs/mw-hammer/42/moore-tdmpc2-mt30/wandb/run-20250424_133737-cybzsnsh/files/conda-environment.yaml
2025-04-24 13:39:11,176 INFO    wandb-upload_3:2250335 [upload_job.py:push():130] Uploaded file /home/levi/Desktop/MOORE-TDMPC/moore_tdmpc/logs/mw-hammer/42/moore-tdmpc2-mt30/wandb/run-20250424_133737-cybzsnsh/files/config.yaml
2025-04-24 13:39:11,184 DEBUG   HandlerThread:2250335 [handler.py:handle_request():158] handle_request: poll_exit
2025-04-24 13:39:11,184 DEBUG   SenderThread:2250335 [sender.py:send_request():406] send_request: poll_exit
2025-04-24 13:39:11,285 INFO    wandb-upload_2:2250335 [upload_job.py:push():130] Uploaded file /home/levi/Desktop/MOORE-TDMPC/moore_tdmpc/logs/mw-hammer/42/moore-tdmpc2-mt30/wandb/run-20250424_133737-cybzsnsh/files/output.log
2025-04-24 13:39:11,485 INFO    Thread-11 :2250335 [sender.py:transition_state():614] send defer: 11
2025-04-24 13:39:11,486 DEBUG   HandlerThread:2250335 [handler.py:handle_request():158] handle_request: defer
2025-04-24 13:39:11,486 INFO    HandlerThread:2250335 [handler.py:handle_request_defer():184] handle defer: 11
2025-04-24 13:39:11,486 DEBUG   SenderThread:2250335 [sender.py:send_request():406] send_request: defer
2025-04-24 13:39:11,486 INFO    SenderThread:2250335 [sender.py:send_request_defer():610] handle sender defer: 11
2025-04-24 13:39:11,486 INFO    SenderThread:2250335 [file_pusher.py:join():175] waiting for file pusher
2025-04-24 13:39:11,486 INFO    SenderThread:2250335 [sender.py:transition_state():614] send defer: 12
2025-04-24 13:39:11,486 DEBUG   HandlerThread:2250335 [handler.py:handle_request():158] handle_request: defer
2025-04-24 13:39:11,486 INFO    HandlerThread:2250335 [handler.py:handle_request_defer():184] handle defer: 12
2025-04-24 13:39:11,486 DEBUG   SenderThread:2250335 [sender.py:send_request():406] send_request: defer
2025-04-24 13:39:11,486 INFO    SenderThread:2250335 [sender.py:send_request_defer():610] handle sender defer: 12
2025-04-24 13:39:11,486 INFO    SenderThread:2250335 [file_stream.py:finish():601] file stream finish called
2025-04-24 13:39:12,185 DEBUG   HandlerThread:2250335 [handler.py:handle_request():158] handle_request: poll_exit
2025-04-24 13:39:12,558 INFO    SenderThread:2250335 [file_stream.py:finish():605] file stream finish is done
2025-04-24 13:39:12,558 INFO    SenderThread:2250335 [sender.py:transition_state():614] send defer: 13
2025-04-24 13:39:12,558 DEBUG   SenderThread:2250335 [sender.py:send_request():406] send_request: poll_exit
2025-04-24 13:39:12,559 DEBUG   HandlerThread:2250335 [handler.py:handle_request():158] handle_request: defer
2025-04-24 13:39:12,559 INFO    HandlerThread:2250335 [handler.py:handle_request_defer():184] handle defer: 13
2025-04-24 13:39:12,560 DEBUG   SenderThread:2250335 [sender.py:send_request():406] send_request: defer
2025-04-24 13:39:12,560 INFO    SenderThread:2250335 [sender.py:send_request_defer():610] handle sender defer: 13
2025-04-24 13:39:12,560 INFO    SenderThread:2250335 [sender.py:transition_state():614] send defer: 14
2025-04-24 13:39:12,561 DEBUG   HandlerThread:2250335 [handler.py:handle_request():158] handle_request: defer
2025-04-24 13:39:12,561 INFO    HandlerThread:2250335 [handler.py:handle_request_defer():184] handle defer: 14
2025-04-24 13:39:12,562 DEBUG   SenderThread:2250335 [sender.py:send():379] send: final
2025-04-24 13:39:12,562 DEBUG   SenderThread:2250335 [sender.py:send():379] send: footer
2025-04-24 13:39:12,562 DEBUG   SenderThread:2250335 [sender.py:send_request():406] send_request: defer
2025-04-24 13:39:12,562 INFO    SenderThread:2250335 [sender.py:send_request_defer():610] handle sender defer: 14
2025-04-24 13:39:12,563 DEBUG   HandlerThread:2250335 [handler.py:handle_request():158] handle_request: poll_exit
2025-04-24 13:39:12,564 DEBUG   HandlerThread:2250335 [handler.py:handle_request():158] handle_request: server_info
2025-04-24 13:39:12,564 DEBUG   HandlerThread:2250335 [handler.py:handle_request():158] handle_request: poll_exit
2025-04-24 13:39:12,564 DEBUG   SenderThread:2250335 [sender.py:send_request():406] send_request: poll_exit
2025-04-24 13:39:12,564 DEBUG   HandlerThread:2250335 [handler.py:handle_request():158] handle_request: get_summary
2025-04-24 13:39:12,565 DEBUG   SenderThread:2250335 [sender.py:send_request():406] send_request: server_info
2025-04-24 13:39:12,569 DEBUG   HandlerThread:2250335 [handler.py:handle_request():158] handle_request: sampled_history
2025-04-24 13:39:12,570 DEBUG   HandlerThread:2250335 [handler.py:handle_request():158] handle_request: internal_messages
2025-04-24 13:39:13,119 DEBUG   SenderThread:2250335 [sender.py:send_request():406] send_request: poll_exit
2025-04-24 13:39:13,120 INFO    MainThread:2250335 [wandb_run.py:_footer_history_summary_info():3991] rendering history
2025-04-24 13:39:13,120 INFO    MainThread:2250335 [wandb_run.py:_footer_history_summary_info():4023] rendering summary
2025-04-24 13:39:13,120 INFO    MainThread:2250335 [wandb_run.py:_footer_sync_info():3950] logging synced files
2025-04-24 13:39:13,121 DEBUG   HandlerThread:2250335 [handler.py:handle_request():158] handle_request: shutdown
2025-04-24 13:39:13,121 INFO    HandlerThread:2250335 [handler.py:finish():882] shutting down handler
2025-04-24 13:39:13,569 INFO    WriterThread:2250335 [datastore.py:close():296] close: /home/levi/Desktop/MOORE-TDMPC/moore_tdmpc/logs/mw-hammer/42/moore-tdmpc2-mt30/wandb/run-20250424_133737-cybzsnsh/run-cybzsnsh.wandb
2025-04-24 13:39:14,120 INFO    SenderThread:2250335 [sender.py:finish():1608] shutting down sender
2025-04-24 13:39:14,120 INFO    SenderThread:2250335 [file_pusher.py:finish():169] shutting down file pusher
2025-04-24 13:39:14,120 INFO    SenderThread:2250335 [file_pusher.py:join():175] waiting for file pusher
