[34m[1mLogs will be synced with wandb.
Config(env_type='MooreMultiTask', n_contexts=30, obs_dim=39, action_dim=4, hidden_dim=512, n_experts=4, moore_temperature=0.75, use_softmax=True, use_checkpoint=False, use_mixed_precision=True, gamma=0.99, stddev=0.1, actor_updates=4, use_ema=True, ensemble_size=5, update_freq=4, seed=1, device='cuda:0', task='mw-reach', obs='state', multitask=False, steps=10000000, batch_size=256, reward_coef=0.1, value_coef=0.1, consistency_coef=20, rho=0.5, lr=0.0003, enc_lr_scale=0.3, grad_clip_norm=20, tau=0.01, discount_denom=5, discount_min=0.95, discount_max=0.995, buffer_size=1000000, exp_name='moore-tdmpc2-mt30', eval_freq=20000, eval_episodes=10, mpc=True, iterations=6, num_samples=512, num_elites=64, num_pi_trajs=24, horizon=3, min_std=0.05, max_std=2, temperature=0.5, log_std_min=-10, log_std_max=2, entropy_coef=0.0001, model_size=5, num_enc_layers=2, enc_dim=256, num_channels=32, mlp_dim=512, latent_dim=512, task_dim=0, num_q=5, dropout=0.01, simnorm_dim=8, num_bins=101, vmin=-10, vmax=10, wandb_project='moore-tdmpc2', wandb_entity='OA-MBRL', wandb_silent=False, enable_wandb=True, save_csv=True, save_video=False, save_agent=True, compile=False, compile_dynamics=False, compile_loss=False, work_dir=PosixPath('/home/levi/Desktop/MOORE-TDMPC/renew/logs/mw-reach/1/moore-tdmpc2-mt30'), task_title='Mw Reach', tasks=['mw-reach'], obs_shape={'state': (39,)}, episode_length=100, obs_shapes='???', episode_lengths='???', seed_steps=1000, bin_size=0.2, data_dir='/media/levi/Singe4linux/Moore-TDMPC/TDMPC2/data/mt30')
Architecture: MooreWorldModel(total_params=7728177, latent_dim=512, action_dim=4, n_experts=4, temperature=0.5)
Task Encoder: MooreTaskEncoder(obs_dim=39, latent_dim=512, hidden_dim=512, n_experts=4, temperature=0.75, use_softmax=True)
Transition-Reward Core: MoETransitionRewardModel(latent_dim=512, action_dim=4, hidden_dim=512, n_experts=4, temperature=0.5, use_softmax=True, reward_dim=101, fused_head=True, use_mixed_precision=True)
Policy prior: Sequential(
  (0): NormedLinear(in_features=512, out_features=512, bias=True, act=Mish)
  (1): NormedLinear(in_features=512, out_features=512, bias=True, act=Mish)
  (2): Linear(in_features=512, out_features=8, bias=True)
)
Q-functions: Ensemble(n_models=5)
[32m[1må¼€å§‹Moore-TDMPC2è®­ç»ƒ...
[32mOnlineTrainer: Starting training loop with profiling enabled
[36mPROFILER STATUS: Enabled=True, Functions=0, Total Calls=0
[36mPROFILER: forward executed in 34.45ms (call 1)
[36mPROFILER: forward executed in 0.33ms (call 2)
[36mPROFILER: forward executed in 0.34ms (call 3)
 [32meval[39m    [34mE:[39m 0            [34mI:[39m 0            [34mR:[39m 277.6        [34mS:[39m 0.0          [34mT:[39m 0:00:17
 [34mtrain[39m   [34mE:[39m 0            [34mI:[39m 100          [34mR:[39m 158.1        [34mS:[39m 0.0          [34mT:[39m 0:00:17
Buffer capacity: 1,000,000
Storage required: 0.18 GB
Using CUDA:0 memory for storage.
 [34mtrain[39m   [34mE:[39m 1            [34mI:[39m 200          [34mR:[39m 225.5        [34mS:[39m 0.0          [34mT:[39m 0:00:17
 [34mtrain[39m   [34mE:[39m 2            [34mI:[39m 300          [34mR:[39m 137.3        [34mS:[39m 0.0          [34mT:[39m 0:00:17
 [34mtrain[39m   [34mE:[39m 3            [34mI:[39m 400          [34mR:[39m 318.5        [34mS:[39m 0.0          [34mT:[39m 0:00:17
 [34mtrain[39m   [34mE:[39m 4            [34mI:[39m 500          [34mR:[39m 418.2        [34mS:[39m 0.0          [34mT:[39m 0:00:17
 [34mtrain[39m   [34mE:[39m 5            [34mI:[39m 600          [34mR:[39m 225.5        [34mS:[39m 0.0          [34mT:[39m 0:00:17
 [34mtrain[39m   [34mE:[39m 6            [34mI:[39m 700          [34mR:[39m 253.3        [34mS:[39m 0.0          [34mT:[39m 0:00:17
 [34mtrain[39m   [34mE:[39m 7            [34mI:[39m 800          [34mR:[39m 246.9        [34mS:[39m 0.0          [34mT:[39m 0:00:17
 [34mtrain[39m   [34mE:[39m 8            [34mI:[39m 900          [34mR:[39m 1080.1       [34mS:[39m 0.0          [34mT:[39m 0:00:17
 [34mtrain[39m   [34mE:[39m 9            [34mI:[39m 1,000        [34mR:[39m 294.2        [34mS:[39m 0.0          [34mT:[39m 0:00:17
Pretraining agent on seed data...
 [34mtrain[39m   [34mE:[39m 10           [34mI:[39m 1,100        [34mR:[39m 233.2        [34mS:[39m 0.0          [34mT:[39m 0:01:19
 [34mtrain[39m   [34mE:[39m 11           [34mI:[39m 1,200        [34mR:[39m 196.2        [34mS:[39m 0.0          [34mT:[39m 0:01:27
 [34mtrain[39m   [34mE:[39m 12           [34mI:[39m 1,300        [34mR:[39m 80.8         [34mS:[39m 0.0          [34mT:[39m 0:01:34
 [34mtrain[39m   [34mE:[39m 13           [34mI:[39m 1,400        [34mR:[39m 100.9        [34mS:[39m 0.0          [34mT:[39m 0:01:42
 [34mtrain[39m   [34mE:[39m 14           [34mI:[39m 1,500        [34mR:[39m 234.4        [34mS:[39m 0.0          [34mT:[39m 0:01:49
 [34mtrain[39m   [34mE:[39m 15           [34mI:[39m 1,600        [34mR:[39m 136.5        [34mS:[39m 0.0          [34mT:[39m 0:01:57
 [34mtrain[39m   [34mE:[39m 16           [34mI:[39m 1,700        [34mR:[39m 131.7        [34mS:[39m 0.0          [34mT:[39m 0:02:04
 [34mtrain[39m   [34mE:[39m 17           [34mI:[39m 1,800        [34mR:[39m 126.9        [34mS:[39m 0.0          [34mT:[39m 0:02:11
 [34mtrain[39m   [34mE:[39m 18           [34mI:[39m 1,900        [34mR:[39m 91.4         [34mS:[39m 0.0          [34mT:[39m 0:02:19
 [34mtrain[39m   [34mE:[39m 19           [34mI:[39m 2,000        [34mR:[39m 237.8        [34mS:[39m 0.0          [34mT:[39m 0:02:26
 [34mtrain[39m   [34mE:[39m 20           [34mI:[39m 2,100        [34mR:[39m 364.4        [34mS:[39m 0.0          [34mT:[39m 0:02:34
 [34mtrain[39m   [34mE:[39m 21           [34mI:[39m 2,200        [34mR:[39m 276.6        [34mS:[39m 0.0          [34mT:[39m 0:02:41
 [34mtrain[39m   [34mE:[39m 22           [34mI:[39m 2,300        [34mR:[39m 177.4        [34mS:[39m 0.0          [34mT:[39m 0:02:49
 [34mtrain[39m   [34mE:[39m 23           [34mI:[39m 2,400        [34mR:[39m 364.7        [34mS:[39m 0.0          [34mT:[39m 0:02:56
 [34mtrain[39m   [34mE:[39m 24           [34mI:[39m 2,500        [34mR:[39m 327.2        [34mS:[39m 0.0          [34mT:[39m 0:03:03
 [34mtrain[39m   [34mE:[39m 25           [34mI:[39m 2,600        [34mR:[39m 167.9        [34mS:[39m 0.0          [34mT:[39m 0:03:10
 [34mtrain[39m   [34mE:[39m 26           [34mI:[39m 2,700        [34mR:[39m 296.0        [34mS:[39m 0.0          [34mT:[39m 0:03:18
 [34mtrain[39m   [34mE:[39m 27           [34mI:[39m 2,800        [34mR:[39m 415.6        [34mS:[39m 0.0          [34mT:[39m 0:03:25
 [34mtrain[39m   [34mE:[39m 28           [34mI:[39m 2,900        [34mR:[39m 172.6        [34mS:[39m 0.0          [34mT:[39m 0:03:33
 [34mtrain[39m   [34mE:[39m 29           [34mI:[39m 3,000        [34mR:[39m 278.5        [34mS:[39m 0.0          [34mT:[39m 0:03:40
 [34mtrain[39m   [34mE:[39m 30           [34mI:[39m 3,100        [34mR:[39m 204.1        [34mS:[39m 0.0          [34mT:[39m 0:03:48
 [34mtrain[39m   [34mE:[39m 31           [34mI:[39m 3,200        [34mR:[39m 245.0        [34mS:[39m 0.0          [34mT:[39m 0:03:55
 [34mtrain[39m   [34mE:[39m 32           [34mI:[39m 3,300        [34mR:[39m 225.3        [34mS:[39m 0.0          [34mT:[39m 0:04:02
 [34mtrain[39m   [34mE:[39m 33           [34mI:[39m 3,400        [34mR:[39m 133.9        [34mS:[39m 0.0          [34mT:[39m 0:04:10
 [34mtrain[39m   [34mE:[39m 34           [34mI:[39m 3,500        [34mR:[39m 861.0        [34mS:[39m 0.0          [34mT:[39m 0:04:17
 [34mtrain[39m   [34mE:[39m 35           [34mI:[39m 3,600        [34mR:[39m 236.9        [34mS:[39m 0.0          [34mT:[39m 0:04:25
 [34mtrain[39m   [34mE:[39m 36           [34mI:[39m 3,700        [34mR:[39m 199.8        [34mS:[39m 0.0          [34mT:[39m 0:04:32
 [34mtrain[39m   [34mE:[39m 37           [34mI:[39m 3,800        [34mR:[39m 268.6        [34mS:[39m 0.0          [34mT:[39m 0:04:40
 [34mtrain[39m   [34mE:[39m 38           [34mI:[39m 3,900        [34mR:[39m 256.0        [34mS:[39m 0.0          [34mT:[39m 0:04:47
 [34mtrain[39m   [34mE:[39m 39           [34mI:[39m 4,000        [34mR:[39m 835.1        [34mS:[39m 0.0          [34mT:[39m 0:04:54
 [34mtrain[39m   [34mE:[39m 40           [34mI:[39m 4,100        [34mR:[39m 224.6        [34mS:[39m 0.0          [34mT:[39m 0:05:01
 [34mtrain[39m   [34mE:[39m 41           [34mI:[39m 4,200        [34mR:[39m 254.6        [34mS:[39m 0.0          [34mT:[39m 0:05:09
 [34mtrain[39m   [34mE:[39m 42           [34mI:[39m 4,300        [34mR:[39m 226.5        [34mS:[39m 0.0          [34mT:[39m 0:05:17
 [34mtrain[39m   [34mE:[39m 43           [34mI:[39m 4,400        [34mR:[39m 319.7        [34mS:[39m 0.0          [34mT:[39m 0:05:24
 [34mtrain[39m   [34mE:[39m 44           [34mI:[39m 4,500        [34mR:[39m 185.7        [34mS:[39m 0.0          [34mT:[39m 0:05:32
 [34mtrain[39m   [34mE:[39m 45           [34mI:[39m 4,600        [34mR:[39m 278.6        [34mS:[39m 0.0          [34mT:[39m 0:05:39
 [34mtrain[39m   [34mE:[39m 46           [34mI:[39m 4,700        [34mR:[39m 424.1        [34mS:[39m 0.0          [34mT:[39m 0:05:47
 [34mtrain[39m   [34mE:[39m 47           [34mI:[39m 4,800        [34mR:[39m 391.2        [34mS:[39m 0.0          [34mT:[39m 0:05:54
 [34mtrain[39m   [34mE:[39m 48           [34mI:[39m 4,900        [34mR:[39m 665.6        [34mS:[39m 0.0          [34mT:[39m 0:06:01
 [34mtrain[39m   [34mE:[39m 49           [34mI:[39m 5,000        [34mR:[39m 630.3        [34mS:[39m 0.0          [34mT:[39m 0:06:09
 [34mtrain[39m   [34mE:[39m 50           [34mI:[39m 5,100        [34mR:[39m 350.9        [34mS:[39m 0.0          [34mT:[39m 0:06:16
 [34mtrain[39m   [34mE:[39m 51           [34mI:[39m 5,200        [34mR:[39m 590.5        [34mS:[39m 0.0          [34mT:[39m 0:06:24
 [34mtrain[39m   [34mE:[39m 52           [34mI:[39m 5,300        [34mR:[39m 370.1        [34mS:[39m 0.0          [34mT:[39m 0:06:31
 [34mtrain[39m   [34mE:[39m 53           [34mI:[39m 5,400        [34mR:[39m 329.4        [34mS:[39m 0.0          [34mT:[39m 0:06:38
 [34mtrain[39m   [34mE:[39m 54           [34mI:[39m 5,500        [34mR:[39m 476.0        [34mS:[39m 0.0          [34mT:[39m 0:06:46
 [34mtrain[39m   [34mE:[39m 55           [34mI:[39m 5,600        [34mR:[39m 476.4        [34mS:[39m 0.0          [34mT:[39m 0:06:54
 [34mtrain[39m   [34mE:[39m 56           [34mI:[39m 5,700        [34mR:[39m 369.4        [34mS:[39m 0.0          [34mT:[39m 0:07:02
 [34mtrain[39m   [34mE:[39m 57           [34mI:[39m 5,800        [34mR:[39m 1043.9       [34mS:[39m 0.0          [34mT:[39m 0:07:10
 [34mtrain[39m   [34mE:[39m 58           [34mI:[39m 5,900        [34mR:[39m 214.5        [34mS:[39m 0.0          [34mT:[39m 0:07:18
 [34mtrain[39m   [34mE:[39m 59           [34mI:[39m 6,000        [34mR:[39m 842.7        [34mS:[39m 0.0          [34mT:[39m 0:07:26
 [34mtrain[39m   [34mE:[39m 60           [34mI:[39m 6,100        [34mR:[39m 589.9        [34mS:[39m 0.0          [34mT:[39m 0:07:34
 [34mtrain[39m   [34mE:[39m 61           [34mI:[39m 6,200        [34mR:[39m 899.2        [34mS:[39m 0.0          [34mT:[39m 0:07:43
 [34mtrain[39m   [34mE:[39m 62           [34mI:[39m 6,300        [34mR:[39m 734.1        [34mS:[39m 0.0          [34mT:[39m 0:07:51
 [34mtrain[39m   [34mE:[39m 63           [34mI:[39m 6,400        [34mR:[39m 336.7        [34mS:[39m 0.0          [34mT:[39m 0:07:59
 [34mtrain[39m   [34mE:[39m 64           [34mI:[39m 6,500        [34mR:[39m 551.4        [34mS:[39m 0.0          [34mT:[39m 0:08:06
 [34mtrain[39m   [34mE:[39m 65           [34mI:[39m 6,600        [34mR:[39m 895.2        [34mS:[39m 0.0          [34mT:[39m 0:08:14
 [34mtrain[39m   [34mE:[39m 66           [34mI:[39m 6,700        [34mR:[39m 1056.3       [34mS:[39m 0.0          [34mT:[39m 0:08:21
 [34mtrain[39m   [34mE:[39m 67           [34mI:[39m 6,800        [34mR:[39m 916.4        [34mS:[39m 0.0          [34mT:[39m 0:08:29
 [34mtrain[39m   [34mE:[39m 68           [34mI:[39m 6,900        [34mR:[39m 925.8        [34mS:[39m 0.0          [34mT:[39m 0:08:36
 [34mtrain[39m   [34mE:[39m 69           [34mI:[39m 7,000        [34mR:[39m 852.9        [34mS:[39m 0.0          [34mT:[39m 0:08:44
 [34mtrain[39m   [34mE:[39m 70           [34mI:[39m 7,100        [34mR:[39m 971.7        [34mS:[39m 0.0          [34mT:[39m 0:08:51
 [34mtrain[39m   [34mE:[39m 71           [34mI:[39m 7,200        [34mR:[39m 1117.8       [34mS:[39m 0.0          [34mT:[39m 0:08:58
 [34mtrain[39m   [34mE:[39m 72           [34mI:[39m 7,300        [34mR:[39m 913.6        [34mS:[39m 0.0          [34mT:[39m 0:09:05
 [34mtrain[39m   [34mE:[39m 73           [34mI:[39m 7,400        [34mR:[39m 664.3        [34mS:[39m 0.0          [34mT:[39m 0:09:13
 [34mtrain[39m   [34mE:[39m 74           [34mI:[39m 7,500        [34mR:[39m 702.7        [34mS:[39m 0.0          [34mT:[39m 0:09:20
 [34mtrain[39m   [34mE:[39m 75           [34mI:[39m 7,600        [34mR:[39m 240.7        [34mS:[39m 0.0          [34mT:[39m 0:09:28
 [34mtrain[39m   [34mE:[39m 76           [34mI:[39m 7,700        [34mR:[39m 1242.3       [34mS:[39m 0.0          [34mT:[39m 0:09:36
 [34mtrain[39m   [34mE:[39m 77           [34mI:[39m 7,800        [34mR:[39m 1240.5       [34mS:[39m 0.0          [34mT:[39m 0:09:43
 [34mtrain[39m   [34mE:[39m 78           [34mI:[39m 7,900        [34mR:[39m 1301.2       [34mS:[39m 0.0          [34mT:[39m 0:09:51
 [34mtrain[39m   [34mE:[39m 79           [34mI:[39m 8,000        [34mR:[39m 819.4        [34mS:[39m 0.0          [34mT:[39m 0:09:59
 [34mtrain[39m   [34mE:[39m 80           [34mI:[39m 8,100        [34mR:[39m 701.7        [34mS:[39m 0.0          [34mT:[39m 0:10:06
 [34mtrain[39m   [34mE:[39m 81           [34mI:[39m 8,200        [34mR:[39m 173.9        [34mS:[39m 0.0          [34mT:[39m 0:10:14
 [34mtrain[39m   [34mE:[39m 82           [34mI:[39m 8,300        [34mR:[39m 486.4        [34mS:[39m 0.0          [34mT:[39m 0:10:21
 [34mtrain[39m   [34mE:[39m 83           [34mI:[39m 8,400        [34mR:[39m 425.5        [34mS:[39m 0.0          [34mT:[39m 0:10:29
Error executing job with overrides: ['task=mw-reach']
Traceback (most recent call last):
  File "/home/levi/Desktop/MOORE-TDMPC/renew/common/layers.py", line 27, in _call
    return self.module(*args, **kwargs)
  File "/home/levi/anaconda3/envs/tdmpc2/lib/python3.9/site-packages/torch/nn/modules/module.py", line 1740, in _wrapped_call_impl
    return self._call_impl(*args, **kwargs)
  File "/home/levi/anaconda3/envs/tdmpc2/lib/python3.9/site-packages/torch/nn/modules/module.py", line 1751, in _call_impl
    return forward_call(*args, **kwargs)
  File "/home/levi/anaconda3/envs/tdmpc2/lib/python3.9/site-packages/torch/nn/modules/container.py", line 250, in forward
    input = module(input)
  File "/home/levi/anaconda3/envs/tdmpc2/lib/python3.9/site-packages/torch/nn/modules/module.py", line 1740, in _wrapped_call_impl
    return self._call_impl(*args, **kwargs)
  File "/home/levi/anaconda3/envs/tdmpc2/lib/python3.9/site-packages/torch/nn/modules/module.py", line 1751, in _call_impl
    return forward_call(*args, **kwargs)
  File "/home/levi/Desktop/MOORE-TDMPC/renew/common/layers.py", line 108, in forward
    x = super().forward(x)
  File "/home/levi/anaconda3/envs/tdmpc2/lib/python3.9/site-packages/torch/nn/modules/linear.py", line 125, in forward
    return F.linear(input, self.weight, self.bias)
KeyboardInterrupt
During handling of the above exception, another exception occurred:
Traceback (most recent call last):
  File "/home/levi/Desktop/MOORE-TDMPC/renew/train_with_cprofile.py", line 158, in train
    trainer.train()
  File "/home/levi/Desktop/MOORE-TDMPC/renew/utils/profiler.py", line 28, in wrapper
    result = func(*args, **kwargs)
  File "/home/levi/Desktop/MOORE-TDMPC/renew/trainer/online_trainer.py", line 126, in train
    _train_metrics = self.agent.update(self.buffer)
  File "/home/levi/Desktop/MOORE-TDMPC/renew/train_moore_agent.py", line 398, in update
    return self._update(obs, action, reward, task=task)
  File "/home/levi/Desktop/MOORE-TDMPC/renew/train_moore_agent.py", line 281, in _update
    pi_info = self.update_pi(z_seq[:, :-1].detach(), task)  # zs=(B,T,D)
  File "/home/levi/Desktop/MOORE-TDMPC/renew/train_moore_agent.py", line 347, in update_pi
    qs = self.model.Q(zs, action, task,
  File "/home/levi/Desktop/MOORE-TDMPC/renew/world_model.py", line 346, in Q
    out = qnet(z)
  File "/home/levi/anaconda3/envs/tdmpc2/lib/python3.9/site-packages/torch/nn/modules/module.py", line 1740, in _wrapped_call_impl
    return self._call_impl(*args, **kwargs)
  File "/home/levi/anaconda3/envs/tdmpc2/lib/python3.9/site-packages/torch/nn/modules/module.py", line 1751, in _call_impl
    return forward_call(*args, **kwargs)
  File "/home/levi/Desktop/MOORE-TDMPC/renew/common/layers.py", line 30, in forward
    return torch.vmap(self._call, (0, None), randomness="different")(self.params, *args, **kwargs)
  File "/home/levi/anaconda3/envs/tdmpc2/lib/python3.9/site-packages/torch/_functorch/apis.py", line 203, in wrapped
    return vmap_impl(
  File "/home/levi/anaconda3/envs/tdmpc2/lib/python3.9/site-packages/torch/_functorch/vmap.py", line 331, in vmap_impl
    return _flat_vmap(
  File "/home/levi/anaconda3/envs/tdmpc2/lib/python3.9/site-packages/torch/_functorch/vmap.py", line 479, in _flat_vmap
    batched_outputs = func(*batched_inputs, **kwargs)
  File "/home/levi/Desktop/MOORE-TDMPC/renew/common/layers.py", line 27, in _call
    return self.module(*args, **kwargs)
  File "/home/levi/anaconda3/envs/tdmpc2/lib/python3.9/site-packages/tensordict/base.py", line 221, in __bool__
    raise RuntimeError("Converting a tensordict to boolean value is not permitted")
RuntimeError: Converting a tensordict to boolean value is not permitted
Set the environment variable HYDRA_FULL_ERROR=1 for a complete stack trace.