[34m[1mLogs will be synced with wandb.
Config(env_type='MooreMultiTask', n_contexts=30, obs_dim=39, action_dim=4, hidden_dim=512, n_experts=4, moore_temperature=0.5, use_softmax=True, use_checkpoint=False, use_mixed_precision=True, gamma=0.99, stddev=0.1, actor_updates=4, use_ema=True, ensemble_size=5, update_freq=4, seed=42, model_updates=1, pi_updates=1, bc_coef=0.1, adv_norm_eps=0.01, device=device(type='cuda', index=0), task='mw-reach', obs='state', multitask=False, steps=10000000, batch_size=256, reward_coef=0.1, value_coef=0.1, consistency_coef=10, rho=0.5, lr=0.0003, enc_lr_scale=0.3, grad_clip_norm=20, tau=0.01, discount_denom=5, discount_min=0.95, discount_max=0.995, buffer_size=1000000, exp_name='moore-tdmpc2-mt30', eval_freq=20000, eval_episodes=10, moore={'n_experts': 4, 'temperature': 0.5, 'use_softmax': True, 'debug_task_emb': False}, mpc=True, iterations=15, num_samples=512, num_elites=64, num_pi_trajs=24, horizon=7, min_std=0.05, max_std=2, temperature=0.5, log_std_min=-10, log_std_max=2, entropy_coef=0.0001, model_size=5, num_enc_layers=2, enc_dim=256, num_channels=32, mlp_dim=512, latent_dim=512, task_dim=0, num_q=5, dropout=0.01, simnorm_dim=8, num_bins=101, vmin=-10, vmax=10, wandb_project='moore-tdmpc2', wandb_entity='OA-MBRL', wandb_silent=False, enable_wandb=True, save_csv=True, save_video=False, save_agent=True, compile=False, compile_dynamics=False, compile_loss=False, work_dir=PosixPath('/home/levi/Desktop/MOORE-TDMPC/renew/logs/mw-reach/42/moore-tdmpc2-mt30'), task_title='Mw Reach', tasks=['mw-reach'], obs_shape={'state': (39,)}, episode_length=100, obs_shapes='???', episode_lengths='???', seed_steps=1000, bin_size=0.2, data_dir='/media/levi/Singe4linux/Moore-TDMPC/TDMPC2/data/mt30')
Architecture: MooreWorldModel(total_params=7728177, latent_dim=512, action_dim=4, n_experts=4, temperature=0.5)
Task Encoder: MooreTaskEncoder(obs_dim=39, latent_dim=512, hidden_dim=512, n_experts=4, temperature=0.5, use_softmax=True)
Transition-Reward Core: MoETransitionRewardModel(latent_dim=512, action_dim=4, hidden_dim=512, n_experts=4, temperature=0.5, use_softmax=True, reward_dim=101, fused_head=True, use_mixed_precision=True)
Policy prior: Sequential(
  (0): NormedLinear(in_features=512, out_features=512, bias=True, act=Mish)
  (1): NormedLinear(in_features=512, out_features=512, bias=True, act=Mish)
  (2): Linear(in_features=512, out_features=8, bias=True)
)
Q-functions: Ensemble(n_models=5)
[32m[1må¼€å§‹Moore-TDMPC2è®­ç»ƒ...
[32mOnlineTrainer: Starting training loop with profiling enabled
[36mPROFILER STATUS: Enabled=True, Functions=0, Total Calls=0
[36mPROFILER: forward executed in 31.77ms (call 1)
[36mPROFILER: forward executed in 0.29ms (call 2)
[36mPROFILER: forward executed in 0.28ms (call 3)
 [32meval[39m    [34mE:[39m 0            [34mI:[39m 0            [34mR:[39m 157.6        [34mS:[39m 0.0          [34mT:[39m 0:00:49
 [34mtrain[39m   [34mE:[39m 0            [34mI:[39m 100          [34mR:[39m 364.9        [34mS:[39m 0.0          [34mT:[39m 0:00:49
Buffer capacity: 1,000,000
Storage required: 0.18 GB
Using CUDA:0 memory for storage.
 [34mtrain[39m   [34mE:[39m 1            [34mI:[39m 200          [34mR:[39m 315.7        [34mS:[39m 0.0          [34mT:[39m 0:00:49
 [34mtrain[39m   [34mE:[39m 2            [34mI:[39m 300          [34mR:[39m 605.1        [34mS:[39m 0.0          [34mT:[39m 0:00:49
 [34mtrain[39m   [34mE:[39m 3            [34mI:[39m 400          [34mR:[39m 347.1        [34mS:[39m 0.0          [34mT:[39m 0:00:49
 [34mtrain[39m   [34mE:[39m 4            [34mI:[39m 500          [34mR:[39m 319.2        [34mS:[39m 0.0          [34mT:[39m 0:00:49
 [34mtrain[39m   [34mE:[39m 5            [34mI:[39m 600          [34mR:[39m 274.8        [34mS:[39m 0.0          [34mT:[39m 0:00:49
 [34mtrain[39m   [34mE:[39m 6            [34mI:[39m 700          [34mR:[39m 276.7        [34mS:[39m 0.0          [34mT:[39m 0:00:49
 [34mtrain[39m   [34mE:[39m 7            [34mI:[39m 800          [34mR:[39m 190.2        [34mS:[39m 0.0          [34mT:[39m 0:00:49
 [34mtrain[39m   [34mE:[39m 8            [34mI:[39m 900          [34mR:[39m 547.0        [34mS:[39m 0.0          [34mT:[39m 0:00:49
 [34mtrain[39m   [34mE:[39m 9            [34mI:[39m 1,000        [34mR:[39m 361.1        [34mS:[39m 0.0          [34mT:[39m 0:00:49
Pretraining agent on seed data...
 [34mtrain[39m   [34mE:[39m 10           [34mI:[39m 1,100        [34mR:[39m 326.6        [34mS:[39m 0.0          [34mT:[39m 0:02:30
 [34mtrain[39m   [34mE:[39m 11           [34mI:[39m 1,200        [34mR:[39m 164.0        [34mS:[39m 0.0          [34mT:[39m 0:02:44
 [34mtrain[39m   [34mE:[39m 12           [34mI:[39m 1,300        [34mR:[39m 131.5        [34mS:[39m 0.0          [34mT:[39m 0:02:58
 [34mtrain[39m   [34mE:[39m 13           [34mI:[39m 1,400        [34mR:[39m 166.5        [34mS:[39m 0.0          [34mT:[39m 0:03:13
 [34mtrain[39m   [34mE:[39m 14           [34mI:[39m 1,500        [34mR:[39m 82.9         [34mS:[39m 0.0          [34mT:[39m 0:03:27
 [34mtrain[39m   [34mE:[39m 15           [34mI:[39m 1,600        [34mR:[39m 111.5        [34mS:[39m 0.0          [34mT:[39m 0:03:41
 [34mtrain[39m   [34mE:[39m 16           [34mI:[39m 1,700        [34mR:[39m 252.7        [34mS:[39m 0.0          [34mT:[39m 0:03:55
 [34mtrain[39m   [34mE:[39m 17           [34mI:[39m 1,800        [34mR:[39m 197.8        [34mS:[39m 0.0          [34mT:[39m 0:04:09
 [34mtrain[39m   [34mE:[39m 18           [34mI:[39m 1,900        [34mR:[39m 76.9         [34mS:[39m 0.0          [34mT:[39m 0:04:23
 [34mtrain[39m   [34mE:[39m 19           [34mI:[39m 2,000        [34mR:[39m 98.8         [34mS:[39m 0.0          [34mT:[39m 0:04:36
 [34mtrain[39m   [34mE:[39m 20           [34mI:[39m 2,100        [34mR:[39m 128.8        [34mS:[39m 0.0          [34mT:[39m 0:04:50
 [34mtrain[39m   [34mE:[39m 21           [34mI:[39m 2,200        [34mR:[39m 119.8        [34mS:[39m 0.0          [34mT:[39m 0:05:04
 [34mtrain[39m   [34mE:[39m 22           [34mI:[39m 2,300        [34mR:[39m 119.7        [34mS:[39m 0.0          [34mT:[39m 0:05:18
 [34mtrain[39m   [34mE:[39m 23           [34mI:[39m 2,400        [34mR:[39m 223.2        [34mS:[39m 0.0          [34mT:[39m 0:05:32
 [34mtrain[39m   [34mE:[39m 24           [34mI:[39m 2,500        [34mR:[39m 88.2         [34mS:[39m 0.0          [34mT:[39m 0:05:47
 [34mtrain[39m   [34mE:[39m 25           [34mI:[39m 2,600        [34mR:[39m 216.2        [34mS:[39m 0.0          [34mT:[39m 0:06:01
 [34mtrain[39m   [34mE:[39m 26           [34mI:[39m 2,700        [34mR:[39m 109.2        [34mS:[39m 0.0          [34mT:[39m 0:06:16
 [34mtrain[39m   [34mE:[39m 27           [34mI:[39m 2,800        [34mR:[39m 274.6        [34mS:[39m 0.0          [34mT:[39m 0:06:31
 [34mtrain[39m   [34mE:[39m 28           [34mI:[39m 2,900        [34mR:[39m 86.4         [34mS:[39m 0.0          [34mT:[39m 0:06:45
 [34mtrain[39m   [34mE:[39m 29           [34mI:[39m 3,000        [34mR:[39m 88.0         [34mS:[39m 0.0          [34mT:[39m 0:06:59
 [34mtrain[39m   [34mE:[39m 30           [34mI:[39m 3,100        [34mR:[39m 121.1        [34mS:[39m 0.0          [34mT:[39m 0:07:14
 [34mtrain[39m   [34mE:[39m 31           [34mI:[39m 3,200        [34mR:[39m 67.0         [34mS:[39m 0.0          [34mT:[39m 0:07:29
 [34mtrain[39m   [34mE:[39m 32           [34mI:[39m 3,300        [34mR:[39m 122.4        [34mS:[39m 0.0          [34mT:[39m 0:07:43
 [34mtrain[39m   [34mE:[39m 33           [34mI:[39m 3,400        [34mR:[39m 93.2         [34mS:[39m 0.0          [34mT:[39m 0:07:57
 [34mtrain[39m   [34mE:[39m 34           [34mI:[39m 3,500        [34mR:[39m 133.9        [34mS:[39m 0.0          [34mT:[39m 0:08:11
 [34mtrain[39m   [34mE:[39m 35           [34mI:[39m 3,600        [34mR:[39m 207.4        [34mS:[39m 0.0          [34mT:[39m 0:08:25
 [34mtrain[39m   [34mE:[39m 36           [34mI:[39m 3,700        [34mR:[39m 238.3        [34mS:[39m 0.0          [34mT:[39m 0:08:39
 [34mtrain[39m   [34mE:[39m 37           [34mI:[39m 3,800        [34mR:[39m 236.2        [34mS:[39m 0.0          [34mT:[39m 0:08:53
 [34mtrain[39m   [34mE:[39m 38           [34mI:[39m 3,900        [34mR:[39m 109.9        [34mS:[39m 0.0          [34mT:[39m 0:09:08
 [34mtrain[39m   [34mE:[39m 39           [34mI:[39m 4,000        [34mR:[39m 307.4        [34mS:[39m 0.0          [34mT:[39m 0:09:22
 [34mtrain[39m   [34mE:[39m 40           [34mI:[39m 4,100        [34mR:[39m 141.1        [34mS:[39m 0.0          [34mT:[39m 0:09:36
 [34mtrain[39m   [34mE:[39m 41           [34mI:[39m 4,200        [34mR:[39m 146.8        [34mS:[39m 0.0          [34mT:[39m 0:09:51
 [34mtrain[39m   [34mE:[39m 42           [34mI:[39m 4,300        [34mR:[39m 129.6        [34mS:[39m 0.0          [34mT:[39m 0:10:06
 [34mtrain[39m   [34mE:[39m 43           [34mI:[39m 4,400        [34mR:[39m 210.5        [34mS:[39m 0.0          [34mT:[39m 0:10:20
 [34mtrain[39m   [34mE:[39m 44           [34mI:[39m 4,500        [34mR:[39m 212.3        [34mS:[39m 0.0          [34mT:[39m 0:10:34
 [34mtrain[39m   [34mE:[39m 45           [34mI:[39m 4,600        [34mR:[39m 131.6        [34mS:[39m 0.0          [34mT:[39m 0:10:50
 [34mtrain[39m   [34mE:[39m 46           [34mI:[39m 4,700        [34mR:[39m 156.0        [34mS:[39m 0.0          [34mT:[39m 0:11:06
 [34mtrain[39m   [34mE:[39m 47           [34mI:[39m 4,800        [34mR:[39m 170.1        [34mS:[39m 0.0          [34mT:[39m 0:11:22
 [34mtrain[39m   [34mE:[39m 48           [34mI:[39m 4,900        [34mR:[39m 419.0        [34mS:[39m 0.0          [34mT:[39m 0:11:36
 [34mtrain[39m   [34mE:[39m 49           [34mI:[39m 5,000        [34mR:[39m 279.1        [34mS:[39m 0.0          [34mT:[39m 0:11:51
 [34mtrain[39m   [34mE:[39m 50           [34mI:[39m 5,100        [34mR:[39m 116.8        [34mS:[39m 0.0          [34mT:[39m 0:12:06
 [34mtrain[39m   [34mE:[39m 51           [34mI:[39m 5,200        [34mR:[39m 202.9        [34mS:[39m 0.0          [34mT:[39m 0:12:20
 [34mtrain[39m   [34mE:[39m 52           [34mI:[39m 5,300        [34mR:[39m 88.7         [34mS:[39m 0.0          [34mT:[39m 0:12:35
Error executing job with overrides: ['task=mw-reach']
Traceback (most recent call last):
  File "/home/levi/Desktop/MOORE-TDMPC/renew/common/layers.py", line 27, in _call
    return self.module(*args, **kwargs)
  File "/home/levi/anaconda3/envs/tdmpc2/lib/python3.9/site-packages/torch/nn/modules/module.py", line 1740, in _wrapped_call_impl
    return self._call_impl(*args, **kwargs)
  File "/home/levi/anaconda3/envs/tdmpc2/lib/python3.9/site-packages/torch/nn/modules/module.py", line 1751, in _call_impl
    return forward_call(*args, **kwargs)
  File "/home/levi/anaconda3/envs/tdmpc2/lib/python3.9/site-packages/torch/nn/modules/container.py", line 250, in forward
    input = module(input)
  File "/home/levi/anaconda3/envs/tdmpc2/lib/python3.9/site-packages/torch/nn/modules/module.py", line 1740, in _wrapped_call_impl
    return self._call_impl(*args, **kwargs)
  File "/home/levi/anaconda3/envs/tdmpc2/lib/python3.9/site-packages/torch/nn/modules/module.py", line 1751, in _call_impl
    return forward_call(*args, **kwargs)
  File "/home/levi/Desktop/MOORE-TDMPC/renew/common/layers.py", line 111, in forward
    return self.act(self.ln(x))
  File "/home/levi/anaconda3/envs/tdmpc2/lib/python3.9/site-packages/torch/nn/modules/module.py", line 1740, in _wrapped_call_impl
    return self._call_impl(*args, **kwargs)
  File "/home/levi/anaconda3/envs/tdmpc2/lib/python3.9/site-packages/torch/nn/modules/module.py", line 1751, in _call_impl
    return forward_call(*args, **kwargs)
  File "/home/levi/anaconda3/envs/tdmpc2/lib/python3.9/site-packages/torch/nn/modules/normalization.py", line 217, in forward
    return F.layer_norm(
  File "/home/levi/anaconda3/envs/tdmpc2/lib/python3.9/site-packages/torch/nn/functional.py", line 2910, in layer_norm
    return torch.layer_norm(
  File "/home/levi/anaconda3/envs/tdmpc2/lib/python3.9/site-packages/torch/fx/traceback.py", line 83, in format_stack
    return traceback.format_list(traceback.extract_stack()[:-1])
  File "/home/levi/anaconda3/envs/tdmpc2/lib/python3.9/traceback.py", line 39, in format_list
    return StackSummary.from_list(extracted_list).format()
  File "/home/levi/anaconda3/envs/tdmpc2/lib/python3.9/traceback.py", line 423, in format
    row.append('  File "{}", line {}, in {}\n'.format(
KeyboardInterrupt
During handling of the above exception, another exception occurred:
Traceback (most recent call last):
  File "/home/levi/Desktop/MOORE-TDMPC/renew/train_with_cprofile.py", line 158, in train
    trainer.train()
  File "/home/levi/Desktop/MOORE-TDMPC/renew/utils/profiler.py", line 28, in wrapper
    result = func(*args, **kwargs)
  File "/home/levi/Desktop/MOORE-TDMPC/renew/trainer/online_trainer.py", line 126, in train
    _train_metrics = self.agent.update(self.buffer)
  File "/home/levi/Desktop/MOORE-TDMPC/renew/train_moore_agent.py", line 543, in update
    "pi_loss":           pi_loss.item(),
  File "/home/levi/Desktop/MOORE-TDMPC/renew/train_moore_agent.py", line 443, in _update
    z_roll = z_seq[:, 0]  # (B,D)
  File "/home/levi/Desktop/MOORE-TDMPC/renew/train_moore_agent.py", line 497, in update_pi
  File "/home/levi/Desktop/MOORE-TDMPC/renew/world_model.py", line 348, in Q
    out = qnet(z)
  File "/home/levi/anaconda3/envs/tdmpc2/lib/python3.9/site-packages/torch/nn/modules/module.py", line 1740, in _wrapped_call_impl
    return self._call_impl(*args, **kwargs)
  File "/home/levi/anaconda3/envs/tdmpc2/lib/python3.9/site-packages/torch/nn/modules/module.py", line 1751, in _call_impl
    return forward_call(*args, **kwargs)
  File "/home/levi/Desktop/MOORE-TDMPC/renew/common/layers.py", line 30, in forward
    return torch.vmap(self._call, (0, None), randomness="different")(self.params, *args, **kwargs)
  File "/home/levi/anaconda3/envs/tdmpc2/lib/python3.9/site-packages/torch/_functorch/apis.py", line 203, in wrapped
    return vmap_impl(
  File "/home/levi/anaconda3/envs/tdmpc2/lib/python3.9/site-packages/torch/_functorch/vmap.py", line 331, in vmap_impl
    return _flat_vmap(
  File "/home/levi/anaconda3/envs/tdmpc2/lib/python3.9/site-packages/torch/_functorch/vmap.py", line 479, in _flat_vmap
    batched_outputs = func(*batched_inputs, **kwargs)
  File "/home/levi/Desktop/MOORE-TDMPC/renew/common/layers.py", line 27, in _call
    return self.module(*args, **kwargs)
  File "/home/levi/anaconda3/envs/tdmpc2/lib/python3.9/site-packages/tensordict/base.py", line 221, in __bool__
    raise RuntimeError("Converting a tensordict to boolean value is not permitted")
RuntimeError: Converting a tensordict to boolean value is not permitted
Set the environment variable HYDRA_FULL_ERROR=1 for a complete stack trace.