2025-04-24 09:43:53,950 INFO    StreamThr :2209073 [internal.py:wandb_internal():85] W&B internal server running at pid: 2209073, started at: 2025-04-24 09:43:53.949293
2025-04-24 09:43:53,952 DEBUG   HandlerThread:2209073 [handler.py:handle_request():158] handle_request: status
2025-04-24 09:43:53,958 INFO    WriterThread:2209073 [datastore.py:open_for_write():87] open: /home/levi/Desktop/MOORE-TDMPC/moore_tdmpc/logs/mw-hammer/42/moore-tdmpc2-mt30/wandb/run-20250424_094353-43udaeac/run-43udaeac.wandb
2025-04-24 09:43:53,958 DEBUG   SenderThread:2209073 [sender.py:send():379] send: header
2025-04-24 09:43:53,959 DEBUG   SenderThread:2209073 [sender.py:send():379] send: run
2025-04-24 09:43:58,840 INFO    SenderThread:2209073 [retry.py:__call__():172] Retry attempt failed:
urllib3.exceptions.SSLError: TLS/SSL connection has been closed (EOF) (_ssl.c:1147)

The above exception was the direct cause of the following exception:

Traceback (most recent call last):
  File "/home/levi/anaconda3/envs/tdmpc2/lib/python3.9/site-packages/requests/adapters.py", line 667, in send
    resp = conn.urlopen(
  File "/home/levi/anaconda3/envs/tdmpc2/lib/python3.9/site-packages/urllib3/connectionpool.py", line 841, in urlopen
    retries = retries.increment(
  File "/home/levi/anaconda3/envs/tdmpc2/lib/python3.9/site-packages/urllib3/util/retry.py", line 519, in increment
    raise MaxRetryError(_pool, url, reason) from reason  # type: ignore[arg-type]
urllib3.exceptions.MaxRetryError: HTTPSConnectionPool(host='api.wandb.ai', port=443): Max retries exceeded with url: /graphql (Caused by SSLError(SSLZeroReturnError(6, 'TLS/SSL connection has been closed (EOF) (_ssl.c:1147)')))

During handling of the above exception, another exception occurred:

Traceback (most recent call last):
  File "/home/levi/anaconda3/envs/tdmpc2/lib/python3.9/site-packages/wandb/sdk/lib/retry.py", line 131, in __call__
    result = self._call_fn(*args, **kwargs)
  File "/home/levi/anaconda3/envs/tdmpc2/lib/python3.9/site-packages/wandb/sdk/internal/internal_api.py", line 345, in execute
    return self.client.execute(*args, **kwargs)  # type: ignore
  File "/home/levi/anaconda3/envs/tdmpc2/lib/python3.9/site-packages/wandb/vendor/gql-0.2.0/wandb_gql/client.py", line 52, in execute
    result = self._get_result(document, *args, **kwargs)
  File "/home/levi/anaconda3/envs/tdmpc2/lib/python3.9/site-packages/wandb/vendor/gql-0.2.0/wandb_gql/client.py", line 60, in _get_result
    return self.transport.execute(document, *args, **kwargs)
  File "/home/levi/anaconda3/envs/tdmpc2/lib/python3.9/site-packages/wandb/sdk/lib/gql_request.py", line 58, in execute
    request = self.session.post(self.url, **post_args)
  File "/home/levi/anaconda3/envs/tdmpc2/lib/python3.9/site-packages/requests/sessions.py", line 637, in post
    return self.request("POST", url, data=data, json=json, **kwargs)
  File "/home/levi/anaconda3/envs/tdmpc2/lib/python3.9/site-packages/requests/sessions.py", line 589, in request
    resp = self.send(prep, **send_kwargs)
  File "/home/levi/anaconda3/envs/tdmpc2/lib/python3.9/site-packages/requests/sessions.py", line 703, in send
    r = adapter.send(request, **kwargs)
  File "/home/levi/anaconda3/envs/tdmpc2/lib/python3.9/site-packages/requests/adapters.py", line 698, in send
    raise SSLError(e, request=request)
requests.exceptions.SSLError: HTTPSConnectionPool(host='api.wandb.ai', port=443): Max retries exceeded with url: /graphql (Caused by SSLError(SSLZeroReturnError(6, 'TLS/SSL connection has been closed (EOF) (_ssl.c:1147)')))
2025-04-24 09:43:58,960 DEBUG   HandlerThread:2209073 [handler.py:handle_request():158] handle_request: keepalive
2025-04-24 09:44:03,961 DEBUG   HandlerThread:2209073 [handler.py:handle_request():158] handle_request: keepalive
2025-04-24 09:44:08,963 DEBUG   HandlerThread:2209073 [handler.py:handle_request():158] handle_request: keepalive
2025-04-24 09:44:13,415 INFO    SenderThread:2209073 [dir_watcher.py:__init__():211] watching files in: /home/levi/Desktop/MOORE-TDMPC/moore_tdmpc/logs/mw-hammer/42/moore-tdmpc2-mt30/wandb/run-20250424_094353-43udaeac/files
2025-04-24 09:44:13,415 INFO    SenderThread:2209073 [sender.py:_start_run_threads():1188] run started: 43udaeac with start time 1745459033.949372
2025-04-24 09:44:13,415 DEBUG   HandlerThread:2209073 [handler.py:handle_request():158] handle_request: status_report
2025-04-24 09:44:13,419 DEBUG   HandlerThread:2209073 [handler.py:handle_request():158] handle_request: check_version
2025-04-24 09:44:13,419 DEBUG   SenderThread:2209073 [sender.py:send_request():406] send_request: check_version
2025-04-24 09:44:14,144 DEBUG   HandlerThread:2209073 [handler.py:handle_request():158] handle_request: run_start
2025-04-24 09:44:14,170 DEBUG   HandlerThread:2209073 [system_info.py:__init__():26] System info init
2025-04-24 09:44:14,170 DEBUG   HandlerThread:2209073 [system_info.py:__init__():41] System info init done
2025-04-24 09:44:14,170 INFO    HandlerThread:2209073 [system_monitor.py:start():194] Starting system monitor
2025-04-24 09:44:14,170 INFO    SystemMonitor:2209073 [system_monitor.py:_start():158] Starting system asset monitoring threads
2025-04-24 09:44:14,170 INFO    HandlerThread:2209073 [system_monitor.py:probe():214] Collecting system info
2025-04-24 09:44:14,171 INFO    SystemMonitor:2209073 [interfaces.py:start():188] Started cpu monitoring
2025-04-24 09:44:14,171 INFO    SystemMonitor:2209073 [interfaces.py:start():188] Started disk monitoring
2025-04-24 09:44:14,171 INFO    SystemMonitor:2209073 [interfaces.py:start():188] Started gpu monitoring
2025-04-24 09:44:14,172 INFO    SystemMonitor:2209073 [interfaces.py:start():188] Started memory monitoring
2025-04-24 09:44:14,172 INFO    SystemMonitor:2209073 [interfaces.py:start():188] Started network monitoring
2025-04-24 09:44:14,220 DEBUG   HandlerThread:2209073 [system_info.py:probe():152] Probing system
2025-04-24 09:44:14,223 DEBUG   HandlerThread:2209073 [gitlib.py:_init_repo():56] git repository is invalid
2025-04-24 09:44:14,224 DEBUG   HandlerThread:2209073 [system_info.py:probe():200] Probing system done
2025-04-24 09:44:14,224 DEBUG   HandlerThread:2209073 [system_monitor.py:probe():223] {'os': 'Linux-5.15.0-134-generic-x86_64-with-glibc2.31', 'python': '3.9.21', 'heartbeatAt': '2025-04-24T01:44:14.220629', 'startedAt': '2025-04-24T01:43:53.937124', 'docker': None, 'cuda': None, 'args': ('task=mw-hammer',), 'state': 'running', 'program': '/home/levi/Desktop/MOORE-TDMPC/moore_tdmpc/train_with_cprofile.py', 'codePathLocal': None, 'host': 'workstation', 'username': 'levi', 'executable': '/home/levi/anaconda3/envs/tdmpc2/bin/python', 'cpu_count': 16, 'cpu_count_logical': 24, 'cpu_freq': {'current': 3452.7244166666665, 'min': 800.0, 'max': 4950.0}, 'cpu_freq_per_core': [{'current': 5300.0, 'min': 800.0, 'max': 5300.0}, {'current': 3400.0, 'min': 800.0, 'max': 5300.0}, {'current': 3400.0, 'min': 800.0, 'max': 5300.0}, {'current': 3400.0, 'min': 800.0, 'max': 5300.0}, {'current': 3400.0, 'min': 800.0, 'max': 5300.0}, {'current': 3400.0, 'min': 800.0, 'max': 5300.0}, {'current': 3400.0, 'min': 800.0, 'max': 5300.0}, {'current': 3400.0, 'min': 800.0, 'max': 5300.0}, {'current': 5294.22, 'min': 800.0, 'max': 5400.0}, {'current': 3400.0, 'min': 800.0, 'max': 5400.0}, {'current': 2624.322, 'min': 800.0, 'max': 5400.0}, {'current': 3400.0, 'min': 800.0, 'max': 5400.0}, {'current': 3400.0, 'min': 800.0, 'max': 5300.0}, {'current': 3400.0, 'min': 800.0, 'max': 5300.0}, {'current': 2230.23, 'min': 800.0, 'max': 5300.0}, {'current': 3400.0, 'min': 800.0, 'max': 5300.0}, {'current': 4099.897, 'min': 800.0, 'max': 4200.0}, {'current': 3400.0, 'min': 800.0, 'max': 4200.0}, {'current': 3400.0, 'min': 800.0, 'max': 4200.0}, {'current': 3400.0, 'min': 800.0, 'max': 4200.0}, {'current': 3400.0, 'min': 800.0, 'max': 4200.0}, {'current': 3400.0, 'min': 800.0, 'max': 4200.0}, {'current': 3400.0, 'min': 800.0, 'max': 4200.0}, {'current': 3400.0, 'min': 800.0, 'max': 4200.0}], 'disk': {'/': {'total': 456.8756866455078, 'used': 393.9850959777832}}, 'gpu': 'NVIDIA GeForce RTX 4090 D', 'gpu_count': 1, 'gpu_devices': [{'name': 'NVIDIA GeForce RTX 4090 D', 'memory_total': 25757220864}], 'memory': {'total': 62.60572814941406}}
2025-04-24 09:44:14,224 INFO    HandlerThread:2209073 [system_monitor.py:probe():224] Finished collecting system info
2025-04-24 09:44:14,224 INFO    HandlerThread:2209073 [system_monitor.py:probe():227] Publishing system info
2025-04-24 09:44:14,224 DEBUG   HandlerThread:2209073 [system_info.py:_save_conda():209] Saving list of conda packages installed into the current environment
2025-04-24 09:44:14,416 INFO    Thread-12 :2209073 [dir_watcher.py:_on_file_created():271] file/dir created: /home/levi/Desktop/MOORE-TDMPC/moore_tdmpc/logs/mw-hammer/42/moore-tdmpc2-mt30/wandb/run-20250424_094353-43udaeac/files/conda-environment.yaml
2025-04-24 09:44:15,091 DEBUG   HandlerThread:2209073 [system_info.py:_save_conda():224] Saving conda packages done
2025-04-24 09:44:15,091 INFO    HandlerThread:2209073 [system_monitor.py:probe():229] Finished publishing system info
2025-04-24 09:44:15,093 DEBUG   SenderThread:2209073 [sender.py:send():379] send: files
2025-04-24 09:44:15,093 INFO    SenderThread:2209073 [sender.py:_save_file():1454] saving file wandb-metadata.json with policy now
2025-04-24 09:44:15,133 DEBUG   HandlerThread:2209073 [handler.py:handle_request():158] handle_request: python_packages
2025-04-24 09:44:15,133 DEBUG   HandlerThread:2209073 [handler.py:handle_request():158] handle_request: stop_status
2025-04-24 09:44:15,133 DEBUG   SenderThread:2209073 [sender.py:send_request():406] send_request: python_packages
2025-04-24 09:44:15,133 DEBUG   HandlerThread:2209073 [handler.py:handle_request():158] handle_request: internal_messages
2025-04-24 09:44:15,134 DEBUG   SenderThread:2209073 [sender.py:send_request():406] send_request: stop_status
2025-04-24 09:44:15,416 INFO    Thread-12 :2209073 [dir_watcher.py:_on_file_modified():288] file/dir modified: /home/levi/Desktop/MOORE-TDMPC/moore_tdmpc/logs/mw-hammer/42/moore-tdmpc2-mt30/wandb/run-20250424_094353-43udaeac/files/conda-environment.yaml
2025-04-24 09:44:15,416 INFO    Thread-12 :2209073 [dir_watcher.py:_on_file_created():271] file/dir created: /home/levi/Desktop/MOORE-TDMPC/moore_tdmpc/logs/mw-hammer/42/moore-tdmpc2-mt30/wandb/run-20250424_094353-43udaeac/files/wandb-metadata.json
2025-04-24 09:44:15,416 INFO    Thread-12 :2209073 [dir_watcher.py:_on_file_created():271] file/dir created: /home/levi/Desktop/MOORE-TDMPC/moore_tdmpc/logs/mw-hammer/42/moore-tdmpc2-mt30/wandb/run-20250424_094353-43udaeac/files/requirements.txt
2025-04-24 09:44:15,930 DEBUG   SenderThread:2209073 [sender.py:send():379] send: telemetry
2025-04-24 09:44:16,135 DEBUG   HandlerThread:2209073 [handler.py:handle_request():158] handle_request: internal_messages
2025-04-24 09:44:16,416 INFO    Thread-12 :2209073 [dir_watcher.py:_on_file_created():271] file/dir created: /home/levi/Desktop/MOORE-TDMPC/moore_tdmpc/logs/mw-hammer/42/moore-tdmpc2-mt30/wandb/run-20250424_094353-43udaeac/files/output.log
2025-04-24 09:44:16,496 INFO    wandb-upload_0:2209073 [upload_job.py:push():130] Uploaded file /tmp/tmpzz3q8_huwandb/n9wbr59u-wandb-metadata.json
2025-04-24 09:44:17,142 DEBUG   HandlerThread:2209073 [handler.py:handle_request():158] handle_request: internal_messages
2025-04-24 09:44:18,142 DEBUG   HandlerThread:2209073 [handler.py:handle_request():158] handle_request: internal_messages
2025-04-24 09:44:18,416 INFO    Thread-12 :2209073 [dir_watcher.py:_on_file_modified():288] file/dir modified: /home/levi/Desktop/MOORE-TDMPC/moore_tdmpc/logs/mw-hammer/42/moore-tdmpc2-mt30/wandb/run-20250424_094353-43udaeac/files/output.log
2025-04-24 09:44:18,575 DEBUG   HandlerThread:2209073 [handler.py:handle_request():158] handle_request: status_report
2025-04-24 09:44:19,143 DEBUG   HandlerThread:2209073 [handler.py:handle_request():158] handle_request: internal_messages
2025-04-24 09:44:20,148 DEBUG   HandlerThread:2209073 [handler.py:handle_request():158] handle_request: internal_messages
2025-04-24 09:44:21,148 DEBUG   HandlerThread:2209073 [handler.py:handle_request():158] handle_request: internal_messages
2025-04-24 09:44:22,149 DEBUG   HandlerThread:2209073 [handler.py:handle_request():158] handle_request: internal_messages
2025-04-24 09:44:23,176 DEBUG   HandlerThread:2209073 [handler.py:handle_request():158] handle_request: internal_messages
2025-04-24 09:44:24,139 DEBUG   HandlerThread:2209073 [handler.py:handle_request():158] handle_request: status_report
2025-04-24 09:44:24,172 DEBUG   HandlerThread:2209073 [handler.py:handle_request():158] handle_request: internal_messages
2025-04-24 09:44:25,163 DEBUG   HandlerThread:2209073 [handler.py:handle_request():158] handle_request: internal_messages
2025-04-24 09:44:25,418 INFO    Thread-12 :2209073 [dir_watcher.py:_on_file_modified():288] file/dir modified: /home/levi/Desktop/MOORE-TDMPC/moore_tdmpc/logs/mw-hammer/42/moore-tdmpc2-mt30/wandb/run-20250424_094353-43udaeac/files/config.yaml
2025-04-24 09:44:26,219 DEBUG   HandlerThread:2209073 [handler.py:handle_request():158] handle_request: internal_messages
2025-04-24 09:44:27,212 DEBUG   HandlerThread:2209073 [handler.py:handle_request():158] handle_request: internal_messages
2025-04-24 09:44:28,170 DEBUG   HandlerThread:2209073 [handler.py:handle_request():158] handle_request: internal_messages
2025-04-24 09:44:28,418 INFO    Thread-12 :2209073 [dir_watcher.py:_on_file_modified():288] file/dir modified: /home/levi/Desktop/MOORE-TDMPC/moore_tdmpc/logs/mw-hammer/42/moore-tdmpc2-mt30/wandb/run-20250424_094353-43udaeac/files/output.log
2025-04-24 09:44:29,171 DEBUG   HandlerThread:2209073 [handler.py:handle_request():158] handle_request: internal_messages
2025-04-24 09:44:29,948 DEBUG   HandlerThread:2209073 [handler.py:handle_request():158] handle_request: status_report
2025-04-24 09:44:30,140 DEBUG   HandlerThread:2209073 [handler.py:handle_request():158] handle_request: stop_status
2025-04-24 09:44:30,140 DEBUG   SenderThread:2209073 [sender.py:send_request():406] send_request: stop_status
2025-04-24 09:44:30,183 DEBUG   HandlerThread:2209073 [handler.py:handle_request():158] handle_request: internal_messages
2025-04-24 09:44:31,177 DEBUG   HandlerThread:2209073 [handler.py:handle_request():158] handle_request: internal_messages
2025-04-24 09:44:32,197 DEBUG   HandlerThread:2209073 [handler.py:handle_request():158] handle_request: internal_messages
2025-04-24 09:44:33,254 DEBUG   HandlerThread:2209073 [handler.py:handle_request():158] handle_request: internal_messages
2025-04-24 09:44:34,216 DEBUG   HandlerThread:2209073 [handler.py:handle_request():158] handle_request: internal_messages
2025-04-24 09:44:35,040 DEBUG   HandlerThread:2209073 [handler.py:handle_request():158] handle_request: status_report
2025-04-24 09:44:35,209 DEBUG   HandlerThread:2209073 [handler.py:handle_request():158] handle_request: internal_messages
2025-04-24 09:44:36,210 DEBUG   HandlerThread:2209073 [handler.py:handle_request():158] handle_request: internal_messages
2025-04-24 09:44:36,420 INFO    Thread-12 :2209073 [dir_watcher.py:_on_file_modified():288] file/dir modified: /home/levi/Desktop/MOORE-TDMPC/moore_tdmpc/logs/mw-hammer/42/moore-tdmpc2-mt30/wandb/run-20250424_094353-43udaeac/files/output.log
2025-04-24 09:44:37,210 DEBUG   HandlerThread:2209073 [handler.py:handle_request():158] handle_request: internal_messages
2025-04-24 09:44:38,210 DEBUG   HandlerThread:2209073 [handler.py:handle_request():158] handle_request: internal_messages
2025-04-24 09:44:39,210 DEBUG   HandlerThread:2209073 [handler.py:handle_request():158] handle_request: internal_messages
2025-04-24 09:44:40,171 DEBUG   HandlerThread:2209073 [handler.py:handle_request():158] handle_request: status_report
2025-04-24 09:44:40,210 DEBUG   HandlerThread:2209073 [handler.py:handle_request():158] handle_request: internal_messages
2025-04-24 09:44:41,210 DEBUG   HandlerThread:2209073 [handler.py:handle_request():158] handle_request: internal_messages
2025-04-24 09:44:41,439 DEBUG   HandlerThread:2209073 [handler.py:handle_request():158] handle_request: partial_history
2025-04-24 09:44:41,440 DEBUG   SenderThread:2209073 [sender.py:send():379] send: telemetry
2025-04-24 09:44:41,463 DEBUG   HandlerThread:2209073 [handler.py:handle_request():158] handle_request: partial_history
2025-04-24 09:44:41,464 DEBUG   SenderThread:2209073 [sender.py:send():379] send: history
2025-04-24 09:44:41,464 DEBUG   SenderThread:2209073 [sender.py:send_request():406] send_request: summary_record
2025-04-24 09:44:41,465 INFO    SenderThread:2209073 [sender.py:_save_file():1454] saving file wandb-summary.json with policy end
2025-04-24 09:44:41,527 DEBUG   HandlerThread:2209073 [handler.py:handle_request():158] handle_request: partial_history
2025-04-24 09:44:41,528 DEBUG   SenderThread:2209073 [sender.py:send():379] send: history
2025-04-24 09:44:41,528 DEBUG   SenderThread:2209073 [sender.py:send_request():406] send_request: summary_record
2025-04-24 09:44:41,528 INFO    SenderThread:2209073 [sender.py:_save_file():1454] saving file wandb-summary.json with policy end
2025-04-24 09:44:41,585 DEBUG   HandlerThread:2209073 [handler.py:handle_request():158] handle_request: partial_history
2025-04-24 09:44:41,586 DEBUG   SenderThread:2209073 [sender.py:send():379] send: history
2025-04-24 09:44:41,586 DEBUG   SenderThread:2209073 [sender.py:send_request():406] send_request: summary_record
2025-04-24 09:44:41,586 INFO    SenderThread:2209073 [sender.py:_save_file():1454] saving file wandb-summary.json with policy end
2025-04-24 09:44:41,642 DEBUG   HandlerThread:2209073 [handler.py:handle_request():158] handle_request: partial_history
2025-04-24 09:44:41,643 DEBUG   SenderThread:2209073 [sender.py:send():379] send: history
2025-04-24 09:44:41,643 DEBUG   SenderThread:2209073 [sender.py:send_request():406] send_request: summary_record
2025-04-24 09:44:41,643 INFO    SenderThread:2209073 [sender.py:_save_file():1454] saving file wandb-summary.json with policy end
2025-04-24 09:44:41,698 DEBUG   HandlerThread:2209073 [handler.py:handle_request():158] handle_request: partial_history
2025-04-24 09:44:41,699 DEBUG   SenderThread:2209073 [sender.py:send():379] send: history
2025-04-24 09:44:41,699 DEBUG   SenderThread:2209073 [sender.py:send_request():406] send_request: summary_record
2025-04-24 09:44:41,699 INFO    SenderThread:2209073 [sender.py:_save_file():1454] saving file wandb-summary.json with policy end
2025-04-24 09:44:41,757 DEBUG   HandlerThread:2209073 [handler.py:handle_request():158] handle_request: partial_history
2025-04-24 09:44:41,757 DEBUG   SenderThread:2209073 [sender.py:send():379] send: history
2025-04-24 09:44:41,757 DEBUG   SenderThread:2209073 [sender.py:send_request():406] send_request: summary_record
2025-04-24 09:44:41,757 INFO    SenderThread:2209073 [sender.py:_save_file():1454] saving file wandb-summary.json with policy end
2025-04-24 09:44:41,814 DEBUG   HandlerThread:2209073 [handler.py:handle_request():158] handle_request: partial_history
2025-04-24 09:44:41,814 DEBUG   SenderThread:2209073 [sender.py:send():379] send: history
2025-04-24 09:44:41,814 DEBUG   SenderThread:2209073 [sender.py:send_request():406] send_request: summary_record
2025-04-24 09:44:41,815 INFO    SenderThread:2209073 [sender.py:_save_file():1454] saving file wandb-summary.json with policy end
2025-04-24 09:44:41,872 DEBUG   HandlerThread:2209073 [handler.py:handle_request():158] handle_request: partial_history
2025-04-24 09:44:41,872 DEBUG   SenderThread:2209073 [sender.py:send():379] send: history
2025-04-24 09:44:41,872 DEBUG   SenderThread:2209073 [sender.py:send_request():406] send_request: summary_record
2025-04-24 09:44:41,872 INFO    SenderThread:2209073 [sender.py:_save_file():1454] saving file wandb-summary.json with policy end
2025-04-24 09:44:41,929 DEBUG   HandlerThread:2209073 [handler.py:handle_request():158] handle_request: partial_history
2025-04-24 09:44:41,929 DEBUG   SenderThread:2209073 [sender.py:send():379] send: history
2025-04-24 09:44:41,929 DEBUG   SenderThread:2209073 [sender.py:send_request():406] send_request: summary_record
2025-04-24 09:44:41,929 INFO    SenderThread:2209073 [sender.py:_save_file():1454] saving file wandb-summary.json with policy end
2025-04-24 09:44:41,985 DEBUG   HandlerThread:2209073 [handler.py:handle_request():158] handle_request: partial_history
2025-04-24 09:44:41,986 DEBUG   SenderThread:2209073 [sender.py:send():379] send: history
2025-04-24 09:44:41,986 DEBUG   SenderThread:2209073 [sender.py:send_request():406] send_request: summary_record
2025-04-24 09:44:41,986 INFO    SenderThread:2209073 [sender.py:_save_file():1454] saving file wandb-summary.json with policy end
2025-04-24 09:44:42,214 DEBUG   HandlerThread:2209073 [handler.py:handle_request():158] handle_request: internal_messages
2025-04-24 09:44:42,421 INFO    Thread-12 :2209073 [dir_watcher.py:_on_file_modified():288] file/dir modified: /home/levi/Desktop/MOORE-TDMPC/moore_tdmpc/logs/mw-hammer/42/moore-tdmpc2-mt30/wandb/run-20250424_094353-43udaeac/files/output.log
2025-04-24 09:44:42,421 INFO    Thread-12 :2209073 [dir_watcher.py:_on_file_created():271] file/dir created: /home/levi/Desktop/MOORE-TDMPC/moore_tdmpc/logs/mw-hammer/42/moore-tdmpc2-mt30/wandb/run-20250424_094353-43udaeac/files/wandb-summary.json
2025-04-24 09:44:42,654 DEBUG   SenderThread:2209073 [sender.py:send():379] send: exit
2025-04-24 09:44:42,654 INFO    SenderThread:2209073 [sender.py:send_exit():586] handling exit code: 1
2025-04-24 09:44:42,654 INFO    SenderThread:2209073 [sender.py:send_exit():588] handling runtime: 28
2025-04-24 09:44:42,654 INFO    SenderThread:2209073 [sender.py:_save_file():1454] saving file wandb-summary.json with policy end
2025-04-24 09:44:42,654 INFO    SenderThread:2209073 [sender.py:send_exit():594] send defer
2025-04-24 09:44:42,654 DEBUG   HandlerThread:2209073 [handler.py:handle_request():158] handle_request: defer
2025-04-24 09:44:42,654 INFO    HandlerThread:2209073 [handler.py:handle_request_defer():184] handle defer: 0
2025-04-24 09:44:42,654 DEBUG   SenderThread:2209073 [sender.py:send_request():406] send_request: defer
2025-04-24 09:44:42,654 INFO    SenderThread:2209073 [sender.py:send_request_defer():610] handle sender defer: 0
2025-04-24 09:44:42,654 INFO    SenderThread:2209073 [sender.py:transition_state():614] send defer: 1
2025-04-24 09:44:42,654 DEBUG   HandlerThread:2209073 [handler.py:handle_request():158] handle_request: defer
2025-04-24 09:44:42,654 INFO    HandlerThread:2209073 [handler.py:handle_request_defer():184] handle defer: 1
2025-04-24 09:44:42,654 DEBUG   SenderThread:2209073 [sender.py:send_request():406] send_request: defer
2025-04-24 09:44:42,654 INFO    SenderThread:2209073 [sender.py:send_request_defer():610] handle sender defer: 1
2025-04-24 09:44:42,654 INFO    SenderThread:2209073 [sender.py:transition_state():614] send defer: 2
2025-04-24 09:44:42,654 DEBUG   HandlerThread:2209073 [handler.py:handle_request():158] handle_request: defer
2025-04-24 09:44:42,654 INFO    HandlerThread:2209073 [handler.py:handle_request_defer():184] handle defer: 2
2025-04-24 09:44:42,654 INFO    HandlerThread:2209073 [system_monitor.py:finish():203] Stopping system monitor
2025-04-24 09:44:42,655 INFO    HandlerThread:2209073 [interfaces.py:finish():200] Joined cpu monitor
2025-04-24 09:44:42,655 DEBUG   SystemMonitor:2209073 [system_monitor.py:_start():172] Starting system metrics aggregation loop
2025-04-24 09:44:42,655 INFO    HandlerThread:2209073 [interfaces.py:finish():200] Joined disk monitor
2025-04-24 09:44:42,655 DEBUG   SystemMonitor:2209073 [system_monitor.py:_start():179] Finished system metrics aggregation loop
2025-04-24 09:44:42,655 DEBUG   SystemMonitor:2209073 [system_monitor.py:_start():183] Publishing last batch of metrics
2025-04-24 09:44:42,687 INFO    HandlerThread:2209073 [interfaces.py:finish():200] Joined gpu monitor
2025-04-24 09:44:42,687 INFO    HandlerThread:2209073 [interfaces.py:finish():200] Joined memory monitor
2025-04-24 09:44:42,687 INFO    HandlerThread:2209073 [interfaces.py:finish():200] Joined network monitor
2025-04-24 09:44:42,687 DEBUG   SenderThread:2209073 [sender.py:send_request():406] send_request: defer
2025-04-24 09:44:42,687 INFO    SenderThread:2209073 [sender.py:send_request_defer():610] handle sender defer: 2
2025-04-24 09:44:42,687 INFO    SenderThread:2209073 [sender.py:transition_state():614] send defer: 3
2025-04-24 09:44:42,687 DEBUG   SenderThread:2209073 [sender.py:send():379] send: stats
2025-04-24 09:44:42,687 DEBUG   HandlerThread:2209073 [handler.py:handle_request():158] handle_request: defer
2025-04-24 09:44:42,687 INFO    HandlerThread:2209073 [handler.py:handle_request_defer():184] handle defer: 3
2025-04-24 09:44:42,688 DEBUG   SenderThread:2209073 [sender.py:send():379] send: history
2025-04-24 09:44:42,688 DEBUG   SenderThread:2209073 [sender.py:send_request():406] send_request: summary_record
2025-04-24 09:44:42,688 INFO    SenderThread:2209073 [sender.py:_save_file():1454] saving file wandb-summary.json with policy end
2025-04-24 09:44:42,688 DEBUG   SenderThread:2209073 [sender.py:send_request():406] send_request: defer
2025-04-24 09:44:42,688 INFO    SenderThread:2209073 [sender.py:send_request_defer():610] handle sender defer: 3
2025-04-24 09:44:42,688 INFO    SenderThread:2209073 [sender.py:transition_state():614] send defer: 4
2025-04-24 09:44:42,688 DEBUG   HandlerThread:2209073 [handler.py:handle_request():158] handle_request: defer
2025-04-24 09:44:42,688 INFO    HandlerThread:2209073 [handler.py:handle_request_defer():184] handle defer: 4
2025-04-24 09:44:42,688 DEBUG   SenderThread:2209073 [sender.py:send_request():406] send_request: defer
2025-04-24 09:44:42,688 INFO    SenderThread:2209073 [sender.py:send_request_defer():610] handle sender defer: 4
2025-04-24 09:44:42,688 INFO    SenderThread:2209073 [sender.py:transition_state():614] send defer: 5
2025-04-24 09:44:42,688 DEBUG   HandlerThread:2209073 [handler.py:handle_request():158] handle_request: defer
2025-04-24 09:44:42,689 INFO    HandlerThread:2209073 [handler.py:handle_request_defer():184] handle defer: 5
2025-04-24 09:44:42,689 DEBUG   SenderThread:2209073 [sender.py:send():379] send: summary
2025-04-24 09:44:42,689 INFO    SenderThread:2209073 [sender.py:_save_file():1454] saving file wandb-summary.json with policy end
2025-04-24 09:44:42,689 DEBUG   SenderThread:2209073 [sender.py:send_request():406] send_request: defer
2025-04-24 09:44:42,689 INFO    SenderThread:2209073 [sender.py:send_request_defer():610] handle sender defer: 5
2025-04-24 09:44:42,689 INFO    SenderThread:2209073 [sender.py:transition_state():614] send defer: 6
2025-04-24 09:44:42,689 DEBUG   HandlerThread:2209073 [handler.py:handle_request():158] handle_request: defer
2025-04-24 09:44:42,689 INFO    HandlerThread:2209073 [handler.py:handle_request_defer():184] handle defer: 6
2025-04-24 09:44:42,689 DEBUG   SenderThread:2209073 [sender.py:send_request():406] send_request: defer
2025-04-24 09:44:42,689 INFO    SenderThread:2209073 [sender.py:send_request_defer():610] handle sender defer: 6
2025-04-24 09:44:42,691 DEBUG   HandlerThread:2209073 [handler.py:handle_request():158] handle_request: status_report
2025-04-24 09:44:43,089 INFO    SenderThread:2209073 [sender.py:transition_state():614] send defer: 7
2025-04-24 09:44:43,089 DEBUG   HandlerThread:2209073 [handler.py:handle_request():158] handle_request: defer
2025-04-24 09:44:43,089 INFO    HandlerThread:2209073 [handler.py:handle_request_defer():184] handle defer: 7
2025-04-24 09:44:43,090 DEBUG   SenderThread:2209073 [sender.py:send_request():406] send_request: defer
2025-04-24 09:44:43,090 INFO    SenderThread:2209073 [sender.py:send_request_defer():610] handle sender defer: 7
2025-04-24 09:44:43,421 INFO    Thread-12 :2209073 [dir_watcher.py:_on_file_modified():288] file/dir modified: /home/levi/Desktop/MOORE-TDMPC/moore_tdmpc/logs/mw-hammer/42/moore-tdmpc2-mt30/wandb/run-20250424_094353-43udaeac/files/config.yaml
2025-04-24 09:44:43,421 INFO    Thread-12 :2209073 [dir_watcher.py:_on_file_modified():288] file/dir modified: /home/levi/Desktop/MOORE-TDMPC/moore_tdmpc/logs/mw-hammer/42/moore-tdmpc2-mt30/wandb/run-20250424_094353-43udaeac/files/wandb-summary.json
2025-04-24 09:44:43,654 DEBUG   HandlerThread:2209073 [handler.py:handle_request():158] handle_request: poll_exit
2025-04-24 09:44:44,026 INFO    SenderThread:2209073 [sender.py:transition_state():614] send defer: 8
2025-04-24 09:44:44,027 DEBUG   SenderThread:2209073 [sender.py:send_request():406] send_request: poll_exit
2025-04-24 09:44:44,027 DEBUG   HandlerThread:2209073 [handler.py:handle_request():158] handle_request: defer
2025-04-24 09:44:44,027 INFO    HandlerThread:2209073 [handler.py:handle_request_defer():184] handle defer: 8
2025-04-24 09:44:44,027 DEBUG   SenderThread:2209073 [sender.py:send_request():406] send_request: defer
2025-04-24 09:44:44,027 INFO    SenderThread:2209073 [sender.py:send_request_defer():610] handle sender defer: 8
2025-04-24 09:44:44,027 INFO    SenderThread:2209073 [job_builder.py:build():440] Attempting to build job artifact
2025-04-24 09:44:44,028 INFO    SenderThread:2209073 [job_builder.py:_get_source_type():580] no source found
2025-04-24 09:44:44,028 INFO    SenderThread:2209073 [sender.py:transition_state():614] send defer: 9
2025-04-24 09:44:44,028 DEBUG   HandlerThread:2209073 [handler.py:handle_request():158] handle_request: defer
2025-04-24 09:44:44,028 INFO    HandlerThread:2209073 [handler.py:handle_request_defer():184] handle defer: 9
2025-04-24 09:44:44,028 DEBUG   SenderThread:2209073 [sender.py:send_request():406] send_request: defer
2025-04-24 09:44:44,028 INFO    SenderThread:2209073 [sender.py:send_request_defer():610] handle sender defer: 9
2025-04-24 09:44:44,028 INFO    SenderThread:2209073 [dir_watcher.py:finish():358] shutting down directory watcher
2025-04-24 09:44:44,421 INFO    Thread-12 :2209073 [dir_watcher.py:_on_file_modified():288] file/dir modified: /home/levi/Desktop/MOORE-TDMPC/moore_tdmpc/logs/mw-hammer/42/moore-tdmpc2-mt30/wandb/run-20250424_094353-43udaeac/files/output.log
2025-04-24 09:44:44,422 INFO    SenderThread:2209073 [dir_watcher.py:finish():388] scan: /home/levi/Desktop/MOORE-TDMPC/moore_tdmpc/logs/mw-hammer/42/moore-tdmpc2-mt30/wandb/run-20250424_094353-43udaeac/files
2025-04-24 09:44:44,422 INFO    SenderThread:2209073 [dir_watcher.py:finish():402] scan save: /home/levi/Desktop/MOORE-TDMPC/moore_tdmpc/logs/mw-hammer/42/moore-tdmpc2-mt30/wandb/run-20250424_094353-43udaeac/files/conda-environment.yaml conda-environment.yaml
2025-04-24 09:44:44,422 INFO    SenderThread:2209073 [dir_watcher.py:finish():402] scan save: /home/levi/Desktop/MOORE-TDMPC/moore_tdmpc/logs/mw-hammer/42/moore-tdmpc2-mt30/wandb/run-20250424_094353-43udaeac/files/wandb-summary.json wandb-summary.json
2025-04-24 09:44:44,422 INFO    SenderThread:2209073 [dir_watcher.py:finish():402] scan save: /home/levi/Desktop/MOORE-TDMPC/moore_tdmpc/logs/mw-hammer/42/moore-tdmpc2-mt30/wandb/run-20250424_094353-43udaeac/files/output.log output.log
2025-04-24 09:44:44,422 INFO    SenderThread:2209073 [dir_watcher.py:finish():402] scan save: /home/levi/Desktop/MOORE-TDMPC/moore_tdmpc/logs/mw-hammer/42/moore-tdmpc2-mt30/wandb/run-20250424_094353-43udaeac/files/config.yaml config.yaml
2025-04-24 09:44:44,424 INFO    SenderThread:2209073 [dir_watcher.py:finish():402] scan save: /home/levi/Desktop/MOORE-TDMPC/moore_tdmpc/logs/mw-hammer/42/moore-tdmpc2-mt30/wandb/run-20250424_094353-43udaeac/files/wandb-metadata.json wandb-metadata.json
2025-04-24 09:44:44,425 INFO    SenderThread:2209073 [dir_watcher.py:finish():402] scan save: /home/levi/Desktop/MOORE-TDMPC/moore_tdmpc/logs/mw-hammer/42/moore-tdmpc2-mt30/wandb/run-20250424_094353-43udaeac/files/requirements.txt requirements.txt
2025-04-24 09:44:44,425 INFO    SenderThread:2209073 [sender.py:transition_state():614] send defer: 10
2025-04-24 09:44:44,426 DEBUG   HandlerThread:2209073 [handler.py:handle_request():158] handle_request: defer
2025-04-24 09:44:44,426 INFO    HandlerThread:2209073 [handler.py:handle_request_defer():184] handle defer: 10
2025-04-24 09:44:44,427 DEBUG   SenderThread:2209073 [sender.py:send_request():406] send_request: defer
2025-04-24 09:44:44,428 INFO    SenderThread:2209073 [sender.py:send_request_defer():610] handle sender defer: 10
2025-04-24 09:44:44,428 INFO    SenderThread:2209073 [file_pusher.py:finish():169] shutting down file pusher
2025-04-24 09:44:44,655 DEBUG   HandlerThread:2209073 [handler.py:handle_request():158] handle_request: poll_exit
2025-04-24 09:44:44,655 DEBUG   SenderThread:2209073 [sender.py:send_request():406] send_request: poll_exit
2025-04-24 09:44:45,173 INFO    wandb-upload_1:2209073 [upload_job.py:push():130] Uploaded file /home/levi/Desktop/MOORE-TDMPC/moore_tdmpc/logs/mw-hammer/42/moore-tdmpc2-mt30/wandb/run-20250424_094353-43udaeac/files/wandb-summary.json
2025-04-24 09:44:45,582 INFO    wandb-upload_0:2209073 [upload_job.py:push():130] Uploaded file /home/levi/Desktop/MOORE-TDMPC/moore_tdmpc/logs/mw-hammer/42/moore-tdmpc2-mt30/wandb/run-20250424_094353-43udaeac/files/conda-environment.yaml
2025-04-24 09:44:45,656 DEBUG   HandlerThread:2209073 [handler.py:handle_request():158] handle_request: poll_exit
2025-04-24 09:44:45,657 DEBUG   SenderThread:2209073 [sender.py:send_request():406] send_request: poll_exit
2025-04-24 09:44:46,020 INFO    wandb-upload_2:2209073 [upload_job.py:push():130] Uploaded file /home/levi/Desktop/MOORE-TDMPC/moore_tdmpc/logs/mw-hammer/42/moore-tdmpc2-mt30/wandb/run-20250424_094353-43udaeac/files/output.log
2025-04-24 09:44:46,120 INFO    wandb-upload_3:2209073 [upload_job.py:push():130] Uploaded file /home/levi/Desktop/MOORE-TDMPC/moore_tdmpc/logs/mw-hammer/42/moore-tdmpc2-mt30/wandb/run-20250424_094353-43udaeac/files/config.yaml
2025-04-24 09:44:46,134 INFO    wandb-upload_4:2209073 [upload_job.py:push():130] Uploaded file /home/levi/Desktop/MOORE-TDMPC/moore_tdmpc/logs/mw-hammer/42/moore-tdmpc2-mt30/wandb/run-20250424_094353-43udaeac/files/requirements.txt
2025-04-24 09:44:46,334 INFO    Thread-11 :2209073 [sender.py:transition_state():614] send defer: 11
2025-04-24 09:44:46,335 DEBUG   HandlerThread:2209073 [handler.py:handle_request():158] handle_request: defer
2025-04-24 09:44:46,335 INFO    HandlerThread:2209073 [handler.py:handle_request_defer():184] handle defer: 11
2025-04-24 09:44:46,336 DEBUG   SenderThread:2209073 [sender.py:send_request():406] send_request: defer
2025-04-24 09:44:46,336 INFO    SenderThread:2209073 [sender.py:send_request_defer():610] handle sender defer: 11
2025-04-24 09:44:46,336 INFO    SenderThread:2209073 [file_pusher.py:join():175] waiting for file pusher
2025-04-24 09:44:46,336 INFO    SenderThread:2209073 [sender.py:transition_state():614] send defer: 12
2025-04-24 09:44:46,337 DEBUG   HandlerThread:2209073 [handler.py:handle_request():158] handle_request: defer
2025-04-24 09:44:46,337 INFO    HandlerThread:2209073 [handler.py:handle_request_defer():184] handle defer: 12
2025-04-24 09:44:46,337 DEBUG   SenderThread:2209073 [sender.py:send_request():406] send_request: defer
2025-04-24 09:44:46,337 INFO    SenderThread:2209073 [sender.py:send_request_defer():610] handle sender defer: 12
2025-04-24 09:44:46,337 INFO    SenderThread:2209073 [file_stream.py:finish():601] file stream finish called
2025-04-24 09:44:46,657 DEBUG   HandlerThread:2209073 [handler.py:handle_request():158] handle_request: poll_exit
2025-04-24 09:44:47,248 INFO    SenderThread:2209073 [file_stream.py:finish():605] file stream finish is done
2025-04-24 09:44:47,248 INFO    SenderThread:2209073 [sender.py:transition_state():614] send defer: 13
2025-04-24 09:44:47,248 DEBUG   SenderThread:2209073 [sender.py:send_request():406] send_request: poll_exit
2025-04-24 09:44:47,248 DEBUG   HandlerThread:2209073 [handler.py:handle_request():158] handle_request: defer
2025-04-24 09:44:47,249 INFO    HandlerThread:2209073 [handler.py:handle_request_defer():184] handle defer: 13
2025-04-24 09:44:47,249 DEBUG   SenderThread:2209073 [sender.py:send_request():406] send_request: defer
2025-04-24 09:44:47,249 INFO    SenderThread:2209073 [sender.py:send_request_defer():610] handle sender defer: 13
2025-04-24 09:44:47,250 INFO    SenderThread:2209073 [sender.py:transition_state():614] send defer: 14
2025-04-24 09:44:47,250 DEBUG   HandlerThread:2209073 [handler.py:handle_request():158] handle_request: defer
2025-04-24 09:44:47,250 INFO    HandlerThread:2209073 [handler.py:handle_request_defer():184] handle defer: 14
2025-04-24 09:44:47,251 DEBUG   SenderThread:2209073 [sender.py:send():379] send: final
2025-04-24 09:44:47,251 DEBUG   SenderThread:2209073 [sender.py:send():379] send: footer
2025-04-24 09:44:47,251 DEBUG   SenderThread:2209073 [sender.py:send_request():406] send_request: defer
2025-04-24 09:44:47,251 INFO    SenderThread:2209073 [sender.py:send_request_defer():610] handle sender defer: 14
2025-04-24 09:44:47,252 DEBUG   HandlerThread:2209073 [handler.py:handle_request():158] handle_request: poll_exit
2025-04-24 09:44:47,253 DEBUG   SenderThread:2209073 [sender.py:send_request():406] send_request: poll_exit
2025-04-24 09:44:47,254 DEBUG   HandlerThread:2209073 [handler.py:handle_request():158] handle_request: server_info
2025-04-24 09:44:47,254 DEBUG   HandlerThread:2209073 [handler.py:handle_request():158] handle_request: poll_exit
2025-04-24 09:44:47,254 DEBUG   HandlerThread:2209073 [handler.py:handle_request():158] handle_request: get_summary
2025-04-24 09:44:47,255 DEBUG   SenderThread:2209073 [sender.py:send_request():406] send_request: server_info
2025-04-24 09:44:47,256 DEBUG   HandlerThread:2209073 [handler.py:handle_request():158] handle_request: sampled_history
2025-04-24 09:44:47,261 DEBUG   HandlerThread:2209073 [handler.py:handle_request():158] handle_request: internal_messages
2025-04-24 09:44:47,799 DEBUG   SenderThread:2209073 [sender.py:send_request():406] send_request: poll_exit
2025-04-24 09:44:47,799 INFO    MainThread:2209073 [wandb_run.py:_footer_history_summary_info():3991] rendering history
2025-04-24 09:44:47,799 INFO    MainThread:2209073 [wandb_run.py:_footer_history_summary_info():4023] rendering summary
2025-04-24 09:44:47,799 INFO    MainThread:2209073 [wandb_run.py:_footer_sync_info():3950] logging synced files
2025-04-24 09:44:47,799 DEBUG   HandlerThread:2209073 [handler.py:handle_request():158] handle_request: shutdown
2025-04-24 09:44:47,799 INFO    HandlerThread:2209073 [handler.py:finish():882] shutting down handler
2025-04-24 09:44:48,255 INFO    WriterThread:2209073 [datastore.py:close():296] close: /home/levi/Desktop/MOORE-TDMPC/moore_tdmpc/logs/mw-hammer/42/moore-tdmpc2-mt30/wandb/run-20250424_094353-43udaeac/run-43udaeac.wandb
2025-04-24 09:44:48,799 INFO    SenderThread:2209073 [sender.py:finish():1608] shutting down sender
2025-04-24 09:44:48,799 INFO    SenderThread:2209073 [file_pusher.py:finish():169] shutting down file pusher
2025-04-24 09:44:48,799 INFO    SenderThread:2209073 [file_pusher.py:join():175] waiting for file pusher
