2025-04-22 09:25:57,629 INFO    StreamThr :526077 [internal.py:wandb_internal():85] W&B internal server running at pid: 526077, started at: 2025-04-22 09:25:57.629101
2025-04-22 09:25:57,630 DEBUG   HandlerThread:526077 [handler.py:handle_request():158] handle_request: status
2025-04-22 09:25:57,636 INFO    WriterThread:526077 [datastore.py:open_for_write():87] open: /home/levi/Documents/MOORE-TDMPC/moore_tdmpc/logs/mw-reach/42/moore-tdmpc2-mt30/wandb/run-20250422_092557-0l433hsc/run-0l433hsc.wandb
2025-04-22 09:25:57,636 DEBUG   SenderThread:526077 [sender.py:send():379] send: header
2025-04-22 09:25:57,636 DEBUG   SenderThread:526077 [sender.py:send():379] send: run
2025-04-22 09:25:59,358 INFO    SenderThread:526077 [dir_watcher.py:__init__():211] watching files in: /home/levi/Documents/MOORE-TDMPC/moore_tdmpc/logs/mw-reach/42/moore-tdmpc2-mt30/wandb/run-20250422_092557-0l433hsc/files
2025-04-22 09:25:59,359 INFO    SenderThread:526077 [sender.py:_start_run_threads():1188] run started: 0l433hsc with start time 1745285157.629077
2025-04-22 09:25:59,371 DEBUG   HandlerThread:526077 [handler.py:handle_request():158] handle_request: check_version
2025-04-22 09:25:59,371 DEBUG   SenderThread:526077 [sender.py:send_request():406] send_request: check_version
2025-04-22 09:26:02,377 DEBUG   HandlerThread:526077 [handler.py:handle_request():158] handle_request: run_start
2025-04-22 09:26:02,398 DEBUG   HandlerThread:526077 [system_info.py:__init__():26] System info init
2025-04-22 09:26:02,399 DEBUG   HandlerThread:526077 [system_info.py:__init__():41] System info init done
2025-04-22 09:26:02,399 INFO    HandlerThread:526077 [system_monitor.py:start():194] Starting system monitor
2025-04-22 09:26:02,399 INFO    SystemMonitor:526077 [system_monitor.py:_start():158] Starting system asset monitoring threads
2025-04-22 09:26:02,399 INFO    HandlerThread:526077 [system_monitor.py:probe():214] Collecting system info
2025-04-22 09:26:02,399 INFO    SystemMonitor:526077 [interfaces.py:start():188] Started cpu monitoring
2025-04-22 09:26:02,400 INFO    SystemMonitor:526077 [interfaces.py:start():188] Started disk monitoring
2025-04-22 09:26:02,400 INFO    SystemMonitor:526077 [interfaces.py:start():188] Started gpu monitoring
2025-04-22 09:26:02,401 INFO    SystemMonitor:526077 [interfaces.py:start():188] Started memory monitoring
2025-04-22 09:26:02,401 INFO    SystemMonitor:526077 [interfaces.py:start():188] Started network monitoring
2025-04-22 09:26:02,425 DEBUG   HandlerThread:526077 [system_info.py:probe():152] Probing system
2025-04-22 09:26:02,428 DEBUG   HandlerThread:526077 [gitlib.py:_init_repo():56] git repository is invalid
2025-04-22 09:26:02,428 DEBUG   HandlerThread:526077 [system_info.py:probe():200] Probing system done
2025-04-22 09:26:02,428 DEBUG   HandlerThread:526077 [system_monitor.py:probe():223] {'os': 'Linux-5.15.0-134-generic-x86_64-with-glibc2.31', 'python': '3.9.21', 'heartbeatAt': '2025-04-22T01:26:02.425266', 'startedAt': '2025-04-22T01:25:57.620101', 'docker': None, 'cuda': None, 'args': ('task=mw-reach', 'steps=10000'), 'state': 'running', 'program': '/home/levi/Documents/MOORE-TDMPC/moore_tdmpc/train_moore.py', 'codePathLocal': None, 'host': 'workstation', 'username': 'levi', 'executable': '/home/levi/anaconda3/envs/tdmpc2/bin/python', 'cpu_count': 16, 'cpu_count_logical': 24, 'cpu_freq': {'current': 3416.594375, 'min': 800.0, 'max': 4950.0}, 'cpu_freq_per_core': [{'current': 3400.0, 'min': 800.0, 'max': 5300.0}, {'current': 3400.0, 'min': 800.0, 'max': 5300.0}, {'current': 2352.572, 'min': 800.0, 'max': 5300.0}, {'current': 3400.0, 'min': 800.0, 'max': 5300.0}, {'current': 3400.0, 'min': 800.0, 'max': 5300.0}, {'current': 3400.0, 'min': 800.0, 'max': 5300.0}, {'current': 3400.0, 'min': 800.0, 'max': 5300.0}, {'current': 3400.0, 'min': 800.0, 'max': 5300.0}, {'current': 3400.0, 'min': 800.0, 'max': 5400.0}, {'current': 3400.0, 'min': 800.0, 'max': 5400.0}, {'current': 4475.692, 'min': 800.0, 'max': 5400.0}, {'current': 3400.0, 'min': 800.0, 'max': 5400.0}, {'current': 3770.001, 'min': 800.0, 'max': 5300.0}, {'current': 3400.0, 'min': 800.0, 'max': 5300.0}, {'current': 3400.0, 'min': 800.0, 'max': 5300.0}, {'current': 3400.0, 'min': 800.0, 'max': 5300.0}, {'current': 3400.0, 'min': 800.0, 'max': 4200.0}, {'current': 3400.0, 'min': 800.0, 'max': 4200.0}, {'current': 3400.0, 'min': 800.0, 'max': 4200.0}, {'current': 3400.0, 'min': 800.0, 'max': 4200.0}, {'current': 3400.0, 'min': 800.0, 'max': 4200.0}, {'current': 3400.0, 'min': 800.0, 'max': 4200.0}, {'current': 3400.0, 'min': 800.0, 'max': 4200.0}, {'current': 3400.0, 'min': 800.0, 'max': 4200.0}], 'disk': {'/': {'total': 456.8756866455078, 'used': 391.87908935546875}}, 'gpu': 'NVIDIA GeForce RTX 4090 D', 'gpu_count': 1, 'gpu_devices': [{'name': 'NVIDIA GeForce RTX 4090 D', 'memory_total': 25757220864}], 'memory': {'total': 62.60572814941406}}
2025-04-22 09:26:02,428 INFO    HandlerThread:526077 [system_monitor.py:probe():224] Finished collecting system info
2025-04-22 09:26:02,428 INFO    HandlerThread:526077 [system_monitor.py:probe():227] Publishing system info
2025-04-22 09:26:02,428 DEBUG   HandlerThread:526077 [system_info.py:_save_conda():209] Saving list of conda packages installed into the current environment
2025-04-22 09:26:03,294 DEBUG   HandlerThread:526077 [system_info.py:_save_conda():224] Saving conda packages done
2025-04-22 09:26:03,295 INFO    HandlerThread:526077 [system_monitor.py:probe():229] Finished publishing system info
2025-04-22 09:26:03,298 DEBUG   SenderThread:526077 [sender.py:send():379] send: files
2025-04-22 09:26:03,298 INFO    SenderThread:526077 [sender.py:_save_file():1454] saving file wandb-metadata.json with policy now
2025-04-22 09:26:03,299 DEBUG   HandlerThread:526077 [handler.py:handle_request():158] handle_request: status_report
2025-04-22 09:26:03,340 DEBUG   HandlerThread:526077 [handler.py:handle_request():158] handle_request: python_packages
2025-04-22 09:26:03,340 DEBUG   HandlerThread:526077 [handler.py:handle_request():158] handle_request: stop_status
2025-04-22 09:26:03,340 DEBUG   SenderThread:526077 [sender.py:send_request():406] send_request: python_packages
2025-04-22 09:26:03,341 DEBUG   SenderThread:526077 [sender.py:send_request():406] send_request: stop_status
2025-04-22 09:26:03,342 DEBUG   HandlerThread:526077 [handler.py:handle_request():158] handle_request: internal_messages
2025-04-22 09:26:03,360 INFO    Thread-12 :526077 [dir_watcher.py:_on_file_created():271] file/dir created: /home/levi/Documents/MOORE-TDMPC/moore_tdmpc/logs/mw-reach/42/moore-tdmpc2-mt30/wandb/run-20250422_092557-0l433hsc/files/requirements.txt
2025-04-22 09:26:03,360 INFO    Thread-12 :526077 [dir_watcher.py:_on_file_created():271] file/dir created: /home/levi/Documents/MOORE-TDMPC/moore_tdmpc/logs/mw-reach/42/moore-tdmpc2-mt30/wandb/run-20250422_092557-0l433hsc/files/wandb-metadata.json
2025-04-22 09:26:03,360 INFO    Thread-12 :526077 [dir_watcher.py:_on_file_created():271] file/dir created: /home/levi/Documents/MOORE-TDMPC/moore_tdmpc/logs/mw-reach/42/moore-tdmpc2-mt30/wandb/run-20250422_092557-0l433hsc/files/conda-environment.yaml
2025-04-22 09:26:04,117 DEBUG   SenderThread:526077 [sender.py:send():379] send: telemetry
2025-04-22 09:26:04,341 DEBUG   HandlerThread:526077 [handler.py:handle_request():158] handle_request: internal_messages
2025-04-22 09:26:04,359 INFO    Thread-12 :526077 [dir_watcher.py:_on_file_created():271] file/dir created: /home/levi/Documents/MOORE-TDMPC/moore_tdmpc/logs/mw-reach/42/moore-tdmpc2-mt30/wandb/run-20250422_092557-0l433hsc/files/output.log
2025-04-22 09:26:04,751 DEBUG   SenderThread:526077 [sender.py:send():379] send: telemetry
2025-04-22 09:26:04,791 DEBUG   HandlerThread:526077 [handler.py:handle_request():158] handle_request: partial_history
2025-04-22 09:26:04,791 DEBUG   HandlerThread:526077 [handler.py:handle_request():158] handle_request: partial_history
2025-04-22 09:26:04,792 DEBUG   SenderThread:526077 [sender.py:send():379] send: history
2025-04-22 09:26:04,792 DEBUG   SenderThread:526077 [sender.py:send_request():406] send_request: summary_record
2025-04-22 09:26:04,792 INFO    SenderThread:526077 [sender.py:_save_file():1454] saving file wandb-summary.json with policy end
2025-04-22 09:26:04,834 DEBUG   HandlerThread:526077 [handler.py:handle_request():158] handle_request: partial_history
2025-04-22 09:26:04,834 DEBUG   SenderThread:526077 [sender.py:send():379] send: history
2025-04-22 09:26:04,834 DEBUG   SenderThread:526077 [sender.py:send_request():406] send_request: summary_record
2025-04-22 09:26:04,835 INFO    SenderThread:526077 [sender.py:_save_file():1454] saving file wandb-summary.json with policy end
2025-04-22 09:26:04,870 DEBUG   HandlerThread:526077 [handler.py:handle_request():158] handle_request: partial_history
2025-04-22 09:26:04,871 DEBUG   SenderThread:526077 [sender.py:send():379] send: history
2025-04-22 09:26:04,871 DEBUG   SenderThread:526077 [sender.py:send_request():406] send_request: summary_record
2025-04-22 09:26:04,871 INFO    SenderThread:526077 [sender.py:_save_file():1454] saving file wandb-summary.json with policy end
2025-04-22 09:26:04,907 DEBUG   HandlerThread:526077 [handler.py:handle_request():158] handle_request: partial_history
2025-04-22 09:26:04,908 DEBUG   SenderThread:526077 [sender.py:send():379] send: history
2025-04-22 09:26:04,908 DEBUG   SenderThread:526077 [sender.py:send_request():406] send_request: summary_record
2025-04-22 09:26:04,908 INFO    SenderThread:526077 [sender.py:_save_file():1454] saving file wandb-summary.json with policy end
2025-04-22 09:26:04,944 DEBUG   HandlerThread:526077 [handler.py:handle_request():158] handle_request: partial_history
2025-04-22 09:26:04,944 DEBUG   SenderThread:526077 [sender.py:send():379] send: history
2025-04-22 09:26:04,944 DEBUG   SenderThread:526077 [sender.py:send_request():406] send_request: summary_record
2025-04-22 09:26:04,944 INFO    SenderThread:526077 [sender.py:_save_file():1454] saving file wandb-summary.json with policy end
2025-04-22 09:26:04,981 DEBUG   HandlerThread:526077 [handler.py:handle_request():158] handle_request: partial_history
2025-04-22 09:26:04,981 DEBUG   SenderThread:526077 [sender.py:send():379] send: history
2025-04-22 09:26:04,981 DEBUG   SenderThread:526077 [sender.py:send_request():406] send_request: summary_record
2025-04-22 09:26:04,981 INFO    SenderThread:526077 [sender.py:_save_file():1454] saving file wandb-summary.json with policy end
2025-04-22 09:26:04,990 INFO    wandb-upload_0:526077 [upload_job.py:push():130] Uploaded file /tmp/tmps_2b71jswandb/1o3mc34w-wandb-metadata.json
2025-04-22 09:26:05,018 DEBUG   HandlerThread:526077 [handler.py:handle_request():158] handle_request: partial_history
2025-04-22 09:26:05,018 DEBUG   SenderThread:526077 [sender.py:send():379] send: history
2025-04-22 09:26:05,018 DEBUG   SenderThread:526077 [sender.py:send_request():406] send_request: summary_record
2025-04-22 09:26:05,018 INFO    SenderThread:526077 [sender.py:_save_file():1454] saving file wandb-summary.json with policy end
2025-04-22 09:26:05,054 DEBUG   HandlerThread:526077 [handler.py:handle_request():158] handle_request: partial_history
2025-04-22 09:26:05,054 DEBUG   SenderThread:526077 [sender.py:send():379] send: history
2025-04-22 09:26:05,054 DEBUG   SenderThread:526077 [sender.py:send_request():406] send_request: summary_record
2025-04-22 09:26:05,055 INFO    SenderThread:526077 [sender.py:_save_file():1454] saving file wandb-summary.json with policy end
2025-04-22 09:26:05,091 DEBUG   HandlerThread:526077 [handler.py:handle_request():158] handle_request: partial_history
2025-04-22 09:26:05,091 DEBUG   SenderThread:526077 [sender.py:send():379] send: history
2025-04-22 09:26:05,091 DEBUG   SenderThread:526077 [sender.py:send_request():406] send_request: summary_record
2025-04-22 09:26:05,092 INFO    SenderThread:526077 [sender.py:_save_file():1454] saving file wandb-summary.json with policy end
2025-04-22 09:26:05,128 DEBUG   HandlerThread:526077 [handler.py:handle_request():158] handle_request: partial_history
2025-04-22 09:26:05,128 DEBUG   SenderThread:526077 [sender.py:send():379] send: history
2025-04-22 09:26:05,128 DEBUG   SenderThread:526077 [sender.py:send_request():406] send_request: summary_record
2025-04-22 09:26:05,128 INFO    SenderThread:526077 [sender.py:_save_file():1454] saving file wandb-summary.json with policy end
2025-04-22 09:26:05,292 DEBUG   SenderThread:526077 [sender.py:send():379] send: exit
2025-04-22 09:26:05,292 INFO    SenderThread:526077 [sender.py:send_exit():586] handling exit code: 1
2025-04-22 09:26:05,292 INFO    SenderThread:526077 [sender.py:send_exit():588] handling runtime: 2
2025-04-22 09:26:05,292 INFO    SenderThread:526077 [sender.py:_save_file():1454] saving file wandb-summary.json with policy end
2025-04-22 09:26:05,292 INFO    SenderThread:526077 [sender.py:send_exit():594] send defer
2025-04-22 09:26:05,292 DEBUG   HandlerThread:526077 [handler.py:handle_request():158] handle_request: defer
2025-04-22 09:26:05,292 INFO    HandlerThread:526077 [handler.py:handle_request_defer():184] handle defer: 0
2025-04-22 09:26:05,292 DEBUG   SenderThread:526077 [sender.py:send_request():406] send_request: defer
2025-04-22 09:26:05,292 INFO    SenderThread:526077 [sender.py:send_request_defer():610] handle sender defer: 0
2025-04-22 09:26:05,292 INFO    SenderThread:526077 [sender.py:transition_state():614] send defer: 1
2025-04-22 09:26:05,292 DEBUG   HandlerThread:526077 [handler.py:handle_request():158] handle_request: defer
2025-04-22 09:26:05,292 INFO    HandlerThread:526077 [handler.py:handle_request_defer():184] handle defer: 1
2025-04-22 09:26:05,292 DEBUG   SenderThread:526077 [sender.py:send_request():406] send_request: defer
2025-04-22 09:26:05,292 INFO    SenderThread:526077 [sender.py:send_request_defer():610] handle sender defer: 1
2025-04-22 09:26:05,292 INFO    SenderThread:526077 [sender.py:transition_state():614] send defer: 2
2025-04-22 09:26:05,293 DEBUG   HandlerThread:526077 [handler.py:handle_request():158] handle_request: defer
2025-04-22 09:26:05,293 INFO    HandlerThread:526077 [handler.py:handle_request_defer():184] handle defer: 2
2025-04-22 09:26:05,293 INFO    HandlerThread:526077 [system_monitor.py:finish():203] Stopping system monitor
2025-04-22 09:26:05,293 DEBUG   SystemMonitor:526077 [system_monitor.py:_start():172] Starting system metrics aggregation loop
2025-04-22 09:26:05,293 INFO    HandlerThread:526077 [interfaces.py:finish():200] Joined cpu monitor
2025-04-22 09:26:05,293 DEBUG   SystemMonitor:526077 [system_monitor.py:_start():179] Finished system metrics aggregation loop
2025-04-22 09:26:05,293 INFO    HandlerThread:526077 [interfaces.py:finish():200] Joined disk monitor
2025-04-22 09:26:05,293 DEBUG   SystemMonitor:526077 [system_monitor.py:_start():183] Publishing last batch of metrics
2025-04-22 09:26:05,320 INFO    HandlerThread:526077 [interfaces.py:finish():200] Joined gpu monitor
2025-04-22 09:26:05,320 INFO    HandlerThread:526077 [interfaces.py:finish():200] Joined memory monitor
2025-04-22 09:26:05,321 INFO    HandlerThread:526077 [interfaces.py:finish():200] Joined network monitor
2025-04-22 09:26:05,321 DEBUG   SenderThread:526077 [sender.py:send_request():406] send_request: defer
2025-04-22 09:26:05,321 INFO    SenderThread:526077 [sender.py:send_request_defer():610] handle sender defer: 2
2025-04-22 09:26:05,321 INFO    SenderThread:526077 [sender.py:transition_state():614] send defer: 3
2025-04-22 09:26:05,321 DEBUG   SenderThread:526077 [sender.py:send():379] send: stats
2025-04-22 09:26:05,321 DEBUG   HandlerThread:526077 [handler.py:handle_request():158] handle_request: defer
2025-04-22 09:26:05,321 INFO    HandlerThread:526077 [handler.py:handle_request_defer():184] handle defer: 3
2025-04-22 09:26:05,321 DEBUG   SenderThread:526077 [sender.py:send():379] send: history
2025-04-22 09:26:05,321 DEBUG   SenderThread:526077 [sender.py:send_request():406] send_request: summary_record
2025-04-22 09:26:05,321 INFO    SenderThread:526077 [sender.py:_save_file():1454] saving file wandb-summary.json with policy end
2025-04-22 09:26:05,322 DEBUG   SenderThread:526077 [sender.py:send_request():406] send_request: defer
2025-04-22 09:26:05,322 INFO    SenderThread:526077 [sender.py:send_request_defer():610] handle sender defer: 3
2025-04-22 09:26:05,322 INFO    SenderThread:526077 [sender.py:transition_state():614] send defer: 4
2025-04-22 09:26:05,322 DEBUG   HandlerThread:526077 [handler.py:handle_request():158] handle_request: defer
2025-04-22 09:26:05,322 INFO    HandlerThread:526077 [handler.py:handle_request_defer():184] handle defer: 4
2025-04-22 09:26:05,322 DEBUG   SenderThread:526077 [sender.py:send_request():406] send_request: defer
2025-04-22 09:26:05,322 INFO    SenderThread:526077 [sender.py:send_request_defer():610] handle sender defer: 4
2025-04-22 09:26:05,322 INFO    SenderThread:526077 [sender.py:transition_state():614] send defer: 5
2025-04-22 09:26:05,322 DEBUG   HandlerThread:526077 [handler.py:handle_request():158] handle_request: defer
2025-04-22 09:26:05,322 INFO    HandlerThread:526077 [handler.py:handle_request_defer():184] handle defer: 5
2025-04-22 09:26:05,322 DEBUG   SenderThread:526077 [sender.py:send():379] send: summary
2025-04-22 09:26:05,322 INFO    SenderThread:526077 [sender.py:_save_file():1454] saving file wandb-summary.json with policy end
2025-04-22 09:26:05,322 DEBUG   SenderThread:526077 [sender.py:send_request():406] send_request: defer
2025-04-22 09:26:05,322 INFO    SenderThread:526077 [sender.py:send_request_defer():610] handle sender defer: 5
2025-04-22 09:26:05,322 INFO    SenderThread:526077 [sender.py:transition_state():614] send defer: 6
2025-04-22 09:26:05,322 DEBUG   HandlerThread:526077 [handler.py:handle_request():158] handle_request: defer
2025-04-22 09:26:05,322 INFO    HandlerThread:526077 [handler.py:handle_request_defer():184] handle defer: 6
2025-04-22 09:26:05,322 DEBUG   SenderThread:526077 [sender.py:send_request():406] send_request: defer
2025-04-22 09:26:05,322 INFO    SenderThread:526077 [sender.py:send_request_defer():610] handle sender defer: 6
2025-04-22 09:26:05,324 DEBUG   HandlerThread:526077 [handler.py:handle_request():158] handle_request: status_report
2025-04-22 09:26:05,360 INFO    Thread-12 :526077 [dir_watcher.py:_on_file_created():271] file/dir created: /home/levi/Documents/MOORE-TDMPC/moore_tdmpc/logs/mw-reach/42/moore-tdmpc2-mt30/wandb/run-20250422_092557-0l433hsc/files/wandb-summary.json
2025-04-22 09:26:05,736 INFO    SenderThread:526077 [sender.py:transition_state():614] send defer: 7
2025-04-22 09:26:05,736 DEBUG   HandlerThread:526077 [handler.py:handle_request():158] handle_request: defer
2025-04-22 09:26:05,736 INFO    HandlerThread:526077 [handler.py:handle_request_defer():184] handle defer: 7
2025-04-22 09:26:05,736 DEBUG   SenderThread:526077 [sender.py:send_request():406] send_request: defer
2025-04-22 09:26:05,736 INFO    SenderThread:526077 [sender.py:send_request_defer():610] handle sender defer: 7
2025-04-22 09:26:06,292 DEBUG   HandlerThread:526077 [handler.py:handle_request():158] handle_request: poll_exit
2025-04-22 09:26:06,360 INFO    Thread-12 :526077 [dir_watcher.py:_on_file_modified():288] file/dir modified: /home/levi/Documents/MOORE-TDMPC/moore_tdmpc/logs/mw-reach/42/moore-tdmpc2-mt30/wandb/run-20250422_092557-0l433hsc/files/config.yaml
2025-04-22 09:26:06,360 INFO    Thread-12 :526077 [dir_watcher.py:_on_file_modified():288] file/dir modified: /home/levi/Documents/MOORE-TDMPC/moore_tdmpc/logs/mw-reach/42/moore-tdmpc2-mt30/wandb/run-20250422_092557-0l433hsc/files/output.log
2025-04-22 09:26:07,276 INFO    SenderThread:526077 [sender.py:transition_state():614] send defer: 8
2025-04-22 09:26:07,276 DEBUG   SenderThread:526077 [sender.py:send_request():406] send_request: poll_exit
2025-04-22 09:26:07,276 DEBUG   HandlerThread:526077 [handler.py:handle_request():158] handle_request: defer
2025-04-22 09:26:07,276 INFO    HandlerThread:526077 [handler.py:handle_request_defer():184] handle defer: 8
2025-04-22 09:26:07,277 DEBUG   SenderThread:526077 [sender.py:send_request():406] send_request: defer
2025-04-22 09:26:07,277 INFO    SenderThread:526077 [sender.py:send_request_defer():610] handle sender defer: 8
2025-04-22 09:26:07,277 INFO    SenderThread:526077 [job_builder.py:build():440] Attempting to build job artifact
2025-04-22 09:26:07,277 INFO    SenderThread:526077 [job_builder.py:_get_source_type():580] no source found
2025-04-22 09:26:07,277 INFO    SenderThread:526077 [sender.py:transition_state():614] send defer: 9
2025-04-22 09:26:07,278 DEBUG   HandlerThread:526077 [handler.py:handle_request():158] handle_request: defer
2025-04-22 09:26:07,278 INFO    HandlerThread:526077 [handler.py:handle_request_defer():184] handle defer: 9
2025-04-22 09:26:07,278 DEBUG   SenderThread:526077 [sender.py:send_request():406] send_request: defer
2025-04-22 09:26:07,278 INFO    SenderThread:526077 [sender.py:send_request_defer():610] handle sender defer: 9
2025-04-22 09:26:07,278 INFO    SenderThread:526077 [dir_watcher.py:finish():358] shutting down directory watcher
2025-04-22 09:26:07,292 DEBUG   HandlerThread:526077 [handler.py:handle_request():158] handle_request: poll_exit
2025-04-22 09:26:07,360 INFO    Thread-12 :526077 [dir_watcher.py:_on_file_modified():288] file/dir modified: /home/levi/Documents/MOORE-TDMPC/moore_tdmpc/logs/mw-reach/42/moore-tdmpc2-mt30/wandb/run-20250422_092557-0l433hsc/files/output.log
2025-04-22 09:26:07,360 INFO    SenderThread:526077 [dir_watcher.py:finish():388] scan: /home/levi/Documents/MOORE-TDMPC/moore_tdmpc/logs/mw-reach/42/moore-tdmpc2-mt30/wandb/run-20250422_092557-0l433hsc/files
2025-04-22 09:26:07,360 INFO    SenderThread:526077 [dir_watcher.py:finish():402] scan save: /home/levi/Documents/MOORE-TDMPC/moore_tdmpc/logs/mw-reach/42/moore-tdmpc2-mt30/wandb/run-20250422_092557-0l433hsc/files/conda-environment.yaml conda-environment.yaml
2025-04-22 09:26:07,360 INFO    SenderThread:526077 [dir_watcher.py:finish():402] scan save: /home/levi/Documents/MOORE-TDMPC/moore_tdmpc/logs/mw-reach/42/moore-tdmpc2-mt30/wandb/run-20250422_092557-0l433hsc/files/wandb-summary.json wandb-summary.json
2025-04-22 09:26:07,360 INFO    SenderThread:526077 [dir_watcher.py:finish():402] scan save: /home/levi/Documents/MOORE-TDMPC/moore_tdmpc/logs/mw-reach/42/moore-tdmpc2-mt30/wandb/run-20250422_092557-0l433hsc/files/output.log output.log
2025-04-22 09:26:07,360 INFO    SenderThread:526077 [dir_watcher.py:finish():402] scan save: /home/levi/Documents/MOORE-TDMPC/moore_tdmpc/logs/mw-reach/42/moore-tdmpc2-mt30/wandb/run-20250422_092557-0l433hsc/files/config.yaml config.yaml
2025-04-22 09:26:07,360 INFO    SenderThread:526077 [dir_watcher.py:finish():402] scan save: /home/levi/Documents/MOORE-TDMPC/moore_tdmpc/logs/mw-reach/42/moore-tdmpc2-mt30/wandb/run-20250422_092557-0l433hsc/files/wandb-metadata.json wandb-metadata.json
2025-04-22 09:26:07,360 INFO    SenderThread:526077 [dir_watcher.py:finish():402] scan save: /home/levi/Documents/MOORE-TDMPC/moore_tdmpc/logs/mw-reach/42/moore-tdmpc2-mt30/wandb/run-20250422_092557-0l433hsc/files/requirements.txt requirements.txt
2025-04-22 09:26:07,361 INFO    SenderThread:526077 [sender.py:transition_state():614] send defer: 10
2025-04-22 09:26:07,361 DEBUG   SenderThread:526077 [sender.py:send_request():406] send_request: poll_exit
2025-04-22 09:26:07,361 DEBUG   HandlerThread:526077 [handler.py:handle_request():158] handle_request: defer
2025-04-22 09:26:07,361 INFO    HandlerThread:526077 [handler.py:handle_request_defer():184] handle defer: 10
2025-04-22 09:26:07,361 DEBUG   SenderThread:526077 [sender.py:send_request():406] send_request: defer
2025-04-22 09:26:07,361 INFO    SenderThread:526077 [sender.py:send_request_defer():610] handle sender defer: 10
2025-04-22 09:26:07,361 INFO    SenderThread:526077 [file_pusher.py:finish():169] shutting down file pusher
2025-04-22 09:26:08,087 INFO    wandb-upload_0:526077 [upload_job.py:push():130] Uploaded file /home/levi/Documents/MOORE-TDMPC/moore_tdmpc/logs/mw-reach/42/moore-tdmpc2-mt30/wandb/run-20250422_092557-0l433hsc/files/wandb-summary.json
2025-04-22 09:26:08,293 DEBUG   HandlerThread:526077 [handler.py:handle_request():158] handle_request: poll_exit
2025-04-22 09:26:08,294 DEBUG   SenderThread:526077 [sender.py:send_request():406] send_request: poll_exit
2025-04-22 09:26:09,295 DEBUG   HandlerThread:526077 [handler.py:handle_request():158] handle_request: poll_exit
2025-04-22 09:26:09,296 DEBUG   SenderThread:526077 [sender.py:send_request():406] send_request: poll_exit
2025-04-22 09:26:10,296 DEBUG   HandlerThread:526077 [handler.py:handle_request():158] handle_request: poll_exit
2025-04-22 09:26:10,297 DEBUG   SenderThread:526077 [sender.py:send_request():406] send_request: poll_exit
2025-04-22 09:26:11,298 DEBUG   HandlerThread:526077 [handler.py:handle_request():158] handle_request: poll_exit
2025-04-22 09:26:11,298 DEBUG   SenderThread:526077 [sender.py:send_request():406] send_request: poll_exit
2025-04-22 09:26:12,298 DEBUG   HandlerThread:526077 [handler.py:handle_request():158] handle_request: poll_exit
2025-04-22 09:26:12,299 DEBUG   SenderThread:526077 [sender.py:send_request():406] send_request: poll_exit
2025-04-22 09:26:12,703 ERROR   wandb-upload_1:526077 [internal_api.py:upload_file():2887] upload_file exception https://storage.googleapis.com/wandb-production.appspot.com/OA-MBRL/moore-tdmpc2/0l433hsc/conda-environment.yaml?X-Goog-Algorithm=GOOG4-RSA-SHA256&X-Goog-Credential=gorilla-files-url-signer-man%40wandb-production.iam.gserviceaccount.com%2F20250422%2Fauto%2Fstorage%2Fgoog4_request&X-Goog-Date=20250422T012607Z&X-Goog-Expires=86399&X-Goog-Signature=af1538d3c49135313dadc534d2ee1212c5514444b879b0b47a187d07d6904d86b098e6aa5d7a1138192f4f60bddff2363abbe956acb791a2a9d27d66c1a185013348b45efb08f2ae20ade505731b04a04f71435d0627d35a317c6090e87a466a82f34540992b091ec558b1f5f4f610bbe13ff9bc4a103d0e3d60aa5421f3dc4871b09b43b3ebae59f7725669b0ca64595893eaec803937cc16ed6d9fa6738f4f7951cb7de6854bee91297210b99820c6016d71e268be0732c891a41e116e210bf22d977362cea5f2c0ec896fd26da10a65d1900ed39def568a01c814d325b00c22ced2ad6153c3e806ae640ad13fbbbc04eb3b34fdcb672f2d6f58f03cae800e&X-Goog-SignedHeaders=host&X-User=levi1024: ('Connection aborted.', ConnectionResetError(104, 'Connection reset by peer'))
2025-04-22 09:26:12,703 ERROR   wandb-upload_1:526077 [internal_api.py:upload_file():2889] upload_file request headers: {'User-Agent': 'python-requests/2.32.3', 'Accept-Encoding': 'gzip, deflate, br, zstd', 'Accept': '*/*', 'Connection': 'keep-alive', 'Content-Length': '6174'}
2025-04-22 09:26:12,703 ERROR   wandb-upload_1:526077 [internal_api.py:upload_file():2891] upload_file response body: ''
2025-04-22 09:26:13,300 DEBUG   HandlerThread:526077 [handler.py:handle_request():158] handle_request: poll_exit
2025-04-22 09:26:13,301 DEBUG   SenderThread:526077 [sender.py:send_request():406] send_request: poll_exit
2025-04-22 09:26:14,302 DEBUG   HandlerThread:526077 [handler.py:handle_request():158] handle_request: poll_exit
2025-04-22 09:26:14,302 DEBUG   HandlerThread:526077 [handler.py:handle_request():158] handle_request: status_report
2025-04-22 09:26:14,303 DEBUG   SenderThread:526077 [sender.py:send_request():406] send_request: poll_exit
2025-04-22 09:26:15,305 DEBUG   HandlerThread:526077 [handler.py:handle_request():158] handle_request: poll_exit
2025-04-22 09:26:15,306 DEBUG   SenderThread:526077 [sender.py:send_request():406] send_request: poll_exit
2025-04-22 09:26:16,307 DEBUG   HandlerThread:526077 [handler.py:handle_request():158] handle_request: poll_exit
2025-04-22 09:26:16,308 DEBUG   SenderThread:526077 [sender.py:send_request():406] send_request: poll_exit
2025-04-22 09:26:17,309 DEBUG   HandlerThread:526077 [handler.py:handle_request():158] handle_request: poll_exit
2025-04-22 09:26:17,310 DEBUG   SenderThread:526077 [sender.py:send_request():406] send_request: poll_exit
2025-04-22 09:26:17,704 WARNING FileStreamThread:526077 [file_stream.py:request_with_retry():674] requests_with_retry encountered retryable exception: ('Connection aborted.', ConnectionResetError(104, 'Connection reset by peer')). func: <bound method Session.post of <requests.sessions.Session object at 0x7f0e4c357190>>, args: ('https://api.wandb.ai/files/OA-MBRL/moore-tdmpc2/0l433hsc/file_stream',), kwargs: {'json': {'files': {'wandb-summary.json': {'offset': 0, 'content': ['{"eval/episode_reward": 242.0946807861328, "eval/episode_success": 0.0, "eval/step": 0, "eval/episode": 0, "eval/total_time": 1.4090263843536377, "_timestamp": 1745285164.7511828, "_runtime": 7.122105836868286, "_step": 0}']}, 'wandb-history.jsonl': {'offset': 0, 'content': ['{"eval/episode_reward": 242.0946807861328, "eval/episode_success": 0.0, "eval/step": 0, "eval/episode": 0, "eval/total_time": 1.4090263843536377, "_timestamp": 1745285164.7511828, "_runtime": 7.122105836868286, "_step": 0}']}}, 'dropped': 0}}
2025-04-22 09:26:17,705 ERROR   wandb-upload_1:526077 [internal_api.py:upload_file():2887] upload_file exception https://storage.googleapis.com/wandb-production.appspot.com/OA-MBRL/moore-tdmpc2/0l433hsc/conda-environment.yaml?X-Goog-Algorithm=GOOG4-RSA-SHA256&X-Goog-Credential=gorilla-files-url-signer-man%40wandb-production.iam.gserviceaccount.com%2F20250422%2Fauto%2Fstorage%2Fgoog4_request&X-Goog-Date=20250422T012607Z&X-Goog-Expires=86399&X-Goog-Signature=af1538d3c49135313dadc534d2ee1212c5514444b879b0b47a187d07d6904d86b098e6aa5d7a1138192f4f60bddff2363abbe956acb791a2a9d27d66c1a185013348b45efb08f2ae20ade505731b04a04f71435d0627d35a317c6090e87a466a82f34540992b091ec558b1f5f4f610bbe13ff9bc4a103d0e3d60aa5421f3dc4871b09b43b3ebae59f7725669b0ca64595893eaec803937cc16ed6d9fa6738f4f7951cb7de6854bee91297210b99820c6016d71e268be0732c891a41e116e210bf22d977362cea5f2c0ec896fd26da10a65d1900ed39def568a01c814d325b00c22ced2ad6153c3e806ae640ad13fbbbc04eb3b34fdcb672f2d6f58f03cae800e&X-Goog-SignedHeaders=host&X-User=levi1024: ('Connection aborted.', ConnectionResetError(104, 'Connection reset by peer'))
2025-04-22 09:26:17,705 ERROR   wandb-upload_1:526077 [internal_api.py:upload_file():2889] upload_file request headers: {'User-Agent': 'python-requests/2.32.3', 'Accept-Encoding': 'gzip, deflate, br, zstd', 'Accept': '*/*', 'Connection': 'keep-alive', 'Content-Length': '6174'}
2025-04-22 09:26:17,705 ERROR   wandb-upload_1:526077 [internal_api.py:upload_file():2891] upload_file response body: ''
2025-04-22 09:26:18,310 DEBUG   HandlerThread:526077 [handler.py:handle_request():158] handle_request: poll_exit
2025-04-22 09:26:18,311 DEBUG   SenderThread:526077 [sender.py:send_request():406] send_request: poll_exit
2025-04-22 09:26:19,312 DEBUG   HandlerThread:526077 [handler.py:handle_request():158] handle_request: status_report
2025-04-22 09:26:19,313 DEBUG   HandlerThread:526077 [handler.py:handle_request():158] handle_request: poll_exit
2025-04-22 09:26:19,314 DEBUG   SenderThread:526077 [sender.py:send_request():406] send_request: poll_exit
2025-04-22 09:26:20,314 DEBUG   HandlerThread:526077 [handler.py:handle_request():158] handle_request: poll_exit
2025-04-22 09:26:20,315 DEBUG   SenderThread:526077 [sender.py:send_request():406] send_request: poll_exit
2025-04-22 09:26:21,316 DEBUG   HandlerThread:526077 [handler.py:handle_request():158] handle_request: poll_exit
2025-04-22 09:26:21,317 DEBUG   SenderThread:526077 [sender.py:send_request():406] send_request: poll_exit
2025-04-22 09:26:22,316 DEBUG   HandlerThread:526077 [handler.py:handle_request():158] handle_request: poll_exit
2025-04-22 09:26:22,317 DEBUG   SenderThread:526077 [sender.py:send_request():406] send_request: poll_exit
2025-04-22 09:26:23,318 DEBUG   HandlerThread:526077 [handler.py:handle_request():158] handle_request: poll_exit
2025-04-22 09:26:23,318 DEBUG   SenderThread:526077 [sender.py:send_request():406] send_request: poll_exit
2025-04-22 09:26:24,319 DEBUG   HandlerThread:526077 [handler.py:handle_request():158] handle_request: poll_exit
2025-04-22 09:26:24,319 DEBUG   HandlerThread:526077 [handler.py:handle_request():158] handle_request: status_report
2025-04-22 09:26:24,320 DEBUG   SenderThread:526077 [sender.py:send_request():406] send_request: poll_exit
2025-04-22 09:26:24,779 ERROR   wandb-upload_1:526077 [internal_api.py:upload_file():2887] upload_file exception https://storage.googleapis.com/wandb-production.appspot.com/OA-MBRL/moore-tdmpc2/0l433hsc/conda-environment.yaml?X-Goog-Algorithm=GOOG4-RSA-SHA256&X-Goog-Credential=gorilla-files-url-signer-man%40wandb-production.iam.gserviceaccount.com%2F20250422%2Fauto%2Fstorage%2Fgoog4_request&X-Goog-Date=20250422T012607Z&X-Goog-Expires=86399&X-Goog-Signature=af1538d3c49135313dadc534d2ee1212c5514444b879b0b47a187d07d6904d86b098e6aa5d7a1138192f4f60bddff2363abbe956acb791a2a9d27d66c1a185013348b45efb08f2ae20ade505731b04a04f71435d0627d35a317c6090e87a466a82f34540992b091ec558b1f5f4f610bbe13ff9bc4a103d0e3d60aa5421f3dc4871b09b43b3ebae59f7725669b0ca64595893eaec803937cc16ed6d9fa6738f4f7951cb7de6854bee91297210b99820c6016d71e268be0732c891a41e116e210bf22d977362cea5f2c0ec896fd26da10a65d1900ed39def568a01c814d325b00c22ced2ad6153c3e806ae640ad13fbbbc04eb3b34fdcb672f2d6f58f03cae800e&X-Goog-SignedHeaders=host&X-User=levi1024: ('Connection aborted.', ConnectionResetError(104, 'Connection reset by peer'))
2025-04-22 09:26:24,779 ERROR   wandb-upload_1:526077 [internal_api.py:upload_file():2889] upload_file request headers: {'User-Agent': 'python-requests/2.32.3', 'Accept-Encoding': 'gzip, deflate, br, zstd', 'Accept': '*/*', 'Connection': 'keep-alive', 'Content-Length': '6174'}
2025-04-22 09:26:24,779 ERROR   wandb-upload_1:526077 [internal_api.py:upload_file():2891] upload_file response body: ''
2025-04-22 09:26:24,779 INFO    wandb-upload_1:526077 [retry.py:__call__():172] Retry attempt failed:
Traceback (most recent call last):
  File "/home/levi/anaconda3/envs/tdmpc2/lib/python3.9/site-packages/urllib3/connectionpool.py", line 773, in urlopen
    self._prepare_proxy(conn)
  File "/home/levi/anaconda3/envs/tdmpc2/lib/python3.9/site-packages/urllib3/connectionpool.py", line 1042, in _prepare_proxy
    conn.connect()
  File "/home/levi/anaconda3/envs/tdmpc2/lib/python3.9/site-packages/urllib3/connection.py", line 741, in connect
    sock_and_verified = _ssl_wrap_socket_and_match_hostname(
  File "/home/levi/anaconda3/envs/tdmpc2/lib/python3.9/site-packages/urllib3/connection.py", line 920, in _ssl_wrap_socket_and_match_hostname
    ssl_sock = ssl_wrap_socket(
  File "/home/levi/anaconda3/envs/tdmpc2/lib/python3.9/site-packages/urllib3/util/ssl_.py", line 460, in ssl_wrap_socket
    ssl_sock = _ssl_wrap_socket_impl(sock, context, tls_in_tls, server_hostname)
  File "/home/levi/anaconda3/envs/tdmpc2/lib/python3.9/site-packages/urllib3/util/ssl_.py", line 504, in _ssl_wrap_socket_impl
    return ssl_context.wrap_socket(sock, server_hostname=server_hostname)
  File "/home/levi/anaconda3/envs/tdmpc2/lib/python3.9/ssl.py", line 501, in wrap_socket
    return self.sslsocket_class._create(
  File "/home/levi/anaconda3/envs/tdmpc2/lib/python3.9/ssl.py", line 1074, in _create
    self.do_handshake()
  File "/home/levi/anaconda3/envs/tdmpc2/lib/python3.9/ssl.py", line 1343, in do_handshake
    self._sslobj.do_handshake()
ConnectionResetError: [Errno 104] Connection reset by peer

During handling of the above exception, another exception occurred:

Traceback (most recent call last):
  File "/home/levi/anaconda3/envs/tdmpc2/lib/python3.9/site-packages/requests/adapters.py", line 667, in send
    resp = conn.urlopen(
  File "/home/levi/anaconda3/envs/tdmpc2/lib/python3.9/site-packages/urllib3/connectionpool.py", line 841, in urlopen
    retries = retries.increment(
  File "/home/levi/anaconda3/envs/tdmpc2/lib/python3.9/site-packages/urllib3/util/retry.py", line 474, in increment
    raise reraise(type(error), error, _stacktrace)
  File "/home/levi/anaconda3/envs/tdmpc2/lib/python3.9/site-packages/urllib3/util/util.py", line 38, in reraise
    raise value.with_traceback(tb)
  File "/home/levi/anaconda3/envs/tdmpc2/lib/python3.9/site-packages/urllib3/connectionpool.py", line 773, in urlopen
    self._prepare_proxy(conn)
  File "/home/levi/anaconda3/envs/tdmpc2/lib/python3.9/site-packages/urllib3/connectionpool.py", line 1042, in _prepare_proxy
    conn.connect()
  File "/home/levi/anaconda3/envs/tdmpc2/lib/python3.9/site-packages/urllib3/connection.py", line 741, in connect
    sock_and_verified = _ssl_wrap_socket_and_match_hostname(
  File "/home/levi/anaconda3/envs/tdmpc2/lib/python3.9/site-packages/urllib3/connection.py", line 920, in _ssl_wrap_socket_and_match_hostname
    ssl_sock = ssl_wrap_socket(
  File "/home/levi/anaconda3/envs/tdmpc2/lib/python3.9/site-packages/urllib3/util/ssl_.py", line 460, in ssl_wrap_socket
    ssl_sock = _ssl_wrap_socket_impl(sock, context, tls_in_tls, server_hostname)
  File "/home/levi/anaconda3/envs/tdmpc2/lib/python3.9/site-packages/urllib3/util/ssl_.py", line 504, in _ssl_wrap_socket_impl
    return ssl_context.wrap_socket(sock, server_hostname=server_hostname)
  File "/home/levi/anaconda3/envs/tdmpc2/lib/python3.9/ssl.py", line 501, in wrap_socket
    return self.sslsocket_class._create(
  File "/home/levi/anaconda3/envs/tdmpc2/lib/python3.9/ssl.py", line 1074, in _create
    self.do_handshake()
  File "/home/levi/anaconda3/envs/tdmpc2/lib/python3.9/ssl.py", line 1343, in do_handshake
    self._sslobj.do_handshake()
urllib3.exceptions.ProtocolError: ('Connection aborted.', ConnectionResetError(104, 'Connection reset by peer'))

During handling of the above exception, another exception occurred:

Traceback (most recent call last):
  File "/home/levi/anaconda3/envs/tdmpc2/lib/python3.9/site-packages/wandb/sdk/internal/internal_api.py", line 2880, in upload_file
    response = self._upload_file_session.put(
  File "/home/levi/anaconda3/envs/tdmpc2/lib/python3.9/site-packages/requests/sessions.py", line 649, in put
    return self.request("PUT", url, data=data, **kwargs)
  File "/home/levi/anaconda3/envs/tdmpc2/lib/python3.9/site-packages/requests/sessions.py", line 589, in request
    resp = self.send(prep, **send_kwargs)
  File "/home/levi/anaconda3/envs/tdmpc2/lib/python3.9/site-packages/requests/sessions.py", line 703, in send
    r = adapter.send(request, **kwargs)
  File "/home/levi/anaconda3/envs/tdmpc2/lib/python3.9/site-packages/requests/adapters.py", line 682, in send
    raise ConnectionError(err, request=request)
requests.exceptions.ConnectionError: ('Connection aborted.', ConnectionResetError(104, 'Connection reset by peer'))

During handling of the above exception, another exception occurred:

Traceback (most recent call last):
  File "/home/levi/anaconda3/envs/tdmpc2/lib/python3.9/site-packages/wandb/sdk/lib/retry.py", line 131, in __call__
    result = self._call_fn(*args, **kwargs)
  File "/home/levi/anaconda3/envs/tdmpc2/lib/python3.9/site-packages/wandb/sdk/internal/internal_api.py", line 2911, in upload_file
    raise _e.with_traceback(sys.exc_info()[2])
  File "/home/levi/anaconda3/envs/tdmpc2/lib/python3.9/site-packages/wandb/sdk/internal/internal_api.py", line 2880, in upload_file
    response = self._upload_file_session.put(
  File "/home/levi/anaconda3/envs/tdmpc2/lib/python3.9/site-packages/requests/sessions.py", line 649, in put
    return self.request("PUT", url, data=data, **kwargs)
  File "/home/levi/anaconda3/envs/tdmpc2/lib/python3.9/site-packages/requests/sessions.py", line 589, in request
    resp = self.send(prep, **send_kwargs)
  File "/home/levi/anaconda3/envs/tdmpc2/lib/python3.9/site-packages/requests/sessions.py", line 703, in send
    r = adapter.send(request, **kwargs)
  File "/home/levi/anaconda3/envs/tdmpc2/lib/python3.9/site-packages/requests/adapters.py", line 682, in send
    raise ConnectionError(err, request=request)
wandb.sdk.lib.retry.TransientError: None
2025-04-22 09:26:25,320 DEBUG   HandlerThread:526077 [handler.py:handle_request():158] handle_request: poll_exit
2025-04-22 09:26:25,321 DEBUG   SenderThread:526077 [sender.py:send_request():406] send_request: poll_exit
2025-04-22 09:26:26,321 DEBUG   HandlerThread:526077 [handler.py:handle_request():158] handle_request: poll_exit
2025-04-22 09:26:26,322 DEBUG   SenderThread:526077 [sender.py:send_request():406] send_request: poll_exit
2025-04-22 09:26:27,323 DEBUG   HandlerThread:526077 [handler.py:handle_request():158] handle_request: poll_exit
2025-04-22 09:26:27,324 DEBUG   SenderThread:526077 [sender.py:send_request():406] send_request: poll_exit
2025-04-22 09:26:28,323 DEBUG   HandlerThread:526077 [handler.py:handle_request():158] handle_request: poll_exit
2025-04-22 09:26:28,324 DEBUG   SenderThread:526077 [sender.py:send_request():406] send_request: poll_exit
2025-04-22 09:26:29,325 DEBUG   HandlerThread:526077 [handler.py:handle_request():158] handle_request: status_report
2025-04-22 09:26:29,326 DEBUG   HandlerThread:526077 [handler.py:handle_request():158] handle_request: poll_exit
2025-04-22 09:26:29,327 DEBUG   SenderThread:526077 [sender.py:send_request():406] send_request: poll_exit
2025-04-22 09:26:29,780 ERROR   wandb-upload_1:526077 [internal_api.py:upload_file():2887] upload_file exception https://storage.googleapis.com/wandb-production.appspot.com/OA-MBRL/moore-tdmpc2/0l433hsc/conda-environment.yaml?X-Goog-Algorithm=GOOG4-RSA-SHA256&X-Goog-Credential=gorilla-files-url-signer-man%40wandb-production.iam.gserviceaccount.com%2F20250422%2Fauto%2Fstorage%2Fgoog4_request&X-Goog-Date=20250422T012607Z&X-Goog-Expires=86399&X-Goog-Signature=af1538d3c49135313dadc534d2ee1212c5514444b879b0b47a187d07d6904d86b098e6aa5d7a1138192f4f60bddff2363abbe956acb791a2a9d27d66c1a185013348b45efb08f2ae20ade505731b04a04f71435d0627d35a317c6090e87a466a82f34540992b091ec558b1f5f4f610bbe13ff9bc4a103d0e3d60aa5421f3dc4871b09b43b3ebae59f7725669b0ca64595893eaec803937cc16ed6d9fa6738f4f7951cb7de6854bee91297210b99820c6016d71e268be0732c891a41e116e210bf22d977362cea5f2c0ec896fd26da10a65d1900ed39def568a01c814d325b00c22ced2ad6153c3e806ae640ad13fbbbc04eb3b34fdcb672f2d6f58f03cae800e&X-Goog-SignedHeaders=host&X-User=levi1024: ('Connection aborted.', ConnectionResetError(104, 'Connection reset by peer'))
2025-04-22 09:26:29,780 ERROR   wandb-upload_1:526077 [internal_api.py:upload_file():2889] upload_file request headers: {'User-Agent': 'python-requests/2.32.3', 'Accept-Encoding': 'gzip, deflate, br, zstd', 'Accept': '*/*', 'Connection': 'keep-alive', 'Content-Length': '6174'}
2025-04-22 09:26:29,780 ERROR   wandb-upload_1:526077 [internal_api.py:upload_file():2891] upload_file response body: ''
2025-04-22 09:26:29,781 WARNING FileStreamThread:526077 [file_stream.py:request_with_retry():674] requests_with_retry encountered retryable exception: ('Connection aborted.', ConnectionResetError(104, 'Connection reset by peer')). func: <bound method Session.post of <requests.sessions.Session object at 0x7f0e4c357190>>, args: ('https://api.wandb.ai/files/OA-MBRL/moore-tdmpc2/0l433hsc/file_stream',), kwargs: {'json': {'files': {'wandb-summary.json': {'offset': 0, 'content': ['{"eval/episode_reward": 242.0946807861328, "eval/episode_success": 0.0, "eval/step": 0, "eval/episode": 0, "eval/total_time": 1.4090263843536377, "_timestamp": 1745285164.7511828, "_runtime": 7.122105836868286, "_step": 0}']}, 'wandb-history.jsonl': {'offset': 0, 'content': ['{"eval/episode_reward": 242.0946807861328, "eval/episode_success": 0.0, "eval/step": 0, "eval/episode": 0, "eval/total_time": 1.4090263843536377, "_timestamp": 1745285164.7511828, "_runtime": 7.122105836868286, "_step": 0}']}}, 'dropped': 0}}
2025-04-22 09:26:30,327 DEBUG   HandlerThread:526077 [handler.py:handle_request():158] handle_request: poll_exit
2025-04-22 09:26:30,328 DEBUG   SenderThread:526077 [sender.py:send_request():406] send_request: poll_exit
2025-04-22 09:26:31,330 DEBUG   HandlerThread:526077 [handler.py:handle_request():158] handle_request: poll_exit
2025-04-22 09:26:31,330 DEBUG   SenderThread:526077 [sender.py:send_request():406] send_request: poll_exit
2025-04-22 09:26:32,331 DEBUG   HandlerThread:526077 [handler.py:handle_request():158] handle_request: poll_exit
2025-04-22 09:26:32,332 DEBUG   SenderThread:526077 [sender.py:send_request():406] send_request: poll_exit
2025-04-22 09:26:33,332 DEBUG   HandlerThread:526077 [handler.py:handle_request():158] handle_request: poll_exit
2025-04-22 09:26:33,333 DEBUG   SenderThread:526077 [sender.py:send_request():406] send_request: poll_exit
2025-04-22 09:26:34,333 DEBUG   HandlerThread:526077 [handler.py:handle_request():158] handle_request: poll_exit
2025-04-22 09:26:34,334 DEBUG   SenderThread:526077 [sender.py:send_request():406] send_request: poll_exit
2025-04-22 09:26:34,334 DEBUG   HandlerThread:526077 [handler.py:handle_request():158] handle_request: status_report
2025-04-22 09:26:35,334 DEBUG   HandlerThread:526077 [handler.py:handle_request():158] handle_request: poll_exit
2025-04-22 09:26:35,335 DEBUG   SenderThread:526077 [sender.py:send_request():406] send_request: poll_exit
2025-04-22 09:26:36,335 DEBUG   HandlerThread:526077 [handler.py:handle_request():158] handle_request: poll_exit
2025-04-22 09:26:36,336 DEBUG   SenderThread:526077 [sender.py:send_request():406] send_request: poll_exit
2025-04-22 09:26:37,336 DEBUG   HandlerThread:526077 [handler.py:handle_request():158] handle_request: poll_exit
2025-04-22 09:26:37,337 DEBUG   SenderThread:526077 [sender.py:send_request():406] send_request: poll_exit
2025-04-22 09:26:38,337 DEBUG   HandlerThread:526077 [handler.py:handle_request():158] handle_request: poll_exit
2025-04-22 09:26:38,338 DEBUG   SenderThread:526077 [sender.py:send_request():406] send_request: poll_exit
2025-04-22 09:26:39,338 DEBUG   HandlerThread:526077 [handler.py:handle_request():158] handle_request: poll_exit
2025-04-22 09:26:39,339 DEBUG   HandlerThread:526077 [handler.py:handle_request():158] handle_request: status_report
2025-04-22 09:26:39,340 DEBUG   SenderThread:526077 [sender.py:send_request():406] send_request: poll_exit
2025-04-22 09:26:40,340 DEBUG   HandlerThread:526077 [handler.py:handle_request():158] handle_request: poll_exit
2025-04-22 09:26:40,341 DEBUG   SenderThread:526077 [sender.py:send_request():406] send_request: poll_exit
2025-04-22 09:26:41,341 DEBUG   HandlerThread:526077 [handler.py:handle_request():158] handle_request: poll_exit
2025-04-22 09:26:41,342 DEBUG   SenderThread:526077 [sender.py:send_request():406] send_request: poll_exit
2025-04-22 09:26:42,343 DEBUG   HandlerThread:526077 [handler.py:handle_request():158] handle_request: poll_exit
2025-04-22 09:26:42,344 DEBUG   SenderThread:526077 [sender.py:send_request():406] send_request: poll_exit
2025-04-22 09:26:43,345 DEBUG   HandlerThread:526077 [handler.py:handle_request():158] handle_request: poll_exit
2025-04-22 09:26:43,346 DEBUG   SenderThread:526077 [sender.py:send_request():406] send_request: poll_exit
2025-04-22 09:26:44,346 DEBUG   HandlerThread:526077 [handler.py:handle_request():158] handle_request: poll_exit
2025-04-22 09:26:44,347 DEBUG   SenderThread:526077 [sender.py:send_request():406] send_request: poll_exit
2025-04-22 09:26:44,355 DEBUG   HandlerThread:526077 [handler.py:handle_request():158] handle_request: status_report
2025-04-22 09:26:44,698 ERROR   wandb-upload_1:526077 [internal_api.py:upload_file():2887] upload_file exception https://storage.googleapis.com/wandb-production.appspot.com/OA-MBRL/moore-tdmpc2/0l433hsc/conda-environment.yaml?X-Goog-Algorithm=GOOG4-RSA-SHA256&X-Goog-Credential=gorilla-files-url-signer-man%40wandb-production.iam.gserviceaccount.com%2F20250422%2Fauto%2Fstorage%2Fgoog4_request&X-Goog-Date=20250422T012607Z&X-Goog-Expires=86399&X-Goog-Signature=af1538d3c49135313dadc534d2ee1212c5514444b879b0b47a187d07d6904d86b098e6aa5d7a1138192f4f60bddff2363abbe956acb791a2a9d27d66c1a185013348b45efb08f2ae20ade505731b04a04f71435d0627d35a317c6090e87a466a82f34540992b091ec558b1f5f4f610bbe13ff9bc4a103d0e3d60aa5421f3dc4871b09b43b3ebae59f7725669b0ca64595893eaec803937cc16ed6d9fa6738f4f7951cb7de6854bee91297210b99820c6016d71e268be0732c891a41e116e210bf22d977362cea5f2c0ec896fd26da10a65d1900ed39def568a01c814d325b00c22ced2ad6153c3e806ae640ad13fbbbc04eb3b34fdcb672f2d6f58f03cae800e&X-Goog-SignedHeaders=host&X-User=levi1024: ('Connection aborted.', ConnectionResetError(104, 'Connection reset by peer'))
2025-04-22 09:26:44,698 ERROR   wandb-upload_1:526077 [internal_api.py:upload_file():2889] upload_file request headers: {'User-Agent': 'python-requests/2.32.3', 'Accept-Encoding': 'gzip, deflate, br, zstd', 'Accept': '*/*', 'Connection': 'keep-alive', 'Content-Length': '6174'}
2025-04-22 09:26:44,698 ERROR   wandb-upload_1:526077 [internal_api.py:upload_file():2891] upload_file response body: ''
2025-04-22 09:26:45,347 DEBUG   HandlerThread:526077 [handler.py:handle_request():158] handle_request: poll_exit
2025-04-22 09:26:45,348 DEBUG   SenderThread:526077 [sender.py:send_request():406] send_request: poll_exit
2025-04-22 09:26:46,348 DEBUG   HandlerThread:526077 [handler.py:handle_request():158] handle_request: poll_exit
2025-04-22 09:26:46,349 DEBUG   SenderThread:526077 [sender.py:send_request():406] send_request: poll_exit
2025-04-22 09:26:47,350 DEBUG   HandlerThread:526077 [handler.py:handle_request():158] handle_request: poll_exit
2025-04-22 09:26:47,351 DEBUG   SenderThread:526077 [sender.py:send_request():406] send_request: poll_exit
2025-04-22 09:26:48,351 DEBUG   HandlerThread:526077 [handler.py:handle_request():158] handle_request: poll_exit
2025-04-22 09:26:48,352 DEBUG   SenderThread:526077 [sender.py:send_request():406] send_request: poll_exit
2025-04-22 09:26:49,352 DEBUG   HandlerThread:526077 [handler.py:handle_request():158] handle_request: poll_exit
2025-04-22 09:26:49,353 DEBUG   SenderThread:526077 [sender.py:send_request():406] send_request: poll_exit
2025-04-22 09:26:49,361 DEBUG   HandlerThread:526077 [handler.py:handle_request():158] handle_request: status_report
2025-04-22 09:26:50,353 DEBUG   HandlerThread:526077 [handler.py:handle_request():158] handle_request: poll_exit
2025-04-22 09:26:50,354 DEBUG   SenderThread:526077 [sender.py:send_request():406] send_request: poll_exit
2025-04-22 09:26:51,354 DEBUG   HandlerThread:526077 [handler.py:handle_request():158] handle_request: poll_exit
2025-04-22 09:26:51,355 DEBUG   SenderThread:526077 [sender.py:send_request():406] send_request: poll_exit
2025-04-22 09:26:52,355 DEBUG   HandlerThread:526077 [handler.py:handle_request():158] handle_request: poll_exit
2025-04-22 09:26:52,356 DEBUG   SenderThread:526077 [sender.py:send_request():406] send_request: poll_exit
2025-04-22 09:26:53,357 DEBUG   HandlerThread:526077 [handler.py:handle_request():158] handle_request: poll_exit
2025-04-22 09:26:53,358 DEBUG   SenderThread:526077 [sender.py:send_request():406] send_request: poll_exit
2025-04-22 09:26:54,358 DEBUG   HandlerThread:526077 [handler.py:handle_request():158] handle_request: poll_exit
2025-04-22 09:26:54,359 DEBUG   SenderThread:526077 [sender.py:send_request():406] send_request: poll_exit
2025-04-22 09:26:55,360 DEBUG   HandlerThread:526077 [handler.py:handle_request():158] handle_request: poll_exit
2025-04-22 09:26:55,361 DEBUG   HandlerThread:526077 [handler.py:handle_request():158] handle_request: status_report
2025-04-22 09:26:55,361 DEBUG   SenderThread:526077 [sender.py:send_request():406] send_request: poll_exit
2025-04-22 09:26:56,361 DEBUG   HandlerThread:526077 [handler.py:handle_request():158] handle_request: poll_exit
2025-04-22 09:26:56,363 DEBUG   SenderThread:526077 [sender.py:send_request():406] send_request: poll_exit
2025-04-22 09:26:57,364 DEBUG   HandlerThread:526077 [handler.py:handle_request():158] handle_request: poll_exit
2025-04-22 09:26:57,365 DEBUG   SenderThread:526077 [sender.py:send_request():406] send_request: poll_exit
2025-04-22 09:26:58,366 DEBUG   HandlerThread:526077 [handler.py:handle_request():158] handle_request: poll_exit
2025-04-22 09:26:58,367 DEBUG   SenderThread:526077 [sender.py:send_request():406] send_request: poll_exit
2025-04-22 09:26:59,368 DEBUG   HandlerThread:526077 [handler.py:handle_request():158] handle_request: poll_exit
2025-04-22 09:26:59,369 DEBUG   SenderThread:526077 [sender.py:send_request():406] send_request: poll_exit
2025-04-22 09:27:00,368 DEBUG   HandlerThread:526077 [handler.py:handle_request():158] handle_request: poll_exit
2025-04-22 09:27:00,369 DEBUG   SenderThread:526077 [sender.py:send_request():406] send_request: poll_exit
2025-04-22 09:27:00,370 DEBUG   HandlerThread:526077 [handler.py:handle_request():158] handle_request: status_report
2025-04-22 09:27:01,370 DEBUG   HandlerThread:526077 [handler.py:handle_request():158] handle_request: poll_exit
2025-04-22 09:27:01,371 DEBUG   SenderThread:526077 [sender.py:send_request():406] send_request: poll_exit
2025-04-22 09:27:02,371 DEBUG   HandlerThread:526077 [handler.py:handle_request():158] handle_request: poll_exit
2025-04-22 09:27:02,371 DEBUG   SenderThread:526077 [sender.py:send_request():406] send_request: poll_exit
2025-04-22 09:27:03,372 DEBUG   HandlerThread:526077 [handler.py:handle_request():158] handle_request: poll_exit
2025-04-22 09:27:03,373 DEBUG   SenderThread:526077 [sender.py:send_request():406] send_request: poll_exit
2025-04-22 09:27:04,373 DEBUG   HandlerThread:526077 [handler.py:handle_request():158] handle_request: poll_exit
2025-04-22 09:27:04,374 DEBUG   SenderThread:526077 [sender.py:send_request():406] send_request: poll_exit
2025-04-22 09:27:05,374 DEBUG   HandlerThread:526077 [handler.py:handle_request():158] handle_request: poll_exit
2025-04-22 09:27:05,375 DEBUG   HandlerThread:526077 [handler.py:handle_request():158] handle_request: status_report
2025-04-22 09:27:05,376 DEBUG   SenderThread:526077 [sender.py:send_request():406] send_request: poll_exit
2025-04-22 09:27:06,157 ERROR   wandb-upload_1:526077 [internal_api.py:upload_file():2887] upload_file exception https://storage.googleapis.com/wandb-production.appspot.com/OA-MBRL/moore-tdmpc2/0l433hsc/conda-environment.yaml?X-Goog-Algorithm=GOOG4-RSA-SHA256&X-Goog-Credential=gorilla-files-url-signer-man%40wandb-production.iam.gserviceaccount.com%2F20250422%2Fauto%2Fstorage%2Fgoog4_request&X-Goog-Date=20250422T012607Z&X-Goog-Expires=86399&X-Goog-Signature=af1538d3c49135313dadc534d2ee1212c5514444b879b0b47a187d07d6904d86b098e6aa5d7a1138192f4f60bddff2363abbe956acb791a2a9d27d66c1a185013348b45efb08f2ae20ade505731b04a04f71435d0627d35a317c6090e87a466a82f34540992b091ec558b1f5f4f610bbe13ff9bc4a103d0e3d60aa5421f3dc4871b09b43b3ebae59f7725669b0ca64595893eaec803937cc16ed6d9fa6738f4f7951cb7de6854bee91297210b99820c6016d71e268be0732c891a41e116e210bf22d977362cea5f2c0ec896fd26da10a65d1900ed39def568a01c814d325b00c22ced2ad6153c3e806ae640ad13fbbbc04eb3b34fdcb672f2d6f58f03cae800e&X-Goog-SignedHeaders=host&X-User=levi1024: ('Connection aborted.', ConnectionResetError(104, 'Connection reset by peer'))
2025-04-22 09:27:06,157 ERROR   wandb-upload_1:526077 [internal_api.py:upload_file():2889] upload_file request headers: {'User-Agent': 'python-requests/2.32.3', 'Accept-Encoding': 'gzip, deflate, br, zstd', 'Accept': '*/*', 'Connection': 'keep-alive', 'Content-Length': '6174'}
2025-04-22 09:27:06,157 ERROR   wandb-upload_1:526077 [internal_api.py:upload_file():2891] upload_file response body: ''
2025-04-22 09:27:06,375 DEBUG   HandlerThread:526077 [handler.py:handle_request():158] handle_request: poll_exit
2025-04-22 09:27:06,376 DEBUG   SenderThread:526077 [sender.py:send_request():406] send_request: poll_exit
2025-04-22 09:27:07,376 DEBUG   HandlerThread:526077 [handler.py:handle_request():158] handle_request: poll_exit
2025-04-22 09:27:07,377 DEBUG   SenderThread:526077 [sender.py:send_request():406] send_request: poll_exit
2025-04-22 09:27:08,377 DEBUG   HandlerThread:526077 [handler.py:handle_request():158] handle_request: poll_exit
2025-04-22 09:27:08,377 DEBUG   SenderThread:526077 [sender.py:send_request():406] send_request: poll_exit
2025-04-22 09:27:09,378 DEBUG   HandlerThread:526077 [handler.py:handle_request():158] handle_request: poll_exit
2025-04-22 09:27:09,379 DEBUG   SenderThread:526077 [sender.py:send_request():406] send_request: poll_exit
2025-04-22 09:27:10,379 DEBUG   HandlerThread:526077 [handler.py:handle_request():158] handle_request: poll_exit
2025-04-22 09:27:10,379 DEBUG   SenderThread:526077 [sender.py:send_request():406] send_request: poll_exit
2025-04-22 09:27:10,379 DEBUG   HandlerThread:526077 [handler.py:handle_request():158] handle_request: status_report
2025-04-22 09:27:11,379 DEBUG   HandlerThread:526077 [handler.py:handle_request():158] handle_request: poll_exit
2025-04-22 09:27:11,379 DEBUG   SenderThread:526077 [sender.py:send_request():406] send_request: poll_exit
2025-04-22 09:27:12,380 DEBUG   HandlerThread:526077 [handler.py:handle_request():158] handle_request: poll_exit
2025-04-22 09:27:12,381 DEBUG   SenderThread:526077 [sender.py:send_request():406] send_request: poll_exit
2025-04-22 09:27:13,381 DEBUG   HandlerThread:526077 [handler.py:handle_request():158] handle_request: poll_exit
2025-04-22 09:27:13,382 DEBUG   SenderThread:526077 [sender.py:send_request():406] send_request: poll_exit
2025-04-22 09:27:14,382 DEBUG   HandlerThread:526077 [handler.py:handle_request():158] handle_request: poll_exit
2025-04-22 09:27:14,383 DEBUG   SenderThread:526077 [sender.py:send_request():406] send_request: poll_exit
2025-04-22 09:27:15,384 DEBUG   HandlerThread:526077 [handler.py:handle_request():158] handle_request: poll_exit
2025-04-22 09:27:15,384 DEBUG   SenderThread:526077 [sender.py:send_request():406] send_request: poll_exit
2025-04-22 09:27:15,385 DEBUG   HandlerThread:526077 [handler.py:handle_request():158] handle_request: status_report
2025-04-22 09:27:16,384 DEBUG   HandlerThread:526077 [handler.py:handle_request():158] handle_request: poll_exit
2025-04-22 09:27:16,385 DEBUG   SenderThread:526077 [sender.py:send_request():406] send_request: poll_exit
2025-04-22 09:27:17,386 DEBUG   HandlerThread:526077 [handler.py:handle_request():158] handle_request: poll_exit
2025-04-22 09:27:17,386 DEBUG   SenderThread:526077 [sender.py:send_request():406] send_request: poll_exit
2025-04-22 09:27:18,387 DEBUG   HandlerThread:526077 [handler.py:handle_request():158] handle_request: poll_exit
2025-04-22 09:27:18,388 DEBUG   SenderThread:526077 [sender.py:send_request():406] send_request: poll_exit
2025-04-22 09:27:19,389 DEBUG   HandlerThread:526077 [handler.py:handle_request():158] handle_request: poll_exit
2025-04-22 09:27:19,390 DEBUG   SenderThread:526077 [sender.py:send_request():406] send_request: poll_exit
2025-04-22 09:27:20,391 DEBUG   HandlerThread:526077 [handler.py:handle_request():158] handle_request: poll_exit
2025-04-22 09:27:20,391 DEBUG   HandlerThread:526077 [handler.py:handle_request():158] handle_request: status_report
2025-04-22 09:27:20,392 DEBUG   SenderThread:526077 [sender.py:send_request():406] send_request: poll_exit
2025-04-22 09:27:21,393 DEBUG   HandlerThread:526077 [handler.py:handle_request():158] handle_request: poll_exit
2025-04-22 09:27:21,393 DEBUG   SenderThread:526077 [sender.py:send_request():406] send_request: poll_exit
2025-04-22 09:27:22,393 DEBUG   HandlerThread:526077 [handler.py:handle_request():158] handle_request: poll_exit
2025-04-22 09:27:22,394 DEBUG   SenderThread:526077 [sender.py:send_request():406] send_request: poll_exit
2025-04-22 09:27:23,394 DEBUG   HandlerThread:526077 [handler.py:handle_request():158] handle_request: poll_exit
2025-04-22 09:27:23,394 DEBUG   SenderThread:526077 [sender.py:send_request():406] send_request: poll_exit
2025-04-22 09:27:24,395 DEBUG   HandlerThread:526077 [handler.py:handle_request():158] handle_request: poll_exit
2025-04-22 09:27:24,396 DEBUG   SenderThread:526077 [sender.py:send_request():406] send_request: poll_exit
2025-04-22 09:27:25,397 DEBUG   HandlerThread:526077 [handler.py:handle_request():158] handle_request: status_report
2025-04-22 09:27:25,398 DEBUG   HandlerThread:526077 [handler.py:handle_request():158] handle_request: poll_exit
2025-04-22 09:27:25,399 DEBUG   SenderThread:526077 [sender.py:send_request():406] send_request: poll_exit
2025-04-22 09:27:26,399 DEBUG   HandlerThread:526077 [handler.py:handle_request():158] handle_request: poll_exit
2025-04-22 09:27:26,401 DEBUG   SenderThread:526077 [sender.py:send_request():406] send_request: poll_exit
2025-04-22 09:27:27,401 DEBUG   HandlerThread:526077 [handler.py:handle_request():158] handle_request: poll_exit
2025-04-22 09:27:27,402 DEBUG   SenderThread:526077 [sender.py:send_request():406] send_request: poll_exit
2025-04-22 09:27:28,402 DEBUG   HandlerThread:526077 [handler.py:handle_request():158] handle_request: poll_exit
2025-04-22 09:27:28,402 DEBUG   SenderThread:526077 [sender.py:send_request():406] send_request: poll_exit
2025-04-22 09:27:29,390 INFO    wandb-upload_4:526077 [upload_job.py:push():130] Uploaded file /home/levi/Documents/MOORE-TDMPC/moore_tdmpc/logs/mw-reach/42/moore-tdmpc2-mt30/wandb/run-20250422_092557-0l433hsc/files/requirements.txt
2025-04-22 09:27:29,402 DEBUG   HandlerThread:526077 [handler.py:handle_request():158] handle_request: poll_exit
2025-04-22 09:27:29,403 DEBUG   SenderThread:526077 [sender.py:send_request():406] send_request: poll_exit
2025-04-22 09:27:30,403 DEBUG   HandlerThread:526077 [handler.py:handle_request():158] handle_request: poll_exit
2025-04-22 09:27:30,404 DEBUG   HandlerThread:526077 [handler.py:handle_request():158] handle_request: status_report
2025-04-22 09:27:30,405 DEBUG   SenderThread:526077 [sender.py:send_request():406] send_request: poll_exit
2025-04-22 09:27:30,609 INFO    wandb-upload_2:526077 [upload_job.py:push():130] Uploaded file /home/levi/Documents/MOORE-TDMPC/moore_tdmpc/logs/mw-reach/42/moore-tdmpc2-mt30/wandb/run-20250422_092557-0l433hsc/files/output.log
2025-04-22 09:27:30,776 INFO    wandb-upload_3:526077 [upload_job.py:push():130] Uploaded file /home/levi/Documents/MOORE-TDMPC/moore_tdmpc/logs/mw-reach/42/moore-tdmpc2-mt30/wandb/run-20250422_092557-0l433hsc/files/config.yaml
2025-04-22 09:27:31,406 DEBUG   HandlerThread:526077 [handler.py:handle_request():158] handle_request: poll_exit
2025-04-22 09:27:31,407 DEBUG   SenderThread:526077 [sender.py:send_request():406] send_request: poll_exit
2025-04-22 09:27:32,406 DEBUG   HandlerThread:526077 [handler.py:handle_request():158] handle_request: poll_exit
2025-04-22 09:27:32,406 DEBUG   SenderThread:526077 [sender.py:send_request():406] send_request: poll_exit
2025-04-22 09:27:33,407 DEBUG   HandlerThread:526077 [handler.py:handle_request():158] handle_request: poll_exit
2025-04-22 09:27:33,408 DEBUG   SenderThread:526077 [sender.py:send_request():406] send_request: poll_exit
2025-04-22 09:27:34,408 DEBUG   HandlerThread:526077 [handler.py:handle_request():158] handle_request: poll_exit
2025-04-22 09:27:34,409 DEBUG   SenderThread:526077 [sender.py:send_request():406] send_request: poll_exit
2025-04-22 09:27:35,410 DEBUG   HandlerThread:526077 [handler.py:handle_request():158] handle_request: poll_exit
2025-04-22 09:27:35,411 DEBUG   SenderThread:526077 [sender.py:send_request():406] send_request: poll_exit
2025-04-22 09:27:35,411 DEBUG   HandlerThread:526077 [handler.py:handle_request():158] handle_request: status_report
2025-04-22 09:27:36,412 DEBUG   HandlerThread:526077 [handler.py:handle_request():158] handle_request: poll_exit
2025-04-22 09:27:36,413 DEBUG   SenderThread:526077 [sender.py:send_request():406] send_request: poll_exit
2025-04-22 09:27:37,414 DEBUG   HandlerThread:526077 [handler.py:handle_request():158] handle_request: poll_exit
2025-04-22 09:27:37,415 DEBUG   SenderThread:526077 [sender.py:send_request():406] send_request: poll_exit
2025-04-22 09:27:38,414 DEBUG   HandlerThread:526077 [handler.py:handle_request():158] handle_request: poll_exit
2025-04-22 09:27:38,416 DEBUG   SenderThread:526077 [sender.py:send_request():406] send_request: poll_exit
2025-04-22 09:27:39,416 DEBUG   HandlerThread:526077 [handler.py:handle_request():158] handle_request: poll_exit
2025-04-22 09:27:39,417 DEBUG   SenderThread:526077 [sender.py:send_request():406] send_request: poll_exit
2025-04-22 09:27:40,417 DEBUG   HandlerThread:526077 [handler.py:handle_request():158] handle_request: poll_exit
2025-04-22 09:27:40,418 DEBUG   HandlerThread:526077 [handler.py:handle_request():158] handle_request: status_report
2025-04-22 09:27:40,419 DEBUG   SenderThread:526077 [sender.py:send_request():406] send_request: poll_exit
2025-04-22 09:27:41,419 DEBUG   HandlerThread:526077 [handler.py:handle_request():158] handle_request: poll_exit
2025-04-22 09:27:41,420 DEBUG   SenderThread:526077 [sender.py:send_request():406] send_request: poll_exit
2025-04-22 09:27:42,421 DEBUG   HandlerThread:526077 [handler.py:handle_request():158] handle_request: poll_exit
2025-04-22 09:27:42,422 DEBUG   SenderThread:526077 [sender.py:send_request():406] send_request: poll_exit
2025-04-22 09:27:43,423 DEBUG   HandlerThread:526077 [handler.py:handle_request():158] handle_request: poll_exit
2025-04-22 09:27:43,424 DEBUG   SenderThread:526077 [sender.py:send_request():406] send_request: poll_exit
2025-04-22 09:27:44,424 DEBUG   HandlerThread:526077 [handler.py:handle_request():158] handle_request: poll_exit
2025-04-22 09:27:44,425 DEBUG   SenderThread:526077 [sender.py:send_request():406] send_request: poll_exit
2025-04-22 09:27:45,426 DEBUG   HandlerThread:526077 [handler.py:handle_request():158] handle_request: status_report
2025-04-22 09:27:45,427 DEBUG   HandlerThread:526077 [handler.py:handle_request():158] handle_request: poll_exit
2025-04-22 09:27:45,428 DEBUG   SenderThread:526077 [sender.py:send_request():406] send_request: poll_exit
2025-04-22 09:27:45,546 INFO    wandb-upload_1:526077 [upload_job.py:push():130] Uploaded file /home/levi/Documents/MOORE-TDMPC/moore_tdmpc/logs/mw-reach/42/moore-tdmpc2-mt30/wandb/run-20250422_092557-0l433hsc/files/conda-environment.yaml
2025-04-22 09:27:45,747 INFO    Thread-11 :526077 [sender.py:transition_state():614] send defer: 11
2025-04-22 09:27:45,747 DEBUG   HandlerThread:526077 [handler.py:handle_request():158] handle_request: defer
2025-04-22 09:27:45,747 INFO    HandlerThread:526077 [handler.py:handle_request_defer():184] handle defer: 11
2025-04-22 09:27:45,748 DEBUG   SenderThread:526077 [sender.py:send_request():406] send_request: defer
2025-04-22 09:27:45,748 INFO    SenderThread:526077 [sender.py:send_request_defer():610] handle sender defer: 11
2025-04-22 09:27:45,748 INFO    SenderThread:526077 [file_pusher.py:join():175] waiting for file pusher
2025-04-22 09:27:45,749 INFO    SenderThread:526077 [sender.py:transition_state():614] send defer: 12
2025-04-22 09:27:45,750 DEBUG   HandlerThread:526077 [handler.py:handle_request():158] handle_request: defer
2025-04-22 09:27:45,750 INFO    HandlerThread:526077 [handler.py:handle_request_defer():184] handle defer: 12
2025-04-22 09:27:45,750 DEBUG   SenderThread:526077 [sender.py:send_request():406] send_request: defer
2025-04-22 09:27:45,750 INFO    SenderThread:526077 [sender.py:send_request_defer():610] handle sender defer: 12
2025-04-22 09:27:45,750 INFO    SenderThread:526077 [file_stream.py:finish():601] file stream finish called
2025-04-22 09:27:46,296 INFO    SenderThread:526077 [file_stream.py:finish():605] file stream finish is done
2025-04-22 09:27:46,296 INFO    SenderThread:526077 [sender.py:transition_state():614] send defer: 13
2025-04-22 09:27:46,296 DEBUG   HandlerThread:526077 [handler.py:handle_request():158] handle_request: defer
2025-04-22 09:27:46,296 INFO    HandlerThread:526077 [handler.py:handle_request_defer():184] handle defer: 13
2025-04-22 09:27:46,297 DEBUG   SenderThread:526077 [sender.py:send_request():406] send_request: defer
2025-04-22 09:27:46,297 INFO    SenderThread:526077 [sender.py:send_request_defer():610] handle sender defer: 13
2025-04-22 09:27:46,297 INFO    SenderThread:526077 [sender.py:transition_state():614] send defer: 14
2025-04-22 09:27:46,297 DEBUG   HandlerThread:526077 [handler.py:handle_request():158] handle_request: defer
2025-04-22 09:27:46,297 INFO    HandlerThread:526077 [handler.py:handle_request_defer():184] handle defer: 14
2025-04-22 09:27:46,297 DEBUG   SenderThread:526077 [sender.py:send():379] send: final
2025-04-22 09:27:46,297 DEBUG   SenderThread:526077 [sender.py:send():379] send: footer
2025-04-22 09:27:46,297 DEBUG   SenderThread:526077 [sender.py:send_request():406] send_request: defer
2025-04-22 09:27:46,297 INFO    SenderThread:526077 [sender.py:send_request_defer():610] handle sender defer: 14
2025-04-22 09:27:46,297 DEBUG   HandlerThread:526077 [handler.py:handle_request():158] handle_request: poll_exit
2025-04-22 09:27:46,298 DEBUG   SenderThread:526077 [sender.py:send_request():406] send_request: poll_exit
2025-04-22 09:27:46,298 DEBUG   HandlerThread:526077 [handler.py:handle_request():158] handle_request: server_info
2025-04-22 09:27:46,298 DEBUG   HandlerThread:526077 [handler.py:handle_request():158] handle_request: poll_exit
2025-04-22 09:27:46,298 DEBUG   SenderThread:526077 [sender.py:send_request():406] send_request: server_info
2025-04-22 09:27:46,299 DEBUG   HandlerThread:526077 [handler.py:handle_request():158] handle_request: get_summary
2025-04-22 09:27:46,299 DEBUG   HandlerThread:526077 [handler.py:handle_request():158] handle_request: sampled_history
2025-04-22 09:27:46,300 DEBUG   HandlerThread:526077 [handler.py:handle_request():158] handle_request: internal_messages
2025-04-22 09:27:46,704 DEBUG   SenderThread:526077 [sender.py:send_request():406] send_request: poll_exit
2025-04-22 09:27:46,705 INFO    MainThread:526077 [wandb_run.py:_footer_history_summary_info():3991] rendering history
2025-04-22 09:27:46,706 INFO    MainThread:526077 [wandb_run.py:_footer_history_summary_info():4023] rendering summary
2025-04-22 09:27:46,707 INFO    MainThread:526077 [wandb_run.py:_footer_sync_info():3950] logging synced files
2025-04-22 09:27:46,708 DEBUG   HandlerThread:526077 [handler.py:handle_request():158] handle_request: shutdown
2025-04-22 09:27:46,708 INFO    HandlerThread:526077 [handler.py:finish():882] shutting down handler
2025-04-22 09:27:47,298 INFO    WriterThread:526077 [datastore.py:close():296] close: /home/levi/Documents/MOORE-TDMPC/moore_tdmpc/logs/mw-reach/42/moore-tdmpc2-mt30/wandb/run-20250422_092557-0l433hsc/run-0l433hsc.wandb
2025-04-22 09:27:47,704 INFO    SenderThread:526077 [sender.py:finish():1608] shutting down sender
2025-04-22 09:27:47,704 INFO    SenderThread:526077 [file_pusher.py:finish():169] shutting down file pusher
2025-04-22 09:27:47,704 INFO    SenderThread:526077 [file_pusher.py:join():175] waiting for file pusher
